[0.139s] DEBUG:colcon:Command line arguments: ['/usr/bin/colcon', 'build']
[0.139s] DEBUG:colcon:Parsed command line arguments: Namespace(log_base=None, log_level=None, verb_name='build', build_base='build', install_base='install', merge_install=False, symlink_install=False, test_result_base=None, continue_on_error=False, executor='parallel', parallel_workers=4, event_handlers=None, ignore_user_meta=False, metas=['./colcon.meta'], base_paths=['.'], packages_ignore=None, packages_ignore_regex=None, paths=None, packages_up_to=None, packages_up_to_regex=None, packages_above=None, packages_above_and_dependencies=None, packages_above_depth=None, packages_select_by_dep=None, packages_skip_by_dep=None, packages_skip_up_to=None, packages_select_build_failed=False, packages_skip_build_finished=False, packages_select_test_failures=False, packages_skip_test_passed=False, packages_select=None, packages_skip=None, packages_select_regex=None, packages_skip_regex=None, packages_start=None, packages_end=None, allow_overriding=[], cmake_args=None, cmake_target=None, cmake_target_skip_unavailable=False, cmake_clean_cache=False, cmake_clean_first=False, cmake_force_configure=False, ament_cmake_args=None, catkin_cmake_args=None, catkin_skip_building_tests=False, verb_parser=<colcon_defaults.argument_parser.defaults.DefaultArgumentsDecorator object at 0x7984ff946620>, verb_extension=<colcon_core.verb.build.BuildVerb object at 0x7984ff946020>, main=<bound method BuildVerb.main of <colcon_core.verb.build.BuildVerb object at 0x7984ff946020>>)
[0.331s] Level 1:colcon.colcon_core.package_discovery:discover_packages(colcon_meta) check parameters
[0.331s] Level 1:colcon.colcon_core.package_discovery:discover_packages(recursive) check parameters
[0.331s] Level 1:colcon.colcon_core.package_discovery:discover_packages(ignore) check parameters
[0.331s] Level 1:colcon.colcon_core.package_discovery:discover_packages(path) check parameters
[0.331s] Level 1:colcon.colcon_core.package_discovery:discover_packages(colcon_meta) discover
[0.331s] Level 1:colcon.colcon_core.package_discovery:discover_packages(recursive) discover
[0.331s] INFO:colcon.colcon_core.package_discovery:Crawling recursively for packages in '/home/talae-ubantu/6558_6576'
[0.331s] Level 1:colcon.colcon_core.package_identification:_identify(.) by extensions ['ignore', 'ignore_ament_install']
[0.331s] Level 1:colcon.colcon_core.package_identification:_identify(.) by extension 'ignore'
[0.331s] Level 1:colcon.colcon_core.package_identification:_identify(.) by extension 'ignore_ament_install'
[0.331s] Level 1:colcon.colcon_core.package_identification:_identify(.) by extensions ['colcon_pkg']
[0.331s] Level 1:colcon.colcon_core.package_identification:_identify(.) by extension 'colcon_pkg'
[0.331s] Level 1:colcon.colcon_core.package_identification:_identify(.) by extensions ['colcon_meta']
[0.332s] Level 1:colcon.colcon_core.package_identification:_identify(.) by extension 'colcon_meta'
[0.332s] Level 1:colcon.colcon_core.package_identification:_identify(.) by extensions ['ros']
[0.332s] Level 1:colcon.colcon_core.package_identification:_identify(.) by extension 'ros'
[0.343s] Level 1:colcon.colcon_core.package_identification:_identify(.) by extensions ['cmake', 'python']
[0.343s] Level 1:colcon.colcon_core.package_identification:_identify(.) by extension 'cmake'
[0.344s] Level 1:colcon.colcon_core.package_identification:_identify(.) by extension 'python'
[0.344s] Level 1:colcon.colcon_core.package_identification:_identify(.) by extensions ['python_setup_py']
[0.344s] Level 1:colcon.colcon_core.package_identification:_identify(.) by extension 'python_setup_py'
[0.344s] Level 1:colcon.colcon_core.package_identification:_identify(build) by extensions ['ignore', 'ignore_ament_install']
[0.344s] Level 1:colcon.colcon_core.package_identification:_identify(build) by extension 'ignore'
[0.344s] Level 1:colcon.colcon_core.package_identification:_identify(build) ignored
[0.344s] Level 1:colcon.colcon_core.package_identification:_identify(install) by extensions ['ignore', 'ignore_ament_install']
[0.344s] Level 1:colcon.colcon_core.package_identification:_identify(install) by extension 'ignore'
[0.344s] Level 1:colcon.colcon_core.package_identification:_identify(install) ignored
[0.344s] Level 1:colcon.colcon_core.package_identification:_identify(log) by extensions ['ignore', 'ignore_ament_install']
[0.344s] Level 1:colcon.colcon_core.package_identification:_identify(log) by extension 'ignore'
[0.344s] Level 1:colcon.colcon_core.package_identification:_identify(log) ignored
[0.344s] Level 1:colcon.colcon_core.package_identification:_identify(src) by extensions ['ignore', 'ignore_ament_install']
[0.345s] Level 1:colcon.colcon_core.package_identification:_identify(src) by extension 'ignore'
[0.345s] Level 1:colcon.colcon_core.package_identification:_identify(src) by extension 'ignore_ament_install'
[0.345s] Level 1:colcon.colcon_core.package_identification:_identify(src) by extensions ['colcon_pkg']
[0.345s] Level 1:colcon.colcon_core.package_identification:_identify(src) by extension 'colcon_pkg'
[0.345s] Level 1:colcon.colcon_core.package_identification:_identify(src) by extensions ['colcon_meta']
[0.345s] Level 1:colcon.colcon_core.package_identification:_identify(src) by extension 'colcon_meta'
[0.345s] Level 1:colcon.colcon_core.package_identification:_identify(src) by extensions ['ros']
[0.345s] Level 1:colcon.colcon_core.package_identification:_identify(src) by extension 'ros'
[0.345s] Level 1:colcon.colcon_core.package_identification:_identify(src) by extensions ['cmake', 'python']
[0.345s] Level 1:colcon.colcon_core.package_identification:_identify(src) by extension 'cmake'
[0.345s] Level 1:colcon.colcon_core.package_identification:_identify(src) by extension 'python'
[0.345s] Level 1:colcon.colcon_core.package_identification:_identify(src) by extensions ['python_setup_py']
[0.345s] Level 1:colcon.colcon_core.package_identification:_identify(src) by extension 'python_setup_py'
[0.345s] Level 1:colcon.colcon_core.package_identification:_identify(src/funny_turtleplus) by extensions ['ignore', 'ignore_ament_install']
[0.345s] Level 1:colcon.colcon_core.package_identification:_identify(src/funny_turtleplus) by extension 'ignore'
[0.345s] Level 1:colcon.colcon_core.package_identification:_identify(src/funny_turtleplus) by extension 'ignore_ament_install'
[0.345s] Level 1:colcon.colcon_core.package_identification:_identify(src/funny_turtleplus) by extensions ['colcon_pkg']
[0.345s] Level 1:colcon.colcon_core.package_identification:_identify(src/funny_turtleplus) by extension 'colcon_pkg'
[0.345s] Level 1:colcon.colcon_core.package_identification:_identify(src/funny_turtleplus) by extensions ['colcon_meta']
[0.345s] Level 1:colcon.colcon_core.package_identification:_identify(src/funny_turtleplus) by extension 'colcon_meta'
[0.345s] Level 1:colcon.colcon_core.package_identification:_identify(src/funny_turtleplus) by extensions ['ros']
[0.346s] Level 1:colcon.colcon_core.package_identification:_identify(src/funny_turtleplus) by extension 'ros'
[0.348s] DEBUG:colcon.colcon_core.package_identification:Package 'src/funny_turtleplus' with type 'ros.ament_cmake' and name 'funny_turtleplus'
[0.348s] Level 1:colcon.colcon_core.package_identification:_identify(src/teleop_interfaces) by extensions ['ignore', 'ignore_ament_install']
[0.348s] Level 1:colcon.colcon_core.package_identification:_identify(src/teleop_interfaces) by extension 'ignore'
[0.348s] Level 1:colcon.colcon_core.package_identification:_identify(src/teleop_interfaces) by extension 'ignore_ament_install'
[0.348s] Level 1:colcon.colcon_core.package_identification:_identify(src/teleop_interfaces) by extensions ['colcon_pkg']
[0.348s] Level 1:colcon.colcon_core.package_identification:_identify(src/teleop_interfaces) by extension 'colcon_pkg'
[0.349s] Level 1:colcon.colcon_core.package_identification:_identify(src/teleop_interfaces) by extensions ['colcon_meta']
[0.349s] Level 1:colcon.colcon_core.package_identification:_identify(src/teleop_interfaces) by extension 'colcon_meta'
[0.349s] Level 1:colcon.colcon_core.package_identification:_identify(src/teleop_interfaces) by extensions ['ros']
[0.349s] Level 1:colcon.colcon_core.package_identification:_identify(src/teleop_interfaces) by extension 'ros'
[0.349s] DEBUG:colcon.colcon_core.package_identification:Package 'src/teleop_interfaces' with type 'ros.ament_cmake' and name 'teleop_interfaces'
[0.349s] Level 1:colcon.colcon_core.package_identification:_identify(src/turtlesim_plus) by extensions ['ignore', 'ignore_ament_install']
[0.349s] Level 1:colcon.colcon_core.package_identification:_identify(src/turtlesim_plus) by extension 'ignore'
[0.350s] Level 1:colcon.colcon_core.package_identification:_identify(src/turtlesim_plus) by extension 'ignore_ament_install'
[0.350s] Level 1:colcon.colcon_core.package_identification:_identify(src/turtlesim_plus) by extensions ['colcon_pkg']
[0.350s] Level 1:colcon.colcon_core.package_identification:_identify(src/turtlesim_plus) by extension 'colcon_pkg'
[0.350s] Level 1:colcon.colcon_core.package_identification:_identify(src/turtlesim_plus) by extensions ['colcon_meta']
[0.350s] Level 1:colcon.colcon_core.package_identification:_identify(src/turtlesim_plus) by extension 'colcon_meta'
[0.350s] Level 1:colcon.colcon_core.package_identification:_identify(src/turtlesim_plus) by extensions ['ros']
[0.350s] Level 1:colcon.colcon_core.package_identification:_identify(src/turtlesim_plus) by extension 'ros'
[0.350s] Level 1:colcon.colcon_core.package_identification:_identify(src/turtlesim_plus) by extensions ['cmake', 'python']
[0.350s] Level 1:colcon.colcon_core.package_identification:_identify(src/turtlesim_plus) by extension 'cmake'
[0.350s] Level 1:colcon.colcon_core.package_identification:_identify(src/turtlesim_plus) by extension 'python'
[0.350s] Level 1:colcon.colcon_core.package_identification:_identify(src/turtlesim_plus) by extensions ['python_setup_py']
[0.350s] Level 1:colcon.colcon_core.package_identification:_identify(src/turtlesim_plus) by extension 'python_setup_py'
[0.350s] Level 1:colcon.colcon_core.package_identification:_identify(src/turtlesim_plus/turtlesim_plus) by extensions ['ignore', 'ignore_ament_install']
[0.350s] Level 1:colcon.colcon_core.package_identification:_identify(src/turtlesim_plus/turtlesim_plus) by extension 'ignore'
[0.350s] Level 1:colcon.colcon_core.package_identification:_identify(src/turtlesim_plus/turtlesim_plus) by extension 'ignore_ament_install'
[0.350s] Level 1:colcon.colcon_core.package_identification:_identify(src/turtlesim_plus/turtlesim_plus) by extensions ['colcon_pkg']
[0.350s] Level 1:colcon.colcon_core.package_identification:_identify(src/turtlesim_plus/turtlesim_plus) by extension 'colcon_pkg'
[0.350s] Level 1:colcon.colcon_core.package_identification:_identify(src/turtlesim_plus/turtlesim_plus) by extensions ['colcon_meta']
[0.350s] Level 1:colcon.colcon_core.package_identification:_identify(src/turtlesim_plus/turtlesim_plus) by extension 'colcon_meta'
[0.350s] Level 1:colcon.colcon_core.package_identification:_identify(src/turtlesim_plus/turtlesim_plus) by extensions ['ros']
[0.350s] Level 1:colcon.colcon_core.package_identification:_identify(src/turtlesim_plus/turtlesim_plus) by extension 'ros'
[0.351s] DEBUG:colcon.colcon_core.package_identification:Package 'src/turtlesim_plus/turtlesim_plus' with type 'ros.ament_cmake' and name 'turtlesim_plus'
[0.352s] Level 1:colcon.colcon_core.package_identification:_identify(src/turtlesim_plus/turtlesim_plus_interfaces) by extensions ['ignore', 'ignore_ament_install']
[0.352s] Level 1:colcon.colcon_core.package_identification:_identify(src/turtlesim_plus/turtlesim_plus_interfaces) by extension 'ignore'
[0.352s] Level 1:colcon.colcon_core.package_identification:_identify(src/turtlesim_plus/turtlesim_plus_interfaces) by extension 'ignore_ament_install'
[0.352s] Level 1:colcon.colcon_core.package_identification:_identify(src/turtlesim_plus/turtlesim_plus_interfaces) by extensions ['colcon_pkg']
[0.352s] Level 1:colcon.colcon_core.package_identification:_identify(src/turtlesim_plus/turtlesim_plus_interfaces) by extension 'colcon_pkg'
[0.352s] Level 1:colcon.colcon_core.package_identification:_identify(src/turtlesim_plus/turtlesim_plus_interfaces) by extensions ['colcon_meta']
[0.352s] Level 1:colcon.colcon_core.package_identification:_identify(src/turtlesim_plus/turtlesim_plus_interfaces) by extension 'colcon_meta'
[0.352s] Level 1:colcon.colcon_core.package_identification:_identify(src/turtlesim_plus/turtlesim_plus_interfaces) by extensions ['ros']
[0.352s] Level 1:colcon.colcon_core.package_identification:_identify(src/turtlesim_plus/turtlesim_plus_interfaces) by extension 'ros'
[0.353s] DEBUG:colcon.colcon_core.package_identification:Package 'src/turtlesim_plus/turtlesim_plus_interfaces' with type 'ros.ament_cmake' and name 'turtlesim_plus_interfaces'
[0.353s] Level 1:colcon.colcon_core.package_discovery:discover_packages(recursive) using defaults
[0.353s] Level 1:colcon.colcon_core.package_discovery:discover_packages(ignore) discover
[0.353s] Level 1:colcon.colcon_core.package_discovery:discover_packages(ignore) using defaults
[0.353s] Level 1:colcon.colcon_core.package_discovery:discover_packages(path) discover
[0.353s] Level 1:colcon.colcon_core.package_discovery:discover_packages(path) using defaults
[0.384s] Level 1:colcon.colcon_core.package_discovery:discover_packages(prefix_path) check parameters
[0.384s] Level 1:colcon.colcon_core.package_discovery:discover_packages(prefix_path) discover
[0.386s] DEBUG:colcon.colcon_installed_package_information.package_discovery:Found 4 installed packages in /home/talae-ubantu/fun2_ws/install
[0.387s] DEBUG:colcon.colcon_installed_package_information.package_discovery:Found 4 installed packages in /home/talae-ubantu/6558_6576/install
[0.388s] DEBUG:colcon.colcon_installed_package_information.package_discovery:Found 313 installed packages in /opt/ros/humble
[0.390s] Level 1:colcon.colcon_core.package_discovery:discover_packages(prefix_path) using defaults
[0.434s] Level 5:colcon.colcon_core.verb:set package 'funny_turtleplus' build argument 'cmake_args' from command line to 'None'
[0.434s] Level 5:colcon.colcon_core.verb:set package 'funny_turtleplus' build argument 'cmake_target' from command line to 'None'
[0.434s] Level 5:colcon.colcon_core.verb:set package 'funny_turtleplus' build argument 'cmake_target_skip_unavailable' from command line to 'False'
[0.434s] Level 5:colcon.colcon_core.verb:set package 'funny_turtleplus' build argument 'cmake_clean_cache' from command line to 'False'
[0.434s] Level 5:colcon.colcon_core.verb:set package 'funny_turtleplus' build argument 'cmake_clean_first' from command line to 'False'
[0.434s] Level 5:colcon.colcon_core.verb:set package 'funny_turtleplus' build argument 'cmake_force_configure' from command line to 'False'
[0.434s] Level 5:colcon.colcon_core.verb:set package 'funny_turtleplus' build argument 'ament_cmake_args' from command line to 'None'
[0.434s] Level 5:colcon.colcon_core.verb:set package 'funny_turtleplus' build argument 'catkin_cmake_args' from command line to 'None'
[0.434s] Level 5:colcon.colcon_core.verb:set package 'funny_turtleplus' build argument 'catkin_skip_building_tests' from command line to 'False'
[0.434s] DEBUG:colcon.colcon_core.verb:Building package 'funny_turtleplus' with the following arguments: {'ament_cmake_args': None, 'build_base': '/home/talae-ubantu/6558_6576/build/funny_turtleplus', 'catkin_cmake_args': None, 'catkin_skip_building_tests': False, 'cmake_args': None, 'cmake_clean_cache': False, 'cmake_clean_first': False, 'cmake_force_configure': False, 'cmake_target': None, 'cmake_target_skip_unavailable': False, 'install_base': '/home/talae-ubantu/6558_6576/install/funny_turtleplus', 'merge_install': False, 'path': '/home/talae-ubantu/6558_6576/src/funny_turtleplus', 'symlink_install': False, 'test_result_base': None}
[0.434s] Level 5:colcon.colcon_core.verb:set package 'teleop_interfaces' build argument 'cmake_args' from command line to 'None'
[0.434s] Level 5:colcon.colcon_core.verb:set package 'teleop_interfaces' build argument 'cmake_target' from command line to 'None'
[0.434s] Level 5:colcon.colcon_core.verb:set package 'teleop_interfaces' build argument 'cmake_target_skip_unavailable' from command line to 'False'
[0.434s] Level 5:colcon.colcon_core.verb:set package 'teleop_interfaces' build argument 'cmake_clean_cache' from command line to 'False'
[0.434s] Level 5:colcon.colcon_core.verb:set package 'teleop_interfaces' build argument 'cmake_clean_first' from command line to 'False'
[0.434s] Level 5:colcon.colcon_core.verb:set package 'teleop_interfaces' build argument 'cmake_force_configure' from command line to 'False'
[0.434s] Level 5:colcon.colcon_core.verb:set package 'teleop_interfaces' build argument 'ament_cmake_args' from command line to 'None'
[0.435s] Level 5:colcon.colcon_core.verb:set package 'teleop_interfaces' build argument 'catkin_cmake_args' from command line to 'None'
[0.435s] Level 5:colcon.colcon_core.verb:set package 'teleop_interfaces' build argument 'catkin_skip_building_tests' from command line to 'False'
[0.435s] DEBUG:colcon.colcon_core.verb:Building package 'teleop_interfaces' with the following arguments: {'ament_cmake_args': None, 'build_base': '/home/talae-ubantu/6558_6576/build/teleop_interfaces', 'catkin_cmake_args': None, 'catkin_skip_building_tests': False, 'cmake_args': None, 'cmake_clean_cache': False, 'cmake_clean_first': False, 'cmake_force_configure': False, 'cmake_target': None, 'cmake_target_skip_unavailable': False, 'install_base': '/home/talae-ubantu/6558_6576/install/teleop_interfaces', 'merge_install': False, 'path': '/home/talae-ubantu/6558_6576/src/teleop_interfaces', 'symlink_install': False, 'test_result_base': None}
[0.435s] Level 5:colcon.colcon_core.verb:set package 'turtlesim_plus' build argument 'cmake_args' from command line to 'None'
[0.435s] Level 5:colcon.colcon_core.verb:set package 'turtlesim_plus' build argument 'cmake_target' from command line to 'None'
[0.435s] Level 5:colcon.colcon_core.verb:set package 'turtlesim_plus' build argument 'cmake_target_skip_unavailable' from command line to 'False'
[0.435s] Level 5:colcon.colcon_core.verb:set package 'turtlesim_plus' build argument 'cmake_clean_cache' from command line to 'False'
[0.435s] Level 5:colcon.colcon_core.verb:set package 'turtlesim_plus' build argument 'cmake_clean_first' from command line to 'False'
[0.435s] Level 5:colcon.colcon_core.verb:set package 'turtlesim_plus' build argument 'cmake_force_configure' from command line to 'False'
[0.435s] Level 5:colcon.colcon_core.verb:set package 'turtlesim_plus' build argument 'ament_cmake_args' from command line to 'None'
[0.435s] Level 5:colcon.colcon_core.verb:set package 'turtlesim_plus' build argument 'catkin_cmake_args' from command line to 'None'
[0.435s] Level 5:colcon.colcon_core.verb:set package 'turtlesim_plus' build argument 'catkin_skip_building_tests' from command line to 'False'
[0.435s] DEBUG:colcon.colcon_core.verb:Building package 'turtlesim_plus' with the following arguments: {'ament_cmake_args': None, 'build_base': '/home/talae-ubantu/6558_6576/build/turtlesim_plus', 'catkin_cmake_args': None, 'catkin_skip_building_tests': False, 'cmake_args': None, 'cmake_clean_cache': False, 'cmake_clean_first': False, 'cmake_force_configure': False, 'cmake_target': None, 'cmake_target_skip_unavailable': False, 'install_base': '/home/talae-ubantu/6558_6576/install/turtlesim_plus', 'merge_install': False, 'path': '/home/talae-ubantu/6558_6576/src/turtlesim_plus/turtlesim_plus', 'symlink_install': False, 'test_result_base': None}
[0.435s] Level 5:colcon.colcon_core.verb:set package 'turtlesim_plus_interfaces' build argument 'cmake_args' from command line to 'None'
[0.436s] Level 5:colcon.colcon_core.verb:set package 'turtlesim_plus_interfaces' build argument 'cmake_target' from command line to 'None'
[0.436s] Level 5:colcon.colcon_core.verb:set package 'turtlesim_plus_interfaces' build argument 'cmake_target_skip_unavailable' from command line to 'False'
[0.436s] Level 5:colcon.colcon_core.verb:set package 'turtlesim_plus_interfaces' build argument 'cmake_clean_cache' from command line to 'False'
[0.436s] Level 5:colcon.colcon_core.verb:set package 'turtlesim_plus_interfaces' build argument 'cmake_clean_first' from command line to 'False'
[0.436s] Level 5:colcon.colcon_core.verb:set package 'turtlesim_plus_interfaces' build argument 'cmake_force_configure' from command line to 'False'
[0.436s] Level 5:colcon.colcon_core.verb:set package 'turtlesim_plus_interfaces' build argument 'ament_cmake_args' from command line to 'None'
[0.436s] Level 5:colcon.colcon_core.verb:set package 'turtlesim_plus_interfaces' build argument 'catkin_cmake_args' from command line to 'None'
[0.436s] Level 5:colcon.colcon_core.verb:set package 'turtlesim_plus_interfaces' build argument 'catkin_skip_building_tests' from command line to 'False'
[0.436s] DEBUG:colcon.colcon_core.verb:Building package 'turtlesim_plus_interfaces' with the following arguments: {'ament_cmake_args': None, 'build_base': '/home/talae-ubantu/6558_6576/build/turtlesim_plus_interfaces', 'catkin_cmake_args': None, 'catkin_skip_building_tests': False, 'cmake_args': None, 'cmake_clean_cache': False, 'cmake_clean_first': False, 'cmake_force_configure': False, 'cmake_target': None, 'cmake_target_skip_unavailable': False, 'install_base': '/home/talae-ubantu/6558_6576/install/turtlesim_plus_interfaces', 'merge_install': False, 'path': '/home/talae-ubantu/6558_6576/src/turtlesim_plus/turtlesim_plus_interfaces', 'symlink_install': False, 'test_result_base': None}
[0.436s] INFO:colcon.colcon_core.executor:Executing jobs using 'parallel' executor
[0.437s] DEBUG:colcon.colcon_parallel_executor.executor.parallel:run_until_complete
[0.437s] INFO:colcon.colcon_ros.task.ament_cmake.build:Building ROS package in '/home/talae-ubantu/6558_6576/src/funny_turtleplus' with build type 'ament_cmake'
[0.437s] INFO:colcon.colcon_cmake.task.cmake.build:Building CMake package in '/home/talae-ubantu/6558_6576/src/funny_turtleplus'
[0.440s] INFO:colcon.colcon_core.plugin_system:Skipping extension 'colcon_core.shell.bat': Not used on non-Windows systems
[0.440s] INFO:colcon.colcon_core.shell:Skip shell extension 'powershell' for command environment: Not usable outside of PowerShell
[0.440s] DEBUG:colcon.colcon_core.shell:Skip shell extension 'dsv' for command environment
[0.444s] INFO:colcon.colcon_ros.task.ament_cmake.build:Building ROS package in '/home/talae-ubantu/6558_6576/src/teleop_interfaces' with build type 'ament_cmake'
[0.444s] INFO:colcon.colcon_cmake.task.cmake.build:Building CMake package in '/home/talae-ubantu/6558_6576/src/teleop_interfaces'
[0.445s] INFO:colcon.colcon_core.shell:Skip shell extension 'powershell' for command environment: Not usable outside of PowerShell
[0.445s] DEBUG:colcon.colcon_core.shell:Skip shell extension 'dsv' for command environment
[0.449s] INFO:colcon.colcon_ros.task.ament_cmake.build:Building ROS package in '/home/talae-ubantu/6558_6576/src/turtlesim_plus/turtlesim_plus' with build type 'ament_cmake'
[0.449s] INFO:colcon.colcon_cmake.task.cmake.build:Building CMake package in '/home/talae-ubantu/6558_6576/src/turtlesim_plus/turtlesim_plus'
[0.450s] INFO:colcon.colcon_core.shell:Skip shell extension 'powershell' for command environment: Not usable outside of PowerShell
[0.451s] DEBUG:colcon.colcon_core.shell:Skip shell extension 'dsv' for command environment
[0.456s] INFO:colcon.colcon_ros.task.ament_cmake.build:Building ROS package in '/home/talae-ubantu/6558_6576/src/turtlesim_plus/turtlesim_plus_interfaces' with build type 'ament_cmake'
[0.456s] INFO:colcon.colcon_cmake.task.cmake.build:Building CMake package in '/home/talae-ubantu/6558_6576/src/turtlesim_plus/turtlesim_plus_interfaces'
[0.456s] INFO:colcon.colcon_core.shell:Skip shell extension 'powershell' for command environment: Not usable outside of PowerShell
[0.456s] DEBUG:colcon.colcon_core.shell:Skip shell extension 'dsv' for command environment
[0.467s] DEBUG:colcon.colcon_core.event_handler.log_command:Invoking command in '/home/talae-ubantu/6558_6576/build/funny_turtleplus': CMAKE_PREFIX_PATH=${CMAKE_PREFIX_PATH}:/opt/ros/humble /usr/bin/cmake --build /home/talae-ubantu/6558_6576/build/funny_turtleplus -- -j4 -l4
[0.472s] DEBUG:colcon.colcon_core.event_handler.log_command:Invoking command in '/home/talae-ubantu/6558_6576/build/teleop_interfaces': CMAKE_PREFIX_PATH=${CMAKE_PREFIX_PATH}:/opt/ros/humble /usr/bin/cmake --build /home/talae-ubantu/6558_6576/build/teleop_interfaces -- -j4 -l4
[0.478s] DEBUG:colcon.colcon_core.event_handler.log_command:Invoking command in '/home/talae-ubantu/6558_6576/build/turtlesim_plus': CMAKE_PREFIX_PATH=${CMAKE_PREFIX_PATH}:/opt/ros/humble /usr/bin/cmake --build /home/talae-ubantu/6558_6576/build/turtlesim_plus -- -j4 -l4
[0.490s] DEBUG:colcon.colcon_core.event_handler.log_command:Invoking command in '/home/talae-ubantu/6558_6576/build/turtlesim_plus_interfaces': CMAKE_PREFIX_PATH=${CMAKE_PREFIX_PATH}:/opt/ros/humble /usr/bin/cmake --build /home/talae-ubantu/6558_6576/build/turtlesim_plus_interfaces -- -j4 -l4
[1.400s] DEBUG:colcon.colcon_core.event_handler.log_command:Invoked command in '/home/talae-ubantu/6558_6576/build/turtlesim_plus' returned '0': CMAKE_PREFIX_PATH=${CMAKE_PREFIX_PATH}:/opt/ros/humble /usr/bin/cmake --build /home/talae-ubantu/6558_6576/build/turtlesim_plus -- -j4 -l4
[1.423s] DEBUG:colcon.colcon_core.event_handler.log_command:Invoked command in '/home/talae-ubantu/6558_6576/build/funny_turtleplus' returned '0': CMAKE_PREFIX_PATH=${CMAKE_PREFIX_PATH}:/opt/ros/humble /usr/bin/cmake --build /home/talae-ubantu/6558_6576/build/funny_turtleplus -- -j4 -l4
[1.458s] DEBUG:colcon.colcon_core.event_handler.log_command:Invoking command in '/home/talae-ubantu/6558_6576/build/turtlesim_plus': CMAKE_PREFIX_PATH=${CMAKE_PREFIX_PATH}:/opt/ros/humble /usr/bin/cmake --install /home/talae-ubantu/6558_6576/build/turtlesim_plus
[1.468s] DEBUG:colcon.colcon_core.event_handler.log_command:Invoked command in '/home/talae-ubantu/6558_6576/build/turtlesim_plus_interfaces' returned '0': CMAKE_PREFIX_PATH=${CMAKE_PREFIX_PATH}:/opt/ros/humble /usr/bin/cmake --build /home/talae-ubantu/6558_6576/build/turtlesim_plus_interfaces -- -j4 -l4
[1.475s] DEBUG:colcon.colcon_core.event_handler.log_command:Invoking command in '/home/talae-ubantu/6558_6576/build/funny_turtleplus': CMAKE_PREFIX_PATH=${CMAKE_PREFIX_PATH}:/opt/ros/humble /usr/bin/cmake --install /home/talae-ubantu/6558_6576/build/funny_turtleplus
[1.530s] DEBUG:colcon.colcon_core.event_handler.log_command:Invoked command in '/home/talae-ubantu/6558_6576/build/teleop_interfaces' returned '0': CMAKE_PREFIX_PATH=${CMAKE_PREFIX_PATH}:/opt/ros/humble /usr/bin/cmake --build /home/talae-ubantu/6558_6576/build/teleop_interfaces -- -j4 -l4
[1.562s] Level 1:colcon.colcon_core.environment:create_environment_scripts_only(turtlesim_plus)
[1.564s] DEBUG:colcon.colcon_core.event_handler.log_command:Invoked command in '/home/talae-ubantu/6558_6576/build/turtlesim_plus' returned '0': CMAKE_PREFIX_PATH=${CMAKE_PREFIX_PATH}:/opt/ros/humble /usr/bin/cmake --install /home/talae-ubantu/6558_6576/build/turtlesim_plus
[1.573s] Level 1:colcon.colcon_core.environment:checking '/home/talae-ubantu/6558_6576/install/turtlesim_plus' for CMake module files
[1.575s] Level 1:colcon.colcon_core.environment:checking '/home/talae-ubantu/6558_6576/install/turtlesim_plus' for CMake config files
[1.575s] Level 1:colcon.colcon_core.shell:create_environment_hook('turtlesim_plus', 'cmake_prefix_path')
[1.576s] INFO:colcon.colcon_core.shell:Creating environment hook '/home/talae-ubantu/6558_6576/install/turtlesim_plus/share/turtlesim_plus/hook/cmake_prefix_path.ps1'
[1.577s] INFO:colcon.colcon_core.shell:Creating environment descriptor '/home/talae-ubantu/6558_6576/install/turtlesim_plus/share/turtlesim_plus/hook/cmake_prefix_path.dsv'
[1.577s] INFO:colcon.colcon_core.shell:Creating environment hook '/home/talae-ubantu/6558_6576/install/turtlesim_plus/share/turtlesim_plus/hook/cmake_prefix_path.sh'
[1.578s] Level 1:colcon.colcon_core.environment:checking '/home/talae-ubantu/6558_6576/install/turtlesim_plus/lib'
[1.579s] Level 1:colcon.colcon_core.environment:checking '/home/talae-ubantu/6558_6576/install/turtlesim_plus/bin'
[1.579s] Level 1:colcon.colcon_core.environment:checking '/home/talae-ubantu/6558_6576/install/turtlesim_plus/lib/pkgconfig/turtlesim_plus.pc'
[1.579s] Level 1:colcon.colcon_core.environment:checking '/home/talae-ubantu/6558_6576/install/turtlesim_plus/lib/python3.10/site-packages'
[1.579s] Level 1:colcon.colcon_core.environment:checking '/home/talae-ubantu/6558_6576/install/turtlesim_plus/bin'
[1.580s] INFO:colcon.colcon_core.shell:Creating package script '/home/talae-ubantu/6558_6576/install/turtlesim_plus/share/turtlesim_plus/package.ps1'
[1.581s] INFO:colcon.colcon_core.shell:Creating package descriptor '/home/talae-ubantu/6558_6576/install/turtlesim_plus/share/turtlesim_plus/package.dsv'
[1.582s] INFO:colcon.colcon_core.shell:Creating package script '/home/talae-ubantu/6558_6576/install/turtlesim_plus/share/turtlesim_plus/package.sh'
[1.583s] INFO:colcon.colcon_core.shell:Creating package script '/home/talae-ubantu/6558_6576/install/turtlesim_plus/share/turtlesim_plus/package.bash'
[1.584s] INFO:colcon.colcon_core.shell:Creating package script '/home/talae-ubantu/6558_6576/install/turtlesim_plus/share/turtlesim_plus/package.zsh'
[1.585s] Level 1:colcon.colcon_core.environment:create_file_with_runtime_dependencies(/home/talae-ubantu/6558_6576/install/turtlesim_plus/share/colcon-core/packages/turtlesim_plus)
[1.587s] Level 1:colcon.colcon_core.environment:create_environment_scripts_only(funny_turtleplus)
[1.588s] Level 1:colcon.colcon_core.environment:checking '/home/talae-ubantu/6558_6576/install/funny_turtleplus' for CMake module files
[1.589s] DEBUG:colcon.colcon_core.event_handler.log_command:Invoked command in '/home/talae-ubantu/6558_6576/build/funny_turtleplus' returned '0': CMAKE_PREFIX_PATH=${CMAKE_PREFIX_PATH}:/opt/ros/humble /usr/bin/cmake --install /home/talae-ubantu/6558_6576/build/funny_turtleplus
[1.590s] Level 1:colcon.colcon_core.environment:checking '/home/talae-ubantu/6558_6576/install/funny_turtleplus' for CMake config files
[1.591s] Level 1:colcon.colcon_core.shell:create_environment_hook('funny_turtleplus', 'cmake_prefix_path')
[1.591s] INFO:colcon.colcon_core.shell:Creating environment hook '/home/talae-ubantu/6558_6576/install/funny_turtleplus/share/funny_turtleplus/hook/cmake_prefix_path.ps1'
[1.592s] INFO:colcon.colcon_core.shell:Creating environment descriptor '/home/talae-ubantu/6558_6576/install/funny_turtleplus/share/funny_turtleplus/hook/cmake_prefix_path.dsv'
[1.593s] INFO:colcon.colcon_core.shell:Creating environment hook '/home/talae-ubantu/6558_6576/install/funny_turtleplus/share/funny_turtleplus/hook/cmake_prefix_path.sh'
[1.594s] Level 1:colcon.colcon_core.environment:checking '/home/talae-ubantu/6558_6576/install/funny_turtleplus/lib'
[1.594s] Level 1:colcon.colcon_core.environment:checking '/home/talae-ubantu/6558_6576/install/funny_turtleplus/bin'
[1.594s] Level 1:colcon.colcon_core.environment:checking '/home/talae-ubantu/6558_6576/install/funny_turtleplus/lib/pkgconfig/funny_turtleplus.pc'
[1.595s] Level 1:colcon.colcon_core.environment:checking '/home/talae-ubantu/6558_6576/install/funny_turtleplus/lib/python3.10/site-packages'
[1.595s] Level 1:colcon.colcon_core.environment:checking '/home/talae-ubantu/6558_6576/install/funny_turtleplus/bin'
[1.596s] INFO:colcon.colcon_core.shell:Creating package script '/home/talae-ubantu/6558_6576/install/funny_turtleplus/share/funny_turtleplus/package.ps1'
[1.597s] INFO:colcon.colcon_core.shell:Creating package descriptor '/home/talae-ubantu/6558_6576/install/funny_turtleplus/share/funny_turtleplus/package.dsv'
[1.597s] INFO:colcon.colcon_core.shell:Creating package script '/home/talae-ubantu/6558_6576/install/funny_turtleplus/share/funny_turtleplus/package.sh'
[1.598s] INFO:colcon.colcon_core.shell:Creating package script '/home/talae-ubantu/6558_6576/install/funny_turtleplus/share/funny_turtleplus/package.bash'
[1.599s] INFO:colcon.colcon_core.shell:Creating package script '/home/talae-ubantu/6558_6576/install/funny_turtleplus/share/funny_turtleplus/package.zsh'
[1.599s] Level 1:colcon.colcon_core.environment:create_file_with_runtime_dependencies(/home/talae-ubantu/6558_6576/install/funny_turtleplus/share/colcon-core/packages/funny_turtleplus)
[1.630s] Level 1:colcon.colcon_core.environment:create_environment_scripts_only(turtlesim_plus)
[1.631s] Level 1:colcon.colcon_core.environment:checking '/home/talae-ubantu/6558_6576/install/turtlesim_plus' for CMake module files
[1.632s] Level 1:colcon.colcon_core.environment:checking '/home/talae-ubantu/6558_6576/install/turtlesim_plus' for CMake config files
[1.633s] Level 1:colcon.colcon_core.shell:create_environment_hook('turtlesim_plus', 'cmake_prefix_path')
[1.633s] INFO:colcon.colcon_core.shell:Creating environment hook '/home/talae-ubantu/6558_6576/install/turtlesim_plus/share/turtlesim_plus/hook/cmake_prefix_path.ps1'
[1.634s] INFO:colcon.colcon_core.shell:Creating environment descriptor '/home/talae-ubantu/6558_6576/install/turtlesim_plus/share/turtlesim_plus/hook/cmake_prefix_path.dsv'
[1.635s] INFO:colcon.colcon_core.shell:Creating environment hook '/home/talae-ubantu/6558_6576/install/turtlesim_plus/share/turtlesim_plus/hook/cmake_prefix_path.sh'
[1.636s] Level 1:colcon.colcon_core.environment:checking '/home/talae-ubantu/6558_6576/install/turtlesim_plus/lib'
[1.636s] Level 1:colcon.colcon_core.environment:checking '/home/talae-ubantu/6558_6576/install/turtlesim_plus/bin'
[1.636s] Level 1:colcon.colcon_core.environment:checking '/home/talae-ubantu/6558_6576/install/turtlesim_plus/lib/pkgconfig/turtlesim_plus.pc'
[1.636s] Level 1:colcon.colcon_core.environment:checking '/home/talae-ubantu/6558_6576/install/turtlesim_plus/lib/python3.10/site-packages'
[1.637s] Level 1:colcon.colcon_core.environment:checking '/home/talae-ubantu/6558_6576/install/turtlesim_plus/bin'
[1.638s] INFO:colcon.colcon_core.shell:Creating package script '/home/talae-ubantu/6558_6576/install/turtlesim_plus/share/turtlesim_plus/package.ps1'
[1.639s] INFO:colcon.colcon_core.shell:Creating package descriptor '/home/talae-ubantu/6558_6576/install/turtlesim_plus/share/turtlesim_plus/package.dsv'
[1.640s] INFO:colcon.colcon_core.shell:Creating package script '/home/talae-ubantu/6558_6576/install/turtlesim_plus/share/turtlesim_plus/package.sh'
[1.640s] INFO:colcon.colcon_core.shell:Creating package script '/home/talae-ubantu/6558_6576/install/turtlesim_plus/share/turtlesim_plus/package.bash'
[1.642s] INFO:colcon.colcon_core.shell:Creating package script '/home/talae-ubantu/6558_6576/install/turtlesim_plus/share/turtlesim_plus/package.zsh'
[1.642s] Level 1:colcon.colcon_core.environment:create_file_with_runtime_dependencies(/home/talae-ubantu/6558_6576/install/turtlesim_plus/share/colcon-core/packages/turtlesim_plus)
[1.645s] Level 1:colcon.colcon_core.environment:create_environment_scripts_only(funny_turtleplus)
[1.646s] Level 1:colcon.colcon_core.environment:checking '/home/talae-ubantu/6558_6576/install/funny_turtleplus' for CMake module files
[1.647s] Level 1:colcon.colcon_core.environment:checking '/home/talae-ubantu/6558_6576/install/funny_turtleplus' for CMake config files
[1.648s] Level 1:colcon.colcon_core.shell:create_environment_hook('funny_turtleplus', 'cmake_prefix_path')
[1.648s] INFO:colcon.colcon_core.shell:Creating environment hook '/home/talae-ubantu/6558_6576/install/funny_turtleplus/share/funny_turtleplus/hook/cmake_prefix_path.ps1'
[1.649s] INFO:colcon.colcon_core.shell:Creating environment descriptor '/home/talae-ubantu/6558_6576/install/funny_turtleplus/share/funny_turtleplus/hook/cmake_prefix_path.dsv'
[1.650s] INFO:colcon.colcon_core.shell:Creating environment hook '/home/talae-ubantu/6558_6576/install/funny_turtleplus/share/funny_turtleplus/hook/cmake_prefix_path.sh'
[1.650s] Level 1:colcon.colcon_core.environment:checking '/home/talae-ubantu/6558_6576/install/funny_turtleplus/lib'
[1.651s] Level 1:colcon.colcon_core.environment:checking '/home/talae-ubantu/6558_6576/install/funny_turtleplus/bin'
[1.651s] Level 1:colcon.colcon_core.environment:checking '/home/talae-ubantu/6558_6576/install/funny_turtleplus/lib/pkgconfig/funny_turtleplus.pc'
[1.651s] Level 1:colcon.colcon_core.environment:checking '/home/talae-ubantu/6558_6576/install/funny_turtleplus/lib/python3.10/site-packages'
[1.652s] Level 1:colcon.colcon_core.environment:checking '/home/talae-ubantu/6558_6576/install/funny_turtleplus/bin'
[1.652s] INFO:colcon.colcon_core.shell:Creating package script '/home/talae-ubantu/6558_6576/install/funny_turtleplus/share/funny_turtleplus/package.ps1'
[1.653s] INFO:colcon.colcon_core.shell:Creating package descriptor '/home/talae-ubantu/6558_6576/install/funny_turtleplus/share/funny_turtleplus/package.dsv'
[1.654s] INFO:colcon.colcon_core.shell:Creating package script '/home/talae-ubantu/6558_6576/install/funny_turtleplus/share/funny_turtleplus/package.sh'
[1.654s] INFO:colcon.colcon_core.shell:Creating package script '/home/talae-ubantu/6558_6576/install/funny_turtleplus/share/funny_turtleplus/package.bash'
[1.655s] INFO:colcon.colcon_core.shell:Creating package script '/home/talae-ubantu/6558_6576/install/funny_turtleplus/share/funny_turtleplus/package.zsh'
[1.655s] Level 1:colcon.colcon_core.environment:create_file_with_runtime_dependencies(/home/talae-ubantu/6558_6576/install/funny_turtleplus/share/colcon-core/packages/funny_turtleplus)
[1.676s] DEBUG:colcon.colcon_core.event_handler.log_command:Invoking command in '/home/talae-ubantu/6558_6576/build/turtlesim_plus_interfaces': CMAKE_PREFIX_PATH=${CMAKE_PREFIX_PATH}:/opt/ros/humble /usr/bin/cmake --install /home/talae-ubantu/6558_6576/build/turtlesim_plus_interfaces
[1.716s] DEBUG:colcon.colcon_core.event_handler.log_command:Invoking command in '/home/talae-ubantu/6558_6576/build/teleop_interfaces': CMAKE_PREFIX_PATH=${CMAKE_PREFIX_PATH}:/opt/ros/humble /usr/bin/cmake --install /home/talae-ubantu/6558_6576/build/teleop_interfaces
[1.768s] Level 1:colcon.colcon_core.environment:create_environment_scripts_only(turtlesim_plus_interfaces)
[1.769s] Level 1:colcon.colcon_core.environment:checking '/home/talae-ubantu/6558_6576/install/turtlesim_plus_interfaces' for CMake module files
[1.772s] DEBUG:colcon.colcon_core.event_handler.log_command:Invoked command in '/home/talae-ubantu/6558_6576/build/turtlesim_plus_interfaces' returned '0': CMAKE_PREFIX_PATH=${CMAKE_PREFIX_PATH}:/opt/ros/humble /usr/bin/cmake --install /home/talae-ubantu/6558_6576/build/turtlesim_plus_interfaces
[1.772s] Level 1:colcon.colcon_core.environment:checking '/home/talae-ubantu/6558_6576/install/turtlesim_plus_interfaces' for CMake config files
[1.774s] Level 1:colcon.colcon_core.shell:create_environment_hook('turtlesim_plus_interfaces', 'cmake_prefix_path')
[1.774s] INFO:colcon.colcon_core.shell:Creating environment hook '/home/talae-ubantu/6558_6576/install/turtlesim_plus_interfaces/share/turtlesim_plus_interfaces/hook/cmake_prefix_path.ps1'
[1.775s] INFO:colcon.colcon_core.shell:Creating environment descriptor '/home/talae-ubantu/6558_6576/install/turtlesim_plus_interfaces/share/turtlesim_plus_interfaces/hook/cmake_prefix_path.dsv'
[1.775s] INFO:colcon.colcon_core.shell:Creating environment hook '/home/talae-ubantu/6558_6576/install/turtlesim_plus_interfaces/share/turtlesim_plus_interfaces/hook/cmake_prefix_path.sh'
[1.776s] Level 1:colcon.colcon_core.environment:checking '/home/talae-ubantu/6558_6576/install/turtlesim_plus_interfaces/lib'
[1.776s] Level 1:colcon.colcon_core.shell:create_environment_hook('turtlesim_plus_interfaces', 'ld_library_path_lib')
[1.776s] INFO:colcon.colcon_core.shell:Creating environment hook '/home/talae-ubantu/6558_6576/install/turtlesim_plus_interfaces/share/turtlesim_plus_interfaces/hook/ld_library_path_lib.ps1'
[1.776s] INFO:colcon.colcon_core.shell:Creating environment descriptor '/home/talae-ubantu/6558_6576/install/turtlesim_plus_interfaces/share/turtlesim_plus_interfaces/hook/ld_library_path_lib.dsv'
[1.776s] INFO:colcon.colcon_core.shell:Creating environment hook '/home/talae-ubantu/6558_6576/install/turtlesim_plus_interfaces/share/turtlesim_plus_interfaces/hook/ld_library_path_lib.sh'
[1.777s] Level 1:colcon.colcon_core.environment:checking '/home/talae-ubantu/6558_6576/install/turtlesim_plus_interfaces/bin'
[1.777s] Level 1:colcon.colcon_core.environment:checking '/home/talae-ubantu/6558_6576/install/turtlesim_plus_interfaces/lib/pkgconfig/turtlesim_plus_interfaces.pc'
[1.777s] Level 1:colcon.colcon_core.environment:checking '/home/talae-ubantu/6558_6576/install/turtlesim_plus_interfaces/lib/python3.10/site-packages'
[1.778s] Level 1:colcon.colcon_core.environment:checking '/home/talae-ubantu/6558_6576/install/turtlesim_plus_interfaces/bin'
[1.778s] INFO:colcon.colcon_core.shell:Creating package script '/home/talae-ubantu/6558_6576/install/turtlesim_plus_interfaces/share/turtlesim_plus_interfaces/package.ps1'
[1.779s] INFO:colcon.colcon_core.shell:Creating package descriptor '/home/talae-ubantu/6558_6576/install/turtlesim_plus_interfaces/share/turtlesim_plus_interfaces/package.dsv'
[1.779s] INFO:colcon.colcon_core.shell:Creating package script '/home/talae-ubantu/6558_6576/install/turtlesim_plus_interfaces/share/turtlesim_plus_interfaces/package.sh'
[1.780s] INFO:colcon.colcon_core.shell:Creating package script '/home/talae-ubantu/6558_6576/install/turtlesim_plus_interfaces/share/turtlesim_plus_interfaces/package.bash'
[1.780s] INFO:colcon.colcon_core.shell:Creating package script '/home/talae-ubantu/6558_6576/install/turtlesim_plus_interfaces/share/turtlesim_plus_interfaces/package.zsh'
[1.781s] Level 1:colcon.colcon_core.environment:create_file_with_runtime_dependencies(/home/talae-ubantu/6558_6576/install/turtlesim_plus_interfaces/share/colcon-core/packages/turtlesim_plus_interfaces)
[1.801s] Level 1:colcon.colcon_core.environment:create_environment_scripts_only(teleop_interfaces)
[1.802s] Level 1:colcon.colcon_core.environment:checking '/home/talae-ubantu/6558_6576/install/teleop_interfaces' for CMake module files
[1.803s] DEBUG:colcon.colcon_core.event_handler.log_command:Invoked command in '/home/talae-ubantu/6558_6576/build/teleop_interfaces' returned '0': CMAKE_PREFIX_PATH=${CMAKE_PREFIX_PATH}:/opt/ros/humble /usr/bin/cmake --install /home/talae-ubantu/6558_6576/build/teleop_interfaces
[1.804s] Level 1:colcon.colcon_core.environment:checking '/home/talae-ubantu/6558_6576/install/teleop_interfaces' for CMake config files
[1.804s] Level 1:colcon.colcon_core.shell:create_environment_hook('teleop_interfaces', 'cmake_prefix_path')
[1.805s] INFO:colcon.colcon_core.shell:Creating environment hook '/home/talae-ubantu/6558_6576/install/teleop_interfaces/share/teleop_interfaces/hook/cmake_prefix_path.ps1'
[1.805s] INFO:colcon.colcon_core.shell:Creating environment descriptor '/home/talae-ubantu/6558_6576/install/teleop_interfaces/share/teleop_interfaces/hook/cmake_prefix_path.dsv'
[1.806s] INFO:colcon.colcon_core.shell:Creating environment hook '/home/talae-ubantu/6558_6576/install/teleop_interfaces/share/teleop_interfaces/hook/cmake_prefix_path.sh'
[1.806s] Level 1:colcon.colcon_core.environment:checking '/home/talae-ubantu/6558_6576/install/teleop_interfaces/lib'
[1.806s] Level 1:colcon.colcon_core.shell:create_environment_hook('teleop_interfaces', 'ld_library_path_lib')
[1.807s] INFO:colcon.colcon_core.shell:Creating environment hook '/home/talae-ubantu/6558_6576/install/teleop_interfaces/share/teleop_interfaces/hook/ld_library_path_lib.ps1'
[1.807s] INFO:colcon.colcon_core.shell:Creating environment descriptor '/home/talae-ubantu/6558_6576/install/teleop_interfaces/share/teleop_interfaces/hook/ld_library_path_lib.dsv'
[1.807s] INFO:colcon.colcon_core.shell:Creating environment hook '/home/talae-ubantu/6558_6576/install/teleop_interfaces/share/teleop_interfaces/hook/ld_library_path_lib.sh'
[1.808s] Level 1:colcon.colcon_core.environment:checking '/home/talae-ubantu/6558_6576/install/teleop_interfaces/bin'
[1.808s] Level 1:colcon.colcon_core.environment:checking '/home/talae-ubantu/6558_6576/install/teleop_interfaces/lib/pkgconfig/teleop_interfaces.pc'
[1.808s] Level 1:colcon.colcon_core.environment:checking '/home/talae-ubantu/6558_6576/install/teleop_interfaces/lib/python3.10/site-packages'
[1.808s] Level 1:colcon.colcon_core.environment:checking '/home/talae-ubantu/6558_6576/install/teleop_interfaces/bin'
[1.809s] INFO:colcon.colcon_core.shell:Creating package script '/home/talae-ubantu/6558_6576/install/teleop_interfaces/share/teleop_interfaces/package.ps1'
[1.809s] INFO:colcon.colcon_core.shell:Creating package descriptor '/home/talae-ubantu/6558_6576/install/teleop_interfaces/share/teleop_interfaces/package.dsv'
[1.810s] INFO:colcon.colcon_core.shell:Creating package script '/home/talae-ubantu/6558_6576/install/teleop_interfaces/share/teleop_interfaces/package.sh'
[1.811s] INFO:colcon.colcon_core.shell:Creating package script '/home/talae-ubantu/6558_6576/install/teleop_interfaces/share/teleop_interfaces/package.bash'
[1.811s] INFO:colcon.colcon_core.shell:Creating package script '/home/talae-ubantu/6558_6576/install/teleop_interfaces/share/teleop_interfaces/package.zsh'
[1.811s] Level 1:colcon.colcon_core.environment:create_file_with_runtime_dependencies(/home/talae-ubantu/6558_6576/install/teleop_interfaces/share/colcon-core/packages/teleop_interfaces)
[1.927s] Level 1:colcon.colcon_core.environment:create_environment_scripts_only(turtlesim_plus_interfaces)
[1.927s] Level 1:colcon.colcon_core.environment:checking '/home/talae-ubantu/6558_6576/install/turtlesim_plus_interfaces' for CMake module files
[1.928s] Level 1:colcon.colcon_core.environment:checking '/home/talae-ubantu/6558_6576/install/turtlesim_plus_interfaces' for CMake config files
[1.929s] Level 1:colcon.colcon_core.shell:create_environment_hook('turtlesim_plus_interfaces', 'cmake_prefix_path')
[1.929s] INFO:colcon.colcon_core.shell:Creating environment hook '/home/talae-ubantu/6558_6576/install/turtlesim_plus_interfaces/share/turtlesim_plus_interfaces/hook/cmake_prefix_path.ps1'
[1.930s] INFO:colcon.colcon_core.shell:Creating environment descriptor '/home/talae-ubantu/6558_6576/install/turtlesim_plus_interfaces/share/turtlesim_plus_interfaces/hook/cmake_prefix_path.dsv'
[1.930s] INFO:colcon.colcon_core.shell:Creating environment hook '/home/talae-ubantu/6558_6576/install/turtlesim_plus_interfaces/share/turtlesim_plus_interfaces/hook/cmake_prefix_path.sh'
[1.931s] Level 1:colcon.colcon_core.environment:checking '/home/talae-ubantu/6558_6576/install/turtlesim_plus_interfaces/lib'
[1.931s] Level 1:colcon.colcon_core.shell:create_environment_hook('turtlesim_plus_interfaces', 'ld_library_path_lib')
[1.931s] INFO:colcon.colcon_core.shell:Creating environment hook '/home/talae-ubantu/6558_6576/install/turtlesim_plus_interfaces/share/turtlesim_plus_interfaces/hook/ld_library_path_lib.ps1'
[1.932s] INFO:colcon.colcon_core.shell:Creating environment descriptor '/home/talae-ubantu/6558_6576/install/turtlesim_plus_interfaces/share/turtlesim_plus_interfaces/hook/ld_library_path_lib.dsv'
[1.932s] INFO:colcon.colcon_core.shell:Creating environment hook '/home/talae-ubantu/6558_6576/install/turtlesim_plus_interfaces/share/turtlesim_plus_interfaces/hook/ld_library_path_lib.sh'
[1.932s] Level 1:colcon.colcon_core.environment:checking '/home/talae-ubantu/6558_6576/install/turtlesim_plus_interfaces/bin'
[1.932s] Level 1:colcon.colcon_core.environment:checking '/home/talae-ubantu/6558_6576/install/turtlesim_plus_interfaces/lib/pkgconfig/turtlesim_plus_interfaces.pc'
[1.933s] Level 1:colcon.colcon_core.environment:checking '/home/talae-ubantu/6558_6576/install/turtlesim_plus_interfaces/lib/python3.10/site-packages'
[1.933s] Level 1:colcon.colcon_core.environment:checking '/home/talae-ubantu/6558_6576/install/turtlesim_plus_interfaces/bin'
[1.933s] INFO:colcon.colcon_core.shell:Creating package script '/home/talae-ubantu/6558_6576/install/turtlesim_plus_interfaces/share/turtlesim_plus_interfaces/package.ps1'
[1.934s] INFO:colcon.colcon_core.shell:Creating package descriptor '/home/talae-ubantu/6558_6576/install/turtlesim_plus_interfaces/share/turtlesim_plus_interfaces/package.dsv'
[1.934s] INFO:colcon.colcon_core.shell:Creating package script '/home/talae-ubantu/6558_6576/install/turtlesim_plus_interfaces/share/turtlesim_plus_interfaces/package.sh'
[1.935s] INFO:colcon.colcon_core.shell:Creating package script '/home/talae-ubantu/6558_6576/install/turtlesim_plus_interfaces/share/turtlesim_plus_interfaces/package.bash'
[1.935s] INFO:colcon.colcon_core.shell:Creating package script '/home/talae-ubantu/6558_6576/install/turtlesim_plus_interfaces/share/turtlesim_plus_interfaces/package.zsh'
[1.936s] Level 1:colcon.colcon_core.environment:create_file_with_runtime_dependencies(/home/talae-ubantu/6558_6576/install/turtlesim_plus_interfaces/share/colcon-core/packages/turtlesim_plus_interfaces)
[1.953s] Level 1:colcon.colcon_core.environment:create_environment_scripts_only(teleop_interfaces)
[1.953s] Level 1:colcon.colcon_core.environment:checking '/home/talae-ubantu/6558_6576/install/teleop_interfaces' for CMake module files
[1.954s] Level 1:colcon.colcon_core.environment:checking '/home/talae-ubantu/6558_6576/install/teleop_interfaces' for CMake config files
[1.955s] Level 1:colcon.colcon_core.shell:create_environment_hook('teleop_interfaces', 'cmake_prefix_path')
[1.956s] INFO:colcon.colcon_core.shell:Creating environment hook '/home/talae-ubantu/6558_6576/install/teleop_interfaces/share/teleop_interfaces/hook/cmake_prefix_path.ps1'
[1.956s] INFO:colcon.colcon_core.shell:Creating environment descriptor '/home/talae-ubantu/6558_6576/install/teleop_interfaces/share/teleop_interfaces/hook/cmake_prefix_path.dsv'
[1.957s] INFO:colcon.colcon_core.shell:Creating environment hook '/home/talae-ubantu/6558_6576/install/teleop_interfaces/share/teleop_interfaces/hook/cmake_prefix_path.sh'
[1.959s] Level 1:colcon.colcon_core.environment:checking '/home/talae-ubantu/6558_6576/install/teleop_interfaces/lib'
[1.959s] Level 1:colcon.colcon_core.shell:create_environment_hook('teleop_interfaces', 'ld_library_path_lib')
[1.959s] INFO:colcon.colcon_core.shell:Creating environment hook '/home/talae-ubantu/6558_6576/install/teleop_interfaces/share/teleop_interfaces/hook/ld_library_path_lib.ps1'
[1.959s] INFO:colcon.colcon_core.shell:Creating environment descriptor '/home/talae-ubantu/6558_6576/install/teleop_interfaces/share/teleop_interfaces/hook/ld_library_path_lib.dsv'
[1.960s] INFO:colcon.colcon_core.shell:Creating environment hook '/home/talae-ubantu/6558_6576/install/teleop_interfaces/share/teleop_interfaces/hook/ld_library_path_lib.sh'
[1.960s] Level 1:colcon.colcon_core.environment:checking '/home/talae-ubantu/6558_6576/install/teleop_interfaces/bin'
[1.960s] Level 1:colcon.colcon_core.environment:checking '/home/talae-ubantu/6558_6576/install/teleop_interfaces/lib/pkgconfig/teleop_interfaces.pc'
[1.960s] Level 1:colcon.colcon_core.environment:checking '/home/talae-ubantu/6558_6576/install/teleop_interfaces/lib/python3.10/site-packages'
[1.961s] Level 1:colcon.colcon_core.environment:checking '/home/talae-ubantu/6558_6576/install/teleop_interfaces/bin'
[1.961s] INFO:colcon.colcon_core.shell:Creating package script '/home/talae-ubantu/6558_6576/install/teleop_interfaces/share/teleop_interfaces/package.ps1'
[1.961s] INFO:colcon.colcon_core.shell:Creating package descriptor '/home/talae-ubantu/6558_6576/install/teleop_interfaces/share/teleop_interfaces/package.dsv'
[1.962s] INFO:colcon.colcon_core.shell:Creating package script '/home/talae-ubantu/6558_6576/install/teleop_interfaces/share/teleop_interfaces/package.sh'
[1.962s] INFO:colcon.colcon_core.shell:Creating package script '/home/talae-ubantu/6558_6576/install/teleop_interfaces/share/teleop_interfaces/package.bash'
[1.963s] INFO:colcon.colcon_core.shell:Creating package script '/home/talae-ubantu/6558_6576/install/teleop_interfaces/share/teleop_interfaces/package.zsh'
[1.963s] Level 1:colcon.colcon_core.environment:create_file_with_runtime_dependencies(/home/talae-ubantu/6558_6576/install/teleop_interfaces/share/colcon-core/packages/teleop_interfaces)
[1.963s] DEBUG:colcon.colcon_parallel_executor.executor.parallel:closing loop
[1.963s] DEBUG:colcon.colcon_parallel_executor.executor.parallel:loop closed
[1.964s] DEBUG:colcon.colcon_parallel_executor.executor.parallel:run_until_complete finished with '0'
[1.964s] DEBUG:colcon.colcon_core.event_reactor:joining thread
[1.970s] INFO:colcon.colcon_core.plugin_system:Skipping extension 'colcon_notification.desktop_notification.terminal_notifier': Not used on non-Darwin systems
[1.970s] INFO:colcon.colcon_core.plugin_system:Skipping extension 'colcon_notification.desktop_notification.win32': Not used on non-Windows systems
[1.970s] INFO:colcon.colcon_notification.desktop_notification:Sending desktop notification using 'notify2'
[1.981s] DEBUG:colcon.colcon_core.event_reactor:joined thread
[1.982s] INFO:colcon.colcon_core.shell:Creating prefix script '/home/talae-ubantu/6558_6576/install/local_setup.ps1'
[1.983s] INFO:colcon.colcon_core.shell:Creating prefix util module '/home/talae-ubantu/6558_6576/install/_local_setup_util_ps1.py'
[1.984s] INFO:colcon.colcon_core.shell:Creating prefix chain script '/home/talae-ubantu/6558_6576/install/setup.ps1'
[1.986s] INFO:colcon.colcon_core.shell:Creating prefix script '/home/talae-ubantu/6558_6576/install/local_setup.sh'
[1.987s] INFO:colcon.colcon_core.shell:Creating prefix util module '/home/talae-ubantu/6558_6576/install/_local_setup_util_sh.py'
[1.988s] INFO:colcon.colcon_core.shell:Creating prefix chain script '/home/talae-ubantu/6558_6576/install/setup.sh'
[1.990s] INFO:colcon.colcon_core.shell:Creating prefix script '/home/talae-ubantu/6558_6576/install/local_setup.bash'
[1.991s] INFO:colcon.colcon_core.shell:Creating prefix chain script '/home/talae-ubantu/6558_6576/install/setup.bash'
[1.994s] INFO:colcon.colcon_core.shell:Creating prefix script '/home/talae-ubantu/6558_6576/install/local_setup.zsh'
[1.995s] INFO:colcon.colcon_core.shell:Creating prefix chain script '/home/talae-ubantu/6558_6576/install/setup.zsh'
