[0.046s] Invoking command in '/home/talae-ubantu/6558_6576/build/teleop_interfaces': CMAKE_PREFIX_PATH=${CMAKE_PREFIX_PATH}:/opt/ros/humble /usr/bin/cmake --build /home/talae-ubantu/6558_6576/build/teleop_interfaces -- -j4 -l4
[0.247s] [  1%] Built target teleop_interfaces__cpp
[0.381s] [  1%] Built target ament_cmake_python_copy_teleop_interfaces
[0.459s] [ 12%] Built target teleop_interfaces__rosidl_typesupport_fastrtps_cpp
[0.515s] [ 23%] Built target teleop_interfaces__rosidl_typesupport_introspection_cpp
[1.493s] running egg_info
[1.493s] writing teleop_interfaces.egg-info/PKG-INFO
[1.494s] writing dependency_links to teleop_interfaces.egg-info/dependency_links.txt
[1.495s] writing top-level names to teleop_interfaces.egg-info/top_level.txt
[1.502s] reading manifest file 'teleop_interfaces.egg-info/SOURCES.txt'
[1.505s] writing manifest file 'teleop_interfaces.egg-info/SOURCES.txt'
[1.621s] [ 23%] Built target ament_cmake_python_build_teleop_interfaces_egg
[1.687s] [ 34%] Built target teleop_interfaces__rosidl_typesupport_cpp
[1.743s] [ 45%] Built target teleop_interfaces__rosidl_generator_c
[1.795s] [ 56%] Built target teleop_interfaces__rosidl_typesupport_fastrtps_c
[1.835s] [ 67%] Built target teleop_interfaces__rosidl_typesupport_c
[1.884s] [ 78%] Built target teleop_interfaces__rosidl_typesupport_introspection_c
[1.917s] [ 78%] Built target teleop_interfaces
[1.952s] [ 80%] Built target teleop_interfaces__py
[1.994s] [ 89%] Built target teleop_interfaces__rosidl_generator_py
[2.033s] [ 92%] Built target teleop_interfaces__rosidl_typesupport_fastrtps_c__pyext
[2.069s] [ 96%] Built target teleop_interfaces__rosidl_typesupport_c__pyext
[2.106s] [100%] Built target teleop_interfaces__rosidl_typesupport_introspection_c__pyext
[2.129s] Invoked command in '/home/talae-ubantu/6558_6576/build/teleop_interfaces' returned '0': CMAKE_PREFIX_PATH=${CMAKE_PREFIX_PATH}:/opt/ros/humble /usr/bin/cmake --build /home/talae-ubantu/6558_6576/build/teleop_interfaces -- -j4 -l4
[2.395s] Invoking command in '/home/talae-ubantu/6558_6576/build/teleop_interfaces': CMAKE_PREFIX_PATH=${CMAKE_PREFIX_PATH}:/opt/ros/humble /usr/bin/cmake --install /home/talae-ubantu/6558_6576/build/teleop_interfaces
[2.415s] -- Install configuration: ""
[2.415s] -- Up-to-date: /home/talae-ubantu/6558_6576/install/teleop_interfaces/share/ament_index/resource_index/rosidl_interfaces/teleop_interfaces
[2.416s] -- Up-to-date: /home/talae-ubantu/6558_6576/install/teleop_interfaces/include/teleop_interfaces/teleop_interfaces
[2.416s] -- Up-to-date: /home/talae-ubantu/6558_6576/install/teleop_interfaces/include/teleop_interfaces/teleop_interfaces/srv
[2.416s] -- Up-to-date: /home/talae-ubantu/6558_6576/install/teleop_interfaces/include/teleop_interfaces/teleop_interfaces/srv/make_path.h
[2.416s] -- Up-to-date: /home/talae-ubantu/6558_6576/install/teleop_interfaces/include/teleop_interfaces/teleop_interfaces/srv/notify.h
[2.416s] -- Up-to-date: /home/talae-ubantu/6558_6576/install/teleop_interfaces/include/teleop_interfaces/teleop_interfaces/srv/save_path.h
[2.416s] -- Up-to-date: /home/talae-ubantu/6558_6576/install/teleop_interfaces/include/teleop_interfaces/teleop_interfaces/srv/detail
[2.416s] -- Up-to-date: /home/talae-ubantu/6558_6576/install/teleop_interfaces/include/teleop_interfaces/teleop_interfaces/srv/detail/notify__type_support.h
[2.416s] -- Up-to-date: /home/talae-ubantu/6558_6576/install/teleop_interfaces/include/teleop_interfaces/teleop_interfaces/srv/detail/notify__functions.h
[2.417s] -- Up-to-date: /home/talae-ubantu/6558_6576/install/teleop_interfaces/include/teleop_interfaces/teleop_interfaces/srv/detail/make_path__struct.h
[2.417s] -- Up-to-date: /home/talae-ubantu/6558_6576/install/teleop_interfaces/include/teleop_interfaces/teleop_interfaces/srv/detail/notify__struct.h
[2.417s] -- Up-to-date: /home/talae-ubantu/6558_6576/install/teleop_interfaces/include/teleop_interfaces/teleop_interfaces/srv/detail/clear_path__functions.c
[2.417s] -- Up-to-date: /home/talae-ubantu/6558_6576/install/teleop_interfaces/include/teleop_interfaces/teleop_interfaces/srv/detail/make_path__functions.h
[2.418s] -- Up-to-date: /home/talae-ubantu/6558_6576/install/teleop_interfaces/include/teleop_interfaces/teleop_interfaces/srv/detail/clear_path__type_support.h
[2.418s] -- Up-to-date: /home/talae-ubantu/6558_6576/install/teleop_interfaces/include/teleop_interfaces/teleop_interfaces/srv/detail/save_path__type_support.h
[2.418s] -- Up-to-date: /home/talae-ubantu/6558_6576/install/teleop_interfaces/include/teleop_interfaces/teleop_interfaces/srv/detail/make_path__functions.c
[2.418s] -- Up-to-date: /home/talae-ubantu/6558_6576/install/teleop_interfaces/include/teleop_interfaces/teleop_interfaces/srv/detail/clear_path__functions.h
[2.418s] -- Up-to-date: /home/talae-ubantu/6558_6576/install/teleop_interfaces/include/teleop_interfaces/teleop_interfaces/srv/detail/save_path__functions.h
[2.418s] -- Up-to-date: /home/talae-ubantu/6558_6576/install/teleop_interfaces/include/teleop_interfaces/teleop_interfaces/srv/detail/notify__functions.c
[2.419s] -- Up-to-date: /home/talae-ubantu/6558_6576/install/teleop_interfaces/include/teleop_interfaces/teleop_interfaces/srv/detail/clear_path__struct.h
[2.419s] -- Up-to-date: /home/talae-ubantu/6558_6576/install/teleop_interfaces/include/teleop_interfaces/teleop_interfaces/srv/detail/make_path__type_support.h
[2.419s] -- Up-to-date: /home/talae-ubantu/6558_6576/install/teleop_interfaces/include/teleop_interfaces/teleop_interfaces/srv/detail/save_path__struct.h
[2.419s] -- Up-to-date: /home/talae-ubantu/6558_6576/install/teleop_interfaces/include/teleop_interfaces/teleop_interfaces/srv/detail/save_path__functions.c
[2.419s] -- Up-to-date: /home/talae-ubantu/6558_6576/install/teleop_interfaces/include/teleop_interfaces/teleop_interfaces/srv/clear_path.h
[2.419s] -- Up-to-date: /home/talae-ubantu/6558_6576/install/teleop_interfaces/include/teleop_interfaces/teleop_interfaces/msg
[2.419s] -- Up-to-date: /home/talae-ubantu/6558_6576/install/teleop_interfaces/include/teleop_interfaces/teleop_interfaces/msg/rosidl_generator_c__visibility_control.h
[2.419s] -- Up-to-date: /home/talae-ubantu/6558_6576/install/teleop_interfaces/share/teleop_interfaces/environment/library_path.sh
[2.420s] -- Up-to-date: /home/talae-ubantu/6558_6576/install/teleop_interfaces/share/teleop_interfaces/environment/library_path.dsv
[2.420s] -- Up-to-date: /home/talae-ubantu/6558_6576/install/teleop_interfaces/lib/libteleop_interfaces__rosidl_generator_c.so
[2.420s] -- Up-to-date: /home/talae-ubantu/6558_6576/install/teleop_interfaces/include/teleop_interfaces/teleop_interfaces
[2.420s] -- Up-to-date: /home/talae-ubantu/6558_6576/install/teleop_interfaces/include/teleop_interfaces/teleop_interfaces/srv
[2.420s] -- Up-to-date: /home/talae-ubantu/6558_6576/install/teleop_interfaces/include/teleop_interfaces/teleop_interfaces/srv/detail
[2.420s] -- Up-to-date: /home/talae-ubantu/6558_6576/install/teleop_interfaces/include/teleop_interfaces/teleop_interfaces/srv/detail/make_path__rosidl_typesupport_fastrtps_c.h
[2.420s] -- Up-to-date: /home/talae-ubantu/6558_6576/install/teleop_interfaces/include/teleop_interfaces/teleop_interfaces/srv/detail/notify__rosidl_typesupport_fastrtps_c.h
[2.421s] -- Up-to-date: /home/talae-ubantu/6558_6576/install/teleop_interfaces/include/teleop_interfaces/teleop_interfaces/srv/detail/save_path__rosidl_typesupport_fastrtps_c.h
[2.421s] -- Up-to-date: /home/talae-ubantu/6558_6576/install/teleop_interfaces/include/teleop_interfaces/teleop_interfaces/srv/detail/clear_path__rosidl_typesupport_fastrtps_c.h
[2.421s] -- Up-to-date: /home/talae-ubantu/6558_6576/install/teleop_interfaces/include/teleop_interfaces/teleop_interfaces/msg
[2.421s] -- Up-to-date: /home/talae-ubantu/6558_6576/install/teleop_interfaces/include/teleop_interfaces/teleop_interfaces/msg/rosidl_typesupport_fastrtps_c__visibility_control.h
[2.421s] -- Up-to-date: /home/talae-ubantu/6558_6576/install/teleop_interfaces/lib/libteleop_interfaces__rosidl_typesupport_fastrtps_c.so
[2.421s] -- Up-to-date: /home/talae-ubantu/6558_6576/install/teleop_interfaces/include/teleop_interfaces/teleop_interfaces
[2.422s] -- Up-to-date: /home/talae-ubantu/6558_6576/install/teleop_interfaces/include/teleop_interfaces/teleop_interfaces/srv
[2.422s] -- Up-to-date: /home/talae-ubantu/6558_6576/install/teleop_interfaces/include/teleop_interfaces/teleop_interfaces/srv/save_path.hpp
[2.422s] -- Up-to-date: /home/talae-ubantu/6558_6576/install/teleop_interfaces/include/teleop_interfaces/teleop_interfaces/srv/clear_path.hpp
[2.422s] -- Up-to-date: /home/talae-ubantu/6558_6576/install/teleop_interfaces/include/teleop_interfaces/teleop_interfaces/srv/make_path.hpp
[2.423s] -- Up-to-date: /home/talae-ubantu/6558_6576/install/teleop_interfaces/include/teleop_interfaces/teleop_interfaces/srv/detail
[2.423s] -- Up-to-date: /home/talae-ubantu/6558_6576/install/teleop_interfaces/include/teleop_interfaces/teleop_interfaces/srv/detail/notify__builder.hpp
[2.423s] -- Up-to-date: /home/talae-ubantu/6558_6576/install/teleop_interfaces/include/teleop_interfaces/teleop_interfaces/srv/detail/make_path__builder.hpp
[2.423s] -- Up-to-date: /home/talae-ubantu/6558_6576/install/teleop_interfaces/include/teleop_interfaces/teleop_interfaces/srv/detail/notify__struct.hpp
[2.424s] -- Up-to-date: /home/talae-ubantu/6558_6576/install/teleop_interfaces/include/teleop_interfaces/teleop_interfaces/srv/detail/notify__traits.hpp
[2.425s] -- Up-to-date: /home/talae-ubantu/6558_6576/install/teleop_interfaces/include/teleop_interfaces/teleop_interfaces/srv/detail/make_path__struct.hpp
[2.426s] -- Up-to-date: /home/talae-ubantu/6558_6576/install/teleop_interfaces/include/teleop_interfaces/teleop_interfaces/srv/detail/clear_path__struct.hpp
[2.426s] -- Up-to-date: /home/talae-ubantu/6558_6576/install/teleop_interfaces/include/teleop_interfaces/teleop_interfaces/srv/detail/save_path__builder.hpp
[2.428s] -- Up-to-date: /home/talae-ubantu/6558_6576/install/teleop_interfaces/include/teleop_interfaces/teleop_interfaces/srv/detail/save_path__traits.hpp
[2.428s] -- Up-to-date: /home/talae-ubantu/6558_6576/install/teleop_interfaces/include/teleop_interfaces/teleop_interfaces/srv/detail/clear_path__traits.hpp
[2.429s] -- Up-to-date: /home/talae-ubantu/6558_6576/install/teleop_interfaces/include/teleop_interfaces/teleop_interfaces/srv/detail/make_path__traits.hpp
[2.429s] -- Up-to-date: /home/talae-ubantu/6558_6576/install/teleop_interfaces/include/teleop_interfaces/teleop_interfaces/srv/detail/save_path__struct.hpp
[2.430s] -- Up-to-date: /home/talae-ubantu/6558_6576/install/teleop_interfaces/include/teleop_interfaces/teleop_interfaces/srv/detail/clear_path__builder.hpp
[2.430s] -- Up-to-date: /home/talae-ubantu/6558_6576/install/teleop_interfaces/include/teleop_interfaces/teleop_interfaces/srv/notify.hpp
[2.430s] -- Up-to-date: /home/talae-ubantu/6558_6576/install/teleop_interfaces/include/teleop_interfaces/teleop_interfaces
[2.430s] -- Up-to-date: /home/talae-ubantu/6558_6576/install/teleop_interfaces/include/teleop_interfaces/teleop_interfaces/srv
[2.430s] -- Up-to-date: /home/talae-ubantu/6558_6576/install/teleop_interfaces/include/teleop_interfaces/teleop_interfaces/srv/detail
[2.430s] -- Up-to-date: /home/talae-ubantu/6558_6576/install/teleop_interfaces/include/teleop_interfaces/teleop_interfaces/srv/detail/clear_path__rosidl_typesupport_fastrtps_cpp.hpp
[2.431s] -- Up-to-date: /home/talae-ubantu/6558_6576/install/teleop_interfaces/include/teleop_interfaces/teleop_interfaces/srv/detail/notify__rosidl_typesupport_fastrtps_cpp.hpp
[2.431s] -- Up-to-date: /home/talae-ubantu/6558_6576/install/teleop_interfaces/include/teleop_interfaces/teleop_interfaces/srv/detail/make_path__rosidl_typesupport_fastrtps_cpp.hpp
[2.431s] -- Up-to-date: /home/talae-ubantu/6558_6576/install/teleop_interfaces/include/teleop_interfaces/teleop_interfaces/srv/detail/dds_fastrtps
[2.431s] -- Up-to-date: /home/talae-ubantu/6558_6576/install/teleop_interfaces/include/teleop_interfaces/teleop_interfaces/srv/detail/save_path__rosidl_typesupport_fastrtps_cpp.hpp
[2.431s] -- Up-to-date: /home/talae-ubantu/6558_6576/install/teleop_interfaces/include/teleop_interfaces/teleop_interfaces/msg
[2.431s] -- Up-to-date: /home/talae-ubantu/6558_6576/install/teleop_interfaces/include/teleop_interfaces/teleop_interfaces/msg/rosidl_typesupport_fastrtps_cpp__visibility_control.h
[2.431s] -- Up-to-date: /home/talae-ubantu/6558_6576/install/teleop_interfaces/lib/libteleop_interfaces__rosidl_typesupport_fastrtps_cpp.so
[2.431s] -- Up-to-date: /home/talae-ubantu/6558_6576/install/teleop_interfaces/include/teleop_interfaces/teleop_interfaces
[2.432s] -- Up-to-date: /home/talae-ubantu/6558_6576/install/teleop_interfaces/include/teleop_interfaces/teleop_interfaces/srv
[2.432s] -- Up-to-date: /home/talae-ubantu/6558_6576/install/teleop_interfaces/include/teleop_interfaces/teleop_interfaces/srv/detail
[2.432s] -- Up-to-date: /home/talae-ubantu/6558_6576/install/teleop_interfaces/include/teleop_interfaces/teleop_interfaces/srv/detail/notify__type_support.c
[2.432s] -- Up-to-date: /home/talae-ubantu/6558_6576/install/teleop_interfaces/include/teleop_interfaces/teleop_interfaces/srv/detail/make_path__rosidl_typesupport_introspection_c.h
[2.432s] -- Up-to-date: /home/talae-ubantu/6558_6576/install/teleop_interfaces/include/teleop_interfaces/teleop_interfaces/srv/detail/make_path__type_support.c
[2.432s] -- Up-to-date: /home/talae-ubantu/6558_6576/install/teleop_interfaces/include/teleop_interfaces/teleop_interfaces/srv/detail/clear_path__type_support.c
[2.432s] -- Up-to-date: /home/talae-ubantu/6558_6576/install/teleop_interfaces/include/teleop_interfaces/teleop_interfaces/srv/detail/clear_path__rosidl_typesupport_introspection_c.h
[2.432s] -- Up-to-date: /home/talae-ubantu/6558_6576/install/teleop_interfaces/include/teleop_interfaces/teleop_interfaces/srv/detail/save_path__type_support.c
[2.433s] -- Up-to-date: /home/talae-ubantu/6558_6576/install/teleop_interfaces/include/teleop_interfaces/teleop_interfaces/srv/detail/notify__rosidl_typesupport_introspection_c.h
[2.433s] -- Up-to-date: /home/talae-ubantu/6558_6576/install/teleop_interfaces/include/teleop_interfaces/teleop_interfaces/srv/detail/save_path__rosidl_typesupport_introspection_c.h
[2.433s] -- Up-to-date: /home/talae-ubantu/6558_6576/install/teleop_interfaces/include/teleop_interfaces/teleop_interfaces/msg
[2.433s] -- Up-to-date: /home/talae-ubantu/6558_6576/install/teleop_interfaces/include/teleop_interfaces/teleop_interfaces/msg/rosidl_typesupport_introspection_c__visibility_control.h
[2.433s] -- Up-to-date: /home/talae-ubantu/6558_6576/install/teleop_interfaces/lib/libteleop_interfaces__rosidl_typesupport_introspection_c.so
[2.433s] -- Up-to-date: /home/talae-ubantu/6558_6576/install/teleop_interfaces/lib/libteleop_interfaces__rosidl_typesupport_c.so
[2.433s] -- Up-to-date: /home/talae-ubantu/6558_6576/install/teleop_interfaces/include/teleop_interfaces/teleop_interfaces
[2.433s] -- Up-to-date: /home/talae-ubantu/6558_6576/install/teleop_interfaces/include/teleop_interfaces/teleop_interfaces/srv
[2.434s] -- Up-to-date: /home/talae-ubantu/6558_6576/install/teleop_interfaces/include/teleop_interfaces/teleop_interfaces/srv/detail
[2.434s] -- Up-to-date: /home/talae-ubantu/6558_6576/install/teleop_interfaces/include/teleop_interfaces/teleop_interfaces/srv/detail/notify__rosidl_typesupport_introspection_cpp.hpp
[2.434s] -- Up-to-date: /home/talae-ubantu/6558_6576/install/teleop_interfaces/include/teleop_interfaces/teleop_interfaces/srv/detail/save_path__type_support.cpp
[2.434s] -- Up-to-date: /home/talae-ubantu/6558_6576/install/teleop_interfaces/include/teleop_interfaces/teleop_interfaces/srv/detail/make_path__rosidl_typesupport_introspection_cpp.hpp
[2.434s] -- Up-to-date: /home/talae-ubantu/6558_6576/install/teleop_interfaces/include/teleop_interfaces/teleop_interfaces/srv/detail/make_path__type_support.cpp
[2.434s] -- Up-to-date: /home/talae-ubantu/6558_6576/install/teleop_interfaces/include/teleop_interfaces/teleop_interfaces/srv/detail/save_path__rosidl_typesupport_introspection_cpp.hpp
[2.435s] -- Up-to-date: /home/talae-ubantu/6558_6576/install/teleop_interfaces/include/teleop_interfaces/teleop_interfaces/srv/detail/clear_path__rosidl_typesupport_introspection_cpp.hpp
[2.435s] -- Up-to-date: /home/talae-ubantu/6558_6576/install/teleop_interfaces/include/teleop_interfaces/teleop_interfaces/srv/detail/clear_path__type_support.cpp
[2.435s] -- Up-to-date: /home/talae-ubantu/6558_6576/install/teleop_interfaces/include/teleop_interfaces/teleop_interfaces/srv/detail/notify__type_support.cpp
[2.435s] -- Up-to-date: /home/talae-ubantu/6558_6576/install/teleop_interfaces/lib/libteleop_interfaces__rosidl_typesupport_introspection_cpp.so
[2.435s] -- Up-to-date: /home/talae-ubantu/6558_6576/install/teleop_interfaces/lib/libteleop_interfaces__rosidl_typesupport_cpp.so
[2.435s] -- Up-to-date: /home/talae-ubantu/6558_6576/install/teleop_interfaces/share/teleop_interfaces/environment/pythonpath.sh
[2.436s] -- Up-to-date: /home/talae-ubantu/6558_6576/install/teleop_interfaces/share/teleop_interfaces/environment/pythonpath.dsv
[2.436s] -- Up-to-date: /home/talae-ubantu/6558_6576/install/teleop_interfaces/local/lib/python3.10/dist-packages/teleop_interfaces-0.0.0-py3.10.egg-info
[2.436s] -- Installing: /home/talae-ubantu/6558_6576/install/teleop_interfaces/local/lib/python3.10/dist-packages/teleop_interfaces-0.0.0-py3.10.egg-info/PKG-INFO
[2.436s] -- Installing: /home/talae-ubantu/6558_6576/install/teleop_interfaces/local/lib/python3.10/dist-packages/teleop_interfaces-0.0.0-py3.10.egg-info/top_level.txt
[2.437s] -- Installing: /home/talae-ubantu/6558_6576/install/teleop_interfaces/local/lib/python3.10/dist-packages/teleop_interfaces-0.0.0-py3.10.egg-info/SOURCES.txt
[2.437s] -- Installing: /home/talae-ubantu/6558_6576/install/teleop_interfaces/local/lib/python3.10/dist-packages/teleop_interfaces-0.0.0-py3.10.egg-info/dependency_links.txt
[2.437s] -- Up-to-date: /home/talae-ubantu/6558_6576/install/teleop_interfaces/local/lib/python3.10/dist-packages/teleop_interfaces
[2.438s] -- Up-to-date: /home/talae-ubantu/6558_6576/install/teleop_interfaces/local/lib/python3.10/dist-packages/teleop_interfaces/__init__.py
[2.438s] -- Up-to-date: /home/talae-ubantu/6558_6576/install/teleop_interfaces/local/lib/python3.10/dist-packages/teleop_interfaces/_teleop_interfaces_s.ep.rosidl_typesupport_c.c
[2.438s] -- Up-to-date: /home/talae-ubantu/6558_6576/install/teleop_interfaces/local/lib/python3.10/dist-packages/teleop_interfaces/_teleop_interfaces_s.ep.rosidl_typesupport_fastrtps_c.c
[2.438s] -- Up-to-date: /home/talae-ubantu/6558_6576/install/teleop_interfaces/local/lib/python3.10/dist-packages/teleop_interfaces/libteleop_interfaces__rosidl_generator_py.so
[2.438s] -- Up-to-date: /home/talae-ubantu/6558_6576/install/teleop_interfaces/local/lib/python3.10/dist-packages/teleop_interfaces/_teleop_interfaces_s.ep.rosidl_typesupport_introspection_c.c
[2.438s] -- Up-to-date: /home/talae-ubantu/6558_6576/install/teleop_interfaces/local/lib/python3.10/dist-packages/teleop_interfaces/teleop_interfaces_s__rosidl_typesupport_fastrtps_c.cpython-310-x86_64-linux-gnu.so
[2.439s] -- Up-to-date: /home/talae-ubantu/6558_6576/install/teleop_interfaces/local/lib/python3.10/dist-packages/teleop_interfaces/teleop_interfaces_s__rosidl_typesupport_introspection_c.cpython-310-x86_64-linux-gnu.so
[2.439s] -- Up-to-date: /home/talae-ubantu/6558_6576/install/teleop_interfaces/local/lib/python3.10/dist-packages/teleop_interfaces/teleop_interfaces_s__rosidl_typesupport_c.cpython-310-x86_64-linux-gnu.so
[2.440s] -- Up-to-date: /home/talae-ubantu/6558_6576/install/teleop_interfaces/local/lib/python3.10/dist-packages/teleop_interfaces/srv
[2.440s] -- Up-to-date: /home/talae-ubantu/6558_6576/install/teleop_interfaces/local/lib/python3.10/dist-packages/teleop_interfaces/srv/__init__.py
[2.441s] -- Up-to-date: /home/talae-ubantu/6558_6576/install/teleop_interfaces/local/lib/python3.10/dist-packages/teleop_interfaces/srv/_clear_path_s.c
[2.441s] -- Up-to-date: /home/talae-ubantu/6558_6576/install/teleop_interfaces/local/lib/python3.10/dist-packages/teleop_interfaces/srv/_notify.py
[2.441s] -- Up-to-date: /home/talae-ubantu/6558_6576/install/teleop_interfaces/local/lib/python3.10/dist-packages/teleop_interfaces/srv/_make_path_s.c
[2.442s] -- Up-to-date: /home/talae-ubantu/6558_6576/install/teleop_interfaces/local/lib/python3.10/dist-packages/teleop_interfaces/srv/_notify_s.c
[2.442s] -- Up-to-date: /home/talae-ubantu/6558_6576/install/teleop_interfaces/local/lib/python3.10/dist-packages/teleop_interfaces/srv/_clear_path.py
[2.443s] -- Up-to-date: /home/talae-ubantu/6558_6576/install/teleop_interfaces/local/lib/python3.10/dist-packages/teleop_interfaces/srv/_save_path.py
[2.443s] -- Up-to-date: /home/talae-ubantu/6558_6576/install/teleop_interfaces/local/lib/python3.10/dist-packages/teleop_interfaces/srv/_save_path_s.c
[2.443s] -- Up-to-date: /home/talae-ubantu/6558_6576/install/teleop_interfaces/local/lib/python3.10/dist-packages/teleop_interfaces/srv/_make_path.py
[2.521s] Listing '/home/talae-ubantu/6558_6576/install/teleop_interfaces/local/lib/python3.10/dist-packages/teleop_interfaces'...
[2.522s] Listing '/home/talae-ubantu/6558_6576/install/teleop_interfaces/local/lib/python3.10/dist-packages/teleop_interfaces/srv'...
[2.534s] -- Up-to-date: /home/talae-ubantu/6558_6576/install/teleop_interfaces/local/lib/python3.10/dist-packages/teleop_interfaces/teleop_interfaces_s__rosidl_typesupport_fastrtps_c.cpython-310-x86_64-linux-gnu.so
[2.535s] -- Up-to-date: /home/talae-ubantu/6558_6576/install/teleop_interfaces/local/lib/python3.10/dist-packages/teleop_interfaces/teleop_interfaces_s__rosidl_typesupport_introspection_c.cpython-310-x86_64-linux-gnu.so
[2.535s] -- Up-to-date: /home/talae-ubantu/6558_6576/install/teleop_interfaces/local/lib/python3.10/dist-packages/teleop_interfaces/teleop_interfaces_s__rosidl_typesupport_c.cpython-310-x86_64-linux-gnu.so
[2.536s] -- Up-to-date: /home/talae-ubantu/6558_6576/install/teleop_interfaces/lib/libteleop_interfaces__rosidl_generator_py.so
[2.536s] -- Up-to-date: /home/talae-ubantu/6558_6576/install/teleop_interfaces/share/teleop_interfaces/srv/MakePath.idl
[2.536s] -- Up-to-date: /home/talae-ubantu/6558_6576/install/teleop_interfaces/share/teleop_interfaces/srv/SavePath.idl
[2.536s] -- Up-to-date: /home/talae-ubantu/6558_6576/install/teleop_interfaces/share/teleop_interfaces/srv/ClearPath.idl
[2.537s] -- Up-to-date: /home/talae-ubantu/6558_6576/install/teleop_interfaces/share/teleop_interfaces/srv/Notify.idl
[2.537s] -- Up-to-date: /home/talae-ubantu/6558_6576/install/teleop_interfaces/share/teleop_interfaces/srv/MakePath.srv
[2.537s] -- Up-to-date: /home/talae-ubantu/6558_6576/install/teleop_interfaces/share/teleop_interfaces/srv/MakePath_Request.msg
[2.537s] -- Up-to-date: /home/talae-ubantu/6558_6576/install/teleop_interfaces/share/teleop_interfaces/srv/MakePath_Response.msg
[2.537s] -- Up-to-date: /home/talae-ubantu/6558_6576/install/teleop_interfaces/share/teleop_interfaces/srv/SavePath.srv
[2.538s] -- Up-to-date: /home/talae-ubantu/6558_6576/install/teleop_interfaces/share/teleop_interfaces/srv/SavePath_Request.msg
[2.538s] -- Up-to-date: /home/talae-ubantu/6558_6576/install/teleop_interfaces/share/teleop_interfaces/srv/SavePath_Response.msg
[2.538s] -- Up-to-date: /home/talae-ubantu/6558_6576/install/teleop_interfaces/share/teleop_interfaces/srv/ClearPath.srv
[2.538s] -- Up-to-date: /home/talae-ubantu/6558_6576/install/teleop_interfaces/share/teleop_interfaces/srv/ClearPath_Request.msg
[2.538s] -- Up-to-date: /home/talae-ubantu/6558_6576/install/teleop_interfaces/share/teleop_interfaces/srv/ClearPath_Response.msg
[2.539s] -- Up-to-date: /home/talae-ubantu/6558_6576/install/teleop_interfaces/share/teleop_interfaces/srv/Notify.srv
[2.539s] -- Up-to-date: /home/talae-ubantu/6558_6576/install/teleop_interfaces/share/teleop_interfaces/srv/Notify_Request.msg
[2.539s] -- Up-to-date: /home/talae-ubantu/6558_6576/install/teleop_interfaces/share/teleop_interfaces/srv/Notify_Response.msg
[2.540s] -- Up-to-date: /home/talae-ubantu/6558_6576/install/teleop_interfaces/share/ament_index/resource_index/package_run_dependencies/teleop_interfaces
[2.540s] -- Up-to-date: /home/talae-ubantu/6558_6576/install/teleop_interfaces/share/ament_index/resource_index/parent_prefix_path/teleop_interfaces
[2.540s] -- Up-to-date: /home/talae-ubantu/6558_6576/install/teleop_interfaces/share/teleop_interfaces/environment/ament_prefix_path.sh
[2.541s] -- Up-to-date: /home/talae-ubantu/6558_6576/install/teleop_interfaces/share/teleop_interfaces/environment/ament_prefix_path.dsv
[2.541s] -- Up-to-date: /home/talae-ubantu/6558_6576/install/teleop_interfaces/share/teleop_interfaces/environment/path.sh
[2.545s] -- Up-to-date: /home/talae-ubantu/6558_6576/install/teleop_interfaces/share/teleop_interfaces/environment/path.dsv
[2.546s] -- Up-to-date: /home/talae-ubantu/6558_6576/install/teleop_interfaces/share/teleop_interfaces/local_setup.bash
[2.547s] -- Up-to-date: /home/talae-ubantu/6558_6576/install/teleop_interfaces/share/teleop_interfaces/local_setup.sh
[2.547s] -- Up-to-date: /home/talae-ubantu/6558_6576/install/teleop_interfaces/share/teleop_interfaces/local_setup.zsh
[2.547s] -- Up-to-date: /home/talae-ubantu/6558_6576/install/teleop_interfaces/share/teleop_interfaces/local_setup.dsv
[2.547s] -- Installing: /home/talae-ubantu/6558_6576/install/teleop_interfaces/share/teleop_interfaces/package.dsv
[2.548s] -- Up-to-date: /home/talae-ubantu/6558_6576/install/teleop_interfaces/share/ament_index/resource_index/packages/teleop_interfaces
[2.548s] -- Up-to-date: /home/talae-ubantu/6558_6576/install/teleop_interfaces/share/teleop_interfaces/cmake/export_teleop_interfaces__rosidl_generator_cExport.cmake
[2.550s] -- Up-to-date: /home/talae-ubantu/6558_6576/install/teleop_interfaces/share/teleop_interfaces/cmake/export_teleop_interfaces__rosidl_generator_cExport-noconfig.cmake
[2.550s] -- Up-to-date: /home/talae-ubantu/6558_6576/install/teleop_interfaces/share/teleop_interfaces/cmake/export_teleop_interfaces__rosidl_typesupport_fastrtps_cExport.cmake
[2.550s] -- Up-to-date: /home/talae-ubantu/6558_6576/install/teleop_interfaces/share/teleop_interfaces/cmake/export_teleop_interfaces__rosidl_typesupport_fastrtps_cExport-noconfig.cmake
[2.550s] -- Up-to-date: /home/talae-ubantu/6558_6576/install/teleop_interfaces/share/teleop_interfaces/cmake/export_teleop_interfaces__rosidl_generator_cppExport.cmake
[2.551s] -- Up-to-date: /home/talae-ubantu/6558_6576/install/teleop_interfaces/share/teleop_interfaces/cmake/export_teleop_interfaces__rosidl_typesupport_fastrtps_cppExport.cmake
[2.551s] -- Up-to-date: /home/talae-ubantu/6558_6576/install/teleop_interfaces/share/teleop_interfaces/cmake/export_teleop_interfaces__rosidl_typesupport_fastrtps_cppExport-noconfig.cmake
[2.551s] -- Up-to-date: /home/talae-ubantu/6558_6576/install/teleop_interfaces/share/teleop_interfaces/cmake/teleop_interfaces__rosidl_typesupport_introspection_cExport.cmake
[2.552s] -- Up-to-date: /home/talae-ubantu/6558_6576/install/teleop_interfaces/share/teleop_interfaces/cmake/teleop_interfaces__rosidl_typesupport_introspection_cExport-noconfig.cmake
[2.552s] -- Up-to-date: /home/talae-ubantu/6558_6576/install/teleop_interfaces/share/teleop_interfaces/cmake/teleop_interfaces__rosidl_typesupport_cExport.cmake
[2.552s] -- Up-to-date: /home/talae-ubantu/6558_6576/install/teleop_interfaces/share/teleop_interfaces/cmake/teleop_interfaces__rosidl_typesupport_cExport-noconfig.cmake
[2.552s] -- Up-to-date: /home/talae-ubantu/6558_6576/install/teleop_interfaces/share/teleop_interfaces/cmake/teleop_interfaces__rosidl_typesupport_introspection_cppExport.cmake
[2.552s] -- Up-to-date: /home/talae-ubantu/6558_6576/install/teleop_interfaces/share/teleop_interfaces/cmake/teleop_interfaces__rosidl_typesupport_introspection_cppExport-noconfig.cmake
[2.552s] -- Up-to-date: /home/talae-ubantu/6558_6576/install/teleop_interfaces/share/teleop_interfaces/cmake/teleop_interfaces__rosidl_typesupport_cppExport.cmake
[2.553s] -- Up-to-date: /home/talae-ubantu/6558_6576/install/teleop_interfaces/share/teleop_interfaces/cmake/teleop_interfaces__rosidl_typesupport_cppExport-noconfig.cmake
[2.553s] -- Up-to-date: /home/talae-ubantu/6558_6576/install/teleop_interfaces/share/teleop_interfaces/cmake/export_teleop_interfaces__rosidl_generator_pyExport.cmake
[2.553s] -- Up-to-date: /home/talae-ubantu/6558_6576/install/teleop_interfaces/share/teleop_interfaces/cmake/export_teleop_interfaces__rosidl_generator_pyExport-noconfig.cmake
[2.553s] -- Up-to-date: /home/talae-ubantu/6558_6576/install/teleop_interfaces/share/teleop_interfaces/cmake/rosidl_cmake-extras.cmake
[2.554s] -- Up-to-date: /home/talae-ubantu/6558_6576/install/teleop_interfaces/share/teleop_interfaces/cmake/ament_cmake_export_dependencies-extras.cmake
[2.554s] -- Up-to-date: /home/talae-ubantu/6558_6576/install/teleop_interfaces/share/teleop_interfaces/cmake/ament_cmake_export_include_directories-extras.cmake
[2.554s] -- Up-to-date: /home/talae-ubantu/6558_6576/install/teleop_interfaces/share/teleop_interfaces/cmake/ament_cmake_export_libraries-extras.cmake
[2.555s] -- Up-to-date: /home/talae-ubantu/6558_6576/install/teleop_interfaces/share/teleop_interfaces/cmake/ament_cmake_export_targets-extras.cmake
[2.560s] -- Up-to-date: /home/talae-ubantu/6558_6576/install/teleop_interfaces/share/teleop_interfaces/cmake/rosidl_cmake_export_typesupport_targets-extras.cmake
[2.560s] -- Up-to-date: /home/talae-ubantu/6558_6576/install/teleop_interfaces/share/teleop_interfaces/cmake/rosidl_cmake_export_typesupport_libraries-extras.cmake
[2.560s] -- Up-to-date: /home/talae-ubantu/6558_6576/install/teleop_interfaces/share/teleop_interfaces/cmake/teleop_interfacesConfig.cmake
[2.560s] -- Up-to-date: /home/talae-ubantu/6558_6576/install/teleop_interfaces/share/teleop_interfaces/cmake/teleop_interfacesConfig-version.cmake
[2.561s] -- Up-to-date: /home/talae-ubantu/6558_6576/install/teleop_interfaces/share/teleop_interfaces/package.xml
[2.563s] Invoked command in '/home/talae-ubantu/6558_6576/build/teleop_interfaces' returned '0': CMAKE_PREFIX_PATH=${CMAKE_PREFIX_PATH}:/opt/ros/humble /usr/bin/cmake --install /home/talae-ubantu/6558_6576/build/teleop_interfaces
