[0.029s] Invoking command in '/home/talae-ubantu/6558_6576/build/funny_turtleplus': CMAKE_PREFIX_PATH=${CMAKE_PREFIX_PATH}:/opt/ros/humble /usr/bin/cmake --build /home/talae-ubantu/6558_6576/build/funny_turtleplus -- -j4 -l4
[0.134s] [  0%] Built target ament_cmake_python_copy_funny_turtleplus
[0.172s] [100%] Built target cpp_node_test
[0.665s] running egg_info
[0.666s] writing funny_turtleplus.egg-info/PKG-INFO
[0.666s] writing dependency_links to funny_turtleplus.egg-info/dependency_links.txt
[0.666s] writing top-level names to funny_turtleplus.egg-info/top_level.txt
[0.670s] reading manifest file 'funny_turtleplus.egg-info/SOURCES.txt'
[0.673s] writing manifest file 'funny_turtleplus.egg-info/SOURCES.txt'
[0.722s] [100%] Built target ament_cmake_python_build_funny_turtleplus_egg
[0.741s] Invoked command in '/home/talae-ubantu/6558_6576/build/funny_turtleplus' returned '0': CMAKE_PREFIX_PATH=${CMAKE_PREFIX_PATH}:/opt/ros/humble /usr/bin/cmake --build /home/talae-ubantu/6558_6576/build/funny_turtleplus -- -j4 -l4
[0.803s] Invoking command in '/home/talae-ubantu/6558_6576/build/funny_turtleplus': CMAKE_PREFIX_PATH=${CMAKE_PREFIX_PATH}:/opt/ros/humble /usr/bin/cmake --install /home/talae-ubantu/6558_6576/build/funny_turtleplus
[0.813s] -- Install configuration: ""
[0.814s] -- Up-to-date: /home/talae-ubantu/6558_6576/install/funny_turtleplus/share/funny_turtleplus/environment/pythonpath.sh
[0.814s] -- Up-to-date: /home/talae-ubantu/6558_6576/install/funny_turtleplus/share/funny_turtleplus/environment/pythonpath.dsv
[0.814s] -- Up-to-date: /home/talae-ubantu/6558_6576/install/funny_turtleplus/local/lib/python3.10/dist-packages/funny_turtleplus-0.0.0-py3.10.egg-info
[0.815s] -- Installing: /home/talae-ubantu/6558_6576/install/funny_turtleplus/local/lib/python3.10/dist-packages/funny_turtleplus-0.0.0-py3.10.egg-info/PKG-INFO
[0.815s] -- Installing: /home/talae-ubantu/6558_6576/install/funny_turtleplus/local/lib/python3.10/dist-packages/funny_turtleplus-0.0.0-py3.10.egg-info/top_level.txt
[0.820s] -- Installing: /home/talae-ubantu/6558_6576/install/funny_turtleplus/local/lib/python3.10/dist-packages/funny_turtleplus-0.0.0-py3.10.egg-info/SOURCES.txt
[0.820s] -- Installing: /home/talae-ubantu/6558_6576/install/funny_turtleplus/local/lib/python3.10/dist-packages/funny_turtleplus-0.0.0-py3.10.egg-info/dependency_links.txt
[0.821s] -- Up-to-date: /home/talae-ubantu/6558_6576/install/funny_turtleplus/local/lib/python3.10/dist-packages/funny_turtleplus
[0.821s] -- Up-to-date: /home/talae-ubantu/6558_6576/install/funny_turtleplus/local/lib/python3.10/dist-packages/funny_turtleplus/__init__.py
[0.821s] -- Up-to-date: /home/talae-ubantu/6558_6576/install/funny_turtleplus/local/lib/python3.10/dist-packages/funny_turtleplus/dummy_module.py
[0.877s] Listing '/home/talae-ubantu/6558_6576/install/funny_turtleplus/local/lib/python3.10/dist-packages/funny_turtleplus'...
[0.885s] -- Up-to-date: /home/talae-ubantu/6558_6576/install/funny_turtleplus/lib/funny_turtleplus/dummy_script.py
[0.885s] -- Up-to-date: /home/talae-ubantu/6558_6576/install/funny_turtleplus/lib/funny_turtleplus/teleop_key.py
[0.885s] -- Up-to-date: /home/talae-ubantu/6558_6576/install/funny_turtleplus/lib/funny_turtleplus/teleop_schedule.py
[0.885s] -- Up-to-date: /home/talae-ubantu/6558_6576/install/funny_turtleplus/lib/funny_turtleplus/controller.py
[0.885s] -- Up-to-date: /home/talae-ubantu/6558_6576/install/funny_turtleplus/lib/funny_turtleplus/copy_schedule.py
[0.886s] -- Up-to-date: /home/talae-ubantu/6558_6576/install/funny_turtleplus/lib/funny_turtleplus/cpp_node_test
[0.887s] -- Up-to-date: /home/talae-ubantu/6558_6576/install/funny_turtleplus/share/funny_turtleplus/launch
[0.887s] -- Up-to-date: /home/talae-ubantu/6558_6576/install/funny_turtleplus/share/funny_turtleplus/launch/teleop_turtle.launch.py
[0.887s] -- Up-to-date: /home/talae-ubantu/6558_6576/install/funny_turtleplus/share/ament_index/resource_index/package_run_dependencies/funny_turtleplus
[0.887s] -- Up-to-date: /home/talae-ubantu/6558_6576/install/funny_turtleplus/share/ament_index/resource_index/parent_prefix_path/funny_turtleplus
[0.887s] -- Up-to-date: /home/talae-ubantu/6558_6576/install/funny_turtleplus/share/funny_turtleplus/environment/ament_prefix_path.sh
[0.887s] -- Up-to-date: /home/talae-ubantu/6558_6576/install/funny_turtleplus/share/funny_turtleplus/environment/ament_prefix_path.dsv
[0.887s] -- Up-to-date: /home/talae-ubantu/6558_6576/install/funny_turtleplus/share/funny_turtleplus/environment/path.sh
[0.887s] -- Up-to-date: /home/talae-ubantu/6558_6576/install/funny_turtleplus/share/funny_turtleplus/environment/path.dsv
[0.888s] -- Up-to-date: /home/talae-ubantu/6558_6576/install/funny_turtleplus/share/funny_turtleplus/local_setup.bash
[0.888s] -- Up-to-date: /home/talae-ubantu/6558_6576/install/funny_turtleplus/share/funny_turtleplus/local_setup.sh
[0.889s] -- Up-to-date: /home/talae-ubantu/6558_6576/install/funny_turtleplus/share/funny_turtleplus/local_setup.zsh
[0.889s] -- Up-to-date: /home/talae-ubantu/6558_6576/install/funny_turtleplus/share/funny_turtleplus/local_setup.dsv
[0.890s] -- Installing: /home/talae-ubantu/6558_6576/install/funny_turtleplus/share/funny_turtleplus/package.dsv
[0.890s] -- Up-to-date: /home/talae-ubantu/6558_6576/install/funny_turtleplus/share/ament_index/resource_index/packages/funny_turtleplus
[0.890s] -- Up-to-date: /home/talae-ubantu/6558_6576/install/funny_turtleplus/share/funny_turtleplus/cmake/funny_turtleplusConfig.cmake
[0.890s] -- Up-to-date: /home/talae-ubantu/6558_6576/install/funny_turtleplus/share/funny_turtleplus/cmake/funny_turtleplusConfig-version.cmake
[0.890s] -- Up-to-date: /home/talae-ubantu/6558_6576/install/funny_turtleplus/share/funny_turtleplus/package.xml
[0.892s] Invoked command in '/home/talae-ubantu/6558_6576/build/funny_turtleplus' returned '0': CMAKE_PREFIX_PATH=${CMAKE_PREFIX_PATH}:/opt/ros/humble /usr/bin/cmake --install /home/talae-ubantu/6558_6576/build/funny_turtleplus
