[0.041s] Invoking command in '/home/talae-ubantu/6558_6576/build/turtlesim_plus': CMAKE_PREFIX_PATH=${CMAKE_PREFIX_PATH}:/opt/ros/humble /usr/bin/cmake --build /home/talae-ubantu/6558_6576/build/turtlesim_plus -- -j4 -l4
[0.234s] Built target ament_cmake_python_copy_turtlesim_plus
[1.300s] running egg_info
[1.303s] writing turtlesim_plus.egg-info/PKG-INFO
[1.306s] writing dependency_links to turtlesim_plus.egg-info/dependency_links.txt
[1.308s] writing top-level names to turtlesim_plus.egg-info/top_level.txt
[1.314s] reading manifest file 'turtlesim_plus.egg-info/SOURCES.txt'
[1.315s] writing manifest file 'turtlesim_plus.egg-info/SOURCES.txt'
[1.404s] Built target ament_cmake_python_build_turtlesim_plus_egg
[1.435s] Invoked command in '/home/talae-ubantu/6558_6576/build/turtlesim_plus' returned '0': CMAKE_PREFIX_PATH=${CMAKE_PREFIX_PATH}:/opt/ros/humble /usr/bin/cmake --build /home/talae-ubantu/6558_6576/build/turtlesim_plus -- -j4 -l4
[1.576s] Invoking command in '/home/talae-ubantu/6558_6576/build/turtlesim_plus': CMAKE_PREFIX_PATH=${CMAKE_PREFIX_PATH}:/opt/ros/humble /usr/bin/cmake --install /home/talae-ubantu/6558_6576/build/turtlesim_plus
[1.617s] -- Install configuration: ""
[1.617s] -- Up-to-date: /home/talae-ubantu/6558_6576/install/turtlesim_plus/share/turtlesim_plus/environment/pythonpath.sh
[1.618s] -- Up-to-date: /home/talae-ubantu/6558_6576/install/turtlesim_plus/share/turtlesim_plus/environment/pythonpath.dsv
[1.618s] -- Up-to-date: /home/talae-ubantu/6558_6576/install/turtlesim_plus/local/lib/python3.10/dist-packages/turtlesim_plus-1.0.0-py3.10.egg-info
[1.619s] -- Installing: /home/talae-ubantu/6558_6576/install/turtlesim_plus/local/lib/python3.10/dist-packages/turtlesim_plus-1.0.0-py3.10.egg-info/PKG-INFO
[1.619s] -- Installing: /home/talae-ubantu/6558_6576/install/turtlesim_plus/local/lib/python3.10/dist-packages/turtlesim_plus-1.0.0-py3.10.egg-info/top_level.txt
[1.619s] -- Installing: /home/talae-ubantu/6558_6576/install/turtlesim_plus/local/lib/python3.10/dist-packages/turtlesim_plus-1.0.0-py3.10.egg-info/SOURCES.txt
[1.619s] -- Installing: /home/talae-ubantu/6558_6576/install/turtlesim_plus/local/lib/python3.10/dist-packages/turtlesim_plus-1.0.0-py3.10.egg-info/dependency_links.txt
[1.620s] -- Up-to-date: /home/talae-ubantu/6558_6576/install/turtlesim_plus/local/lib/python3.10/dist-packages/turtlesim_plus
[1.620s] -- Up-to-date: /home/talae-ubantu/6558_6576/install/turtlesim_plus/local/lib/python3.10/dist-packages/turtlesim_plus/__init__.py
[1.621s] -- Up-to-date: /home/talae-ubantu/6558_6576/install/turtlesim_plus/local/lib/python3.10/dist-packages/turtlesim_plus/image
[1.621s] -- Up-to-date: /home/talae-ubantu/6558_6576/install/turtlesim_plus/local/lib/python3.10/dist-packages/turtlesim_plus/image/object
[1.621s] -- Up-to-date: /home/talae-ubantu/6558_6576/install/turtlesim_plus/local/lib/python3.10/dist-packages/turtlesim_plus/image/object/pizza.png
[1.621s] -- Up-to-date: /home/talae-ubantu/6558_6576/install/turtlesim_plus/local/lib/python3.10/dist-packages/turtlesim_plus/image/object/parcel.png
[1.621s] -- Up-to-date: /home/talae-ubantu/6558_6576/install/turtlesim_plus/local/lib/python3.10/dist-packages/turtlesim_plus/image/map
[1.621s] -- Up-to-date: /home/talae-ubantu/6558_6576/install/turtlesim_plus/local/lib/python3.10/dist-packages/turtlesim_plus/image/map/map.png
[1.624s] -- Up-to-date: /home/talae-ubantu/6558_6576/install/turtlesim_plus/local/lib/python3.10/dist-packages/turtlesim_plus/image/turtle
[1.625s] -- Up-to-date: /home/talae-ubantu/6558_6576/install/turtlesim_plus/local/lib/python3.10/dist-packages/turtlesim_plus/image/turtle/bouncy.png
[1.630s] -- Up-to-date: /home/talae-ubantu/6558_6576/install/turtlesim_plus/local/lib/python3.10/dist-packages/turtlesim_plus/image/turtle/foxy.png
[1.631s] -- Up-to-date: /home/talae-ubantu/6558_6576/install/turtlesim_plus/local/lib/python3.10/dist-packages/turtlesim_plus/image/turtle/humble.png
[1.631s] -- Up-to-date: /home/talae-ubantu/6558_6576/install/turtlesim_plus/local/lib/python3.10/dist-packages/turtlesim_plus/image/turtle/galactic.png
[1.632s] -- Up-to-date: /home/talae-ubantu/6558_6576/install/turtlesim_plus/local/lib/python3.10/dist-packages/turtlesim_plus/image/turtle/dashing.png
[1.632s] -- Up-to-date: /home/talae-ubantu/6558_6576/install/turtlesim_plus/local/lib/python3.10/dist-packages/turtlesim_plus/image/turtle/ardent.png
[1.632s] -- Up-to-date: /home/talae-ubantu/6558_6576/install/turtlesim_plus/local/lib/python3.10/dist-packages/turtlesim_plus/image/turtle/rolling.png
[1.632s] -- Up-to-date: /home/talae-ubantu/6558_6576/install/turtlesim_plus/local/lib/python3.10/dist-packages/turtlesim_plus/image/turtle/crystal.png
[1.632s] -- Up-to-date: /home/talae-ubantu/6558_6576/install/turtlesim_plus/local/lib/python3.10/dist-packages/turtlesim_plus/image/turtle/otto.png
[1.632s] -- Up-to-date: /home/talae-ubantu/6558_6576/install/turtlesim_plus/local/lib/python3.10/dist-packages/turtlesim_plus/image/turtle/eloquent.png
[1.632s] -- Up-to-date: /home/talae-ubantu/6558_6576/install/turtlesim_plus/local/lib/python3.10/dist-packages/turtlesim_plus/ros2_plugins.py
[1.633s] -- Up-to-date: /home/talae-ubantu/6558_6576/install/turtlesim_plus/local/lib/python3.10/dist-packages/turtlesim_plus/entity.py
[1.780s] Listing '/home/talae-ubantu/6558_6576/install/turtlesim_plus/local/lib/python3.10/dist-packages/turtlesim_plus'...
[1.780s] Listing '/home/talae-ubantu/6558_6576/install/turtlesim_plus/local/lib/python3.10/dist-packages/turtlesim_plus/image'...
[1.780s] Listing '/home/talae-ubantu/6558_6576/install/turtlesim_plus/local/lib/python3.10/dist-packages/turtlesim_plus/image/map'...
[1.780s] Listing '/home/talae-ubantu/6558_6576/install/turtlesim_plus/local/lib/python3.10/dist-packages/turtlesim_plus/image/object'...
[1.781s] Listing '/home/talae-ubantu/6558_6576/install/turtlesim_plus/local/lib/python3.10/dist-packages/turtlesim_plus/image/turtle'...
[1.797s] -- Up-to-date: /home/talae-ubantu/6558_6576/install/turtlesim_plus/lib/turtlesim_plus/turtlesim_plus_node.py
[1.797s] -- Up-to-date: /home/talae-ubantu/6558_6576/install/turtlesim_plus/lib/turtlesim_plus/pizza_on_click.py
[1.797s] -- Up-to-date: /home/talae-ubantu/6558_6576/install/turtlesim_plus/share/turtlesim_plus
[1.797s] -- Up-to-date: /home/talae-ubantu/6558_6576/install/turtlesim_plus/share/ament_index/resource_index/package_run_dependencies/turtlesim_plus
[1.797s] -- Up-to-date: /home/talae-ubantu/6558_6576/install/turtlesim_plus/share/ament_index/resource_index/parent_prefix_path/turtlesim_plus
[1.798s] -- Up-to-date: /home/talae-ubantu/6558_6576/install/turtlesim_plus/share/turtlesim_plus/environment/ament_prefix_path.sh
[1.798s] -- Up-to-date: /home/talae-ubantu/6558_6576/install/turtlesim_plus/share/turtlesim_plus/environment/ament_prefix_path.dsv
[1.798s] -- Up-to-date: /home/talae-ubantu/6558_6576/install/turtlesim_plus/share/turtlesim_plus/environment/path.sh
[1.798s] -- Up-to-date: /home/talae-ubantu/6558_6576/install/turtlesim_plus/share/turtlesim_plus/environment/path.dsv
[1.798s] -- Up-to-date: /home/talae-ubantu/6558_6576/install/turtlesim_plus/share/turtlesim_plus/local_setup.bash
[1.798s] -- Up-to-date: /home/talae-ubantu/6558_6576/install/turtlesim_plus/share/turtlesim_plus/local_setup.sh
[1.798s] -- Up-to-date: /home/talae-ubantu/6558_6576/install/turtlesim_plus/share/turtlesim_plus/local_setup.zsh
[1.798s] -- Up-to-date: /home/talae-ubantu/6558_6576/install/turtlesim_plus/share/turtlesim_plus/local_setup.dsv
[1.799s] -- Installing: /home/talae-ubantu/6558_6576/install/turtlesim_plus/share/turtlesim_plus/package.dsv
[1.799s] -- Up-to-date: /home/talae-ubantu/6558_6576/install/turtlesim_plus/share/ament_index/resource_index/packages/turtlesim_plus
[1.803s] -- Up-to-date: /home/talae-ubantu/6558_6576/install/turtlesim_plus/share/turtlesim_plus/cmake/turtlesim_plusConfig.cmake
[1.808s] -- Up-to-date: /home/talae-ubantu/6558_6576/install/turtlesim_plus/share/turtlesim_plus/cmake/turtlesim_plusConfig-version.cmake
[1.809s] -- Up-to-date: /home/talae-ubantu/6558_6576/install/turtlesim_plus/share/turtlesim_plus/package.xml
[1.809s] Invoked command in '/home/talae-ubantu/6558_6576/build/turtlesim_plus' returned '0': CMAKE_PREFIX_PATH=${CMAKE_PREFIX_PATH}:/opt/ros/humble /usr/bin/cmake --install /home/talae-ubantu/6558_6576/build/turtlesim_plus
