[0.183s] DEBUG:colcon:Command line arguments: ['/usr/bin/colcon', 'list', '-p', '--base-paths', '/home/charlottexiii/6558_6576']
[0.183s] DEBUG:colcon:Parsed command line arguments: Namespace(log_base=None, log_level=None, verb_name='list', build_base='build', ignore_user_meta=False, metas=['./colcon.meta'], base_paths=['/home/charlottexiii/6558_6576'], packages_ignore=None, packages_ignore_regex=None, paths=None, packages_up_to=None, packages_up_to_regex=None, packages_above=None, packages_above_and_dependencies=None, packages_above_depth=None, packages_select_by_dep=None, packages_skip_by_dep=None, packages_skip_up_to=None, packages_select_build_failed=False, packages_skip_build_finished=False, packages_select_test_failures=False, packages_skip_test_passed=False, packages_select=None, packages_skip=None, packages_select_regex=None, packages_skip_regex=None, packages_start=None, packages_end=None, allow_overriding=[], topological_order=False, names_only=False, paths_only=True, topological_graph=False, topological_graph_dot=False, topological_graph_density=False, topological_graph_legend=False, topological_graph_dot_cluster=False, topological_graph_dot_include_skipped=False, mixin_files=None, mixin=None, verb_parser=<colcon_mixin.mixin.mixin_argument.MixinArgumentDecorator object at 0x760d44b61ab0>, verb_extension=<colcon_package_information.verb.list.ListVerb object at 0x760d44b609d0>, main=<bound method ListVerb.main of <colcon_package_information.verb.list.ListVerb object at 0x760d44b609d0>>, mixin_verb=('list',))
[0.495s] Level 1:colcon.colcon_core.package_discovery:discover_packages(colcon_meta) check parameters
[0.496s] Level 1:colcon.colcon_core.package_discovery:discover_packages(recursive) check parameters
[0.496s] Level 1:colcon.colcon_core.package_discovery:discover_packages(ignore) check parameters
[0.497s] Level 1:colcon.colcon_core.package_discovery:discover_packages(path) check parameters
[0.497s] Level 1:colcon.colcon_core.package_discovery:discover_packages(recursive) discover
[0.497s] INFO:colcon.colcon_core.package_discovery:Crawling recursively for packages in '/home/charlottexiii/6558_6576'
[0.498s] Level 1:colcon.colcon_core.package_identification:_identify(/home/charlottexiii/6558_6576) by extensions ['ignore', 'ignore_ament_install']
[0.498s] Level 1:colcon.colcon_core.package_identification:_identify(/home/charlottexiii/6558_6576) by extension 'ignore'
[0.498s] Level 1:colcon.colcon_core.package_identification:_identify(/home/charlottexiii/6558_6576) by extension 'ignore_ament_install'
[0.498s] Level 1:colcon.colcon_core.package_identification:_identify(/home/charlottexiii/6558_6576) by extensions ['colcon_pkg']
[0.499s] Level 1:colcon.colcon_core.package_identification:_identify(/home/charlottexiii/6558_6576) by extension 'colcon_pkg'
[0.499s] Level 1:colcon.colcon_core.package_identification:_identify(/home/charlottexiii/6558_6576) by extensions ['colcon_meta']
[0.499s] Level 1:colcon.colcon_core.package_identification:_identify(/home/charlottexiii/6558_6576) by extension 'colcon_meta'
[0.499s] Level 1:colcon.colcon_core.package_identification:_identify(/home/charlottexiii/6558_6576) by extensions ['ros']
[0.499s] Level 1:colcon.colcon_core.package_identification:_identify(/home/charlottexiii/6558_6576) by extension 'ros'
[0.532s] Level 1:colcon.colcon_core.package_identification:_identify(/home/charlottexiii/6558_6576) by extensions ['cmake', 'python']
[0.533s] Level 1:colcon.colcon_core.package_identification:_identify(/home/charlottexiii/6558_6576) by extension 'cmake'
[0.533s] Level 1:colcon.colcon_core.package_identification:_identify(/home/charlottexiii/6558_6576) by extension 'python'
[0.533s] Level 1:colcon.colcon_core.package_identification:_identify(/home/charlottexiii/6558_6576) by extensions ['python_setup_py']
[0.533s] Level 1:colcon.colcon_core.package_identification:_identify(/home/charlottexiii/6558_6576) by extension 'python_setup_py'
[0.534s] Level 1:colcon.colcon_core.package_identification:_identify(/home/charlottexiii/6558_6576/build) by extensions ['ignore', 'ignore_ament_install']
[0.535s] Level 1:colcon.colcon_core.package_identification:_identify(/home/charlottexiii/6558_6576/build) by extension 'ignore'
[0.535s] Level 1:colcon.colcon_core.package_identification:_identify(/home/charlottexiii/6558_6576/build) ignored
[0.535s] Level 1:colcon.colcon_core.package_identification:_identify(/home/charlottexiii/6558_6576/install) by extensions ['ignore', 'ignore_ament_install']
[0.536s] Level 1:colcon.colcon_core.package_identification:_identify(/home/charlottexiii/6558_6576/install) by extension 'ignore'
[0.536s] Level 1:colcon.colcon_core.package_identification:_identify(/home/charlottexiii/6558_6576/install) ignored
[0.536s] Level 1:colcon.colcon_core.package_identification:_identify(/home/charlottexiii/6558_6576/log) by extensions ['ignore', 'ignore_ament_install']
[0.537s] Level 1:colcon.colcon_core.package_identification:_identify(/home/charlottexiii/6558_6576/log) by extension 'ignore'
[0.537s] Level 1:colcon.colcon_core.package_identification:_identify(/home/charlottexiii/6558_6576/log) ignored
[0.537s] Level 1:colcon.colcon_core.package_identification:_identify(/home/charlottexiii/6558_6576/src) by extensions ['ignore', 'ignore_ament_install']
[0.537s] Level 1:colcon.colcon_core.package_identification:_identify(/home/charlottexiii/6558_6576/src) by extension 'ignore'
[0.537s] Level 1:colcon.colcon_core.package_identification:_identify(/home/charlottexiii/6558_6576/src) by extension 'ignore_ament_install'
[0.537s] Level 1:colcon.colcon_core.package_identification:_identify(/home/charlottexiii/6558_6576/src) by extensions ['colcon_pkg']
[0.538s] Level 1:colcon.colcon_core.package_identification:_identify(/home/charlottexiii/6558_6576/src) by extension 'colcon_pkg'
[0.538s] Level 1:colcon.colcon_core.package_identification:_identify(/home/charlottexiii/6558_6576/src) by extensions ['colcon_meta']
[0.538s] Level 1:colcon.colcon_core.package_identification:_identify(/home/charlottexiii/6558_6576/src) by extension 'colcon_meta'
[0.538s] Level 1:colcon.colcon_core.package_identification:_identify(/home/charlottexiii/6558_6576/src) by extensions ['ros']
[0.538s] Level 1:colcon.colcon_core.package_identification:_identify(/home/charlottexiii/6558_6576/src) by extension 'ros'
[0.538s] Level 1:colcon.colcon_core.package_identification:_identify(/home/charlottexiii/6558_6576/src) by extensions ['cmake', 'python']
[0.538s] Level 1:colcon.colcon_core.package_identification:_identify(/home/charlottexiii/6558_6576/src) by extension 'cmake'
[0.538s] Level 1:colcon.colcon_core.package_identification:_identify(/home/charlottexiii/6558_6576/src) by extension 'python'
[0.538s] Level 1:colcon.colcon_core.package_identification:_identify(/home/charlottexiii/6558_6576/src) by extensions ['python_setup_py']
[0.538s] Level 1:colcon.colcon_core.package_identification:_identify(/home/charlottexiii/6558_6576/src) by extension 'python_setup_py'
[0.538s] Level 1:colcon.colcon_core.package_identification:_identify(/home/charlottexiii/6558_6576/src/funny_turtleplus) by extensions ['ignore', 'ignore_ament_install']
[0.538s] Level 1:colcon.colcon_core.package_identification:_identify(/home/charlottexiii/6558_6576/src/funny_turtleplus) by extension 'ignore'
[0.539s] Level 1:colcon.colcon_core.package_identification:_identify(/home/charlottexiii/6558_6576/src/funny_turtleplus) by extension 'ignore_ament_install'
[0.539s] Level 1:colcon.colcon_core.package_identification:_identify(/home/charlottexiii/6558_6576/src/funny_turtleplus) by extensions ['colcon_pkg']
[0.539s] Level 1:colcon.colcon_core.package_identification:_identify(/home/charlottexiii/6558_6576/src/funny_turtleplus) by extension 'colcon_pkg'
[0.539s] Level 1:colcon.colcon_core.package_identification:_identify(/home/charlottexiii/6558_6576/src/funny_turtleplus) by extensions ['colcon_meta']
[0.539s] Level 1:colcon.colcon_core.package_identification:_identify(/home/charlottexiii/6558_6576/src/funny_turtleplus) by extension 'colcon_meta'
[0.539s] Level 1:colcon.colcon_core.package_identification:_identify(/home/charlottexiii/6558_6576/src/funny_turtleplus) by extensions ['ros']
[0.539s] Level 1:colcon.colcon_core.package_identification:_identify(/home/charlottexiii/6558_6576/src/funny_turtleplus) by extension 'ros'
[0.551s] DEBUG:colcon.colcon_core.package_identification:Package '/home/charlottexiii/6558_6576/src/funny_turtleplus' with type 'ros.ament_cmake' and name 'funny_turtleplus'
[0.552s] Level 1:colcon.colcon_core.package_identification:_identify(/home/charlottexiii/6558_6576/src/teleop_interfaces) by extensions ['ignore', 'ignore_ament_install']
[0.553s] Level 1:colcon.colcon_core.package_identification:_identify(/home/charlottexiii/6558_6576/src/teleop_interfaces) by extension 'ignore'
[0.553s] Level 1:colcon.colcon_core.package_identification:_identify(/home/charlottexiii/6558_6576/src/teleop_interfaces) by extension 'ignore_ament_install'
[0.553s] Level 1:colcon.colcon_core.package_identification:_identify(/home/charlottexiii/6558_6576/src/teleop_interfaces) by extensions ['colcon_pkg']
[0.553s] Level 1:colcon.colcon_core.package_identification:_identify(/home/charlottexiii/6558_6576/src/teleop_interfaces) by extension 'colcon_pkg'
[0.553s] Level 1:colcon.colcon_core.package_identification:_identify(/home/charlottexiii/6558_6576/src/teleop_interfaces) by extensions ['colcon_meta']
[0.553s] Level 1:colcon.colcon_core.package_identification:_identify(/home/charlottexiii/6558_6576/src/teleop_interfaces) by extension 'colcon_meta'
[0.553s] Level 1:colcon.colcon_core.package_identification:_identify(/home/charlottexiii/6558_6576/src/teleop_interfaces) by extensions ['ros']
[0.553s] Level 1:colcon.colcon_core.package_identification:_identify(/home/charlottexiii/6558_6576/src/teleop_interfaces) by extension 'ros'
[0.556s] DEBUG:colcon.colcon_core.package_identification:Package '/home/charlottexiii/6558_6576/src/teleop_interfaces' with type 'ros.ament_cmake' and name 'teleop_interfaces'
[0.556s] Level 1:colcon.colcon_core.package_discovery:discover_packages(recursive) using defaults
