[0.043s] Invoking command in '/home/talae-ubantu/6558_6576/build/turtlesim_plus': CMAKE_PREFIX_PATH=${CMAKE_PREFIX_PATH}:/opt/ros/humble /usr/bin/cmake --build /home/talae-ubantu/6558_6576/build/turtlesim_plus -- -j4 -l4
[0.189s] Built target ament_cmake_python_copy_turtlesim_plus
[1.014s] running egg_info
[1.015s] writing turtlesim_plus.egg-info/PKG-INFO
[1.016s] writing dependency_links to turtlesim_plus.egg-info/dependency_links.txt
[1.016s] writing top-level names to turtlesim_plus.egg-info/top_level.txt
[1.022s] reading manifest file 'turtlesim_plus.egg-info/SOURCES.txt'
[1.024s] writing manifest file 'turtlesim_plus.egg-info/SOURCES.txt'
[1.082s] Built target ament_cmake_python_build_turtlesim_plus_egg
[1.106s] Invoked command in '/home/talae-ubantu/6558_6576/build/turtlesim_plus' returned '0': CMAKE_PREFIX_PATH=${CMAKE_PREFIX_PATH}:/opt/ros/humble /usr/bin/cmake --build /home/talae-ubantu/6558_6576/build/turtlesim_plus -- -j4 -l4
[1.153s] Invoking command in '/home/talae-ubantu/6558_6576/build/turtlesim_plus': CMAKE_PREFIX_PATH=${CMAKE_PREFIX_PATH}:/opt/ros/humble /usr/bin/cmake --install /home/talae-ubantu/6558_6576/build/turtlesim_plus
[1.171s] -- Install configuration: ""
[1.172s] -- Up-to-date: /home/talae-ubantu/6558_6576/install/turtlesim_plus/share/turtlesim_plus/environment/pythonpath.sh
[1.172s] -- Up-to-date: /home/talae-ubantu/6558_6576/install/turtlesim_plus/share/turtlesim_plus/environment/pythonpath.dsv
[1.176s] -- Up-to-date: /home/talae-ubantu/6558_6576/install/turtlesim_plus/local/lib/python3.10/dist-packages/turtlesim_plus-1.0.0-py3.10.egg-info
[1.176s] -- Installing: /home/talae-ubantu/6558_6576/install/turtlesim_plus/local/lib/python3.10/dist-packages/turtlesim_plus-1.0.0-py3.10.egg-info/PKG-INFO
[1.176s] -- Installing: /home/talae-ubantu/6558_6576/install/turtlesim_plus/local/lib/python3.10/dist-packages/turtlesim_plus-1.0.0-py3.10.egg-info/top_level.txt
[1.177s] -- Installing: /home/talae-ubantu/6558_6576/install/turtlesim_plus/local/lib/python3.10/dist-packages/turtlesim_plus-1.0.0-py3.10.egg-info/SOURCES.txt
[1.177s] -- Installing: /home/talae-ubantu/6558_6576/install/turtlesim_plus/local/lib/python3.10/dist-packages/turtlesim_plus-1.0.0-py3.10.egg-info/dependency_links.txt
[1.178s] -- Up-to-date: /home/talae-ubantu/6558_6576/install/turtlesim_plus/local/lib/python3.10/dist-packages/turtlesim_plus
[1.178s] -- Up-to-date: /home/talae-ubantu/6558_6576/install/turtlesim_plus/local/lib/python3.10/dist-packages/turtlesim_plus/__init__.py
[1.178s] -- Up-to-date: /home/talae-ubantu/6558_6576/install/turtlesim_plus/local/lib/python3.10/dist-packages/turtlesim_plus/image
[1.178s] -- Up-to-date: /home/talae-ubantu/6558_6576/install/turtlesim_plus/local/lib/python3.10/dist-packages/turtlesim_plus/image/object
[1.179s] -- Up-to-date: /home/talae-ubantu/6558_6576/install/turtlesim_plus/local/lib/python3.10/dist-packages/turtlesim_plus/image/object/pizza.png
[1.179s] -- Up-to-date: /home/talae-ubantu/6558_6576/install/turtlesim_plus/local/lib/python3.10/dist-packages/turtlesim_plus/image/object/parcel.png
[1.179s] -- Up-to-date: /home/talae-ubantu/6558_6576/install/turtlesim_plus/local/lib/python3.10/dist-packages/turtlesim_plus/image/map
[1.179s] -- Up-to-date: /home/talae-ubantu/6558_6576/install/turtlesim_plus/local/lib/python3.10/dist-packages/turtlesim_plus/image/map/map.png
[1.180s] -- Up-to-date: /home/talae-ubantu/6558_6576/install/turtlesim_plus/local/lib/python3.10/dist-packages/turtlesim_plus/image/turtle
[1.180s] -- Up-to-date: /home/talae-ubantu/6558_6576/install/turtlesim_plus/local/lib/python3.10/dist-packages/turtlesim_plus/image/turtle/bouncy.png
[1.180s] -- Up-to-date: /home/talae-ubantu/6558_6576/install/turtlesim_plus/local/lib/python3.10/dist-packages/turtlesim_plus/image/turtle/foxy.png
[1.181s] -- Up-to-date: /home/talae-ubantu/6558_6576/install/turtlesim_plus/local/lib/python3.10/dist-packages/turtlesim_plus/image/turtle/humble.png
[1.181s] -- Up-to-date: /home/talae-ubantu/6558_6576/install/turtlesim_plus/local/lib/python3.10/dist-packages/turtlesim_plus/image/turtle/galactic.png
[1.181s] -- Up-to-date: /home/talae-ubantu/6558_6576/install/turtlesim_plus/local/lib/python3.10/dist-packages/turtlesim_plus/image/turtle/dashing.png
[1.181s] -- Up-to-date: /home/talae-ubantu/6558_6576/install/turtlesim_plus/local/lib/python3.10/dist-packages/turtlesim_plus/image/turtle/ardent.png
[1.182s] -- Up-to-date: /home/talae-ubantu/6558_6576/install/turtlesim_plus/local/lib/python3.10/dist-packages/turtlesim_plus/image/turtle/rolling.png
[1.182s] -- Up-to-date: /home/talae-ubantu/6558_6576/install/turtlesim_plus/local/lib/python3.10/dist-packages/turtlesim_plus/image/turtle/crystal.png
[1.182s] -- Up-to-date: /home/talae-ubantu/6558_6576/install/turtlesim_plus/local/lib/python3.10/dist-packages/turtlesim_plus/image/turtle/otto.png
[1.182s] -- Up-to-date: /home/talae-ubantu/6558_6576/install/turtlesim_plus/local/lib/python3.10/dist-packages/turtlesim_plus/image/turtle/eloquent.png
[1.183s] -- Up-to-date: /home/talae-ubantu/6558_6576/install/turtlesim_plus/local/lib/python3.10/dist-packages/turtlesim_plus/ros2_plugins.py
[1.183s] -- Up-to-date: /home/talae-ubantu/6558_6576/install/turtlesim_plus/local/lib/python3.10/dist-packages/turtlesim_plus/entity.py
[1.257s] Listing '/home/talae-ubantu/6558_6576/install/turtlesim_plus/local/lib/python3.10/dist-packages/turtlesim_plus'...
[1.258s] Listing '/home/talae-ubantu/6558_6576/install/turtlesim_plus/local/lib/python3.10/dist-packages/turtlesim_plus/image'...
[1.258s] Listing '/home/talae-ubantu/6558_6576/install/turtlesim_plus/local/lib/python3.10/dist-packages/turtlesim_plus/image/map'...
[1.258s] Listing '/home/talae-ubantu/6558_6576/install/turtlesim_plus/local/lib/python3.10/dist-packages/turtlesim_plus/image/object'...
[1.259s] Listing '/home/talae-ubantu/6558_6576/install/turtlesim_plus/local/lib/python3.10/dist-packages/turtlesim_plus/image/turtle'...
[1.267s] -- Up-to-date: /home/talae-ubantu/6558_6576/install/turtlesim_plus/lib/turtlesim_plus/turtlesim_plus_node.py
[1.268s] -- Up-to-date: /home/talae-ubantu/6558_6576/install/turtlesim_plus/lib/turtlesim_plus/pizza_on_click.py
[1.268s] -- Up-to-date: /home/talae-ubantu/6558_6576/install/turtlesim_plus/share/turtlesim_plus
[1.269s] -- Up-to-date: /home/talae-ubantu/6558_6576/install/turtlesim_plus/share/ament_index/resource_index/package_run_dependencies/turtlesim_plus
[1.269s] -- Up-to-date: /home/talae-ubantu/6558_6576/install/turtlesim_plus/share/ament_index/resource_index/parent_prefix_path/turtlesim_plus
[1.269s] -- Up-to-date: /home/talae-ubantu/6558_6576/install/turtlesim_plus/share/turtlesim_plus/environment/ament_prefix_path.sh
[1.270s] -- Up-to-date: /home/talae-ubantu/6558_6576/install/turtlesim_plus/share/turtlesim_plus/environment/ament_prefix_path.dsv
[1.270s] -- Up-to-date: /home/talae-ubantu/6558_6576/install/turtlesim_plus/share/turtlesim_plus/environment/path.sh
[1.271s] -- Up-to-date: /home/talae-ubantu/6558_6576/install/turtlesim_plus/share/turtlesim_plus/environment/path.dsv
[1.272s] -- Up-to-date: /home/talae-ubantu/6558_6576/install/turtlesim_plus/share/turtlesim_plus/local_setup.bash
[1.272s] -- Up-to-date: /home/talae-ubantu/6558_6576/install/turtlesim_plus/share/turtlesim_plus/local_setup.sh
[1.272s] -- Up-to-date: /home/talae-ubantu/6558_6576/install/turtlesim_plus/share/turtlesim_plus/local_setup.zsh
[1.273s] -- Up-to-date: /home/talae-ubantu/6558_6576/install/turtlesim_plus/share/turtlesim_plus/local_setup.dsv
[1.273s] -- Installing: /home/talae-ubantu/6558_6576/install/turtlesim_plus/share/turtlesim_plus/package.dsv
[1.275s] -- Up-to-date: /home/talae-ubantu/6558_6576/install/turtlesim_plus/share/ament_index/resource_index/packages/turtlesim_plus
[1.275s] -- Up-to-date: /home/talae-ubantu/6558_6576/install/turtlesim_plus/share/turtlesim_plus/cmake/turtlesim_plusConfig.cmake
[1.275s] -- Up-to-date: /home/talae-ubantu/6558_6576/install/turtlesim_plus/share/turtlesim_plus/cmake/turtlesim_plusConfig-version.cmake
[1.276s] -- Up-to-date: /home/talae-ubantu/6558_6576/install/turtlesim_plus/share/turtlesim_plus/package.xml
[1.281s] Invoked command in '/home/talae-ubantu/6558_6576/build/turtlesim_plus' returned '0': CMAKE_PREFIX_PATH=${CMAKE_PREFIX_PATH}:/opt/ros/humble /usr/bin/cmake --install /home/talae-ubantu/6558_6576/build/turtlesim_plus
