[0.067s] Invoking command in '/home/talae-ubantu/6558_6576/build/turtlesim_plus_interfaces': CMAKE_PREFIX_PATH=${CMAKE_PREFIX_PATH}:/opt/ros/humble /usr/bin/cmake --build /home/talae-ubantu/6558_6576/build/turtlesim_plus_interfaces -- -j4 -l4
[0.228s] [  1%] Built target turtlesim_plus_interfaces__cpp
[0.302s] [  1%] Built target ament_cmake_python_copy_turtlesim_plus_interfaces
[0.381s] [ 12%] Built target turtlesim_plus_interfaces__rosidl_typesupport_fastrtps_cpp
[0.444s] [ 23%] Built target turtlesim_plus_interfaces__rosidl_typesupport_introspection_cpp
[1.188s] running egg_info
[1.189s] writing turtlesim_plus_interfaces.egg-info/PKG-INFO
[1.189s] writing dependency_links to turtlesim_plus_interfaces.egg-info/dependency_links.txt
[1.189s] writing top-level names to turtlesim_plus_interfaces.egg-info/top_level.txt
[1.197s] reading manifest file 'turtlesim_plus_interfaces.egg-info/SOURCES.txt'
[1.199s] writing manifest file 'turtlesim_plus_interfaces.egg-info/SOURCES.txt'
[1.300s] [ 23%] Built target ament_cmake_python_build_turtlesim_plus_interfaces_egg
[1.376s] [ 34%] Built target turtlesim_plus_interfaces__rosidl_typesupport_cpp
[1.442s] [ 45%] Built target turtlesim_plus_interfaces__rosidl_generator_c
[1.504s] [ 56%] Built target turtlesim_plus_interfaces__rosidl_typesupport_fastrtps_c
[1.565s] [ 67%] Built target turtlesim_plus_interfaces__rosidl_typesupport_c
[1.620s] [ 78%] Built target turtlesim_plus_interfaces__rosidl_typesupport_introspection_c
[1.668s] [ 78%] Built target turtlesim_plus_interfaces
[1.714s] [ 80%] Built target turtlesim_plus_interfaces__py
[1.776s] [ 89%] Built target turtlesim_plus_interfaces__rosidl_generator_py
[1.814s] [ 92%] Built target turtlesim_plus_interfaces__rosidl_typesupport_fastrtps_c__pyext
[1.855s] [ 96%] Built target turtlesim_plus_interfaces__rosidl_typesupport_c__pyext
[1.895s] [100%] Built target turtlesim_plus_interfaces__rosidl_typesupport_introspection_c__pyext
[1.915s] Invoked command in '/home/talae-ubantu/6558_6576/build/turtlesim_plus_interfaces' returned '0': CMAKE_PREFIX_PATH=${CMAKE_PREFIX_PATH}:/opt/ros/humble /usr/bin/cmake --build /home/talae-ubantu/6558_6576/build/turtlesim_plus_interfaces -- -j4 -l4
[2.136s] Invoking command in '/home/talae-ubantu/6558_6576/build/turtlesim_plus_interfaces': CMAKE_PREFIX_PATH=${CMAKE_PREFIX_PATH}:/opt/ros/humble /usr/bin/cmake --install /home/talae-ubantu/6558_6576/build/turtlesim_plus_interfaces
[2.153s] -- Install configuration: ""
[2.154s] -- Up-to-date: /home/talae-ubantu/6558_6576/install/turtlesim_plus_interfaces/share/ament_index/resource_index/rosidl_interfaces/turtlesim_plus_interfaces
[2.155s] -- Up-to-date: /home/talae-ubantu/6558_6576/install/turtlesim_plus_interfaces/include/turtlesim_plus_interfaces/turtlesim_plus_interfaces
[2.155s] -- Up-to-date: /home/talae-ubantu/6558_6576/install/turtlesim_plus_interfaces/include/turtlesim_plus_interfaces/turtlesim_plus_interfaces/action
[2.155s] -- Up-to-date: /home/talae-ubantu/6558_6576/install/turtlesim_plus_interfaces/include/turtlesim_plus_interfaces/turtlesim_plus_interfaces/action/detail
[2.158s] -- Up-to-date: /home/talae-ubantu/6558_6576/install/turtlesim_plus_interfaces/include/turtlesim_plus_interfaces/turtlesim_plus_interfaces/action/detail/get_data__functions.h
[2.158s] -- Up-to-date: /home/talae-ubantu/6558_6576/install/turtlesim_plus_interfaces/include/turtlesim_plus_interfaces/turtlesim_plus_interfaces/action/detail/get_data__struct.h
[2.160s] -- Up-to-date: /home/talae-ubantu/6558_6576/install/turtlesim_plus_interfaces/include/turtlesim_plus_interfaces/turtlesim_plus_interfaces/action/detail/get_data__type_support.h
[2.161s] -- Up-to-date: /home/talae-ubantu/6558_6576/install/turtlesim_plus_interfaces/include/turtlesim_plus_interfaces/turtlesim_plus_interfaces/action/detail/get_data__functions.c
[2.161s] -- Up-to-date: /home/talae-ubantu/6558_6576/install/turtlesim_plus_interfaces/include/turtlesim_plus_interfaces/turtlesim_plus_interfaces/action/get_data.h
[2.163s] -- Up-to-date: /home/talae-ubantu/6558_6576/install/turtlesim_plus_interfaces/include/turtlesim_plus_interfaces/turtlesim_plus_interfaces/srv
[2.164s] -- Up-to-date: /home/talae-ubantu/6558_6576/install/turtlesim_plus_interfaces/include/turtlesim_plus_interfaces/turtlesim_plus_interfaces/srv/detail
[2.164s] -- Up-to-date: /home/talae-ubantu/6558_6576/install/turtlesim_plus_interfaces/include/turtlesim_plus_interfaces/turtlesim_plus_interfaces/srv/detail/give_position__functions.h
[2.164s] -- Up-to-date: /home/talae-ubantu/6558_6576/install/turtlesim_plus_interfaces/include/turtlesim_plus_interfaces/turtlesim_plus_interfaces/srv/detail/give_position__type_support.h
[2.164s] -- Up-to-date: /home/talae-ubantu/6558_6576/install/turtlesim_plus_interfaces/include/turtlesim_plus_interfaces/turtlesim_plus_interfaces/srv/detail/give_position__functions.c
[2.164s] -- Up-to-date: /home/talae-ubantu/6558_6576/install/turtlesim_plus_interfaces/include/turtlesim_plus_interfaces/turtlesim_plus_interfaces/srv/detail/give_position__struct.h
[2.165s] -- Up-to-date: /home/talae-ubantu/6558_6576/install/turtlesim_plus_interfaces/include/turtlesim_plus_interfaces/turtlesim_plus_interfaces/srv/give_position.h
[2.165s] -- Up-to-date: /home/talae-ubantu/6558_6576/install/turtlesim_plus_interfaces/include/turtlesim_plus_interfaces/turtlesim_plus_interfaces/msg
[2.165s] -- Up-to-date: /home/talae-ubantu/6558_6576/install/turtlesim_plus_interfaces/include/turtlesim_plus_interfaces/turtlesim_plus_interfaces/msg/rosidl_generator_c__visibility_control.h
[2.165s] -- Up-to-date: /home/talae-ubantu/6558_6576/install/turtlesim_plus_interfaces/include/turtlesim_plus_interfaces/turtlesim_plus_interfaces/msg/scanner_data_array.h
[2.165s] -- Up-to-date: /home/talae-ubantu/6558_6576/install/turtlesim_plus_interfaces/include/turtlesim_plus_interfaces/turtlesim_plus_interfaces/msg/detail
[2.165s] -- Up-to-date: /home/talae-ubantu/6558_6576/install/turtlesim_plus_interfaces/include/turtlesim_plus_interfaces/turtlesim_plus_interfaces/msg/detail/scanner_data__type_support.h
[2.166s] -- Up-to-date: /home/talae-ubantu/6558_6576/install/turtlesim_plus_interfaces/include/turtlesim_plus_interfaces/turtlesim_plus_interfaces/msg/detail/scanner_data_array__struct.h
[2.166s] -- Up-to-date: /home/talae-ubantu/6558_6576/install/turtlesim_plus_interfaces/include/turtlesim_plus_interfaces/turtlesim_plus_interfaces/msg/detail/scanner_data_array__type_support.h
[2.166s] -- Up-to-date: /home/talae-ubantu/6558_6576/install/turtlesim_plus_interfaces/include/turtlesim_plus_interfaces/turtlesim_plus_interfaces/msg/detail/scanner_data__functions.h
[2.166s] -- Up-to-date: /home/talae-ubantu/6558_6576/install/turtlesim_plus_interfaces/include/turtlesim_plus_interfaces/turtlesim_plus_interfaces/msg/detail/scanner_data_array__functions.c
[2.166s] -- Up-to-date: /home/talae-ubantu/6558_6576/install/turtlesim_plus_interfaces/include/turtlesim_plus_interfaces/turtlesim_plus_interfaces/msg/detail/scanner_data__struct.h
[2.167s] -- Up-to-date: /home/talae-ubantu/6558_6576/install/turtlesim_plus_interfaces/include/turtlesim_plus_interfaces/turtlesim_plus_interfaces/msg/detail/scanner_data__functions.c
[2.167s] -- Up-to-date: /home/talae-ubantu/6558_6576/install/turtlesim_plus_interfaces/include/turtlesim_plus_interfaces/turtlesim_plus_interfaces/msg/detail/scanner_data_array__functions.h
[2.167s] -- Up-to-date: /home/talae-ubantu/6558_6576/install/turtlesim_plus_interfaces/include/turtlesim_plus_interfaces/turtlesim_plus_interfaces/msg/scanner_data.h
[2.167s] -- Up-to-date: /home/talae-ubantu/6558_6576/install/turtlesim_plus_interfaces/share/turtlesim_plus_interfaces/environment/library_path.sh
[2.169s] -- Up-to-date: /home/talae-ubantu/6558_6576/install/turtlesim_plus_interfaces/share/turtlesim_plus_interfaces/environment/library_path.dsv
[2.169s] -- Up-to-date: /home/talae-ubantu/6558_6576/install/turtlesim_plus_interfaces/lib/libturtlesim_plus_interfaces__rosidl_generator_c.so
[2.169s] -- Up-to-date: /home/talae-ubantu/6558_6576/install/turtlesim_plus_interfaces/include/turtlesim_plus_interfaces/turtlesim_plus_interfaces
[2.169s] -- Up-to-date: /home/talae-ubantu/6558_6576/install/turtlesim_plus_interfaces/include/turtlesim_plus_interfaces/turtlesim_plus_interfaces/action
[2.169s] -- Up-to-date: /home/talae-ubantu/6558_6576/install/turtlesim_plus_interfaces/include/turtlesim_plus_interfaces/turtlesim_plus_interfaces/action/detail
[2.170s] -- Up-to-date: /home/talae-ubantu/6558_6576/install/turtlesim_plus_interfaces/include/turtlesim_plus_interfaces/turtlesim_plus_interfaces/action/detail/get_data__rosidl_typesupport_fastrtps_c.h
[2.170s] -- Up-to-date: /home/talae-ubantu/6558_6576/install/turtlesim_plus_interfaces/include/turtlesim_plus_interfaces/turtlesim_plus_interfaces/srv
[2.170s] -- Up-to-date: /home/talae-ubantu/6558_6576/install/turtlesim_plus_interfaces/include/turtlesim_plus_interfaces/turtlesim_plus_interfaces/srv/detail
[2.170s] -- Up-to-date: /home/talae-ubantu/6558_6576/install/turtlesim_plus_interfaces/include/turtlesim_plus_interfaces/turtlesim_plus_interfaces/srv/detail/give_position__rosidl_typesupport_fastrtps_c.h
[2.170s] -- Up-to-date: /home/talae-ubantu/6558_6576/install/turtlesim_plus_interfaces/include/turtlesim_plus_interfaces/turtlesim_plus_interfaces/msg
[2.170s] -- Up-to-date: /home/talae-ubantu/6558_6576/install/turtlesim_plus_interfaces/include/turtlesim_plus_interfaces/turtlesim_plus_interfaces/msg/rosidl_typesupport_fastrtps_c__visibility_control.h
[2.170s] -- Up-to-date: /home/talae-ubantu/6558_6576/install/turtlesim_plus_interfaces/include/turtlesim_plus_interfaces/turtlesim_plus_interfaces/msg/detail
[2.170s] -- Up-to-date: /home/talae-ubantu/6558_6576/install/turtlesim_plus_interfaces/include/turtlesim_plus_interfaces/turtlesim_plus_interfaces/msg/detail/scanner_data__rosidl_typesupport_fastrtps_c.h
[2.170s] -- Up-to-date: /home/talae-ubantu/6558_6576/install/turtlesim_plus_interfaces/include/turtlesim_plus_interfaces/turtlesim_plus_interfaces/msg/detail/scanner_data_array__rosidl_typesupport_fastrtps_c.h
[2.171s] -- Up-to-date: /home/talae-ubantu/6558_6576/install/turtlesim_plus_interfaces/lib/libturtlesim_plus_interfaces__rosidl_typesupport_fastrtps_c.so
[2.171s] -- Up-to-date: /home/talae-ubantu/6558_6576/install/turtlesim_plus_interfaces/include/turtlesim_plus_interfaces/turtlesim_plus_interfaces
[2.171s] -- Up-to-date: /home/talae-ubantu/6558_6576/install/turtlesim_plus_interfaces/include/turtlesim_plus_interfaces/turtlesim_plus_interfaces/action
[2.172s] -- Up-to-date: /home/talae-ubantu/6558_6576/install/turtlesim_plus_interfaces/include/turtlesim_plus_interfaces/turtlesim_plus_interfaces/action/detail
[2.172s] -- Up-to-date: /home/talae-ubantu/6558_6576/install/turtlesim_plus_interfaces/include/turtlesim_plus_interfaces/turtlesim_plus_interfaces/action/detail/get_data__type_support.c
[2.173s] -- Up-to-date: /home/talae-ubantu/6558_6576/install/turtlesim_plus_interfaces/include/turtlesim_plus_interfaces/turtlesim_plus_interfaces/action/detail/get_data__rosidl_typesupport_introspection_c.h
[2.173s] -- Up-to-date: /home/talae-ubantu/6558_6576/install/turtlesim_plus_interfaces/include/turtlesim_plus_interfaces/turtlesim_plus_interfaces/srv
[2.173s] -- Up-to-date: /home/talae-ubantu/6558_6576/install/turtlesim_plus_interfaces/include/turtlesim_plus_interfaces/turtlesim_plus_interfaces/srv/detail
[2.173s] -- Up-to-date: /home/talae-ubantu/6558_6576/install/turtlesim_plus_interfaces/include/turtlesim_plus_interfaces/turtlesim_plus_interfaces/srv/detail/give_position__rosidl_typesupport_introspection_c.h
[2.174s] -- Up-to-date: /home/talae-ubantu/6558_6576/install/turtlesim_plus_interfaces/include/turtlesim_plus_interfaces/turtlesim_plus_interfaces/srv/detail/give_position__type_support.c
[2.175s] -- Up-to-date: /home/talae-ubantu/6558_6576/install/turtlesim_plus_interfaces/include/turtlesim_plus_interfaces/turtlesim_plus_interfaces/msg
[2.175s] -- Up-to-date: /home/talae-ubantu/6558_6576/install/turtlesim_plus_interfaces/include/turtlesim_plus_interfaces/turtlesim_plus_interfaces/msg/rosidl_typesupport_introspection_c__visibility_control.h
[2.175s] -- Up-to-date: /home/talae-ubantu/6558_6576/install/turtlesim_plus_interfaces/include/turtlesim_plus_interfaces/turtlesim_plus_interfaces/msg/detail
[2.175s] -- Up-to-date: /home/talae-ubantu/6558_6576/install/turtlesim_plus_interfaces/include/turtlesim_plus_interfaces/turtlesim_plus_interfaces/msg/detail/scanner_data_array__type_support.c
[2.176s] -- Up-to-date: /home/talae-ubantu/6558_6576/install/turtlesim_plus_interfaces/include/turtlesim_plus_interfaces/turtlesim_plus_interfaces/msg/detail/scanner_data__rosidl_typesupport_introspection_c.h
[2.176s] -- Up-to-date: /home/talae-ubantu/6558_6576/install/turtlesim_plus_interfaces/include/turtlesim_plus_interfaces/turtlesim_plus_interfaces/msg/detail/scanner_data_array__rosidl_typesupport_introspection_c.h
[2.176s] -- Up-to-date: /home/talae-ubantu/6558_6576/install/turtlesim_plus_interfaces/include/turtlesim_plus_interfaces/turtlesim_plus_interfaces/msg/detail/scanner_data__type_support.c
[2.176s] -- Up-to-date: /home/talae-ubantu/6558_6576/install/turtlesim_plus_interfaces/lib/libturtlesim_plus_interfaces__rosidl_typesupport_introspection_c.so
[2.176s] -- Up-to-date: /home/talae-ubantu/6558_6576/install/turtlesim_plus_interfaces/lib/libturtlesim_plus_interfaces__rosidl_typesupport_c.so
[2.176s] -- Up-to-date: /home/talae-ubantu/6558_6576/install/turtlesim_plus_interfaces/include/turtlesim_plus_interfaces/turtlesim_plus_interfaces
[2.177s] -- Up-to-date: /home/talae-ubantu/6558_6576/install/turtlesim_plus_interfaces/include/turtlesim_plus_interfaces/turtlesim_plus_interfaces/action
[2.177s] -- Up-to-date: /home/talae-ubantu/6558_6576/install/turtlesim_plus_interfaces/include/turtlesim_plus_interfaces/turtlesim_plus_interfaces/action/get_data.hpp
[2.177s] -- Up-to-date: /home/talae-ubantu/6558_6576/install/turtlesim_plus_interfaces/include/turtlesim_plus_interfaces/turtlesim_plus_interfaces/action/detail
[2.177s] -- Up-to-date: /home/talae-ubantu/6558_6576/install/turtlesim_plus_interfaces/include/turtlesim_plus_interfaces/turtlesim_plus_interfaces/action/detail/get_data__traits.hpp
[2.177s] -- Up-to-date: /home/talae-ubantu/6558_6576/install/turtlesim_plus_interfaces/include/turtlesim_plus_interfaces/turtlesim_plus_interfaces/action/detail/get_data__builder.hpp
[2.177s] -- Up-to-date: /home/talae-ubantu/6558_6576/install/turtlesim_plus_interfaces/include/turtlesim_plus_interfaces/turtlesim_plus_interfaces/action/detail/get_data__struct.hpp
[2.177s] -- Up-to-date: /home/talae-ubantu/6558_6576/install/turtlesim_plus_interfaces/include/turtlesim_plus_interfaces/turtlesim_plus_interfaces/srv
[2.178s] -- Up-to-date: /home/talae-ubantu/6558_6576/install/turtlesim_plus_interfaces/include/turtlesim_plus_interfaces/turtlesim_plus_interfaces/srv/detail
[2.178s] -- Up-to-date: /home/talae-ubantu/6558_6576/install/turtlesim_plus_interfaces/include/turtlesim_plus_interfaces/turtlesim_plus_interfaces/srv/detail/give_position__traits.hpp
[2.178s] -- Up-to-date: /home/talae-ubantu/6558_6576/install/turtlesim_plus_interfaces/include/turtlesim_plus_interfaces/turtlesim_plus_interfaces/srv/detail/give_position__struct.hpp
[2.178s] -- Up-to-date: /home/talae-ubantu/6558_6576/install/turtlesim_plus_interfaces/include/turtlesim_plus_interfaces/turtlesim_plus_interfaces/srv/detail/give_position__builder.hpp
[2.178s] -- Up-to-date: /home/talae-ubantu/6558_6576/install/turtlesim_plus_interfaces/include/turtlesim_plus_interfaces/turtlesim_plus_interfaces/srv/give_position.hpp
[2.178s] -- Up-to-date: /home/talae-ubantu/6558_6576/install/turtlesim_plus_interfaces/include/turtlesim_plus_interfaces/turtlesim_plus_interfaces/msg
[2.178s] -- Up-to-date: /home/talae-ubantu/6558_6576/install/turtlesim_plus_interfaces/include/turtlesim_plus_interfaces/turtlesim_plus_interfaces/msg/scanner_data.hpp
[2.179s] -- Up-to-date: /home/talae-ubantu/6558_6576/install/turtlesim_plus_interfaces/include/turtlesim_plus_interfaces/turtlesim_plus_interfaces/msg/scanner_data_array.hpp
[2.179s] -- Up-to-date: /home/talae-ubantu/6558_6576/install/turtlesim_plus_interfaces/include/turtlesim_plus_interfaces/turtlesim_plus_interfaces/msg/detail
[2.179s] -- Up-to-date: /home/talae-ubantu/6558_6576/install/turtlesim_plus_interfaces/include/turtlesim_plus_interfaces/turtlesim_plus_interfaces/msg/detail/scanner_data__struct.hpp
[2.179s] -- Up-to-date: /home/talae-ubantu/6558_6576/install/turtlesim_plus_interfaces/include/turtlesim_plus_interfaces/turtlesim_plus_interfaces/msg/detail/scanner_data__builder.hpp
[2.180s] -- Up-to-date: /home/talae-ubantu/6558_6576/install/turtlesim_plus_interfaces/include/turtlesim_plus_interfaces/turtlesim_plus_interfaces/msg/detail/scanner_data_array__builder.hpp
[2.180s] -- Up-to-date: /home/talae-ubantu/6558_6576/install/turtlesim_plus_interfaces/include/turtlesim_plus_interfaces/turtlesim_plus_interfaces/msg/detail/scanner_data_array__struct.hpp
[2.180s] -- Up-to-date: /home/talae-ubantu/6558_6576/install/turtlesim_plus_interfaces/include/turtlesim_plus_interfaces/turtlesim_plus_interfaces/msg/detail/scanner_data_array__traits.hpp
[2.180s] -- Up-to-date: /home/talae-ubantu/6558_6576/install/turtlesim_plus_interfaces/include/turtlesim_plus_interfaces/turtlesim_plus_interfaces/msg/detail/scanner_data__traits.hpp
[2.180s] -- Up-to-date: /home/talae-ubantu/6558_6576/install/turtlesim_plus_interfaces/include/turtlesim_plus_interfaces/turtlesim_plus_interfaces
[2.180s] -- Up-to-date: /home/talae-ubantu/6558_6576/install/turtlesim_plus_interfaces/include/turtlesim_plus_interfaces/turtlesim_plus_interfaces/action
[2.180s] -- Up-to-date: /home/talae-ubantu/6558_6576/install/turtlesim_plus_interfaces/include/turtlesim_plus_interfaces/turtlesim_plus_interfaces/action/detail
[2.180s] -- Up-to-date: /home/talae-ubantu/6558_6576/install/turtlesim_plus_interfaces/include/turtlesim_plus_interfaces/turtlesim_plus_interfaces/action/detail/get_data__rosidl_typesupport_fastrtps_cpp.hpp
[2.180s] -- Up-to-date: /home/talae-ubantu/6558_6576/install/turtlesim_plus_interfaces/include/turtlesim_plus_interfaces/turtlesim_plus_interfaces/action/detail/dds_fastrtps
[2.181s] -- Up-to-date: /home/talae-ubantu/6558_6576/install/turtlesim_plus_interfaces/include/turtlesim_plus_interfaces/turtlesim_plus_interfaces/srv
[2.181s] -- Up-to-date: /home/talae-ubantu/6558_6576/install/turtlesim_plus_interfaces/include/turtlesim_plus_interfaces/turtlesim_plus_interfaces/srv/detail
[2.181s] -- Up-to-date: /home/talae-ubantu/6558_6576/install/turtlesim_plus_interfaces/include/turtlesim_plus_interfaces/turtlesim_plus_interfaces/srv/detail/give_position__rosidl_typesupport_fastrtps_cpp.hpp
[2.181s] -- Up-to-date: /home/talae-ubantu/6558_6576/install/turtlesim_plus_interfaces/include/turtlesim_plus_interfaces/turtlesim_plus_interfaces/srv/detail/dds_fastrtps
[2.181s] -- Up-to-date: /home/talae-ubantu/6558_6576/install/turtlesim_plus_interfaces/include/turtlesim_plus_interfaces/turtlesim_plus_interfaces/msg
[2.181s] -- Up-to-date: /home/talae-ubantu/6558_6576/install/turtlesim_plus_interfaces/include/turtlesim_plus_interfaces/turtlesim_plus_interfaces/msg/detail
[2.181s] -- Up-to-date: /home/talae-ubantu/6558_6576/install/turtlesim_plus_interfaces/include/turtlesim_plus_interfaces/turtlesim_plus_interfaces/msg/detail/scanner_data_array__rosidl_typesupport_fastrtps_cpp.hpp
[2.181s] -- Up-to-date: /home/talae-ubantu/6558_6576/install/turtlesim_plus_interfaces/include/turtlesim_plus_interfaces/turtlesim_plus_interfaces/msg/detail/dds_fastrtps
[2.181s] -- Up-to-date: /home/talae-ubantu/6558_6576/install/turtlesim_plus_interfaces/include/turtlesim_plus_interfaces/turtlesim_plus_interfaces/msg/detail/scanner_data__rosidl_typesupport_fastrtps_cpp.hpp
[2.181s] -- Up-to-date: /home/talae-ubantu/6558_6576/install/turtlesim_plus_interfaces/include/turtlesim_plus_interfaces/turtlesim_plus_interfaces/msg/rosidl_typesupport_fastrtps_cpp__visibility_control.h
[2.182s] -- Up-to-date: /home/talae-ubantu/6558_6576/install/turtlesim_plus_interfaces/lib/libturtlesim_plus_interfaces__rosidl_typesupport_fastrtps_cpp.so
[2.182s] -- Up-to-date: /home/talae-ubantu/6558_6576/install/turtlesim_plus_interfaces/include/turtlesim_plus_interfaces/turtlesim_plus_interfaces
[2.182s] -- Up-to-date: /home/talae-ubantu/6558_6576/install/turtlesim_plus_interfaces/include/turtlesim_plus_interfaces/turtlesim_plus_interfaces/action
[2.182s] -- Up-to-date: /home/talae-ubantu/6558_6576/install/turtlesim_plus_interfaces/include/turtlesim_plus_interfaces/turtlesim_plus_interfaces/action/detail
[2.182s] -- Up-to-date: /home/talae-ubantu/6558_6576/install/turtlesim_plus_interfaces/include/turtlesim_plus_interfaces/turtlesim_plus_interfaces/action/detail/get_data__type_support.cpp
[2.182s] -- Up-to-date: /home/talae-ubantu/6558_6576/install/turtlesim_plus_interfaces/include/turtlesim_plus_interfaces/turtlesim_plus_interfaces/action/detail/get_data__rosidl_typesupport_introspection_cpp.hpp
[2.182s] -- Up-to-date: /home/talae-ubantu/6558_6576/install/turtlesim_plus_interfaces/include/turtlesim_plus_interfaces/turtlesim_plus_interfaces/srv
[2.182s] -- Up-to-date: /home/talae-ubantu/6558_6576/install/turtlesim_plus_interfaces/include/turtlesim_plus_interfaces/turtlesim_plus_interfaces/srv/detail
[2.183s] -- Up-to-date: /home/talae-ubantu/6558_6576/install/turtlesim_plus_interfaces/include/turtlesim_plus_interfaces/turtlesim_plus_interfaces/srv/detail/give_position__rosidl_typesupport_introspection_cpp.hpp
[2.183s] -- Up-to-date: /home/talae-ubantu/6558_6576/install/turtlesim_plus_interfaces/include/turtlesim_plus_interfaces/turtlesim_plus_interfaces/srv/detail/give_position__type_support.cpp
[2.183s] -- Up-to-date: /home/talae-ubantu/6558_6576/install/turtlesim_plus_interfaces/include/turtlesim_plus_interfaces/turtlesim_plus_interfaces/msg
[2.183s] -- Up-to-date: /home/talae-ubantu/6558_6576/install/turtlesim_plus_interfaces/include/turtlesim_plus_interfaces/turtlesim_plus_interfaces/msg/detail
[2.183s] -- Up-to-date: /home/talae-ubantu/6558_6576/install/turtlesim_plus_interfaces/include/turtlesim_plus_interfaces/turtlesim_plus_interfaces/msg/detail/scanner_data_array__rosidl_typesupport_introspection_cpp.hpp
[2.183s] -- Up-to-date: /home/talae-ubantu/6558_6576/install/turtlesim_plus_interfaces/include/turtlesim_plus_interfaces/turtlesim_plus_interfaces/msg/detail/scanner_data__rosidl_typesupport_introspection_cpp.hpp
[2.183s] -- Up-to-date: /home/talae-ubantu/6558_6576/install/turtlesim_plus_interfaces/include/turtlesim_plus_interfaces/turtlesim_plus_interfaces/msg/detail/scanner_data_array__type_support.cpp
[2.183s] -- Up-to-date: /home/talae-ubantu/6558_6576/install/turtlesim_plus_interfaces/include/turtlesim_plus_interfaces/turtlesim_plus_interfaces/msg/detail/scanner_data__type_support.cpp
[2.183s] -- Up-to-date: /home/talae-ubantu/6558_6576/install/turtlesim_plus_interfaces/lib/libturtlesim_plus_interfaces__rosidl_typesupport_introspection_cpp.so
[2.183s] -- Up-to-date: /home/talae-ubantu/6558_6576/install/turtlesim_plus_interfaces/lib/libturtlesim_plus_interfaces__rosidl_typesupport_cpp.so
[2.183s] -- Up-to-date: /home/talae-ubantu/6558_6576/install/turtlesim_plus_interfaces/share/turtlesim_plus_interfaces/environment/pythonpath.sh
[2.184s] -- Up-to-date: /home/talae-ubantu/6558_6576/install/turtlesim_plus_interfaces/share/turtlesim_plus_interfaces/environment/pythonpath.dsv
[2.184s] -- Up-to-date: /home/talae-ubantu/6558_6576/install/turtlesim_plus_interfaces/local/lib/python3.10/dist-packages/turtlesim_plus_interfaces-0.0.0-py3.10.egg-info
[2.184s] -- Installing: /home/talae-ubantu/6558_6576/install/turtlesim_plus_interfaces/local/lib/python3.10/dist-packages/turtlesim_plus_interfaces-0.0.0-py3.10.egg-info/PKG-INFO
[2.184s] -- Installing: /home/talae-ubantu/6558_6576/install/turtlesim_plus_interfaces/local/lib/python3.10/dist-packages/turtlesim_plus_interfaces-0.0.0-py3.10.egg-info/top_level.txt
[2.184s] -- Installing: /home/talae-ubantu/6558_6576/install/turtlesim_plus_interfaces/local/lib/python3.10/dist-packages/turtlesim_plus_interfaces-0.0.0-py3.10.egg-info/SOURCES.txt
[2.184s] -- Installing: /home/talae-ubantu/6558_6576/install/turtlesim_plus_interfaces/local/lib/python3.10/dist-packages/turtlesim_plus_interfaces-0.0.0-py3.10.egg-info/dependency_links.txt
[2.184s] -- Up-to-date: /home/talae-ubantu/6558_6576/install/turtlesim_plus_interfaces/local/lib/python3.10/dist-packages/turtlesim_plus_interfaces
[2.184s] -- Up-to-date: /home/talae-ubantu/6558_6576/install/turtlesim_plus_interfaces/local/lib/python3.10/dist-packages/turtlesim_plus_interfaces/__init__.py
[2.184s] -- Up-to-date: /home/talae-ubantu/6558_6576/install/turtlesim_plus_interfaces/local/lib/python3.10/dist-packages/turtlesim_plus_interfaces/turtlesim_plus_interfaces_s__rosidl_typesupport_introspection_c.cpython-310-x86_64-linux-gnu.so
[2.184s] -- Up-to-date: /home/talae-ubantu/6558_6576/install/turtlesim_plus_interfaces/local/lib/python3.10/dist-packages/turtlesim_plus_interfaces/turtlesim_plus_interfaces_s__rosidl_typesupport_fastrtps_c.cpython-310-x86_64-linux-gnu.so
[2.185s] -- Up-to-date: /home/talae-ubantu/6558_6576/install/turtlesim_plus_interfaces/local/lib/python3.10/dist-packages/turtlesim_plus_interfaces/action
[2.185s] -- Up-to-date: /home/talae-ubantu/6558_6576/install/turtlesim_plus_interfaces/local/lib/python3.10/dist-packages/turtlesim_plus_interfaces/action/__init__.py
[2.185s] -- Up-to-date: /home/talae-ubantu/6558_6576/install/turtlesim_plus_interfaces/local/lib/python3.10/dist-packages/turtlesim_plus_interfaces/action/_get_data.py
[2.185s] -- Up-to-date: /home/talae-ubantu/6558_6576/install/turtlesim_plus_interfaces/local/lib/python3.10/dist-packages/turtlesim_plus_interfaces/action/_get_data_s.c
[2.185s] -- Up-to-date: /home/talae-ubantu/6558_6576/install/turtlesim_plus_interfaces/local/lib/python3.10/dist-packages/turtlesim_plus_interfaces/_turtlesim_plus_interfaces_s.ep.rosidl_typesupport_fastrtps_c.c
[2.185s] -- Up-to-date: /home/talae-ubantu/6558_6576/install/turtlesim_plus_interfaces/local/lib/python3.10/dist-packages/turtlesim_plus_interfaces/turtlesim_plus_interfaces_s__rosidl_typesupport_c.cpython-310-x86_64-linux-gnu.so
[2.185s] -- Up-to-date: /home/talae-ubantu/6558_6576/install/turtlesim_plus_interfaces/local/lib/python3.10/dist-packages/turtlesim_plus_interfaces/libturtlesim_plus_interfaces__rosidl_generator_py.so
[2.185s] -- Up-to-date: /home/talae-ubantu/6558_6576/install/turtlesim_plus_interfaces/local/lib/python3.10/dist-packages/turtlesim_plus_interfaces/_turtlesim_plus_interfaces_s.ep.rosidl_typesupport_c.c
[2.186s] -- Up-to-date: /home/talae-ubantu/6558_6576/install/turtlesim_plus_interfaces/local/lib/python3.10/dist-packages/turtlesim_plus_interfaces/srv
[2.186s] -- Up-to-date: /home/talae-ubantu/6558_6576/install/turtlesim_plus_interfaces/local/lib/python3.10/dist-packages/turtlesim_plus_interfaces/srv/__init__.py
[2.186s] -- Up-to-date: /home/talae-ubantu/6558_6576/install/turtlesim_plus_interfaces/local/lib/python3.10/dist-packages/turtlesim_plus_interfaces/srv/_give_position_s.c
[2.186s] -- Up-to-date: /home/talae-ubantu/6558_6576/install/turtlesim_plus_interfaces/local/lib/python3.10/dist-packages/turtlesim_plus_interfaces/srv/_give_position.py
[2.186s] -- Up-to-date: /home/talae-ubantu/6558_6576/install/turtlesim_plus_interfaces/local/lib/python3.10/dist-packages/turtlesim_plus_interfaces/_turtlesim_plus_interfaces_s.ep.rosidl_typesupport_introspection_c.c
[2.186s] -- Up-to-date: /home/talae-ubantu/6558_6576/install/turtlesim_plus_interfaces/local/lib/python3.10/dist-packages/turtlesim_plus_interfaces/msg
[2.186s] -- Up-to-date: /home/talae-ubantu/6558_6576/install/turtlesim_plus_interfaces/local/lib/python3.10/dist-packages/turtlesim_plus_interfaces/msg/__init__.py
[2.187s] -- Up-to-date: /home/talae-ubantu/6558_6576/install/turtlesim_plus_interfaces/local/lib/python3.10/dist-packages/turtlesim_plus_interfaces/msg/_scanner_data.py
[2.187s] -- Up-to-date: /home/talae-ubantu/6558_6576/install/turtlesim_plus_interfaces/local/lib/python3.10/dist-packages/turtlesim_plus_interfaces/msg/_scanner_data_array_s.c
[2.189s] -- Up-to-date: /home/talae-ubantu/6558_6576/install/turtlesim_plus_interfaces/local/lib/python3.10/dist-packages/turtlesim_plus_interfaces/msg/_scanner_data_array.py
[2.189s] -- Up-to-date: /home/talae-ubantu/6558_6576/install/turtlesim_plus_interfaces/local/lib/python3.10/dist-packages/turtlesim_plus_interfaces/msg/_scanner_data_s.c
[2.253s] Listing '/home/talae-ubantu/6558_6576/install/turtlesim_plus_interfaces/local/lib/python3.10/dist-packages/turtlesim_plus_interfaces'...
[2.253s] Listing '/home/talae-ubantu/6558_6576/install/turtlesim_plus_interfaces/local/lib/python3.10/dist-packages/turtlesim_plus_interfaces/action'...
[2.254s] Listing '/home/talae-ubantu/6558_6576/install/turtlesim_plus_interfaces/local/lib/python3.10/dist-packages/turtlesim_plus_interfaces/msg'...
[2.254s] Listing '/home/talae-ubantu/6558_6576/install/turtlesim_plus_interfaces/local/lib/python3.10/dist-packages/turtlesim_plus_interfaces/srv'...
[2.282s] -- Up-to-date: /home/talae-ubantu/6558_6576/install/turtlesim_plus_interfaces/local/lib/python3.10/dist-packages/turtlesim_plus_interfaces/turtlesim_plus_interfaces_s__rosidl_typesupport_fastrtps_c.cpython-310-x86_64-linux-gnu.so
[2.282s] -- Up-to-date: /home/talae-ubantu/6558_6576/install/turtlesim_plus_interfaces/local/lib/python3.10/dist-packages/turtlesim_plus_interfaces/turtlesim_plus_interfaces_s__rosidl_typesupport_introspection_c.cpython-310-x86_64-linux-gnu.so
[2.283s] -- Up-to-date: /home/talae-ubantu/6558_6576/install/turtlesim_plus_interfaces/local/lib/python3.10/dist-packages/turtlesim_plus_interfaces/turtlesim_plus_interfaces_s__rosidl_typesupport_c.cpython-310-x86_64-linux-gnu.so
[2.283s] -- Up-to-date: /home/talae-ubantu/6558_6576/install/turtlesim_plus_interfaces/lib/libturtlesim_plus_interfaces__rosidl_generator_py.so
[2.283s] -- Up-to-date: /home/talae-ubantu/6558_6576/install/turtlesim_plus_interfaces/share/turtlesim_plus_interfaces/msg/ScannerData.idl
[2.283s] -- Up-to-date: /home/talae-ubantu/6558_6576/install/turtlesim_plus_interfaces/share/turtlesim_plus_interfaces/msg/ScannerDataArray.idl
[2.283s] -- Up-to-date: /home/talae-ubantu/6558_6576/install/turtlesim_plus_interfaces/share/turtlesim_plus_interfaces/srv/GivePosition.idl
[2.283s] -- Up-to-date: /home/talae-ubantu/6558_6576/install/turtlesim_plus_interfaces/share/turtlesim_plus_interfaces/action/GetData.idl
[2.283s] -- Up-to-date: /home/talae-ubantu/6558_6576/install/turtlesim_plus_interfaces/share/turtlesim_plus_interfaces/msg/ScannerData.msg
[2.284s] -- Up-to-date: /home/talae-ubantu/6558_6576/install/turtlesim_plus_interfaces/share/turtlesim_plus_interfaces/msg/ScannerDataArray.msg
[2.284s] -- Up-to-date: /home/talae-ubantu/6558_6576/install/turtlesim_plus_interfaces/share/turtlesim_plus_interfaces/srv/GivePosition.srv
[2.284s] -- Up-to-date: /home/talae-ubantu/6558_6576/install/turtlesim_plus_interfaces/share/turtlesim_plus_interfaces/srv/GivePosition_Request.msg
[2.284s] -- Up-to-date: /home/talae-ubantu/6558_6576/install/turtlesim_plus_interfaces/share/turtlesim_plus_interfaces/srv/GivePosition_Response.msg
[2.284s] -- Up-to-date: /home/talae-ubantu/6558_6576/install/turtlesim_plus_interfaces/share/turtlesim_plus_interfaces/action/GetData.action
[2.284s] -- Up-to-date: /home/talae-ubantu/6558_6576/install/turtlesim_plus_interfaces/share/ament_index/resource_index/package_run_dependencies/turtlesim_plus_interfaces
[2.285s] -- Up-to-date: /home/talae-ubantu/6558_6576/install/turtlesim_plus_interfaces/share/ament_index/resource_index/parent_prefix_path/turtlesim_plus_interfaces
[2.285s] -- Up-to-date: /home/talae-ubantu/6558_6576/install/turtlesim_plus_interfaces/share/turtlesim_plus_interfaces/environment/ament_prefix_path.sh
[2.285s] -- Up-to-date: /home/talae-ubantu/6558_6576/install/turtlesim_plus_interfaces/share/turtlesim_plus_interfaces/environment/ament_prefix_path.dsv
[2.285s] -- Up-to-date: /home/talae-ubantu/6558_6576/install/turtlesim_plus_interfaces/share/turtlesim_plus_interfaces/environment/path.sh
[2.285s] -- Up-to-date: /home/talae-ubantu/6558_6576/install/turtlesim_plus_interfaces/share/turtlesim_plus_interfaces/environment/path.dsv
[2.285s] -- Up-to-date: /home/talae-ubantu/6558_6576/install/turtlesim_plus_interfaces/share/turtlesim_plus_interfaces/local_setup.bash
[2.285s] -- Up-to-date: /home/talae-ubantu/6558_6576/install/turtlesim_plus_interfaces/share/turtlesim_plus_interfaces/local_setup.sh
[2.285s] -- Up-to-date: /home/talae-ubantu/6558_6576/install/turtlesim_plus_interfaces/share/turtlesim_plus_interfaces/local_setup.zsh
[2.286s] -- Up-to-date: /home/talae-ubantu/6558_6576/install/turtlesim_plus_interfaces/share/turtlesim_plus_interfaces/local_setup.dsv
[2.286s] -- Installing: /home/talae-ubantu/6558_6576/install/turtlesim_plus_interfaces/share/turtlesim_plus_interfaces/package.dsv
[2.286s] -- Up-to-date: /home/talae-ubantu/6558_6576/install/turtlesim_plus_interfaces/share/ament_index/resource_index/packages/turtlesim_plus_interfaces
[2.286s] -- Up-to-date: /home/talae-ubantu/6558_6576/install/turtlesim_plus_interfaces/share/turtlesim_plus_interfaces/cmake/export_turtlesim_plus_interfaces__rosidl_generator_cExport.cmake
[2.287s] -- Up-to-date: /home/talae-ubantu/6558_6576/install/turtlesim_plus_interfaces/share/turtlesim_plus_interfaces/cmake/export_turtlesim_plus_interfaces__rosidl_generator_cExport-noconfig.cmake
[2.288s] -- Up-to-date: /home/talae-ubantu/6558_6576/install/turtlesim_plus_interfaces/share/turtlesim_plus_interfaces/cmake/export_turtlesim_plus_interfaces__rosidl_typesupport_fastrtps_cExport.cmake
[2.291s] -- Up-to-date: /home/talae-ubantu/6558_6576/install/turtlesim_plus_interfaces/share/turtlesim_plus_interfaces/cmake/export_turtlesim_plus_interfaces__rosidl_typesupport_fastrtps_cExport-noconfig.cmake
[2.292s] -- Up-to-date: /home/talae-ubantu/6558_6576/install/turtlesim_plus_interfaces/share/turtlesim_plus_interfaces/cmake/turtlesim_plus_interfaces__rosidl_typesupport_introspection_cExport.cmake
[2.293s] -- Up-to-date: /home/talae-ubantu/6558_6576/install/turtlesim_plus_interfaces/share/turtlesim_plus_interfaces/cmake/turtlesim_plus_interfaces__rosidl_typesupport_introspection_cExport-noconfig.cmake
[2.294s] -- Up-to-date: /home/talae-ubantu/6558_6576/install/turtlesim_plus_interfaces/share/turtlesim_plus_interfaces/cmake/turtlesim_plus_interfaces__rosidl_typesupport_cExport.cmake
[2.296s] -- Up-to-date: /home/talae-ubantu/6558_6576/install/turtlesim_plus_interfaces/share/turtlesim_plus_interfaces/cmake/turtlesim_plus_interfaces__rosidl_typesupport_cExport-noconfig.cmake
[2.297s] -- Up-to-date: /home/talae-ubantu/6558_6576/install/turtlesim_plus_interfaces/share/turtlesim_plus_interfaces/cmake/export_turtlesim_plus_interfaces__rosidl_generator_cppExport.cmake
[2.297s] -- Up-to-date: /home/talae-ubantu/6558_6576/install/turtlesim_plus_interfaces/share/turtlesim_plus_interfaces/cmake/export_turtlesim_plus_interfaces__rosidl_typesupport_fastrtps_cppExport.cmake
[2.297s] -- Up-to-date: /home/talae-ubantu/6558_6576/install/turtlesim_plus_interfaces/share/turtlesim_plus_interfaces/cmake/export_turtlesim_plus_interfaces__rosidl_typesupport_fastrtps_cppExport-noconfig.cmake
[2.297s] -- Up-to-date: /home/talae-ubantu/6558_6576/install/turtlesim_plus_interfaces/share/turtlesim_plus_interfaces/cmake/turtlesim_plus_interfaces__rosidl_typesupport_introspection_cppExport.cmake
[2.298s] -- Up-to-date: /home/talae-ubantu/6558_6576/install/turtlesim_plus_interfaces/share/turtlesim_plus_interfaces/cmake/turtlesim_plus_interfaces__rosidl_typesupport_introspection_cppExport-noconfig.cmake
[2.298s] -- Up-to-date: /home/talae-ubantu/6558_6576/install/turtlesim_plus_interfaces/share/turtlesim_plus_interfaces/cmake/turtlesim_plus_interfaces__rosidl_typesupport_cppExport.cmake
[2.298s] -- Up-to-date: /home/talae-ubantu/6558_6576/install/turtlesim_plus_interfaces/share/turtlesim_plus_interfaces/cmake/turtlesim_plus_interfaces__rosidl_typesupport_cppExport-noconfig.cmake
[2.299s] -- Up-to-date: /home/talae-ubantu/6558_6576/install/turtlesim_plus_interfaces/share/turtlesim_plus_interfaces/cmake/export_turtlesim_plus_interfaces__rosidl_generator_pyExport.cmake
[2.299s] -- Up-to-date: /home/talae-ubantu/6558_6576/install/turtlesim_plus_interfaces/share/turtlesim_plus_interfaces/cmake/export_turtlesim_plus_interfaces__rosidl_generator_pyExport-noconfig.cmake
[2.299s] -- Up-to-date: /home/talae-ubantu/6558_6576/install/turtlesim_plus_interfaces/share/turtlesim_plus_interfaces/cmake/rosidl_cmake-extras.cmake
[2.299s] -- Up-to-date: /home/talae-ubantu/6558_6576/install/turtlesim_plus_interfaces/share/turtlesim_plus_interfaces/cmake/ament_cmake_export_dependencies-extras.cmake
[2.299s] -- Up-to-date: /home/talae-ubantu/6558_6576/install/turtlesim_plus_interfaces/share/turtlesim_plus_interfaces/cmake/ament_cmake_export_include_directories-extras.cmake
[2.300s] -- Up-to-date: /home/talae-ubantu/6558_6576/install/turtlesim_plus_interfaces/share/turtlesim_plus_interfaces/cmake/ament_cmake_export_libraries-extras.cmake
[2.300s] -- Up-to-date: /home/talae-ubantu/6558_6576/install/turtlesim_plus_interfaces/share/turtlesim_plus_interfaces/cmake/ament_cmake_export_targets-extras.cmake
[2.300s] -- Up-to-date: /home/talae-ubantu/6558_6576/install/turtlesim_plus_interfaces/share/turtlesim_plus_interfaces/cmake/rosidl_cmake_export_typesupport_targets-extras.cmake
[2.300s] -- Up-to-date: /home/talae-ubantu/6558_6576/install/turtlesim_plus_interfaces/share/turtlesim_plus_interfaces/cmake/rosidl_cmake_export_typesupport_libraries-extras.cmake
[2.300s] -- Up-to-date: /home/talae-ubantu/6558_6576/install/turtlesim_plus_interfaces/share/turtlesim_plus_interfaces/cmake/turtlesim_plus_interfacesConfig.cmake
[2.300s] -- Up-to-date: /home/talae-ubantu/6558_6576/install/turtlesim_plus_interfaces/share/turtlesim_plus_interfaces/cmake/turtlesim_plus_interfacesConfig-version.cmake
[2.300s] -- Up-to-date: /home/talae-ubantu/6558_6576/install/turtlesim_plus_interfaces/share/turtlesim_plus_interfaces/package.xml
[2.301s] Invoked command in '/home/talae-ubantu/6558_6576/build/turtlesim_plus_interfaces' returned '0': CMAKE_PREFIX_PATH=${CMAKE_PREFIX_PATH}:/opt/ros/humble /usr/bin/cmake --install /home/talae-ubantu/6558_6576/build/turtlesim_plus_interfaces
