[0.111s] DEBUG:colcon:Command line arguments: ['/usr/bin/colcon', 'build']
[0.111s] DEBUG:colcon:Parsed command line arguments: Namespace(log_base=None, log_level=None, verb_name='build', build_base='build', install_base='install', merge_install=False, symlink_install=False, test_result_base=None, continue_on_error=False, executor='parallel', parallel_workers=16, event_handlers=None, ignore_user_meta=False, metas=['./colcon.meta'], base_paths=['.'], packages_ignore=None, packages_ignore_regex=None, paths=None, packages_up_to=None, packages_up_to_regex=None, packages_above=None, packages_above_and_dependencies=None, packages_above_depth=None, packages_select_by_dep=None, packages_skip_by_dep=None, packages_skip_up_to=None, packages_select_build_failed=False, packages_skip_build_finished=False, packages_select_test_failures=False, packages_skip_test_passed=False, packages_select=None, packages_skip=None, packages_select_regex=None, packages_skip_regex=None, packages_start=None, packages_end=None, allow_overriding=[], cmake_args=None, cmake_target=None, cmake_target_skip_unavailable=False, cmake_clean_cache=False, cmake_clean_first=False, cmake_force_configure=False, ament_cmake_args=None, catkin_cmake_args=None, catkin_skip_building_tests=False, mixin_files=None, mixin=None, verb_parser=<colcon_mixin.mixin.mixin_argument.MixinArgumentDecorator object at 0x769b8554ce50>, verb_extension=<colcon_core.verb.build.BuildVerb object at 0x769b8554c8e0>, main=<bound method BuildVerb.main of <colcon_core.verb.build.BuildVerb object at 0x769b8554c8e0>>, mixin_verb=('build',))
[0.254s] Level 1:colcon.colcon_core.package_discovery:discover_packages(colcon_meta) check parameters
[0.254s] Level 1:colcon.colcon_core.package_discovery:discover_packages(recursive) check parameters
[0.254s] Level 1:colcon.colcon_core.package_discovery:discover_packages(ignore) check parameters
[0.254s] Level 1:colcon.colcon_core.package_discovery:discover_packages(path) check parameters
[0.254s] Level 1:colcon.colcon_core.package_discovery:discover_packages(colcon_meta) discover
[0.254s] Level 1:colcon.colcon_core.package_discovery:discover_packages(recursive) discover
[0.254s] INFO:colcon.colcon_core.package_discovery:Crawling recursively for packages in '/home/charlottexiii/6558_6576'
[0.255s] Level 1:colcon.colcon_core.package_identification:_identify(.) by extensions ['ignore', 'ignore_ament_install']
[0.255s] Level 1:colcon.colcon_core.package_identification:_identify(.) by extension 'ignore'
[0.255s] Level 1:colcon.colcon_core.package_identification:_identify(.) by extension 'ignore_ament_install'
[0.255s] Level 1:colcon.colcon_core.package_identification:_identify(.) by extensions ['colcon_pkg']
[0.255s] Level 1:colcon.colcon_core.package_identification:_identify(.) by extension 'colcon_pkg'
[0.255s] Level 1:colcon.colcon_core.package_identification:_identify(.) by extensions ['colcon_meta']
[0.255s] Level 1:colcon.colcon_core.package_identification:_identify(.) by extension 'colcon_meta'
[0.255s] Level 1:colcon.colcon_core.package_identification:_identify(.) by extensions ['ros']
[0.255s] Level 1:colcon.colcon_core.package_identification:_identify(.) by extension 'ros'
[0.263s] Level 1:colcon.colcon_core.package_identification:_identify(.) by extensions ['cmake', 'python']
[0.263s] Level 1:colcon.colcon_core.package_identification:_identify(.) by extension 'cmake'
[0.263s] Level 1:colcon.colcon_core.package_identification:_identify(.) by extension 'python'
[0.263s] Level 1:colcon.colcon_core.package_identification:_identify(.) by extensions ['python_setup_py']
[0.263s] Level 1:colcon.colcon_core.package_identification:_identify(.) by extension 'python_setup_py'
[0.263s] Level 1:colcon.colcon_core.package_identification:_identify(build) by extensions ['ignore', 'ignore_ament_install']
[0.263s] Level 1:colcon.colcon_core.package_identification:_identify(build) by extension 'ignore'
[0.263s] Level 1:colcon.colcon_core.package_identification:_identify(build) ignored
[0.263s] Level 1:colcon.colcon_core.package_identification:_identify(install) by extensions ['ignore', 'ignore_ament_install']
[0.263s] Level 1:colcon.colcon_core.package_identification:_identify(install) by extension 'ignore'
[0.263s] Level 1:colcon.colcon_core.package_identification:_identify(install) ignored
[0.263s] Level 1:colcon.colcon_core.package_identification:_identify(log) by extensions ['ignore', 'ignore_ament_install']
[0.263s] Level 1:colcon.colcon_core.package_identification:_identify(log) by extension 'ignore'
[0.263s] Level 1:colcon.colcon_core.package_identification:_identify(log) ignored
[0.263s] Level 1:colcon.colcon_core.package_identification:_identify(src) by extensions ['ignore', 'ignore_ament_install']
[0.263s] Level 1:colcon.colcon_core.package_identification:_identify(src) by extension 'ignore'
[0.263s] Level 1:colcon.colcon_core.package_identification:_identify(src) by extension 'ignore_ament_install'
[0.264s] Level 1:colcon.colcon_core.package_identification:_identify(src) by extensions ['colcon_pkg']
[0.264s] Level 1:colcon.colcon_core.package_identification:_identify(src) by extension 'colcon_pkg'
[0.264s] Level 1:colcon.colcon_core.package_identification:_identify(src) by extensions ['colcon_meta']
[0.264s] Level 1:colcon.colcon_core.package_identification:_identify(src) by extension 'colcon_meta'
[0.264s] Level 1:colcon.colcon_core.package_identification:_identify(src) by extensions ['ros']
[0.264s] Level 1:colcon.colcon_core.package_identification:_identify(src) by extension 'ros'
[0.264s] Level 1:colcon.colcon_core.package_identification:_identify(src) by extensions ['cmake', 'python']
[0.264s] Level 1:colcon.colcon_core.package_identification:_identify(src) by extension 'cmake'
[0.264s] Level 1:colcon.colcon_core.package_identification:_identify(src) by extension 'python'
[0.264s] Level 1:colcon.colcon_core.package_identification:_identify(src) by extensions ['python_setup_py']
[0.264s] Level 1:colcon.colcon_core.package_identification:_identify(src) by extension 'python_setup_py'
[0.264s] Level 1:colcon.colcon_core.package_identification:_identify(src/funny_turtleplus) by extensions ['ignore', 'ignore_ament_install']
[0.264s] Level 1:colcon.colcon_core.package_identification:_identify(src/funny_turtleplus) by extension 'ignore'
[0.264s] Level 1:colcon.colcon_core.package_identification:_identify(src/funny_turtleplus) by extension 'ignore_ament_install'
[0.264s] Level 1:colcon.colcon_core.package_identification:_identify(src/funny_turtleplus) by extensions ['colcon_pkg']
[0.264s] Level 1:colcon.colcon_core.package_identification:_identify(src/funny_turtleplus) by extension 'colcon_pkg'
[0.264s] Level 1:colcon.colcon_core.package_identification:_identify(src/funny_turtleplus) by extensions ['colcon_meta']
[0.264s] Level 1:colcon.colcon_core.package_identification:_identify(src/funny_turtleplus) by extension 'colcon_meta'
[0.264s] Level 1:colcon.colcon_core.package_identification:_identify(src/funny_turtleplus) by extensions ['ros']
[0.264s] Level 1:colcon.colcon_core.package_identification:_identify(src/funny_turtleplus) by extension 'ros'
[0.272s] DEBUG:colcon.colcon_core.package_identification:Package 'src/funny_turtleplus' with type 'ros.ament_cmake' and name 'funny_turtleplus'
[0.272s] Level 1:colcon.colcon_core.package_identification:_identify(src/teleop_interfaces) by extensions ['ignore', 'ignore_ament_install']
[0.272s] Level 1:colcon.colcon_core.package_identification:_identify(src/teleop_interfaces) by extension 'ignore'
[0.272s] Level 1:colcon.colcon_core.package_identification:_identify(src/teleop_interfaces) by extension 'ignore_ament_install'
[0.273s] Level 1:colcon.colcon_core.package_identification:_identify(src/teleop_interfaces) by extensions ['colcon_pkg']
[0.273s] Level 1:colcon.colcon_core.package_identification:_identify(src/teleop_interfaces) by extension 'colcon_pkg'
[0.273s] Level 1:colcon.colcon_core.package_identification:_identify(src/teleop_interfaces) by extensions ['colcon_meta']
[0.273s] Level 1:colcon.colcon_core.package_identification:_identify(src/teleop_interfaces) by extension 'colcon_meta'
[0.273s] Level 1:colcon.colcon_core.package_identification:_identify(src/teleop_interfaces) by extensions ['ros']
[0.273s] Level 1:colcon.colcon_core.package_identification:_identify(src/teleop_interfaces) by extension 'ros'
[0.273s] DEBUG:colcon.colcon_core.package_identification:Package 'src/teleop_interfaces' with type 'ros.ament_cmake' and name 'teleop_interfaces'
[0.273s] Level 1:colcon.colcon_core.package_discovery:discover_packages(recursive) using defaults
[0.273s] Level 1:colcon.colcon_core.package_discovery:discover_packages(ignore) discover
[0.273s] Level 1:colcon.colcon_core.package_discovery:discover_packages(ignore) using defaults
[0.273s] Level 1:colcon.colcon_core.package_discovery:discover_packages(path) discover
[0.273s] Level 1:colcon.colcon_core.package_discovery:discover_packages(path) using defaults
[0.290s] Level 1:colcon.colcon_core.package_discovery:discover_packages(prefix_path) check parameters
[0.291s] Level 1:colcon.colcon_core.package_discovery:discover_packages(prefix_path) discover
[0.292s] DEBUG:colcon.colcon_installed_package_information.package_discovery:Found 2 installed packages in /home/charlottexiii/6558_6576/install
[0.293s] DEBUG:colcon.colcon_installed_package_information.package_discovery:Found 30 installed packages in /home/charlottexiii/robdev_ws/install
[0.293s] DEBUG:colcon.colcon_installed_package_information.package_discovery:Found 1 installed packages in /home/charlottexiii/ros2Test_ws/install
[0.294s] DEBUG:colcon.colcon_installed_package_information.package_discovery:Found 333 installed packages in /opt/ros/humble
[0.295s] Level 1:colcon.colcon_core.package_discovery:discover_packages(prefix_path) using defaults
[0.342s] Level 5:colcon.colcon_core.verb:set package 'funny_turtleplus' build argument 'cmake_args' from command line to 'None'
[0.342s] Level 5:colcon.colcon_core.verb:set package 'funny_turtleplus' build argument 'cmake_target' from command line to 'None'
[0.342s] Level 5:colcon.colcon_core.verb:set package 'funny_turtleplus' build argument 'cmake_target_skip_unavailable' from command line to 'False'
[0.342s] Level 5:colcon.colcon_core.verb:set package 'funny_turtleplus' build argument 'cmake_clean_cache' from command line to 'False'
[0.342s] Level 5:colcon.colcon_core.verb:set package 'funny_turtleplus' build argument 'cmake_clean_first' from command line to 'False'
[0.342s] Level 5:colcon.colcon_core.verb:set package 'funny_turtleplus' build argument 'cmake_force_configure' from command line to 'False'
[0.342s] Level 5:colcon.colcon_core.verb:set package 'funny_turtleplus' build argument 'ament_cmake_args' from command line to 'None'
[0.342s] Level 5:colcon.colcon_core.verb:set package 'funny_turtleplus' build argument 'catkin_cmake_args' from command line to 'None'
[0.342s] Level 5:colcon.colcon_core.verb:set package 'funny_turtleplus' build argument 'catkin_skip_building_tests' from command line to 'False'
[0.342s] DEBUG:colcon.colcon_core.verb:Building package 'funny_turtleplus' with the following arguments: {'ament_cmake_args': None, 'build_base': '/home/charlottexiii/6558_6576/build/funny_turtleplus', 'catkin_cmake_args': None, 'catkin_skip_building_tests': False, 'cmake_args': None, 'cmake_clean_cache': False, 'cmake_clean_first': False, 'cmake_force_configure': False, 'cmake_target': None, 'cmake_target_skip_unavailable': False, 'install_base': '/home/charlottexiii/6558_6576/install/funny_turtleplus', 'merge_install': False, 'path': '/home/charlottexiii/6558_6576/src/funny_turtleplus', 'symlink_install': False, 'test_result_base': None}
[0.342s] Level 5:colcon.colcon_core.verb:set package 'teleop_interfaces' build argument 'cmake_args' from command line to 'None'
[0.342s] Level 5:colcon.colcon_core.verb:set package 'teleop_interfaces' build argument 'cmake_target' from command line to 'None'
[0.342s] Level 5:colcon.colcon_core.verb:set package 'teleop_interfaces' build argument 'cmake_target_skip_unavailable' from command line to 'False'
[0.342s] Level 5:colcon.colcon_core.verb:set package 'teleop_interfaces' build argument 'cmake_clean_cache' from command line to 'False'
[0.342s] Level 5:colcon.colcon_core.verb:set package 'teleop_interfaces' build argument 'cmake_clean_first' from command line to 'False'
[0.343s] Level 5:colcon.colcon_core.verb:set package 'teleop_interfaces' build argument 'cmake_force_configure' from command line to 'False'
[0.343s] Level 5:colcon.colcon_core.verb:set package 'teleop_interfaces' build argument 'ament_cmake_args' from command line to 'None'
[0.343s] Level 5:colcon.colcon_core.verb:set package 'teleop_interfaces' build argument 'catkin_cmake_args' from command line to 'None'
[0.343s] Level 5:colcon.colcon_core.verb:set package 'teleop_interfaces' build argument 'catkin_skip_building_tests' from command line to 'False'
[0.343s] DEBUG:colcon.colcon_core.verb:Building package 'teleop_interfaces' with the following arguments: {'ament_cmake_args': None, 'build_base': '/home/charlottexiii/6558_6576/build/teleop_interfaces', 'catkin_cmake_args': None, 'catkin_skip_building_tests': False, 'cmake_args': None, 'cmake_clean_cache': False, 'cmake_clean_first': False, 'cmake_force_configure': False, 'cmake_target': None, 'cmake_target_skip_unavailable': False, 'install_base': '/home/charlottexiii/6558_6576/install/teleop_interfaces', 'merge_install': False, 'path': '/home/charlottexiii/6558_6576/src/teleop_interfaces', 'symlink_install': False, 'test_result_base': None}
[0.343s] INFO:colcon.colcon_core.executor:Executing jobs using 'parallel' executor
[0.343s] DEBUG:colcon.colcon_parallel_executor.executor.parallel:run_until_complete
[0.344s] INFO:colcon.colcon_ros.task.ament_cmake.build:Building ROS package in '/home/charlottexiii/6558_6576/src/funny_turtleplus' with build type 'ament_cmake'
[0.344s] INFO:colcon.colcon_cmake.task.cmake.build:Building CMake package in '/home/charlottexiii/6558_6576/src/funny_turtleplus'
[0.345s] INFO:colcon.colcon_core.plugin_system:Skipping extension 'colcon_core.shell.bat': Not used on non-Windows systems
[0.345s] INFO:colcon.colcon_core.shell:Skip shell extension 'powershell' for command environment: Not usable outside of PowerShell
[0.345s] DEBUG:colcon.colcon_core.shell:Skip shell extension 'dsv' for command environment
[0.353s] INFO:colcon.colcon_ros.task.ament_cmake.build:Building ROS package in '/home/charlottexiii/6558_6576/src/teleop_interfaces' with build type 'ament_cmake'
[0.354s] INFO:colcon.colcon_cmake.task.cmake.build:Building CMake package in '/home/charlottexiii/6558_6576/src/teleop_interfaces'
[0.354s] INFO:colcon.colcon_core.shell:Skip shell extension 'powershell' for command environment: Not usable outside of PowerShell
[0.355s] DEBUG:colcon.colcon_core.shell:Skip shell extension 'dsv' for command environment
[0.362s] DEBUG:colcon.colcon_core.event_handler.log_command:Invoking command in '/home/charlottexiii/6558_6576/build/funny_turtleplus': CMAKE_PREFIX_PATH=${CMAKE_PREFIX_PATH}:/home/charlottexiii/robdev_ws/install/launch_testing_examples:/home/charlottexiii/robdev_ws/install/examples_rclpy_pointcloud_publisher:/home/charlottexiii/robdev_ws/install/examples_rclpy_minimal_subscriber:/home/charlottexiii/robdev_ws/install/examples_rclpy_minimal_service:/home/charlottexiii/robdev_ws/install/examples_rclpy_minimal_publisher:/home/charlottexiii/robdev_ws/install/examples_rclpy_minimal_client:/home/charlottexiii/robdev_ws/install/examples_rclpy_minimal_action_server:/home/charlottexiii/robdev_ws/install/examples_rclpy_minimal_action_client:/home/charlottexiii/robdev_ws/install/examples_rclpy_guard_conditions:/home/charlottexiii/robdev_ws/install/examples_rclpy_executors:/home/charlottexiii/ros2Test_ws/install/my_robot_controller:/opt/ros/humble /usr/bin/cmake --build /home/charlottexiii/6558_6576/build/funny_turtleplus -- -j16 -l16
[0.367s] DEBUG:colcon.colcon_core.event_handler.log_command:Invoking command in '/home/charlottexiii/6558_6576/build/teleop_interfaces': CMAKE_PREFIX_PATH=${CMAKE_PREFIX_PATH}:/home/charlottexiii/robdev_ws/install/launch_testing_examples:/home/charlottexiii/robdev_ws/install/examples_rclpy_pointcloud_publisher:/home/charlottexiii/robdev_ws/install/examples_rclpy_minimal_subscriber:/home/charlottexiii/robdev_ws/install/examples_rclpy_minimal_service:/home/charlottexiii/robdev_ws/install/examples_rclpy_minimal_publisher:/home/charlottexiii/robdev_ws/install/examples_rclpy_minimal_client:/home/charlottexiii/robdev_ws/install/examples_rclpy_minimal_action_server:/home/charlottexiii/robdev_ws/install/examples_rclpy_minimal_action_client:/home/charlottexiii/robdev_ws/install/examples_rclpy_guard_conditions:/home/charlottexiii/robdev_ws/install/examples_rclpy_executors:/home/charlottexiii/ros2Test_ws/install/my_robot_controller:/opt/ros/humble /usr/bin/cmake --build /home/charlottexiii/6558_6576/build/teleop_interfaces -- -j16 -l16
[0.831s] DEBUG:colcon.colcon_core.event_handler.log_command:Invoked command in '/home/charlottexiii/6558_6576/build/teleop_interfaces' returned '0': CMAKE_PREFIX_PATH=${CMAKE_PREFIX_PATH}:/home/charlottexiii/robdev_ws/install/launch_testing_examples:/home/charlottexiii/robdev_ws/install/examples_rclpy_pointcloud_publisher:/home/charlottexiii/robdev_ws/install/examples_rclpy_minimal_subscriber:/home/charlottexiii/robdev_ws/install/examples_rclpy_minimal_service:/home/charlottexiii/robdev_ws/install/examples_rclpy_minimal_publisher:/home/charlottexiii/robdev_ws/install/examples_rclpy_minimal_client:/home/charlottexiii/robdev_ws/install/examples_rclpy_minimal_action_server:/home/charlottexiii/robdev_ws/install/examples_rclpy_minimal_action_client:/home/charlottexiii/robdev_ws/install/examples_rclpy_guard_conditions:/home/charlottexiii/robdev_ws/install/examples_rclpy_executors:/home/charlottexiii/ros2Test_ws/install/my_robot_controller:/opt/ros/humble /usr/bin/cmake --build /home/charlottexiii/6558_6576/build/teleop_interfaces -- -j16 -l16
[0.846s] DEBUG:colcon.colcon_core.event_handler.log_command:Invoked command in '/home/charlottexiii/6558_6576/build/funny_turtleplus' returned '0': CMAKE_PREFIX_PATH=${CMAKE_PREFIX_PATH}:/home/charlottexiii/robdev_ws/install/launch_testing_examples:/home/charlottexiii/robdev_ws/install/examples_rclpy_pointcloud_publisher:/home/charlottexiii/robdev_ws/install/examples_rclpy_minimal_subscriber:/home/charlottexiii/robdev_ws/install/examples_rclpy_minimal_service:/home/charlottexiii/robdev_ws/install/examples_rclpy_minimal_publisher:/home/charlottexiii/robdev_ws/install/examples_rclpy_minimal_client:/home/charlottexiii/robdev_ws/install/examples_rclpy_minimal_action_server:/home/charlottexiii/robdev_ws/install/examples_rclpy_minimal_action_client:/home/charlottexiii/robdev_ws/install/examples_rclpy_guard_conditions:/home/charlottexiii/robdev_ws/install/examples_rclpy_executors:/home/charlottexiii/ros2Test_ws/install/my_robot_controller:/opt/ros/humble /usr/bin/cmake --build /home/charlottexiii/6558_6576/build/funny_turtleplus -- -j16 -l16
[0.894s] DEBUG:colcon.colcon_core.event_handler.log_command:Invoking command in '/home/charlottexiii/6558_6576/build/funny_turtleplus': CMAKE_PREFIX_PATH=${CMAKE_PREFIX_PATH}:/home/charlottexiii/robdev_ws/install/launch_testing_examples:/home/charlottexiii/robdev_ws/install/examples_rclpy_pointcloud_publisher:/home/charlottexiii/robdev_ws/install/examples_rclpy_minimal_subscriber:/home/charlottexiii/robdev_ws/install/examples_rclpy_minimal_service:/home/charlottexiii/robdev_ws/install/examples_rclpy_minimal_publisher:/home/charlottexiii/robdev_ws/install/examples_rclpy_minimal_client:/home/charlottexiii/robdev_ws/install/examples_rclpy_minimal_action_server:/home/charlottexiii/robdev_ws/install/examples_rclpy_minimal_action_client:/home/charlottexiii/robdev_ws/install/examples_rclpy_guard_conditions:/home/charlottexiii/robdev_ws/install/examples_rclpy_executors:/home/charlottexiii/ros2Test_ws/install/my_robot_controller:/opt/ros/humble /usr/bin/cmake --install /home/charlottexiii/6558_6576/build/funny_turtleplus
[0.928s] DEBUG:colcon.colcon_core.event_handler.log_command:Invoking command in '/home/charlottexiii/6558_6576/build/teleop_interfaces': CMAKE_PREFIX_PATH=${CMAKE_PREFIX_PATH}:/home/charlottexiii/robdev_ws/install/launch_testing_examples:/home/charlottexiii/robdev_ws/install/examples_rclpy_pointcloud_publisher:/home/charlottexiii/robdev_ws/install/examples_rclpy_minimal_subscriber:/home/charlottexiii/robdev_ws/install/examples_rclpy_minimal_service:/home/charlottexiii/robdev_ws/install/examples_rclpy_minimal_publisher:/home/charlottexiii/robdev_ws/install/examples_rclpy_minimal_client:/home/charlottexiii/robdev_ws/install/examples_rclpy_minimal_action_server:/home/charlottexiii/robdev_ws/install/examples_rclpy_minimal_action_client:/home/charlottexiii/robdev_ws/install/examples_rclpy_guard_conditions:/home/charlottexiii/robdev_ws/install/examples_rclpy_executors:/home/charlottexiii/ros2Test_ws/install/my_robot_controller:/opt/ros/humble /usr/bin/cmake --install /home/charlottexiii/6558_6576/build/teleop_interfaces
[0.954s] Level 1:colcon.colcon_core.environment:create_environment_scripts_only(funny_turtleplus)
[0.954s] DEBUG:colcon.colcon_core.event_handler.log_command:Invoked command in '/home/charlottexiii/6558_6576/build/funny_turtleplus' returned '0': CMAKE_PREFIX_PATH=${CMAKE_PREFIX_PATH}:/home/charlottexiii/robdev_ws/install/launch_testing_examples:/home/charlottexiii/robdev_ws/install/examples_rclpy_pointcloud_publisher:/home/charlottexiii/robdev_ws/install/examples_rclpy_minimal_subscriber:/home/charlottexiii/robdev_ws/install/examples_rclpy_minimal_service:/home/charlottexiii/robdev_ws/install/examples_rclpy_minimal_publisher:/home/charlottexiii/robdev_ws/install/examples_rclpy_minimal_client:/home/charlottexiii/robdev_ws/install/examples_rclpy_minimal_action_server:/home/charlottexiii/robdev_ws/install/examples_rclpy_minimal_action_client:/home/charlottexiii/robdev_ws/install/examples_rclpy_guard_conditions:/home/charlottexiii/robdev_ws/install/examples_rclpy_executors:/home/charlottexiii/ros2Test_ws/install/my_robot_controller:/opt/ros/humble /usr/bin/cmake --install /home/charlottexiii/6558_6576/build/funny_turtleplus
[0.957s] Level 1:colcon.colcon_core.environment:checking '/home/charlottexiii/6558_6576/install/funny_turtleplus' for CMake module files
[0.957s] Level 1:colcon.colcon_core.environment:checking '/home/charlottexiii/6558_6576/install/funny_turtleplus' for CMake config files
[0.957s] Level 1:colcon.colcon_core.shell:create_environment_hook('funny_turtleplus', 'cmake_prefix_path')
[0.958s] INFO:colcon.colcon_core.shell:Creating environment hook '/home/charlottexiii/6558_6576/install/funny_turtleplus/share/funny_turtleplus/hook/cmake_prefix_path.ps1'
[0.958s] INFO:colcon.colcon_core.shell:Creating environment descriptor '/home/charlottexiii/6558_6576/install/funny_turtleplus/share/funny_turtleplus/hook/cmake_prefix_path.dsv'
[0.958s] INFO:colcon.colcon_core.shell:Creating environment hook '/home/charlottexiii/6558_6576/install/funny_turtleplus/share/funny_turtleplus/hook/cmake_prefix_path.sh'
[0.959s] Level 1:colcon.colcon_core.environment:checking '/home/charlottexiii/6558_6576/install/funny_turtleplus/lib'
[0.959s] Level 1:colcon.colcon_core.environment:checking '/home/charlottexiii/6558_6576/install/funny_turtleplus/bin'
[0.959s] Level 1:colcon.colcon_core.environment:checking '/home/charlottexiii/6558_6576/install/funny_turtleplus/lib/pkgconfig/funny_turtleplus.pc'
[0.959s] Level 1:colcon.colcon_core.environment:checking '/home/charlottexiii/6558_6576/install/funny_turtleplus/lib/python3.10/site-packages'
[0.959s] Level 1:colcon.colcon_core.environment:checking '/home/charlottexiii/6558_6576/install/funny_turtleplus/bin'
[0.959s] INFO:colcon.colcon_core.shell:Creating package script '/home/charlottexiii/6558_6576/install/funny_turtleplus/share/funny_turtleplus/package.ps1'
[0.960s] INFO:colcon.colcon_core.shell:Creating package descriptor '/home/charlottexiii/6558_6576/install/funny_turtleplus/share/funny_turtleplus/package.dsv'
[0.960s] INFO:colcon.colcon_core.shell:Creating package script '/home/charlottexiii/6558_6576/install/funny_turtleplus/share/funny_turtleplus/package.sh'
[0.961s] INFO:colcon.colcon_core.shell:Creating package script '/home/charlottexiii/6558_6576/install/funny_turtleplus/share/funny_turtleplus/package.bash'
[0.961s] INFO:colcon.colcon_core.shell:Creating package script '/home/charlottexiii/6558_6576/install/funny_turtleplus/share/funny_turtleplus/package.zsh'
[0.961s] Level 1:colcon.colcon_core.environment:create_file_with_runtime_dependencies(/home/charlottexiii/6558_6576/install/funny_turtleplus/share/colcon-core/packages/funny_turtleplus)
[0.993s] Level 1:colcon.colcon_core.environment:create_environment_scripts_only(funny_turtleplus)
[0.994s] Level 1:colcon.colcon_core.environment:checking '/home/charlottexiii/6558_6576/install/funny_turtleplus' for CMake module files
[0.994s] Level 1:colcon.colcon_core.environment:checking '/home/charlottexiii/6558_6576/install/funny_turtleplus' for CMake config files
[0.994s] Level 1:colcon.colcon_core.shell:create_environment_hook('funny_turtleplus', 'cmake_prefix_path')
[0.994s] INFO:colcon.colcon_core.shell:Creating environment hook '/home/charlottexiii/6558_6576/install/funny_turtleplus/share/funny_turtleplus/hook/cmake_prefix_path.ps1'
[0.995s] INFO:colcon.colcon_core.shell:Creating environment descriptor '/home/charlottexiii/6558_6576/install/funny_turtleplus/share/funny_turtleplus/hook/cmake_prefix_path.dsv'
[0.995s] INFO:colcon.colcon_core.shell:Creating environment hook '/home/charlottexiii/6558_6576/install/funny_turtleplus/share/funny_turtleplus/hook/cmake_prefix_path.sh'
[0.995s] Level 1:colcon.colcon_core.environment:checking '/home/charlottexiii/6558_6576/install/funny_turtleplus/lib'
[0.995s] Level 1:colcon.colcon_core.environment:checking '/home/charlottexiii/6558_6576/install/funny_turtleplus/bin'
[0.995s] Level 1:colcon.colcon_core.environment:checking '/home/charlottexiii/6558_6576/install/funny_turtleplus/lib/pkgconfig/funny_turtleplus.pc'
[0.995s] Level 1:colcon.colcon_core.environment:checking '/home/charlottexiii/6558_6576/install/funny_turtleplus/lib/python3.10/site-packages'
[0.995s] Level 1:colcon.colcon_core.environment:checking '/home/charlottexiii/6558_6576/install/funny_turtleplus/bin'
[0.996s] INFO:colcon.colcon_core.shell:Creating package script '/home/charlottexiii/6558_6576/install/funny_turtleplus/share/funny_turtleplus/package.ps1'
[0.996s] INFO:colcon.colcon_core.shell:Creating package descriptor '/home/charlottexiii/6558_6576/install/funny_turtleplus/share/funny_turtleplus/package.dsv'
[0.996s] INFO:colcon.colcon_core.shell:Creating package script '/home/charlottexiii/6558_6576/install/funny_turtleplus/share/funny_turtleplus/package.sh'
[0.996s] INFO:colcon.colcon_core.shell:Creating package script '/home/charlottexiii/6558_6576/install/funny_turtleplus/share/funny_turtleplus/package.bash'
[0.997s] INFO:colcon.colcon_core.shell:Creating package script '/home/charlottexiii/6558_6576/install/funny_turtleplus/share/funny_turtleplus/package.zsh'
[0.997s] Level 1:colcon.colcon_core.environment:create_file_with_runtime_dependencies(/home/charlottexiii/6558_6576/install/funny_turtleplus/share/colcon-core/packages/funny_turtleplus)
[0.998s] Level 1:colcon.colcon_core.environment:create_environment_scripts_only(teleop_interfaces)
[0.999s] Level 1:colcon.colcon_core.environment:checking '/home/charlottexiii/6558_6576/install/teleop_interfaces' for CMake module files
[1.001s] DEBUG:colcon.colcon_core.event_handler.log_command:Invoked command in '/home/charlottexiii/6558_6576/build/teleop_interfaces' returned '0': CMAKE_PREFIX_PATH=${CMAKE_PREFIX_PATH}:/home/charlottexiii/robdev_ws/install/launch_testing_examples:/home/charlottexiii/robdev_ws/install/examples_rclpy_pointcloud_publisher:/home/charlottexiii/robdev_ws/install/examples_rclpy_minimal_subscriber:/home/charlottexiii/robdev_ws/install/examples_rclpy_minimal_service:/home/charlottexiii/robdev_ws/install/examples_rclpy_minimal_publisher:/home/charlottexiii/robdev_ws/install/examples_rclpy_minimal_client:/home/charlottexiii/robdev_ws/install/examples_rclpy_minimal_action_server:/home/charlottexiii/robdev_ws/install/examples_rclpy_minimal_action_client:/home/charlottexiii/robdev_ws/install/examples_rclpy_guard_conditions:/home/charlottexiii/robdev_ws/install/examples_rclpy_executors:/home/charlottexiii/ros2Test_ws/install/my_robot_controller:/opt/ros/humble /usr/bin/cmake --install /home/charlottexiii/6558_6576/build/teleop_interfaces
[1.001s] Level 1:colcon.colcon_core.environment:checking '/home/charlottexiii/6558_6576/install/teleop_interfaces' for CMake config files
[1.001s] Level 1:colcon.colcon_core.shell:create_environment_hook('teleop_interfaces', 'cmake_prefix_path')
[1.002s] INFO:colcon.colcon_core.shell:Creating environment hook '/home/charlottexiii/6558_6576/install/teleop_interfaces/share/teleop_interfaces/hook/cmake_prefix_path.ps1'
[1.003s] INFO:colcon.colcon_core.shell:Creating environment descriptor '/home/charlottexiii/6558_6576/install/teleop_interfaces/share/teleop_interfaces/hook/cmake_prefix_path.dsv'
[1.003s] INFO:colcon.colcon_core.shell:Creating environment hook '/home/charlottexiii/6558_6576/install/teleop_interfaces/share/teleop_interfaces/hook/cmake_prefix_path.sh'
[1.004s] Level 1:colcon.colcon_core.environment:checking '/home/charlottexiii/6558_6576/install/teleop_interfaces/lib'
[1.004s] Level 1:colcon.colcon_core.shell:create_environment_hook('teleop_interfaces', 'ld_library_path_lib')
[1.004s] INFO:colcon.colcon_core.shell:Creating environment hook '/home/charlottexiii/6558_6576/install/teleop_interfaces/share/teleop_interfaces/hook/ld_library_path_lib.ps1'
[1.004s] INFO:colcon.colcon_core.shell:Creating environment descriptor '/home/charlottexiii/6558_6576/install/teleop_interfaces/share/teleop_interfaces/hook/ld_library_path_lib.dsv'
[1.005s] INFO:colcon.colcon_core.shell:Creating environment hook '/home/charlottexiii/6558_6576/install/teleop_interfaces/share/teleop_interfaces/hook/ld_library_path_lib.sh'
[1.005s] Level 1:colcon.colcon_core.environment:checking '/home/charlottexiii/6558_6576/install/teleop_interfaces/bin'
[1.005s] Level 1:colcon.colcon_core.environment:checking '/home/charlottexiii/6558_6576/install/teleop_interfaces/lib/pkgconfig/teleop_interfaces.pc'
[1.005s] Level 1:colcon.colcon_core.environment:checking '/home/charlottexiii/6558_6576/install/teleop_interfaces/lib/python3.10/site-packages'
[1.005s] Level 1:colcon.colcon_core.environment:checking '/home/charlottexiii/6558_6576/install/teleop_interfaces/bin'
[1.006s] INFO:colcon.colcon_core.shell:Creating package script '/home/charlottexiii/6558_6576/install/teleop_interfaces/share/teleop_interfaces/package.ps1'
[1.006s] INFO:colcon.colcon_core.shell:Creating package descriptor '/home/charlottexiii/6558_6576/install/teleop_interfaces/share/teleop_interfaces/package.dsv'
[1.007s] INFO:colcon.colcon_core.shell:Creating package script '/home/charlottexiii/6558_6576/install/teleop_interfaces/share/teleop_interfaces/package.sh'
[1.007s] INFO:colcon.colcon_core.shell:Creating package script '/home/charlottexiii/6558_6576/install/teleop_interfaces/share/teleop_interfaces/package.bash'
[1.007s] INFO:colcon.colcon_core.shell:Creating package script '/home/charlottexiii/6558_6576/install/teleop_interfaces/share/teleop_interfaces/package.zsh'
[1.007s] Level 1:colcon.colcon_core.environment:create_file_with_runtime_dependencies(/home/charlottexiii/6558_6576/install/teleop_interfaces/share/colcon-core/packages/teleop_interfaces)
[1.109s] Level 1:colcon.colcon_core.environment:create_environment_scripts_only(teleop_interfaces)
[1.109s] Level 1:colcon.colcon_core.environment:checking '/home/charlottexiii/6558_6576/install/teleop_interfaces' for CMake module files
[1.110s] Level 1:colcon.colcon_core.environment:checking '/home/charlottexiii/6558_6576/install/teleop_interfaces' for CMake config files
[1.110s] Level 1:colcon.colcon_core.shell:create_environment_hook('teleop_interfaces', 'cmake_prefix_path')
[1.110s] INFO:colcon.colcon_core.shell:Creating environment hook '/home/charlottexiii/6558_6576/install/teleop_interfaces/share/teleop_interfaces/hook/cmake_prefix_path.ps1'
[1.110s] INFO:colcon.colcon_core.shell:Creating environment descriptor '/home/charlottexiii/6558_6576/install/teleop_interfaces/share/teleop_interfaces/hook/cmake_prefix_path.dsv'
[1.111s] INFO:colcon.colcon_core.shell:Creating environment hook '/home/charlottexiii/6558_6576/install/teleop_interfaces/share/teleop_interfaces/hook/cmake_prefix_path.sh'
[1.111s] Level 1:colcon.colcon_core.environment:checking '/home/charlottexiii/6558_6576/install/teleop_interfaces/lib'
[1.111s] Level 1:colcon.colcon_core.shell:create_environment_hook('teleop_interfaces', 'ld_library_path_lib')
[1.111s] INFO:colcon.colcon_core.shell:Creating environment hook '/home/charlottexiii/6558_6576/install/teleop_interfaces/share/teleop_interfaces/hook/ld_library_path_lib.ps1'
[1.111s] INFO:colcon.colcon_core.shell:Creating environment descriptor '/home/charlottexiii/6558_6576/install/teleop_interfaces/share/teleop_interfaces/hook/ld_library_path_lib.dsv'
[1.112s] INFO:colcon.colcon_core.shell:Creating environment hook '/home/charlottexiii/6558_6576/install/teleop_interfaces/share/teleop_interfaces/hook/ld_library_path_lib.sh'
[1.112s] Level 1:colcon.colcon_core.environment:checking '/home/charlottexiii/6558_6576/install/teleop_interfaces/bin'
[1.112s] Level 1:colcon.colcon_core.environment:checking '/home/charlottexiii/6558_6576/install/teleop_interfaces/lib/pkgconfig/teleop_interfaces.pc'
[1.112s] Level 1:colcon.colcon_core.environment:checking '/home/charlottexiii/6558_6576/install/teleop_interfaces/lib/python3.10/site-packages'
[1.112s] Level 1:colcon.colcon_core.environment:checking '/home/charlottexiii/6558_6576/install/teleop_interfaces/bin'
[1.112s] INFO:colcon.colcon_core.shell:Creating package script '/home/charlottexiii/6558_6576/install/teleop_interfaces/share/teleop_interfaces/package.ps1'
[1.113s] INFO:colcon.colcon_core.shell:Creating package descriptor '/home/charlottexiii/6558_6576/install/teleop_interfaces/share/teleop_interfaces/package.dsv'
[1.113s] INFO:colcon.colcon_core.shell:Creating package script '/home/charlottexiii/6558_6576/install/teleop_interfaces/share/teleop_interfaces/package.sh'
[1.114s] INFO:colcon.colcon_core.shell:Creating package script '/home/charlottexiii/6558_6576/install/teleop_interfaces/share/teleop_interfaces/package.bash'
[1.114s] INFO:colcon.colcon_core.shell:Creating package script '/home/charlottexiii/6558_6576/install/teleop_interfaces/share/teleop_interfaces/package.zsh'
[1.114s] Level 1:colcon.colcon_core.environment:create_file_with_runtime_dependencies(/home/charlottexiii/6558_6576/install/teleop_interfaces/share/colcon-core/packages/teleop_interfaces)
[1.115s] DEBUG:colcon.colcon_parallel_executor.executor.parallel:closing loop
[1.116s] DEBUG:colcon.colcon_parallel_executor.executor.parallel:loop closed
[1.116s] DEBUG:colcon.colcon_parallel_executor.executor.parallel:run_until_complete finished with '0'
[1.116s] DEBUG:colcon.colcon_core.event_reactor:joining thread
[1.126s] INFO:colcon.colcon_core.plugin_system:Skipping extension 'colcon_notification.desktop_notification.terminal_notifier': Not used on non-Darwin systems
[1.127s] INFO:colcon.colcon_core.plugin_system:Skipping extension 'colcon_notification.desktop_notification.win32': Not used on non-Windows systems
[1.127s] INFO:colcon.colcon_notification.desktop_notification:Sending desktop notification using 'notify2'
[1.142s] DEBUG:colcon.colcon_core.event_reactor:joined thread
[1.142s] INFO:colcon.colcon_core.shell:Creating prefix script '/home/charlottexiii/6558_6576/install/local_setup.ps1'
[1.143s] INFO:colcon.colcon_core.shell:Creating prefix util module '/home/charlottexiii/6558_6576/install/_local_setup_util_ps1.py'
[1.144s] INFO:colcon.colcon_core.shell:Creating prefix chain script '/home/charlottexiii/6558_6576/install/setup.ps1'
[1.146s] INFO:colcon.colcon_core.shell:Creating prefix script '/home/charlottexiii/6558_6576/install/local_setup.sh'
[1.146s] INFO:colcon.colcon_core.shell:Creating prefix util module '/home/charlottexiii/6558_6576/install/_local_setup_util_sh.py'
[1.147s] INFO:colcon.colcon_core.shell:Creating prefix chain script '/home/charlottexiii/6558_6576/install/setup.sh'
[1.148s] INFO:colcon.colcon_core.shell:Creating prefix script '/home/charlottexiii/6558_6576/install/local_setup.bash'
[1.149s] INFO:colcon.colcon_core.shell:Creating prefix chain script '/home/charlottexiii/6558_6576/install/setup.bash'
[1.150s] INFO:colcon.colcon_core.shell:Creating prefix script '/home/charlottexiii/6558_6576/install/local_setup.zsh'
[1.151s] INFO:colcon.colcon_core.shell:Creating prefix chain script '/home/charlottexiii/6558_6576/install/setup.zsh'
