[0.174s] DEBUG:colcon:Command line arguments: ['/usr/bin/colcon', 'build']
[0.174s] DEBUG:colcon:Parsed command line arguments: Namespace(log_base=None, log_level=None, verb_name='build', build_base='build', install_base='install', merge_install=False, symlink_install=False, test_result_base=None, continue_on_error=False, executor='parallel', parallel_workers=4, event_handlers=None, ignore_user_meta=False, metas=['./colcon.meta'], base_paths=['.'], packages_ignore=None, packages_ignore_regex=None, paths=None, packages_up_to=None, packages_up_to_regex=None, packages_above=None, packages_above_and_dependencies=None, packages_above_depth=None, packages_select_by_dep=None, packages_skip_by_dep=None, packages_skip_up_to=None, packages_select_build_failed=False, packages_skip_build_finished=False, packages_select_test_failures=False, packages_skip_test_passed=False, packages_select=None, packages_skip=None, packages_select_regex=None, packages_skip_regex=None, packages_start=None, packages_end=None, allow_overriding=[], cmake_args=None, cmake_target=None, cmake_target_skip_unavailable=False, cmake_clean_cache=False, cmake_clean_first=False, cmake_force_configure=False, ament_cmake_args=None, catkin_cmake_args=None, catkin_skip_building_tests=False, verb_parser=<colcon_defaults.argument_parser.defaults.DefaultArgumentsDecorator object at 0x7d903af42620>, verb_extension=<colcon_core.verb.build.BuildVerb object at 0x7d903af42020>, main=<bound method BuildVerb.main of <colcon_core.verb.build.BuildVerb object at 0x7d903af42020>>)
[0.447s] Level 1:colcon.colcon_core.package_discovery:discover_packages(colcon_meta) check parameters
[0.447s] Level 1:colcon.colcon_core.package_discovery:discover_packages(recursive) check parameters
[0.447s] Level 1:colcon.colcon_core.package_discovery:discover_packages(ignore) check parameters
[0.447s] Level 1:colcon.colcon_core.package_discovery:discover_packages(path) check parameters
[0.447s] Level 1:colcon.colcon_core.package_discovery:discover_packages(colcon_meta) discover
[0.447s] Level 1:colcon.colcon_core.package_discovery:discover_packages(recursive) discover
[0.448s] INFO:colcon.colcon_core.package_discovery:Crawling recursively for packages in '/home/talae-ubantu/6558_6576'
[0.448s] Level 1:colcon.colcon_core.package_identification:_identify(.) by extensions ['ignore', 'ignore_ament_install']
[0.448s] Level 1:colcon.colcon_core.package_identification:_identify(.) by extension 'ignore'
[0.448s] Level 1:colcon.colcon_core.package_identification:_identify(.) by extension 'ignore_ament_install'
[0.448s] Level 1:colcon.colcon_core.package_identification:_identify(.) by extensions ['colcon_pkg']
[0.448s] Level 1:colcon.colcon_core.package_identification:_identify(.) by extension 'colcon_pkg'
[0.448s] Level 1:colcon.colcon_core.package_identification:_identify(.) by extensions ['colcon_meta']
[0.448s] Level 1:colcon.colcon_core.package_identification:_identify(.) by extension 'colcon_meta'
[0.448s] Level 1:colcon.colcon_core.package_identification:_identify(.) by extensions ['ros']
[0.448s] Level 1:colcon.colcon_core.package_identification:_identify(.) by extension 'ros'
[0.465s] Level 1:colcon.colcon_core.package_identification:_identify(.) by extensions ['cmake', 'python']
[0.465s] Level 1:colcon.colcon_core.package_identification:_identify(.) by extension 'cmake'
[0.465s] Level 1:colcon.colcon_core.package_identification:_identify(.) by extension 'python'
[0.465s] Level 1:colcon.colcon_core.package_identification:_identify(.) by extensions ['python_setup_py']
[0.465s] Level 1:colcon.colcon_core.package_identification:_identify(.) by extension 'python_setup_py'
[0.466s] Level 1:colcon.colcon_core.package_identification:_identify(build) by extensions ['ignore', 'ignore_ament_install']
[0.466s] Level 1:colcon.colcon_core.package_identification:_identify(build) by extension 'ignore'
[0.466s] Level 1:colcon.colcon_core.package_identification:_identify(build) ignored
[0.466s] Level 1:colcon.colcon_core.package_identification:_identify(install) by extensions ['ignore', 'ignore_ament_install']
[0.466s] Level 1:colcon.colcon_core.package_identification:_identify(install) by extension 'ignore'
[0.466s] Level 1:colcon.colcon_core.package_identification:_identify(install) ignored
[0.466s] Level 1:colcon.colcon_core.package_identification:_identify(log) by extensions ['ignore', 'ignore_ament_install']
[0.466s] Level 1:colcon.colcon_core.package_identification:_identify(log) by extension 'ignore'
[0.466s] Level 1:colcon.colcon_core.package_identification:_identify(log) ignored
[0.466s] Level 1:colcon.colcon_core.package_identification:_identify(src) by extensions ['ignore', 'ignore_ament_install']
[0.466s] Level 1:colcon.colcon_core.package_identification:_identify(src) by extension 'ignore'
[0.466s] Level 1:colcon.colcon_core.package_identification:_identify(src) by extension 'ignore_ament_install'
[0.467s] Level 1:colcon.colcon_core.package_identification:_identify(src) by extensions ['colcon_pkg']
[0.467s] Level 1:colcon.colcon_core.package_identification:_identify(src) by extension 'colcon_pkg'
[0.467s] Level 1:colcon.colcon_core.package_identification:_identify(src) by extensions ['colcon_meta']
[0.467s] Level 1:colcon.colcon_core.package_identification:_identify(src) by extension 'colcon_meta'
[0.467s] Level 1:colcon.colcon_core.package_identification:_identify(src) by extensions ['ros']
[0.467s] Level 1:colcon.colcon_core.package_identification:_identify(src) by extension 'ros'
[0.467s] Level 1:colcon.colcon_core.package_identification:_identify(src) by extensions ['cmake', 'python']
[0.467s] Level 1:colcon.colcon_core.package_identification:_identify(src) by extension 'cmake'
[0.467s] Level 1:colcon.colcon_core.package_identification:_identify(src) by extension 'python'
[0.467s] Level 1:colcon.colcon_core.package_identification:_identify(src) by extensions ['python_setup_py']
[0.467s] Level 1:colcon.colcon_core.package_identification:_identify(src) by extension 'python_setup_py'
[0.467s] Level 1:colcon.colcon_core.package_identification:_identify(src/funny_turtleplus) by extensions ['ignore', 'ignore_ament_install']
[0.467s] Level 1:colcon.colcon_core.package_identification:_identify(src/funny_turtleplus) by extension 'ignore'
[0.467s] Level 1:colcon.colcon_core.package_identification:_identify(src/funny_turtleplus) by extension 'ignore_ament_install'
[0.467s] Level 1:colcon.colcon_core.package_identification:_identify(src/funny_turtleplus) by extensions ['colcon_pkg']
[0.467s] Level 1:colcon.colcon_core.package_identification:_identify(src/funny_turtleplus) by extension 'colcon_pkg'
[0.467s] Level 1:colcon.colcon_core.package_identification:_identify(src/funny_turtleplus) by extensions ['colcon_meta']
[0.467s] Level 1:colcon.colcon_core.package_identification:_identify(src/funny_turtleplus) by extension 'colcon_meta'
[0.467s] Level 1:colcon.colcon_core.package_identification:_identify(src/funny_turtleplus) by extensions ['ros']
[0.467s] Level 1:colcon.colcon_core.package_identification:_identify(src/funny_turtleplus) by extension 'ros'
[0.476s] DEBUG:colcon.colcon_core.package_identification:Package 'src/funny_turtleplus' with type 'ros.ament_cmake' and name 'funny_turtleplus'
[0.476s] Level 1:colcon.colcon_core.package_identification:_identify(src/teleop_interfaces) by extensions ['ignore', 'ignore_ament_install']
[0.476s] Level 1:colcon.colcon_core.package_identification:_identify(src/teleop_interfaces) by extension 'ignore'
[0.476s] Level 1:colcon.colcon_core.package_identification:_identify(src/teleop_interfaces) by extension 'ignore_ament_install'
[0.476s] Level 1:colcon.colcon_core.package_identification:_identify(src/teleop_interfaces) by extensions ['colcon_pkg']
[0.476s] Level 1:colcon.colcon_core.package_identification:_identify(src/teleop_interfaces) by extension 'colcon_pkg'
[0.476s] Level 1:colcon.colcon_core.package_identification:_identify(src/teleop_interfaces) by extensions ['colcon_meta']
[0.476s] Level 1:colcon.colcon_core.package_identification:_identify(src/teleop_interfaces) by extension 'colcon_meta'
[0.476s] Level 1:colcon.colcon_core.package_identification:_identify(src/teleop_interfaces) by extensions ['ros']
[0.476s] Level 1:colcon.colcon_core.package_identification:_identify(src/teleop_interfaces) by extension 'ros'
[0.477s] DEBUG:colcon.colcon_core.package_identification:Package 'src/teleop_interfaces' with type 'ros.ament_cmake' and name 'teleop_interfaces'
[0.477s] Level 1:colcon.colcon_core.package_identification:_identify(src/turtlesim_plus) by extensions ['ignore', 'ignore_ament_install']
[0.477s] Level 1:colcon.colcon_core.package_identification:_identify(src/turtlesim_plus) by extension 'ignore'
[0.477s] Level 1:colcon.colcon_core.package_identification:_identify(src/turtlesim_plus) by extension 'ignore_ament_install'
[0.477s] Level 1:colcon.colcon_core.package_identification:_identify(src/turtlesim_plus) by extensions ['colcon_pkg']
[0.477s] Level 1:colcon.colcon_core.package_identification:_identify(src/turtlesim_plus) by extension 'colcon_pkg'
[0.477s] Level 1:colcon.colcon_core.package_identification:_identify(src/turtlesim_plus) by extensions ['colcon_meta']
[0.477s] Level 1:colcon.colcon_core.package_identification:_identify(src/turtlesim_plus) by extension 'colcon_meta'
[0.477s] Level 1:colcon.colcon_core.package_identification:_identify(src/turtlesim_plus) by extensions ['ros']
[0.478s] Level 1:colcon.colcon_core.package_identification:_identify(src/turtlesim_plus) by extension 'ros'
[0.478s] Level 1:colcon.colcon_core.package_identification:_identify(src/turtlesim_plus) by extensions ['cmake', 'python']
[0.478s] Level 1:colcon.colcon_core.package_identification:_identify(src/turtlesim_plus) by extension 'cmake'
[0.478s] Level 1:colcon.colcon_core.package_identification:_identify(src/turtlesim_plus) by extension 'python'
[0.478s] Level 1:colcon.colcon_core.package_identification:_identify(src/turtlesim_plus) by extensions ['python_setup_py']
[0.478s] Level 1:colcon.colcon_core.package_identification:_identify(src/turtlesim_plus) by extension 'python_setup_py'
[0.478s] Level 1:colcon.colcon_core.package_identification:_identify(src/turtlesim_plus/turtlesim_plus) by extensions ['ignore', 'ignore_ament_install']
[0.478s] Level 1:colcon.colcon_core.package_identification:_identify(src/turtlesim_plus/turtlesim_plus) by extension 'ignore'
[0.478s] Level 1:colcon.colcon_core.package_identification:_identify(src/turtlesim_plus/turtlesim_plus) by extension 'ignore_ament_install'
[0.478s] Level 1:colcon.colcon_core.package_identification:_identify(src/turtlesim_plus/turtlesim_plus) by extensions ['colcon_pkg']
[0.478s] Level 1:colcon.colcon_core.package_identification:_identify(src/turtlesim_plus/turtlesim_plus) by extension 'colcon_pkg'
[0.478s] Level 1:colcon.colcon_core.package_identification:_identify(src/turtlesim_plus/turtlesim_plus) by extensions ['colcon_meta']
[0.478s] Level 1:colcon.colcon_core.package_identification:_identify(src/turtlesim_plus/turtlesim_plus) by extension 'colcon_meta'
[0.478s] Level 1:colcon.colcon_core.package_identification:_identify(src/turtlesim_plus/turtlesim_plus) by extensions ['ros']
[0.478s] Level 1:colcon.colcon_core.package_identification:_identify(src/turtlesim_plus/turtlesim_plus) by extension 'ros'
[0.479s] DEBUG:colcon.colcon_core.package_identification:Package 'src/turtlesim_plus/turtlesim_plus' with type 'ros.ament_cmake' and name 'turtlesim_plus'
[0.479s] Level 1:colcon.colcon_core.package_identification:_identify(src/turtlesim_plus/turtlesim_plus_interfaces) by extensions ['ignore', 'ignore_ament_install']
[0.479s] Level 1:colcon.colcon_core.package_identification:_identify(src/turtlesim_plus/turtlesim_plus_interfaces) by extension 'ignore'
[0.479s] Level 1:colcon.colcon_core.package_identification:_identify(src/turtlesim_plus/turtlesim_plus_interfaces) by extension 'ignore_ament_install'
[0.480s] Level 1:colcon.colcon_core.package_identification:_identify(src/turtlesim_plus/turtlesim_plus_interfaces) by extensions ['colcon_pkg']
[0.480s] Level 1:colcon.colcon_core.package_identification:_identify(src/turtlesim_plus/turtlesim_plus_interfaces) by extension 'colcon_pkg'
[0.480s] Level 1:colcon.colcon_core.package_identification:_identify(src/turtlesim_plus/turtlesim_plus_interfaces) by extensions ['colcon_meta']
[0.480s] Level 1:colcon.colcon_core.package_identification:_identify(src/turtlesim_plus/turtlesim_plus_interfaces) by extension 'colcon_meta'
[0.480s] Level 1:colcon.colcon_core.package_identification:_identify(src/turtlesim_plus/turtlesim_plus_interfaces) by extensions ['ros']
[0.480s] Level 1:colcon.colcon_core.package_identification:_identify(src/turtlesim_plus/turtlesim_plus_interfaces) by extension 'ros'
[0.480s] DEBUG:colcon.colcon_core.package_identification:Package 'src/turtlesim_plus/turtlesim_plus_interfaces' with type 'ros.ament_cmake' and name 'turtlesim_plus_interfaces'
[0.480s] Level 1:colcon.colcon_core.package_discovery:discover_packages(recursive) using defaults
[0.480s] Level 1:colcon.colcon_core.package_discovery:discover_packages(ignore) discover
[0.480s] Level 1:colcon.colcon_core.package_discovery:discover_packages(ignore) using defaults
[0.481s] Level 1:colcon.colcon_core.package_discovery:discover_packages(path) discover
[0.481s] Level 1:colcon.colcon_core.package_discovery:discover_packages(path) using defaults
[0.543s] Level 1:colcon.colcon_core.package_discovery:discover_packages(prefix_path) check parameters
[0.543s] Level 1:colcon.colcon_core.package_discovery:discover_packages(prefix_path) discover
[0.545s] DEBUG:colcon.colcon_installed_package_information.package_discovery:Found 4 installed packages in /home/talae-ubantu/fun2_ws/install
[0.546s] DEBUG:colcon.colcon_installed_package_information.package_discovery:Found 4 installed packages in /home/talae-ubantu/6558_6576/install
[0.548s] DEBUG:colcon.colcon_installed_package_information.package_discovery:Found 313 installed packages in /opt/ros/humble
[0.550s] Level 1:colcon.colcon_core.package_discovery:discover_packages(prefix_path) using defaults
[0.612s] Level 5:colcon.colcon_core.verb:set package 'funny_turtleplus' build argument 'cmake_args' from command line to 'None'
[0.612s] Level 5:colcon.colcon_core.verb:set package 'funny_turtleplus' build argument 'cmake_target' from command line to 'None'
[0.612s] Level 5:colcon.colcon_core.verb:set package 'funny_turtleplus' build argument 'cmake_target_skip_unavailable' from command line to 'False'
[0.612s] Level 5:colcon.colcon_core.verb:set package 'funny_turtleplus' build argument 'cmake_clean_cache' from command line to 'False'
[0.612s] Level 5:colcon.colcon_core.verb:set package 'funny_turtleplus' build argument 'cmake_clean_first' from command line to 'False'
[0.612s] Level 5:colcon.colcon_core.verb:set package 'funny_turtleplus' build argument 'cmake_force_configure' from command line to 'False'
[0.612s] Level 5:colcon.colcon_core.verb:set package 'funny_turtleplus' build argument 'ament_cmake_args' from command line to 'None'
[0.612s] Level 5:colcon.colcon_core.verb:set package 'funny_turtleplus' build argument 'catkin_cmake_args' from command line to 'None'
[0.612s] Level 5:colcon.colcon_core.verb:set package 'funny_turtleplus' build argument 'catkin_skip_building_tests' from command line to 'False'
[0.612s] DEBUG:colcon.colcon_core.verb:Building package 'funny_turtleplus' with the following arguments: {'ament_cmake_args': None, 'build_base': '/home/talae-ubantu/6558_6576/build/funny_turtleplus', 'catkin_cmake_args': None, 'catkin_skip_building_tests': False, 'cmake_args': None, 'cmake_clean_cache': False, 'cmake_clean_first': False, 'cmake_force_configure': False, 'cmake_target': None, 'cmake_target_skip_unavailable': False, 'install_base': '/home/talae-ubantu/6558_6576/install/funny_turtleplus', 'merge_install': False, 'path': '/home/talae-ubantu/6558_6576/src/funny_turtleplus', 'symlink_install': False, 'test_result_base': None}
[0.613s] Level 5:colcon.colcon_core.verb:set package 'teleop_interfaces' build argument 'cmake_args' from command line to 'None'
[0.613s] Level 5:colcon.colcon_core.verb:set package 'teleop_interfaces' build argument 'cmake_target' from command line to 'None'
[0.613s] Level 5:colcon.colcon_core.verb:set package 'teleop_interfaces' build argument 'cmake_target_skip_unavailable' from command line to 'False'
[0.613s] Level 5:colcon.colcon_core.verb:set package 'teleop_interfaces' build argument 'cmake_clean_cache' from command line to 'False'
[0.613s] Level 5:colcon.colcon_core.verb:set package 'teleop_interfaces' build argument 'cmake_clean_first' from command line to 'False'
[0.613s] Level 5:colcon.colcon_core.verb:set package 'teleop_interfaces' build argument 'cmake_force_configure' from command line to 'False'
[0.613s] Level 5:colcon.colcon_core.verb:set package 'teleop_interfaces' build argument 'ament_cmake_args' from command line to 'None'
[0.613s] Level 5:colcon.colcon_core.verb:set package 'teleop_interfaces' build argument 'catkin_cmake_args' from command line to 'None'
[0.613s] Level 5:colcon.colcon_core.verb:set package 'teleop_interfaces' build argument 'catkin_skip_building_tests' from command line to 'False'
[0.613s] DEBUG:colcon.colcon_core.verb:Building package 'teleop_interfaces' with the following arguments: {'ament_cmake_args': None, 'build_base': '/home/talae-ubantu/6558_6576/build/teleop_interfaces', 'catkin_cmake_args': None, 'catkin_skip_building_tests': False, 'cmake_args': None, 'cmake_clean_cache': False, 'cmake_clean_first': False, 'cmake_force_configure': False, 'cmake_target': None, 'cmake_target_skip_unavailable': False, 'install_base': '/home/talae-ubantu/6558_6576/install/teleop_interfaces', 'merge_install': False, 'path': '/home/talae-ubantu/6558_6576/src/teleop_interfaces', 'symlink_install': False, 'test_result_base': None}
[0.613s] Level 5:colcon.colcon_core.verb:set package 'turtlesim_plus' build argument 'cmake_args' from command line to 'None'
[0.613s] Level 5:colcon.colcon_core.verb:set package 'turtlesim_plus' build argument 'cmake_target' from command line to 'None'
[0.613s] Level 5:colcon.colcon_core.verb:set package 'turtlesim_plus' build argument 'cmake_target_skip_unavailable' from command line to 'False'
[0.613s] Level 5:colcon.colcon_core.verb:set package 'turtlesim_plus' build argument 'cmake_clean_cache' from command line to 'False'
[0.613s] Level 5:colcon.colcon_core.verb:set package 'turtlesim_plus' build argument 'cmake_clean_first' from command line to 'False'
[0.613s] Level 5:colcon.colcon_core.verb:set package 'turtlesim_plus' build argument 'cmake_force_configure' from command line to 'False'
[0.613s] Level 5:colcon.colcon_core.verb:set package 'turtlesim_plus' build argument 'ament_cmake_args' from command line to 'None'
[0.614s] Level 5:colcon.colcon_core.verb:set package 'turtlesim_plus' build argument 'catkin_cmake_args' from command line to 'None'
[0.614s] Level 5:colcon.colcon_core.verb:set package 'turtlesim_plus' build argument 'catkin_skip_building_tests' from command line to 'False'
[0.614s] DEBUG:colcon.colcon_core.verb:Building package 'turtlesim_plus' with the following arguments: {'ament_cmake_args': None, 'build_base': '/home/talae-ubantu/6558_6576/build/turtlesim_plus', 'catkin_cmake_args': None, 'catkin_skip_building_tests': False, 'cmake_args': None, 'cmake_clean_cache': False, 'cmake_clean_first': False, 'cmake_force_configure': False, 'cmake_target': None, 'cmake_target_skip_unavailable': False, 'install_base': '/home/talae-ubantu/6558_6576/install/turtlesim_plus', 'merge_install': False, 'path': '/home/talae-ubantu/6558_6576/src/turtlesim_plus/turtlesim_plus', 'symlink_install': False, 'test_result_base': None}
[0.614s] Level 5:colcon.colcon_core.verb:set package 'turtlesim_plus_interfaces' build argument 'cmake_args' from command line to 'None'
[0.614s] Level 5:colcon.colcon_core.verb:set package 'turtlesim_plus_interfaces' build argument 'cmake_target' from command line to 'None'
[0.614s] Level 5:colcon.colcon_core.verb:set package 'turtlesim_plus_interfaces' build argument 'cmake_target_skip_unavailable' from command line to 'False'
[0.614s] Level 5:colcon.colcon_core.verb:set package 'turtlesim_plus_interfaces' build argument 'cmake_clean_cache' from command line to 'False'
[0.614s] Level 5:colcon.colcon_core.verb:set package 'turtlesim_plus_interfaces' build argument 'cmake_clean_first' from command line to 'False'
[0.614s] Level 5:colcon.colcon_core.verb:set package 'turtlesim_plus_interfaces' build argument 'cmake_force_configure' from command line to 'False'
[0.614s] Level 5:colcon.colcon_core.verb:set package 'turtlesim_plus_interfaces' build argument 'ament_cmake_args' from command line to 'None'
[0.614s] Level 5:colcon.colcon_core.verb:set package 'turtlesim_plus_interfaces' build argument 'catkin_cmake_args' from command line to 'None'
[0.614s] Level 5:colcon.colcon_core.verb:set package 'turtlesim_plus_interfaces' build argument 'catkin_skip_building_tests' from command line to 'False'
[0.614s] DEBUG:colcon.colcon_core.verb:Building package 'turtlesim_plus_interfaces' with the following arguments: {'ament_cmake_args': None, 'build_base': '/home/talae-ubantu/6558_6576/build/turtlesim_plus_interfaces', 'catkin_cmake_args': None, 'catkin_skip_building_tests': False, 'cmake_args': None, 'cmake_clean_cache': False, 'cmake_clean_first': False, 'cmake_force_configure': False, 'cmake_target': None, 'cmake_target_skip_unavailable': False, 'install_base': '/home/talae-ubantu/6558_6576/install/turtlesim_plus_interfaces', 'merge_install': False, 'path': '/home/talae-ubantu/6558_6576/src/turtlesim_plus/turtlesim_plus_interfaces', 'symlink_install': False, 'test_result_base': None}
[0.614s] INFO:colcon.colcon_core.executor:Executing jobs using 'parallel' executor
[0.615s] DEBUG:colcon.colcon_parallel_executor.executor.parallel:run_until_complete
[0.615s] INFO:colcon.colcon_ros.task.ament_cmake.build:Building ROS package in '/home/talae-ubantu/6558_6576/src/funny_turtleplus' with build type 'ament_cmake'
[0.615s] INFO:colcon.colcon_cmake.task.cmake.build:Building CMake package in '/home/talae-ubantu/6558_6576/src/funny_turtleplus'
[0.618s] INFO:colcon.colcon_core.plugin_system:Skipping extension 'colcon_core.shell.bat': Not used on non-Windows systems
[0.618s] INFO:colcon.colcon_core.shell:Skip shell extension 'powershell' for command environment: Not usable outside of PowerShell
[0.618s] DEBUG:colcon.colcon_core.shell:Skip shell extension 'dsv' for command environment
[0.628s] INFO:colcon.colcon_ros.task.ament_cmake.build:Building ROS package in '/home/talae-ubantu/6558_6576/src/teleop_interfaces' with build type 'ament_cmake'
[0.628s] INFO:colcon.colcon_cmake.task.cmake.build:Building CMake package in '/home/talae-ubantu/6558_6576/src/teleop_interfaces'
[0.628s] INFO:colcon.colcon_core.shell:Skip shell extension 'powershell' for command environment: Not usable outside of PowerShell
[0.628s] DEBUG:colcon.colcon_core.shell:Skip shell extension 'dsv' for command environment
[0.632s] INFO:colcon.colcon_ros.task.ament_cmake.build:Building ROS package in '/home/talae-ubantu/6558_6576/src/turtlesim_plus/turtlesim_plus' with build type 'ament_cmake'
[0.632s] INFO:colcon.colcon_cmake.task.cmake.build:Building CMake package in '/home/talae-ubantu/6558_6576/src/turtlesim_plus/turtlesim_plus'
[0.633s] INFO:colcon.colcon_core.shell:Skip shell extension 'powershell' for command environment: Not usable outside of PowerShell
[0.633s] DEBUG:colcon.colcon_core.shell:Skip shell extension 'dsv' for command environment
[0.641s] INFO:colcon.colcon_ros.task.ament_cmake.build:Building ROS package in '/home/talae-ubantu/6558_6576/src/turtlesim_plus/turtlesim_plus_interfaces' with build type 'ament_cmake'
[0.642s] INFO:colcon.colcon_cmake.task.cmake.build:Building CMake package in '/home/talae-ubantu/6558_6576/src/turtlesim_plus/turtlesim_plus_interfaces'
[0.643s] INFO:colcon.colcon_core.shell:Skip shell extension 'powershell' for command environment: Not usable outside of PowerShell
[0.643s] DEBUG:colcon.colcon_core.shell:Skip shell extension 'dsv' for command environment
[0.660s] DEBUG:colcon.colcon_core.event_handler.log_command:Invoking command in '/home/talae-ubantu/6558_6576/build/funny_turtleplus': CMAKE_PREFIX_PATH=${CMAKE_PREFIX_PATH}:/opt/ros/humble /usr/bin/cmake --build /home/talae-ubantu/6558_6576/build/funny_turtleplus -- -j4 -l4
[0.665s] DEBUG:colcon.colcon_core.event_handler.log_command:Invoking command in '/home/talae-ubantu/6558_6576/build/teleop_interfaces': CMAKE_PREFIX_PATH=${CMAKE_PREFIX_PATH}:/opt/ros/humble /usr/bin/cmake --build /home/talae-ubantu/6558_6576/build/teleop_interfaces -- -j4 -l4
[0.675s] DEBUG:colcon.colcon_core.event_handler.log_command:Invoking command in '/home/talae-ubantu/6558_6576/build/turtlesim_plus': CMAKE_PREFIX_PATH=${CMAKE_PREFIX_PATH}:/opt/ros/humble /usr/bin/cmake --build /home/talae-ubantu/6558_6576/build/turtlesim_plus -- -j4 -l4
[0.699s] DEBUG:colcon.colcon_core.event_handler.log_command:Invoking command in '/home/talae-ubantu/6558_6576/build/turtlesim_plus_interfaces': CMAKE_PREFIX_PATH=${CMAKE_PREFIX_PATH}:/opt/ros/humble /usr/bin/cmake --build /home/talae-ubantu/6558_6576/build/turtlesim_plus_interfaces -- -j4 -l4
[2.069s] DEBUG:colcon.colcon_core.event_handler.log_command:Invoked command in '/home/talae-ubantu/6558_6576/build/turtlesim_plus' returned '0': CMAKE_PREFIX_PATH=${CMAKE_PREFIX_PATH}:/opt/ros/humble /usr/bin/cmake --build /home/talae-ubantu/6558_6576/build/turtlesim_plus -- -j4 -l4
[2.209s] DEBUG:colcon.colcon_core.event_handler.log_command:Invoking command in '/home/talae-ubantu/6558_6576/build/turtlesim_plus': CMAKE_PREFIX_PATH=${CMAKE_PREFIX_PATH}:/opt/ros/humble /usr/bin/cmake --install /home/talae-ubantu/6558_6576/build/turtlesim_plus
[2.245s] DEBUG:colcon.colcon_core.event_handler.log_command:Invoked command in '/home/talae-ubantu/6558_6576/build/funny_turtleplus' returned '0': CMAKE_PREFIX_PATH=${CMAKE_PREFIX_PATH}:/opt/ros/humble /usr/bin/cmake --build /home/talae-ubantu/6558_6576/build/funny_turtleplus -- -j4 -l4
[2.351s] DEBUG:colcon.colcon_core.event_handler.log_command:Invoking command in '/home/talae-ubantu/6558_6576/build/funny_turtleplus': CMAKE_PREFIX_PATH=${CMAKE_PREFIX_PATH}:/opt/ros/humble /usr/bin/cmake --install /home/talae-ubantu/6558_6576/build/funny_turtleplus
[2.440s] Level 1:colcon.colcon_core.environment:create_environment_scripts_only(turtlesim_plus)
[2.444s] DEBUG:colcon.colcon_core.event_handler.log_command:Invoked command in '/home/talae-ubantu/6558_6576/build/turtlesim_plus' returned '0': CMAKE_PREFIX_PATH=${CMAKE_PREFIX_PATH}:/opt/ros/humble /usr/bin/cmake --install /home/talae-ubantu/6558_6576/build/turtlesim_plus
[2.451s] Level 1:colcon.colcon_core.environment:checking '/home/talae-ubantu/6558_6576/install/turtlesim_plus' for CMake module files
[2.453s] Level 1:colcon.colcon_core.environment:checking '/home/talae-ubantu/6558_6576/install/turtlesim_plus' for CMake config files
[2.457s] Level 1:colcon.colcon_core.shell:create_environment_hook('turtlesim_plus', 'cmake_prefix_path')
[2.458s] INFO:colcon.colcon_core.shell:Creating environment hook '/home/talae-ubantu/6558_6576/install/turtlesim_plus/share/turtlesim_plus/hook/cmake_prefix_path.ps1'
[2.459s] INFO:colcon.colcon_core.shell:Creating environment descriptor '/home/talae-ubantu/6558_6576/install/turtlesim_plus/share/turtlesim_plus/hook/cmake_prefix_path.dsv'
[2.461s] INFO:colcon.colcon_core.shell:Creating environment hook '/home/talae-ubantu/6558_6576/install/turtlesim_plus/share/turtlesim_plus/hook/cmake_prefix_path.sh'
[2.464s] Level 1:colcon.colcon_core.environment:checking '/home/talae-ubantu/6558_6576/install/turtlesim_plus/lib'
[2.465s] Level 1:colcon.colcon_core.environment:checking '/home/talae-ubantu/6558_6576/install/turtlesim_plus/bin'
[2.465s] Level 1:colcon.colcon_core.environment:checking '/home/talae-ubantu/6558_6576/install/turtlesim_plus/lib/pkgconfig/turtlesim_plus.pc'
[2.465s] Level 1:colcon.colcon_core.environment:checking '/home/talae-ubantu/6558_6576/install/turtlesim_plus/lib/python3.10/site-packages'
[2.466s] Level 1:colcon.colcon_core.environment:checking '/home/talae-ubantu/6558_6576/install/turtlesim_plus/bin'
[2.466s] INFO:colcon.colcon_core.shell:Creating package script '/home/talae-ubantu/6558_6576/install/turtlesim_plus/share/turtlesim_plus/package.ps1'
[2.475s] INFO:colcon.colcon_core.shell:Creating package descriptor '/home/talae-ubantu/6558_6576/install/turtlesim_plus/share/turtlesim_plus/package.dsv'
[2.478s] INFO:colcon.colcon_core.shell:Creating package script '/home/talae-ubantu/6558_6576/install/turtlesim_plus/share/turtlesim_plus/package.sh'
[2.481s] INFO:colcon.colcon_core.shell:Creating package script '/home/talae-ubantu/6558_6576/install/turtlesim_plus/share/turtlesim_plus/package.bash'
[2.483s] INFO:colcon.colcon_core.shell:Creating package script '/home/talae-ubantu/6558_6576/install/turtlesim_plus/share/turtlesim_plus/package.zsh'
[2.489s] Level 1:colcon.colcon_core.environment:create_file_with_runtime_dependencies(/home/talae-ubantu/6558_6576/install/turtlesim_plus/share/colcon-core/packages/turtlesim_plus)
[2.535s] DEBUG:colcon.colcon_core.event_handler.log_command:Invoked command in '/home/talae-ubantu/6558_6576/build/teleop_interfaces' returned '0': CMAKE_PREFIX_PATH=${CMAKE_PREFIX_PATH}:/opt/ros/humble /usr/bin/cmake --build /home/talae-ubantu/6558_6576/build/teleop_interfaces -- -j4 -l4
[2.567s] Level 1:colcon.colcon_core.environment:create_environment_scripts_only(funny_turtleplus)
[2.568s] Level 1:colcon.colcon_core.environment:checking '/home/talae-ubantu/6558_6576/install/funny_turtleplus' for CMake module files
[2.569s] DEBUG:colcon.colcon_core.event_handler.log_command:Invoked command in '/home/talae-ubantu/6558_6576/build/funny_turtleplus' returned '0': CMAKE_PREFIX_PATH=${CMAKE_PREFIX_PATH}:/opt/ros/humble /usr/bin/cmake --install /home/talae-ubantu/6558_6576/build/funny_turtleplus
[2.571s] Level 1:colcon.colcon_core.environment:checking '/home/talae-ubantu/6558_6576/install/funny_turtleplus' for CMake config files
[2.575s] Level 1:colcon.colcon_core.shell:create_environment_hook('funny_turtleplus', 'cmake_prefix_path')
[2.576s] INFO:colcon.colcon_core.shell:Creating environment hook '/home/talae-ubantu/6558_6576/install/funny_turtleplus/share/funny_turtleplus/hook/cmake_prefix_path.ps1'
[2.578s] INFO:colcon.colcon_core.shell:Creating environment descriptor '/home/talae-ubantu/6558_6576/install/funny_turtleplus/share/funny_turtleplus/hook/cmake_prefix_path.dsv'
[2.579s] INFO:colcon.colcon_core.shell:Creating environment hook '/home/talae-ubantu/6558_6576/install/funny_turtleplus/share/funny_turtleplus/hook/cmake_prefix_path.sh'
[2.580s] Level 1:colcon.colcon_core.environment:checking '/home/talae-ubantu/6558_6576/install/funny_turtleplus/lib'
[2.580s] Level 1:colcon.colcon_core.environment:checking '/home/talae-ubantu/6558_6576/install/funny_turtleplus/bin'
[2.580s] Level 1:colcon.colcon_core.environment:checking '/home/talae-ubantu/6558_6576/install/funny_turtleplus/lib/pkgconfig/funny_turtleplus.pc'
[2.580s] Level 1:colcon.colcon_core.environment:checking '/home/talae-ubantu/6558_6576/install/funny_turtleplus/lib/python3.10/site-packages'
[2.581s] Level 1:colcon.colcon_core.environment:checking '/home/talae-ubantu/6558_6576/install/funny_turtleplus/bin'
[2.581s] INFO:colcon.colcon_core.shell:Creating package script '/home/talae-ubantu/6558_6576/install/funny_turtleplus/share/funny_turtleplus/package.ps1'
[2.582s] INFO:colcon.colcon_core.shell:Creating package descriptor '/home/talae-ubantu/6558_6576/install/funny_turtleplus/share/funny_turtleplus/package.dsv'
[2.582s] INFO:colcon.colcon_core.shell:Creating package script '/home/talae-ubantu/6558_6576/install/funny_turtleplus/share/funny_turtleplus/package.sh'
[2.583s] INFO:colcon.colcon_core.shell:Creating package script '/home/talae-ubantu/6558_6576/install/funny_turtleplus/share/funny_turtleplus/package.bash'
[2.583s] INFO:colcon.colcon_core.shell:Creating package script '/home/talae-ubantu/6558_6576/install/funny_turtleplus/share/funny_turtleplus/package.zsh'
[2.584s] Level 1:colcon.colcon_core.environment:create_file_with_runtime_dependencies(/home/talae-ubantu/6558_6576/install/funny_turtleplus/share/colcon-core/packages/funny_turtleplus)
[2.592s] Level 1:colcon.colcon_core.environment:create_environment_scripts_only(turtlesim_plus)
[2.593s] Level 1:colcon.colcon_core.environment:checking '/home/talae-ubantu/6558_6576/install/turtlesim_plus' for CMake module files
[2.594s] Level 1:colcon.colcon_core.environment:checking '/home/talae-ubantu/6558_6576/install/turtlesim_plus' for CMake config files
[2.595s] Level 1:colcon.colcon_core.shell:create_environment_hook('turtlesim_plus', 'cmake_prefix_path')
[2.596s] INFO:colcon.colcon_core.shell:Creating environment hook '/home/talae-ubantu/6558_6576/install/turtlesim_plus/share/turtlesim_plus/hook/cmake_prefix_path.ps1'
[2.597s] INFO:colcon.colcon_core.shell:Creating environment descriptor '/home/talae-ubantu/6558_6576/install/turtlesim_plus/share/turtlesim_plus/hook/cmake_prefix_path.dsv'
[2.598s] INFO:colcon.colcon_core.shell:Creating environment hook '/home/talae-ubantu/6558_6576/install/turtlesim_plus/share/turtlesim_plus/hook/cmake_prefix_path.sh'
[2.599s] Level 1:colcon.colcon_core.environment:checking '/home/talae-ubantu/6558_6576/install/turtlesim_plus/lib'
[2.599s] Level 1:colcon.colcon_core.environment:checking '/home/talae-ubantu/6558_6576/install/turtlesim_plus/bin'
[2.600s] Level 1:colcon.colcon_core.environment:checking '/home/talae-ubantu/6558_6576/install/turtlesim_plus/lib/pkgconfig/turtlesim_plus.pc'
[2.600s] Level 1:colcon.colcon_core.environment:checking '/home/talae-ubantu/6558_6576/install/turtlesim_plus/lib/python3.10/site-packages'
[2.601s] Level 1:colcon.colcon_core.environment:checking '/home/talae-ubantu/6558_6576/install/turtlesim_plus/bin'
[2.604s] INFO:colcon.colcon_core.shell:Creating package script '/home/talae-ubantu/6558_6576/install/turtlesim_plus/share/turtlesim_plus/package.ps1'
[2.607s] INFO:colcon.colcon_core.shell:Creating package descriptor '/home/talae-ubantu/6558_6576/install/turtlesim_plus/share/turtlesim_plus/package.dsv'
[2.611s] INFO:colcon.colcon_core.shell:Creating package script '/home/talae-ubantu/6558_6576/install/turtlesim_plus/share/turtlesim_plus/package.sh'
[2.612s] INFO:colcon.colcon_core.shell:Creating package script '/home/talae-ubantu/6558_6576/install/turtlesim_plus/share/turtlesim_plus/package.bash'
[2.616s] INFO:colcon.colcon_core.shell:Creating package script '/home/talae-ubantu/6558_6576/install/turtlesim_plus/share/turtlesim_plus/package.zsh'
[2.617s] Level 1:colcon.colcon_core.environment:create_file_with_runtime_dependencies(/home/talae-ubantu/6558_6576/install/turtlesim_plus/share/colcon-core/packages/turtlesim_plus)
[2.681s] Level 1:colcon.colcon_core.environment:create_environment_scripts_only(funny_turtleplus)
[2.681s] Level 1:colcon.colcon_core.environment:checking '/home/talae-ubantu/6558_6576/install/funny_turtleplus' for CMake module files
[2.683s] Level 1:colcon.colcon_core.environment:checking '/home/talae-ubantu/6558_6576/install/funny_turtleplus' for CMake config files
[2.684s] Level 1:colcon.colcon_core.shell:create_environment_hook('funny_turtleplus', 'cmake_prefix_path')
[2.686s] INFO:colcon.colcon_core.shell:Creating environment hook '/home/talae-ubantu/6558_6576/install/funny_turtleplus/share/funny_turtleplus/hook/cmake_prefix_path.ps1'
[2.689s] INFO:colcon.colcon_core.shell:Creating environment descriptor '/home/talae-ubantu/6558_6576/install/funny_turtleplus/share/funny_turtleplus/hook/cmake_prefix_path.dsv'
[2.691s] INFO:colcon.colcon_core.shell:Creating environment hook '/home/talae-ubantu/6558_6576/install/funny_turtleplus/share/funny_turtleplus/hook/cmake_prefix_path.sh'
[2.694s] Level 1:colcon.colcon_core.environment:checking '/home/talae-ubantu/6558_6576/install/funny_turtleplus/lib'
[2.694s] Level 1:colcon.colcon_core.environment:checking '/home/talae-ubantu/6558_6576/install/funny_turtleplus/bin'
[2.695s] Level 1:colcon.colcon_core.environment:checking '/home/talae-ubantu/6558_6576/install/funny_turtleplus/lib/pkgconfig/funny_turtleplus.pc'
[2.695s] Level 1:colcon.colcon_core.environment:checking '/home/talae-ubantu/6558_6576/install/funny_turtleplus/lib/python3.10/site-packages'
[2.696s] Level 1:colcon.colcon_core.environment:checking '/home/talae-ubantu/6558_6576/install/funny_turtleplus/bin'
[2.697s] INFO:colcon.colcon_core.shell:Creating package script '/home/talae-ubantu/6558_6576/install/funny_turtleplus/share/funny_turtleplus/package.ps1'
[2.698s] INFO:colcon.colcon_core.shell:Creating package descriptor '/home/talae-ubantu/6558_6576/install/funny_turtleplus/share/funny_turtleplus/package.dsv'
[2.699s] INFO:colcon.colcon_core.shell:Creating package script '/home/talae-ubantu/6558_6576/install/funny_turtleplus/share/funny_turtleplus/package.sh'
[2.700s] INFO:colcon.colcon_core.shell:Creating package script '/home/talae-ubantu/6558_6576/install/funny_turtleplus/share/funny_turtleplus/package.bash'
[2.700s] INFO:colcon.colcon_core.shell:Creating package script '/home/talae-ubantu/6558_6576/install/funny_turtleplus/share/funny_turtleplus/package.zsh'
[2.701s] Level 1:colcon.colcon_core.environment:create_file_with_runtime_dependencies(/home/talae-ubantu/6558_6576/install/funny_turtleplus/share/colcon-core/packages/funny_turtleplus)
[2.891s] DEBUG:colcon.colcon_core.event_handler.log_command:Invoking command in '/home/talae-ubantu/6558_6576/build/teleop_interfaces': CMAKE_PREFIX_PATH=${CMAKE_PREFIX_PATH}:/opt/ros/humble /usr/bin/cmake --install /home/talae-ubantu/6558_6576/build/teleop_interfaces
[3.014s] DEBUG:colcon.colcon_core.event_handler.log_command:Invoked command in '/home/talae-ubantu/6558_6576/build/turtlesim_plus_interfaces' returned '0': CMAKE_PREFIX_PATH=${CMAKE_PREFIX_PATH}:/opt/ros/humble /usr/bin/cmake --build /home/talae-ubantu/6558_6576/build/turtlesim_plus_interfaces -- -j4 -l4
[3.051s] Level 1:colcon.colcon_core.environment:create_environment_scripts_only(teleop_interfaces)
[3.051s] Level 1:colcon.colcon_core.environment:checking '/home/talae-ubantu/6558_6576/install/teleop_interfaces' for CMake module files
[3.055s] DEBUG:colcon.colcon_core.event_handler.log_command:Invoked command in '/home/talae-ubantu/6558_6576/build/teleop_interfaces' returned '0': CMAKE_PREFIX_PATH=${CMAKE_PREFIX_PATH}:/opt/ros/humble /usr/bin/cmake --install /home/talae-ubantu/6558_6576/build/teleop_interfaces
[3.056s] Level 1:colcon.colcon_core.environment:checking '/home/talae-ubantu/6558_6576/install/teleop_interfaces' for CMake config files
[3.058s] Level 1:colcon.colcon_core.shell:create_environment_hook('teleop_interfaces', 'cmake_prefix_path')
[3.060s] INFO:colcon.colcon_core.shell:Creating environment hook '/home/talae-ubantu/6558_6576/install/teleop_interfaces/share/teleop_interfaces/hook/cmake_prefix_path.ps1'
[3.062s] INFO:colcon.colcon_core.shell:Creating environment descriptor '/home/talae-ubantu/6558_6576/install/teleop_interfaces/share/teleop_interfaces/hook/cmake_prefix_path.dsv'
[3.063s] INFO:colcon.colcon_core.shell:Creating environment hook '/home/talae-ubantu/6558_6576/install/teleop_interfaces/share/teleop_interfaces/hook/cmake_prefix_path.sh'
[3.063s] Level 1:colcon.colcon_core.environment:checking '/home/talae-ubantu/6558_6576/install/teleop_interfaces/lib'
[3.064s] Level 1:colcon.colcon_core.shell:create_environment_hook('teleop_interfaces', 'ld_library_path_lib')
[3.064s] INFO:colcon.colcon_core.shell:Creating environment hook '/home/talae-ubantu/6558_6576/install/teleop_interfaces/share/teleop_interfaces/hook/ld_library_path_lib.ps1'
[3.064s] INFO:colcon.colcon_core.shell:Creating environment descriptor '/home/talae-ubantu/6558_6576/install/teleop_interfaces/share/teleop_interfaces/hook/ld_library_path_lib.dsv'
[3.065s] INFO:colcon.colcon_core.shell:Creating environment hook '/home/talae-ubantu/6558_6576/install/teleop_interfaces/share/teleop_interfaces/hook/ld_library_path_lib.sh'
[3.065s] Level 1:colcon.colcon_core.environment:checking '/home/talae-ubantu/6558_6576/install/teleop_interfaces/bin'
[3.065s] Level 1:colcon.colcon_core.environment:checking '/home/talae-ubantu/6558_6576/install/teleop_interfaces/lib/pkgconfig/teleop_interfaces.pc'
[3.066s] Level 1:colcon.colcon_core.environment:checking '/home/talae-ubantu/6558_6576/install/teleop_interfaces/lib/python3.10/site-packages'
[3.066s] Level 1:colcon.colcon_core.environment:checking '/home/talae-ubantu/6558_6576/install/teleop_interfaces/bin'
[3.066s] INFO:colcon.colcon_core.shell:Creating package script '/home/talae-ubantu/6558_6576/install/teleop_interfaces/share/teleop_interfaces/package.ps1'
[3.067s] INFO:colcon.colcon_core.shell:Creating package descriptor '/home/talae-ubantu/6558_6576/install/teleop_interfaces/share/teleop_interfaces/package.dsv'
[3.068s] INFO:colcon.colcon_core.shell:Creating package script '/home/talae-ubantu/6558_6576/install/teleop_interfaces/share/teleop_interfaces/package.sh'
[3.069s] INFO:colcon.colcon_core.shell:Creating package script '/home/talae-ubantu/6558_6576/install/teleop_interfaces/share/teleop_interfaces/package.bash'
[3.070s] INFO:colcon.colcon_core.shell:Creating package script '/home/talae-ubantu/6558_6576/install/teleop_interfaces/share/teleop_interfaces/package.zsh'
[3.074s] Level 1:colcon.colcon_core.environment:create_file_with_runtime_dependencies(/home/talae-ubantu/6558_6576/install/teleop_interfaces/share/colcon-core/packages/teleop_interfaces)
[3.307s] DEBUG:colcon.colcon_core.event_handler.log_command:Invoking command in '/home/talae-ubantu/6558_6576/build/turtlesim_plus_interfaces': CMAKE_PREFIX_PATH=${CMAKE_PREFIX_PATH}:/opt/ros/humble /usr/bin/cmake --install /home/talae-ubantu/6558_6576/build/turtlesim_plus_interfaces
[3.366s] Level 1:colcon.colcon_core.environment:create_environment_scripts_only(teleop_interfaces)
[3.366s] Level 1:colcon.colcon_core.environment:checking '/home/talae-ubantu/6558_6576/install/teleop_interfaces' for CMake module files
[3.370s] Level 1:colcon.colcon_core.environment:checking '/home/talae-ubantu/6558_6576/install/teleop_interfaces' for CMake config files
[3.373s] Level 1:colcon.colcon_core.shell:create_environment_hook('teleop_interfaces', 'cmake_prefix_path')
[3.374s] INFO:colcon.colcon_core.shell:Creating environment hook '/home/talae-ubantu/6558_6576/install/teleop_interfaces/share/teleop_interfaces/hook/cmake_prefix_path.ps1'
[3.376s] INFO:colcon.colcon_core.shell:Creating environment descriptor '/home/talae-ubantu/6558_6576/install/teleop_interfaces/share/teleop_interfaces/hook/cmake_prefix_path.dsv'
[3.376s] INFO:colcon.colcon_core.shell:Creating environment hook '/home/talae-ubantu/6558_6576/install/teleop_interfaces/share/teleop_interfaces/hook/cmake_prefix_path.sh'
[3.378s] Level 1:colcon.colcon_core.environment:checking '/home/talae-ubantu/6558_6576/install/teleop_interfaces/lib'
[3.378s] Level 1:colcon.colcon_core.shell:create_environment_hook('teleop_interfaces', 'ld_library_path_lib')
[3.380s] INFO:colcon.colcon_core.shell:Creating environment hook '/home/talae-ubantu/6558_6576/install/teleop_interfaces/share/teleop_interfaces/hook/ld_library_path_lib.ps1'
[3.380s] INFO:colcon.colcon_core.shell:Creating environment descriptor '/home/talae-ubantu/6558_6576/install/teleop_interfaces/share/teleop_interfaces/hook/ld_library_path_lib.dsv'
[3.381s] INFO:colcon.colcon_core.shell:Creating environment hook '/home/talae-ubantu/6558_6576/install/teleop_interfaces/share/teleop_interfaces/hook/ld_library_path_lib.sh'
[3.381s] Level 1:colcon.colcon_core.environment:checking '/home/talae-ubantu/6558_6576/install/teleop_interfaces/bin'
[3.382s] Level 1:colcon.colcon_core.environment:checking '/home/talae-ubantu/6558_6576/install/teleop_interfaces/lib/pkgconfig/teleop_interfaces.pc'
[3.382s] Level 1:colcon.colcon_core.environment:checking '/home/talae-ubantu/6558_6576/install/teleop_interfaces/lib/python3.10/site-packages'
[3.383s] Level 1:colcon.colcon_core.environment:checking '/home/talae-ubantu/6558_6576/install/teleop_interfaces/bin'
[3.383s] INFO:colcon.colcon_core.shell:Creating package script '/home/talae-ubantu/6558_6576/install/teleop_interfaces/share/teleop_interfaces/package.ps1'
[3.385s] INFO:colcon.colcon_core.shell:Creating package descriptor '/home/talae-ubantu/6558_6576/install/teleop_interfaces/share/teleop_interfaces/package.dsv'
[3.389s] INFO:colcon.colcon_core.shell:Creating package script '/home/talae-ubantu/6558_6576/install/teleop_interfaces/share/teleop_interfaces/package.sh'
[3.390s] INFO:colcon.colcon_core.shell:Creating package script '/home/talae-ubantu/6558_6576/install/teleop_interfaces/share/teleop_interfaces/package.bash'
[3.392s] INFO:colcon.colcon_core.shell:Creating package script '/home/talae-ubantu/6558_6576/install/teleop_interfaces/share/teleop_interfaces/package.zsh'
[3.394s] Level 1:colcon.colcon_core.environment:create_file_with_runtime_dependencies(/home/talae-ubantu/6558_6576/install/teleop_interfaces/share/colcon-core/packages/teleop_interfaces)
[3.464s] Level 1:colcon.colcon_core.environment:create_environment_scripts_only(turtlesim_plus_interfaces)
[3.464s] Level 1:colcon.colcon_core.environment:checking '/home/talae-ubantu/6558_6576/install/turtlesim_plus_interfaces' for CMake module files
[3.465s] DEBUG:colcon.colcon_core.event_handler.log_command:Invoked command in '/home/talae-ubantu/6558_6576/build/turtlesim_plus_interfaces' returned '0': CMAKE_PREFIX_PATH=${CMAKE_PREFIX_PATH}:/opt/ros/humble /usr/bin/cmake --install /home/talae-ubantu/6558_6576/build/turtlesim_plus_interfaces
[3.466s] Level 1:colcon.colcon_core.environment:checking '/home/talae-ubantu/6558_6576/install/turtlesim_plus_interfaces' for CMake config files
[3.467s] Level 1:colcon.colcon_core.shell:create_environment_hook('turtlesim_plus_interfaces', 'cmake_prefix_path')
[3.468s] INFO:colcon.colcon_core.shell:Creating environment hook '/home/talae-ubantu/6558_6576/install/turtlesim_plus_interfaces/share/turtlesim_plus_interfaces/hook/cmake_prefix_path.ps1'
[3.469s] INFO:colcon.colcon_core.shell:Creating environment descriptor '/home/talae-ubantu/6558_6576/install/turtlesim_plus_interfaces/share/turtlesim_plus_interfaces/hook/cmake_prefix_path.dsv'
[3.471s] INFO:colcon.colcon_core.shell:Creating environment hook '/home/talae-ubantu/6558_6576/install/turtlesim_plus_interfaces/share/turtlesim_plus_interfaces/hook/cmake_prefix_path.sh'
[3.476s] Level 1:colcon.colcon_core.environment:checking '/home/talae-ubantu/6558_6576/install/turtlesim_plus_interfaces/lib'
[3.476s] Level 1:colcon.colcon_core.shell:create_environment_hook('turtlesim_plus_interfaces', 'ld_library_path_lib')
[3.477s] INFO:colcon.colcon_core.shell:Creating environment hook '/home/talae-ubantu/6558_6576/install/turtlesim_plus_interfaces/share/turtlesim_plus_interfaces/hook/ld_library_path_lib.ps1'
[3.478s] INFO:colcon.colcon_core.shell:Creating environment descriptor '/home/talae-ubantu/6558_6576/install/turtlesim_plus_interfaces/share/turtlesim_plus_interfaces/hook/ld_library_path_lib.dsv'
[3.479s] INFO:colcon.colcon_core.shell:Creating environment hook '/home/talae-ubantu/6558_6576/install/turtlesim_plus_interfaces/share/turtlesim_plus_interfaces/hook/ld_library_path_lib.sh'
[3.480s] Level 1:colcon.colcon_core.environment:checking '/home/talae-ubantu/6558_6576/install/turtlesim_plus_interfaces/bin'
[3.480s] Level 1:colcon.colcon_core.environment:checking '/home/talae-ubantu/6558_6576/install/turtlesim_plus_interfaces/lib/pkgconfig/turtlesim_plus_interfaces.pc'
[3.480s] Level 1:colcon.colcon_core.environment:checking '/home/talae-ubantu/6558_6576/install/turtlesim_plus_interfaces/lib/python3.10/site-packages'
[3.480s] Level 1:colcon.colcon_core.environment:checking '/home/talae-ubantu/6558_6576/install/turtlesim_plus_interfaces/bin'
[3.481s] INFO:colcon.colcon_core.shell:Creating package script '/home/talae-ubantu/6558_6576/install/turtlesim_plus_interfaces/share/turtlesim_plus_interfaces/package.ps1'
[3.482s] INFO:colcon.colcon_core.shell:Creating package descriptor '/home/talae-ubantu/6558_6576/install/turtlesim_plus_interfaces/share/turtlesim_plus_interfaces/package.dsv'
[3.482s] INFO:colcon.colcon_core.shell:Creating package script '/home/talae-ubantu/6558_6576/install/turtlesim_plus_interfaces/share/turtlesim_plus_interfaces/package.sh'
[3.483s] INFO:colcon.colcon_core.shell:Creating package script '/home/talae-ubantu/6558_6576/install/turtlesim_plus_interfaces/share/turtlesim_plus_interfaces/package.bash'
[3.483s] INFO:colcon.colcon_core.shell:Creating package script '/home/talae-ubantu/6558_6576/install/turtlesim_plus_interfaces/share/turtlesim_plus_interfaces/package.zsh'
[3.483s] Level 1:colcon.colcon_core.environment:create_file_with_runtime_dependencies(/home/talae-ubantu/6558_6576/install/turtlesim_plus_interfaces/share/colcon-core/packages/turtlesim_plus_interfaces)
[3.756s] Level 1:colcon.colcon_core.environment:create_environment_scripts_only(turtlesim_plus_interfaces)
[3.757s] Level 1:colcon.colcon_core.environment:checking '/home/talae-ubantu/6558_6576/install/turtlesim_plus_interfaces' for CMake module files
[3.759s] Level 1:colcon.colcon_core.environment:checking '/home/talae-ubantu/6558_6576/install/turtlesim_plus_interfaces' for CMake config files
[3.760s] Level 1:colcon.colcon_core.shell:create_environment_hook('turtlesim_plus_interfaces', 'cmake_prefix_path')
[3.760s] INFO:colcon.colcon_core.shell:Creating environment hook '/home/talae-ubantu/6558_6576/install/turtlesim_plus_interfaces/share/turtlesim_plus_interfaces/hook/cmake_prefix_path.ps1'
[3.761s] INFO:colcon.colcon_core.shell:Creating environment descriptor '/home/talae-ubantu/6558_6576/install/turtlesim_plus_interfaces/share/turtlesim_plus_interfaces/hook/cmake_prefix_path.dsv'
[3.761s] INFO:colcon.colcon_core.shell:Creating environment hook '/home/talae-ubantu/6558_6576/install/turtlesim_plus_interfaces/share/turtlesim_plus_interfaces/hook/cmake_prefix_path.sh'
[3.762s] Level 1:colcon.colcon_core.environment:checking '/home/talae-ubantu/6558_6576/install/turtlesim_plus_interfaces/lib'
[3.762s] Level 1:colcon.colcon_core.shell:create_environment_hook('turtlesim_plus_interfaces', 'ld_library_path_lib')
[3.762s] INFO:colcon.colcon_core.shell:Creating environment hook '/home/talae-ubantu/6558_6576/install/turtlesim_plus_interfaces/share/turtlesim_plus_interfaces/hook/ld_library_path_lib.ps1'
[3.763s] INFO:colcon.colcon_core.shell:Creating environment descriptor '/home/talae-ubantu/6558_6576/install/turtlesim_plus_interfaces/share/turtlesim_plus_interfaces/hook/ld_library_path_lib.dsv'
[3.763s] INFO:colcon.colcon_core.shell:Creating environment hook '/home/talae-ubantu/6558_6576/install/turtlesim_plus_interfaces/share/turtlesim_plus_interfaces/hook/ld_library_path_lib.sh'
[3.763s] Level 1:colcon.colcon_core.environment:checking '/home/talae-ubantu/6558_6576/install/turtlesim_plus_interfaces/bin'
[3.763s] Level 1:colcon.colcon_core.environment:checking '/home/talae-ubantu/6558_6576/install/turtlesim_plus_interfaces/lib/pkgconfig/turtlesim_plus_interfaces.pc'
[3.764s] Level 1:colcon.colcon_core.environment:checking '/home/talae-ubantu/6558_6576/install/turtlesim_plus_interfaces/lib/python3.10/site-packages'
[3.764s] Level 1:colcon.colcon_core.environment:checking '/home/talae-ubantu/6558_6576/install/turtlesim_plus_interfaces/bin'
[3.765s] INFO:colcon.colcon_core.shell:Creating package script '/home/talae-ubantu/6558_6576/install/turtlesim_plus_interfaces/share/turtlesim_plus_interfaces/package.ps1'
[3.765s] INFO:colcon.colcon_core.shell:Creating package descriptor '/home/talae-ubantu/6558_6576/install/turtlesim_plus_interfaces/share/turtlesim_plus_interfaces/package.dsv'
[3.766s] INFO:colcon.colcon_core.shell:Creating package script '/home/talae-ubantu/6558_6576/install/turtlesim_plus_interfaces/share/turtlesim_plus_interfaces/package.sh'
[3.766s] INFO:colcon.colcon_core.shell:Creating package script '/home/talae-ubantu/6558_6576/install/turtlesim_plus_interfaces/share/turtlesim_plus_interfaces/package.bash'
[3.767s] INFO:colcon.colcon_core.shell:Creating package script '/home/talae-ubantu/6558_6576/install/turtlesim_plus_interfaces/share/turtlesim_plus_interfaces/package.zsh'
[3.767s] Level 1:colcon.colcon_core.environment:create_file_with_runtime_dependencies(/home/talae-ubantu/6558_6576/install/turtlesim_plus_interfaces/share/colcon-core/packages/turtlesim_plus_interfaces)
[3.768s] DEBUG:colcon.colcon_parallel_executor.executor.parallel:closing loop
[3.769s] DEBUG:colcon.colcon_parallel_executor.executor.parallel:loop closed
[3.769s] DEBUG:colcon.colcon_parallel_executor.executor.parallel:run_until_complete finished with '0'
[3.769s] DEBUG:colcon.colcon_core.event_reactor:joining thread
[3.783s] INFO:colcon.colcon_core.plugin_system:Skipping extension 'colcon_notification.desktop_notification.terminal_notifier': Not used on non-Darwin systems
[3.783s] INFO:colcon.colcon_core.plugin_system:Skipping extension 'colcon_notification.desktop_notification.win32': Not used on non-Windows systems
[3.783s] INFO:colcon.colcon_notification.desktop_notification:Sending desktop notification using 'notify2'
[3.811s] DEBUG:colcon.colcon_core.event_reactor:joined thread
[3.812s] INFO:colcon.colcon_core.shell:Creating prefix script '/home/talae-ubantu/6558_6576/install/local_setup.ps1'
[3.813s] INFO:colcon.colcon_core.shell:Creating prefix util module '/home/talae-ubantu/6558_6576/install/_local_setup_util_ps1.py'
[3.818s] INFO:colcon.colcon_core.shell:Creating prefix chain script '/home/talae-ubantu/6558_6576/install/setup.ps1'
[3.826s] INFO:colcon.colcon_core.shell:Creating prefix script '/home/talae-ubantu/6558_6576/install/local_setup.sh'
[3.828s] INFO:colcon.colcon_core.shell:Creating prefix util module '/home/talae-ubantu/6558_6576/install/_local_setup_util_sh.py'
[3.829s] INFO:colcon.colcon_core.shell:Creating prefix chain script '/home/talae-ubantu/6558_6576/install/setup.sh'
[3.833s] INFO:colcon.colcon_core.shell:Creating prefix script '/home/talae-ubantu/6558_6576/install/local_setup.bash'
[3.836s] INFO:colcon.colcon_core.shell:Creating prefix chain script '/home/talae-ubantu/6558_6576/install/setup.bash'
[3.843s] INFO:colcon.colcon_core.shell:Creating prefix script '/home/talae-ubantu/6558_6576/install/local_setup.zsh'
[3.846s] INFO:colcon.colcon_core.shell:Creating prefix chain script '/home/talae-ubantu/6558_6576/install/setup.zsh'
