[0.038s] Invoking command in '/home/talae-ubantu/6558_6576/build/turtlesim_plus_interfaces': CMAKE_PREFIX_PATH=${CMAKE_PREFIX_PATH}:/opt/ros/humble /usr/bin/cmake --build /home/talae-ubantu/6558_6576/build/turtlesim_plus_interfaces -- -j4 -l4
[0.213s] [  1%] Built target turtlesim_plus_interfaces__cpp
[0.229s] [ 12%] Built target turtlesim_plus_interfaces__rosidl_generator_c
[0.255s] [ 12%] Built target ament_cmake_python_copy_turtlesim_plus_interfaces
[0.345s] [ 23%] Built target turtlesim_plus_interfaces__rosidl_typesupport_fastrtps_cpp
[0.360s] [ 34%] Built target turtlesim_plus_interfaces__rosidl_typesupport_cpp
[0.391s] [ 45%] Built target turtlesim_plus_interfaces__rosidl_typesupport_introspection_cpp
[0.421s] [ 56%] Built target turtlesim_plus_interfaces__rosidl_typesupport_fastrtps_c
[0.461s] [ 67%] Built target turtlesim_plus_interfaces__rosidl_typesupport_introspection_c
[0.465s] [ 78%] Built target turtlesim_plus_interfaces__rosidl_typesupport_c
[0.552s] [ 78%] Built target turtlesim_plus_interfaces
[0.628s] [ 80%] Built target turtlesim_plus_interfaces__py
[0.728s] [ 89%] Built target turtlesim_plus_interfaces__rosidl_generator_py
[0.838s] [ 92%] Built target turtlesim_plus_interfaces__rosidl_typesupport_c__pyext
[0.858s] [ 96%] Built target turtlesim_plus_interfaces__rosidl_typesupport_introspection_c__pyext
[0.862s] [100%] Built target turtlesim_plus_interfaces__rosidl_typesupport_fastrtps_c__pyext
[1.116s] running egg_info
[1.118s] writing turtlesim_plus_interfaces.egg-info/PKG-INFO
[1.118s] writing dependency_links to turtlesim_plus_interfaces.egg-info/dependency_links.txt
[1.119s] writing top-level names to turtlesim_plus_interfaces.egg-info/top_level.txt
[1.128s] reading manifest file 'turtlesim_plus_interfaces.egg-info/SOURCES.txt'
[1.128s] writing manifest file 'turtlesim_plus_interfaces.egg-info/SOURCES.txt'
[1.186s] [100%] Built target ament_cmake_python_build_turtlesim_plus_interfaces_egg
[1.207s] Invoked command in '/home/talae-ubantu/6558_6576/build/turtlesim_plus_interfaces' returned '0': CMAKE_PREFIX_PATH=${CMAKE_PREFIX_PATH}:/opt/ros/humble /usr/bin/cmake --build /home/talae-ubantu/6558_6576/build/turtlesim_plus_interfaces -- -j4 -l4
[1.417s] Invoking command in '/home/talae-ubantu/6558_6576/build/turtlesim_plus_interfaces': CMAKE_PREFIX_PATH=${CMAKE_PREFIX_PATH}:/opt/ros/humble /usr/bin/cmake --install /home/talae-ubantu/6558_6576/build/turtlesim_plus_interfaces
[1.433s] -- Install configuration: ""
[1.433s] -- Up-to-date: /home/talae-ubantu/6558_6576/install/turtlesim_plus_interfaces/share/ament_index/resource_index/rosidl_interfaces/turtlesim_plus_interfaces
[1.433s] -- Up-to-date: /home/talae-ubantu/6558_6576/install/turtlesim_plus_interfaces/include/turtlesim_plus_interfaces/turtlesim_plus_interfaces
[1.433s] -- Up-to-date: /home/talae-ubantu/6558_6576/install/turtlesim_plus_interfaces/include/turtlesim_plus_interfaces/turtlesim_plus_interfaces/action
[1.433s] -- Up-to-date: /home/talae-ubantu/6558_6576/install/turtlesim_plus_interfaces/include/turtlesim_plus_interfaces/turtlesim_plus_interfaces/action/detail
[1.433s] -- Up-to-date: /home/talae-ubantu/6558_6576/install/turtlesim_plus_interfaces/include/turtlesim_plus_interfaces/turtlesim_plus_interfaces/action/detail/get_data__functions.h
[1.433s] -- Up-to-date: /home/talae-ubantu/6558_6576/install/turtlesim_plus_interfaces/include/turtlesim_plus_interfaces/turtlesim_plus_interfaces/action/detail/get_data__struct.h
[1.434s] -- Up-to-date: /home/talae-ubantu/6558_6576/install/turtlesim_plus_interfaces/include/turtlesim_plus_interfaces/turtlesim_plus_interfaces/action/detail/get_data__type_support.h
[1.436s] -- Up-to-date: /home/talae-ubantu/6558_6576/install/turtlesim_plus_interfaces/include/turtlesim_plus_interfaces/turtlesim_plus_interfaces/action/detail/get_data__functions.c
[1.436s] -- Up-to-date: /home/talae-ubantu/6558_6576/install/turtlesim_plus_interfaces/include/turtlesim_plus_interfaces/turtlesim_plus_interfaces/action/get_data.h
[1.436s] -- Up-to-date: /home/talae-ubantu/6558_6576/install/turtlesim_plus_interfaces/include/turtlesim_plus_interfaces/turtlesim_plus_interfaces/srv
[1.436s] -- Up-to-date: /home/talae-ubantu/6558_6576/install/turtlesim_plus_interfaces/include/turtlesim_plus_interfaces/turtlesim_plus_interfaces/srv/detail
[1.436s] -- Up-to-date: /home/talae-ubantu/6558_6576/install/turtlesim_plus_interfaces/include/turtlesim_plus_interfaces/turtlesim_plus_interfaces/srv/detail/give_position__functions.h
[1.436s] -- Up-to-date: /home/talae-ubantu/6558_6576/install/turtlesim_plus_interfaces/include/turtlesim_plus_interfaces/turtlesim_plus_interfaces/srv/detail/give_position__type_support.h
[1.436s] -- Up-to-date: /home/talae-ubantu/6558_6576/install/turtlesim_plus_interfaces/include/turtlesim_plus_interfaces/turtlesim_plus_interfaces/srv/detail/give_position__functions.c
[1.439s] -- Up-to-date: /home/talae-ubantu/6558_6576/install/turtlesim_plus_interfaces/include/turtlesim_plus_interfaces/turtlesim_plus_interfaces/srv/detail/give_position__struct.h
[1.439s] -- Up-to-date: /home/talae-ubantu/6558_6576/install/turtlesim_plus_interfaces/include/turtlesim_plus_interfaces/turtlesim_plus_interfaces/srv/give_position.h
[1.439s] -- Up-to-date: /home/talae-ubantu/6558_6576/install/turtlesim_plus_interfaces/include/turtlesim_plus_interfaces/turtlesim_plus_interfaces/msg
[1.439s] -- Up-to-date: /home/talae-ubantu/6558_6576/install/turtlesim_plus_interfaces/include/turtlesim_plus_interfaces/turtlesim_plus_interfaces/msg/rosidl_generator_c__visibility_control.h
[1.439s] -- Up-to-date: /home/talae-ubantu/6558_6576/install/turtlesim_plus_interfaces/include/turtlesim_plus_interfaces/turtlesim_plus_interfaces/msg/scanner_data_array.h
[1.440s] -- Up-to-date: /home/talae-ubantu/6558_6576/install/turtlesim_plus_interfaces/include/turtlesim_plus_interfaces/turtlesim_plus_interfaces/msg/detail
[1.440s] -- Up-to-date: /home/talae-ubantu/6558_6576/install/turtlesim_plus_interfaces/include/turtlesim_plus_interfaces/turtlesim_plus_interfaces/msg/detail/scanner_data__type_support.h
[1.440s] -- Up-to-date: /home/talae-ubantu/6558_6576/install/turtlesim_plus_interfaces/include/turtlesim_plus_interfaces/turtlesim_plus_interfaces/msg/detail/scanner_data_array__struct.h
[1.440s] -- Up-to-date: /home/talae-ubantu/6558_6576/install/turtlesim_plus_interfaces/include/turtlesim_plus_interfaces/turtlesim_plus_interfaces/msg/detail/scanner_data_array__type_support.h
[1.441s] -- Up-to-date: /home/talae-ubantu/6558_6576/install/turtlesim_plus_interfaces/include/turtlesim_plus_interfaces/turtlesim_plus_interfaces/msg/detail/scanner_data__functions.h
[1.441s] -- Up-to-date: /home/talae-ubantu/6558_6576/install/turtlesim_plus_interfaces/include/turtlesim_plus_interfaces/turtlesim_plus_interfaces/msg/detail/scanner_data_array__functions.c
[1.441s] -- Up-to-date: /home/talae-ubantu/6558_6576/install/turtlesim_plus_interfaces/include/turtlesim_plus_interfaces/turtlesim_plus_interfaces/msg/detail/scanner_data__struct.h
[1.441s] -- Up-to-date: /home/talae-ubantu/6558_6576/install/turtlesim_plus_interfaces/include/turtlesim_plus_interfaces/turtlesim_plus_interfaces/msg/detail/scanner_data__functions.c
[1.441s] -- Up-to-date: /home/talae-ubantu/6558_6576/install/turtlesim_plus_interfaces/include/turtlesim_plus_interfaces/turtlesim_plus_interfaces/msg/detail/scanner_data_array__functions.h
[1.441s] -- Up-to-date: /home/talae-ubantu/6558_6576/install/turtlesim_plus_interfaces/include/turtlesim_plus_interfaces/turtlesim_plus_interfaces/msg/scanner_data.h
[1.441s] -- Up-to-date: /home/talae-ubantu/6558_6576/install/turtlesim_plus_interfaces/share/turtlesim_plus_interfaces/environment/library_path.sh
[1.442s] -- Up-to-date: /home/talae-ubantu/6558_6576/install/turtlesim_plus_interfaces/share/turtlesim_plus_interfaces/environment/library_path.dsv
[1.442s] -- Up-to-date: /home/talae-ubantu/6558_6576/install/turtlesim_plus_interfaces/lib/libturtlesim_plus_interfaces__rosidl_generator_c.so
[1.442s] -- Up-to-date: /home/talae-ubantu/6558_6576/install/turtlesim_plus_interfaces/include/turtlesim_plus_interfaces/turtlesim_plus_interfaces
[1.442s] -- Up-to-date: /home/talae-ubantu/6558_6576/install/turtlesim_plus_interfaces/include/turtlesim_plus_interfaces/turtlesim_plus_interfaces/action
[1.442s] -- Up-to-date: /home/talae-ubantu/6558_6576/install/turtlesim_plus_interfaces/include/turtlesim_plus_interfaces/turtlesim_plus_interfaces/action/detail
[1.443s] -- Up-to-date: /home/talae-ubantu/6558_6576/install/turtlesim_plus_interfaces/include/turtlesim_plus_interfaces/turtlesim_plus_interfaces/action/detail/get_data__rosidl_typesupport_fastrtps_c.h
[1.443s] -- Up-to-date: /home/talae-ubantu/6558_6576/install/turtlesim_plus_interfaces/include/turtlesim_plus_interfaces/turtlesim_plus_interfaces/srv
[1.443s] -- Up-to-date: /home/talae-ubantu/6558_6576/install/turtlesim_plus_interfaces/include/turtlesim_plus_interfaces/turtlesim_plus_interfaces/srv/detail
[1.443s] -- Up-to-date: /home/talae-ubantu/6558_6576/install/turtlesim_plus_interfaces/include/turtlesim_plus_interfaces/turtlesim_plus_interfaces/srv/detail/give_position__rosidl_typesupport_fastrtps_c.h
[1.443s] -- Up-to-date: /home/talae-ubantu/6558_6576/install/turtlesim_plus_interfaces/include/turtlesim_plus_interfaces/turtlesim_plus_interfaces/msg
[1.443s] -- Up-to-date: /home/talae-ubantu/6558_6576/install/turtlesim_plus_interfaces/include/turtlesim_plus_interfaces/turtlesim_plus_interfaces/msg/rosidl_typesupport_fastrtps_c__visibility_control.h
[1.444s] -- Up-to-date: /home/talae-ubantu/6558_6576/install/turtlesim_plus_interfaces/include/turtlesim_plus_interfaces/turtlesim_plus_interfaces/msg/detail
[1.444s] -- Up-to-date: /home/talae-ubantu/6558_6576/install/turtlesim_plus_interfaces/include/turtlesim_plus_interfaces/turtlesim_plus_interfaces/msg/detail/scanner_data__rosidl_typesupport_fastrtps_c.h
[1.444s] -- Up-to-date: /home/talae-ubantu/6558_6576/install/turtlesim_plus_interfaces/include/turtlesim_plus_interfaces/turtlesim_plus_interfaces/msg/detail/scanner_data_array__rosidl_typesupport_fastrtps_c.h
[1.444s] -- Up-to-date: /home/talae-ubantu/6558_6576/install/turtlesim_plus_interfaces/lib/libturtlesim_plus_interfaces__rosidl_typesupport_fastrtps_c.so
[1.444s] -- Up-to-date: /home/talae-ubantu/6558_6576/install/turtlesim_plus_interfaces/include/turtlesim_plus_interfaces/turtlesim_plus_interfaces
[1.445s] -- Up-to-date: /home/talae-ubantu/6558_6576/install/turtlesim_plus_interfaces/include/turtlesim_plus_interfaces/turtlesim_plus_interfaces/action
[1.445s] -- Up-to-date: /home/talae-ubantu/6558_6576/install/turtlesim_plus_interfaces/include/turtlesim_plus_interfaces/turtlesim_plus_interfaces/action/detail
[1.445s] -- Up-to-date: /home/talae-ubantu/6558_6576/install/turtlesim_plus_interfaces/include/turtlesim_plus_interfaces/turtlesim_plus_interfaces/action/detail/get_data__type_support.c
[1.445s] -- Up-to-date: /home/talae-ubantu/6558_6576/install/turtlesim_plus_interfaces/include/turtlesim_plus_interfaces/turtlesim_plus_interfaces/action/detail/get_data__rosidl_typesupport_introspection_c.h
[1.445s] -- Up-to-date: /home/talae-ubantu/6558_6576/install/turtlesim_plus_interfaces/include/turtlesim_plus_interfaces/turtlesim_plus_interfaces/srv
[1.446s] -- Up-to-date: /home/talae-ubantu/6558_6576/install/turtlesim_plus_interfaces/include/turtlesim_plus_interfaces/turtlesim_plus_interfaces/srv/detail
[1.446s] -- Up-to-date: /home/talae-ubantu/6558_6576/install/turtlesim_plus_interfaces/include/turtlesim_plus_interfaces/turtlesim_plus_interfaces/srv/detail/give_position__rosidl_typesupport_introspection_c.h
[1.446s] -- Up-to-date: /home/talae-ubantu/6558_6576/install/turtlesim_plus_interfaces/include/turtlesim_plus_interfaces/turtlesim_plus_interfaces/srv/detail/give_position__type_support.c
[1.446s] -- Up-to-date: /home/talae-ubantu/6558_6576/install/turtlesim_plus_interfaces/include/turtlesim_plus_interfaces/turtlesim_plus_interfaces/msg
[1.446s] -- Up-to-date: /home/talae-ubantu/6558_6576/install/turtlesim_plus_interfaces/include/turtlesim_plus_interfaces/turtlesim_plus_interfaces/msg/rosidl_typesupport_introspection_c__visibility_control.h
[1.447s] -- Up-to-date: /home/talae-ubantu/6558_6576/install/turtlesim_plus_interfaces/include/turtlesim_plus_interfaces/turtlesim_plus_interfaces/msg/detail
[1.447s] -- Up-to-date: /home/talae-ubantu/6558_6576/install/turtlesim_plus_interfaces/include/turtlesim_plus_interfaces/turtlesim_plus_interfaces/msg/detail/scanner_data_array__type_support.c
[1.447s] -- Up-to-date: /home/talae-ubantu/6558_6576/install/turtlesim_plus_interfaces/include/turtlesim_plus_interfaces/turtlesim_plus_interfaces/msg/detail/scanner_data__rosidl_typesupport_introspection_c.h
[1.447s] -- Up-to-date: /home/talae-ubantu/6558_6576/install/turtlesim_plus_interfaces/include/turtlesim_plus_interfaces/turtlesim_plus_interfaces/msg/detail/scanner_data_array__rosidl_typesupport_introspection_c.h
[1.447s] -- Up-to-date: /home/talae-ubantu/6558_6576/install/turtlesim_plus_interfaces/include/turtlesim_plus_interfaces/turtlesim_plus_interfaces/msg/detail/scanner_data__type_support.c
[1.447s] -- Up-to-date: /home/talae-ubantu/6558_6576/install/turtlesim_plus_interfaces/lib/libturtlesim_plus_interfaces__rosidl_typesupport_introspection_c.so
[1.448s] -- Up-to-date: /home/talae-ubantu/6558_6576/install/turtlesim_plus_interfaces/lib/libturtlesim_plus_interfaces__rosidl_typesupport_c.so
[1.448s] -- Up-to-date: /home/talae-ubantu/6558_6576/install/turtlesim_plus_interfaces/include/turtlesim_plus_interfaces/turtlesim_plus_interfaces
[1.448s] -- Up-to-date: /home/talae-ubantu/6558_6576/install/turtlesim_plus_interfaces/include/turtlesim_plus_interfaces/turtlesim_plus_interfaces/action
[1.448s] -- Up-to-date: /home/talae-ubantu/6558_6576/install/turtlesim_plus_interfaces/include/turtlesim_plus_interfaces/turtlesim_plus_interfaces/action/get_data.hpp
[1.448s] -- Up-to-date: /home/talae-ubantu/6558_6576/install/turtlesim_plus_interfaces/include/turtlesim_plus_interfaces/turtlesim_plus_interfaces/action/detail
[1.448s] -- Up-to-date: /home/talae-ubantu/6558_6576/install/turtlesim_plus_interfaces/include/turtlesim_plus_interfaces/turtlesim_plus_interfaces/action/detail/get_data__traits.hpp
[1.448s] -- Up-to-date: /home/talae-ubantu/6558_6576/install/turtlesim_plus_interfaces/include/turtlesim_plus_interfaces/turtlesim_plus_interfaces/action/detail/get_data__builder.hpp
[1.448s] -- Up-to-date: /home/talae-ubantu/6558_6576/install/turtlesim_plus_interfaces/include/turtlesim_plus_interfaces/turtlesim_plus_interfaces/action/detail/get_data__struct.hpp
[1.448s] -- Up-to-date: /home/talae-ubantu/6558_6576/install/turtlesim_plus_interfaces/include/turtlesim_plus_interfaces/turtlesim_plus_interfaces/srv
[1.448s] -- Up-to-date: /home/talae-ubantu/6558_6576/install/turtlesim_plus_interfaces/include/turtlesim_plus_interfaces/turtlesim_plus_interfaces/srv/detail
[1.449s] -- Up-to-date: /home/talae-ubantu/6558_6576/install/turtlesim_plus_interfaces/include/turtlesim_plus_interfaces/turtlesim_plus_interfaces/srv/detail/give_position__traits.hpp
[1.449s] -- Up-to-date: /home/talae-ubantu/6558_6576/install/turtlesim_plus_interfaces/include/turtlesim_plus_interfaces/turtlesim_plus_interfaces/srv/detail/give_position__struct.hpp
[1.449s] -- Up-to-date: /home/talae-ubantu/6558_6576/install/turtlesim_plus_interfaces/include/turtlesim_plus_interfaces/turtlesim_plus_interfaces/srv/detail/give_position__builder.hpp
[1.449s] -- Up-to-date: /home/talae-ubantu/6558_6576/install/turtlesim_plus_interfaces/include/turtlesim_plus_interfaces/turtlesim_plus_interfaces/srv/give_position.hpp
[1.449s] -- Up-to-date: /home/talae-ubantu/6558_6576/install/turtlesim_plus_interfaces/include/turtlesim_plus_interfaces/turtlesim_plus_interfaces/msg
[1.449s] -- Up-to-date: /home/talae-ubantu/6558_6576/install/turtlesim_plus_interfaces/include/turtlesim_plus_interfaces/turtlesim_plus_interfaces/msg/scanner_data.hpp
[1.449s] -- Up-to-date: /home/talae-ubantu/6558_6576/install/turtlesim_plus_interfaces/include/turtlesim_plus_interfaces/turtlesim_plus_interfaces/msg/scanner_data_array.hpp
[1.449s] -- Up-to-date: /home/talae-ubantu/6558_6576/install/turtlesim_plus_interfaces/include/turtlesim_plus_interfaces/turtlesim_plus_interfaces/msg/detail
[1.449s] -- Up-to-date: /home/talae-ubantu/6558_6576/install/turtlesim_plus_interfaces/include/turtlesim_plus_interfaces/turtlesim_plus_interfaces/msg/detail/scanner_data__struct.hpp
[1.449s] -- Up-to-date: /home/talae-ubantu/6558_6576/install/turtlesim_plus_interfaces/include/turtlesim_plus_interfaces/turtlesim_plus_interfaces/msg/detail/scanner_data__builder.hpp
[1.449s] -- Up-to-date: /home/talae-ubantu/6558_6576/install/turtlesim_plus_interfaces/include/turtlesim_plus_interfaces/turtlesim_plus_interfaces/msg/detail/scanner_data_array__builder.hpp
[1.450s] -- Up-to-date: /home/talae-ubantu/6558_6576/install/turtlesim_plus_interfaces/include/turtlesim_plus_interfaces/turtlesim_plus_interfaces/msg/detail/scanner_data_array__struct.hpp
[1.450s] -- Up-to-date: /home/talae-ubantu/6558_6576/install/turtlesim_plus_interfaces/include/turtlesim_plus_interfaces/turtlesim_plus_interfaces/msg/detail/scanner_data_array__traits.hpp
[1.450s] -- Up-to-date: /home/talae-ubantu/6558_6576/install/turtlesim_plus_interfaces/include/turtlesim_plus_interfaces/turtlesim_plus_interfaces/msg/detail/scanner_data__traits.hpp
[1.450s] -- Up-to-date: /home/talae-ubantu/6558_6576/install/turtlesim_plus_interfaces/include/turtlesim_plus_interfaces/turtlesim_plus_interfaces
[1.450s] -- Up-to-date: /home/talae-ubantu/6558_6576/install/turtlesim_plus_interfaces/include/turtlesim_plus_interfaces/turtlesim_plus_interfaces/action
[1.450s] -- Up-to-date: /home/talae-ubantu/6558_6576/install/turtlesim_plus_interfaces/include/turtlesim_plus_interfaces/turtlesim_plus_interfaces/action/detail
[1.450s] -- Up-to-date: /home/talae-ubantu/6558_6576/install/turtlesim_plus_interfaces/include/turtlesim_plus_interfaces/turtlesim_plus_interfaces/action/detail/get_data__rosidl_typesupport_fastrtps_cpp.hpp
[1.451s] -- Up-to-date: /home/talae-ubantu/6558_6576/install/turtlesim_plus_interfaces/include/turtlesim_plus_interfaces/turtlesim_plus_interfaces/action/detail/dds_fastrtps
[1.451s] -- Up-to-date: /home/talae-ubantu/6558_6576/install/turtlesim_plus_interfaces/include/turtlesim_plus_interfaces/turtlesim_plus_interfaces/srv
[1.451s] -- Up-to-date: /home/talae-ubantu/6558_6576/install/turtlesim_plus_interfaces/include/turtlesim_plus_interfaces/turtlesim_plus_interfaces/srv/detail
[1.451s] -- Up-to-date: /home/talae-ubantu/6558_6576/install/turtlesim_plus_interfaces/include/turtlesim_plus_interfaces/turtlesim_plus_interfaces/srv/detail/give_position__rosidl_typesupport_fastrtps_cpp.hpp
[1.451s] -- Up-to-date: /home/talae-ubantu/6558_6576/install/turtlesim_plus_interfaces/include/turtlesim_plus_interfaces/turtlesim_plus_interfaces/srv/detail/dds_fastrtps
[1.451s] -- Up-to-date: /home/talae-ubantu/6558_6576/install/turtlesim_plus_interfaces/include/turtlesim_plus_interfaces/turtlesim_plus_interfaces/msg
[1.452s] -- Up-to-date: /home/talae-ubantu/6558_6576/install/turtlesim_plus_interfaces/include/turtlesim_plus_interfaces/turtlesim_plus_interfaces/msg/detail
[1.452s] -- Up-to-date: /home/talae-ubantu/6558_6576/install/turtlesim_plus_interfaces/include/turtlesim_plus_interfaces/turtlesim_plus_interfaces/msg/detail/scanner_data_array__rosidl_typesupport_fastrtps_cpp.hpp
[1.452s] -- Up-to-date: /home/talae-ubantu/6558_6576/install/turtlesim_plus_interfaces/include/turtlesim_plus_interfaces/turtlesim_plus_interfaces/msg/detail/dds_fastrtps
[1.452s] -- Up-to-date: /home/talae-ubantu/6558_6576/install/turtlesim_plus_interfaces/include/turtlesim_plus_interfaces/turtlesim_plus_interfaces/msg/detail/scanner_data__rosidl_typesupport_fastrtps_cpp.hpp
[1.452s] -- Up-to-date: /home/talae-ubantu/6558_6576/install/turtlesim_plus_interfaces/include/turtlesim_plus_interfaces/turtlesim_plus_interfaces/msg/rosidl_typesupport_fastrtps_cpp__visibility_control.h
[1.453s] -- Up-to-date: /home/talae-ubantu/6558_6576/install/turtlesim_plus_interfaces/lib/libturtlesim_plus_interfaces__rosidl_typesupport_fastrtps_cpp.so
[1.453s] -- Up-to-date: /home/talae-ubantu/6558_6576/install/turtlesim_plus_interfaces/include/turtlesim_plus_interfaces/turtlesim_plus_interfaces
[1.453s] -- Up-to-date: /home/talae-ubantu/6558_6576/install/turtlesim_plus_interfaces/include/turtlesim_plus_interfaces/turtlesim_plus_interfaces/action
[1.453s] -- Up-to-date: /home/talae-ubantu/6558_6576/install/turtlesim_plus_interfaces/include/turtlesim_plus_interfaces/turtlesim_plus_interfaces/action/detail
[1.453s] -- Up-to-date: /home/talae-ubantu/6558_6576/install/turtlesim_plus_interfaces/include/turtlesim_plus_interfaces/turtlesim_plus_interfaces/action/detail/get_data__type_support.cpp
[1.454s] -- Up-to-date: /home/talae-ubantu/6558_6576/install/turtlesim_plus_interfaces/include/turtlesim_plus_interfaces/turtlesim_plus_interfaces/action/detail/get_data__rosidl_typesupport_introspection_cpp.hpp
[1.454s] -- Up-to-date: /home/talae-ubantu/6558_6576/install/turtlesim_plus_interfaces/include/turtlesim_plus_interfaces/turtlesim_plus_interfaces/srv
[1.454s] -- Up-to-date: /home/talae-ubantu/6558_6576/install/turtlesim_plus_interfaces/include/turtlesim_plus_interfaces/turtlesim_plus_interfaces/srv/detail
[1.454s] -- Up-to-date: /home/talae-ubantu/6558_6576/install/turtlesim_plus_interfaces/include/turtlesim_plus_interfaces/turtlesim_plus_interfaces/srv/detail/give_position__rosidl_typesupport_introspection_cpp.hpp
[1.455s] -- Up-to-date: /home/talae-ubantu/6558_6576/install/turtlesim_plus_interfaces/include/turtlesim_plus_interfaces/turtlesim_plus_interfaces/srv/detail/give_position__type_support.cpp
[1.455s] -- Up-to-date: /home/talae-ubantu/6558_6576/install/turtlesim_plus_interfaces/include/turtlesim_plus_interfaces/turtlesim_plus_interfaces/msg
[1.455s] -- Up-to-date: /home/talae-ubantu/6558_6576/install/turtlesim_plus_interfaces/include/turtlesim_plus_interfaces/turtlesim_plus_interfaces/msg/detail
[1.455s] -- Up-to-date: /home/talae-ubantu/6558_6576/install/turtlesim_plus_interfaces/include/turtlesim_plus_interfaces/turtlesim_plus_interfaces/msg/detail/scanner_data_array__rosidl_typesupport_introspection_cpp.hpp
[1.456s] -- Up-to-date: /home/talae-ubantu/6558_6576/install/turtlesim_plus_interfaces/include/turtlesim_plus_interfaces/turtlesim_plus_interfaces/msg/detail/scanner_data__rosidl_typesupport_introspection_cpp.hpp
[1.456s] -- Up-to-date: /home/talae-ubantu/6558_6576/install/turtlesim_plus_interfaces/include/turtlesim_plus_interfaces/turtlesim_plus_interfaces/msg/detail/scanner_data_array__type_support.cpp
[1.456s] -- Up-to-date: /home/talae-ubantu/6558_6576/install/turtlesim_plus_interfaces/include/turtlesim_plus_interfaces/turtlesim_plus_interfaces/msg/detail/scanner_data__type_support.cpp
[1.456s] -- Up-to-date: /home/talae-ubantu/6558_6576/install/turtlesim_plus_interfaces/lib/libturtlesim_plus_interfaces__rosidl_typesupport_introspection_cpp.so
[1.456s] -- Up-to-date: /home/talae-ubantu/6558_6576/install/turtlesim_plus_interfaces/lib/libturtlesim_plus_interfaces__rosidl_typesupport_cpp.so
[1.457s] -- Up-to-date: /home/talae-ubantu/6558_6576/install/turtlesim_plus_interfaces/share/turtlesim_plus_interfaces/environment/pythonpath.sh
[1.457s] -- Up-to-date: /home/talae-ubantu/6558_6576/install/turtlesim_plus_interfaces/share/turtlesim_plus_interfaces/environment/pythonpath.dsv
[1.457s] -- Up-to-date: /home/talae-ubantu/6558_6576/install/turtlesim_plus_interfaces/local/lib/python3.10/dist-packages/turtlesim_plus_interfaces-0.0.0-py3.10.egg-info
[1.457s] -- Installing: /home/talae-ubantu/6558_6576/install/turtlesim_plus_interfaces/local/lib/python3.10/dist-packages/turtlesim_plus_interfaces-0.0.0-py3.10.egg-info/PKG-INFO
[1.457s] -- Installing: /home/talae-ubantu/6558_6576/install/turtlesim_plus_interfaces/local/lib/python3.10/dist-packages/turtlesim_plus_interfaces-0.0.0-py3.10.egg-info/top_level.txt
[1.457s] -- Installing: /home/talae-ubantu/6558_6576/install/turtlesim_plus_interfaces/local/lib/python3.10/dist-packages/turtlesim_plus_interfaces-0.0.0-py3.10.egg-info/SOURCES.txt
[1.457s] -- Installing: /home/talae-ubantu/6558_6576/install/turtlesim_plus_interfaces/local/lib/python3.10/dist-packages/turtlesim_plus_interfaces-0.0.0-py3.10.egg-info/dependency_links.txt
[1.457s] -- Up-to-date: /home/talae-ubantu/6558_6576/install/turtlesim_plus_interfaces/local/lib/python3.10/dist-packages/turtlesim_plus_interfaces
[1.458s] -- Up-to-date: /home/talae-ubantu/6558_6576/install/turtlesim_plus_interfaces/local/lib/python3.10/dist-packages/turtlesim_plus_interfaces/__init__.py
[1.458s] -- Up-to-date: /home/talae-ubantu/6558_6576/install/turtlesim_plus_interfaces/local/lib/python3.10/dist-packages/turtlesim_plus_interfaces/turtlesim_plus_interfaces_s__rosidl_typesupport_introspection_c.cpython-310-x86_64-linux-gnu.so
[1.458s] -- Up-to-date: /home/talae-ubantu/6558_6576/install/turtlesim_plus_interfaces/local/lib/python3.10/dist-packages/turtlesim_plus_interfaces/turtlesim_plus_interfaces_s__rosidl_typesupport_fastrtps_c.cpython-310-x86_64-linux-gnu.so
[1.458s] -- Up-to-date: /home/talae-ubantu/6558_6576/install/turtlesim_plus_interfaces/local/lib/python3.10/dist-packages/turtlesim_plus_interfaces/action
[1.458s] -- Up-to-date: /home/talae-ubantu/6558_6576/install/turtlesim_plus_interfaces/local/lib/python3.10/dist-packages/turtlesim_plus_interfaces/action/__init__.py
[1.458s] -- Up-to-date: /home/talae-ubantu/6558_6576/install/turtlesim_plus_interfaces/local/lib/python3.10/dist-packages/turtlesim_plus_interfaces/action/_get_data.py
[1.458s] -- Up-to-date: /home/talae-ubantu/6558_6576/install/turtlesim_plus_interfaces/local/lib/python3.10/dist-packages/turtlesim_plus_interfaces/action/_get_data_s.c
[1.458s] -- Up-to-date: /home/talae-ubantu/6558_6576/install/turtlesim_plus_interfaces/local/lib/python3.10/dist-packages/turtlesim_plus_interfaces/_turtlesim_plus_interfaces_s.ep.rosidl_typesupport_fastrtps_c.c
[1.459s] -- Up-to-date: /home/talae-ubantu/6558_6576/install/turtlesim_plus_interfaces/local/lib/python3.10/dist-packages/turtlesim_plus_interfaces/turtlesim_plus_interfaces_s__rosidl_typesupport_c.cpython-310-x86_64-linux-gnu.so
[1.459s] -- Up-to-date: /home/talae-ubantu/6558_6576/install/turtlesim_plus_interfaces/local/lib/python3.10/dist-packages/turtlesim_plus_interfaces/libturtlesim_plus_interfaces__rosidl_generator_py.so
[1.460s] -- Up-to-date: /home/talae-ubantu/6558_6576/install/turtlesim_plus_interfaces/local/lib/python3.10/dist-packages/turtlesim_plus_interfaces/_turtlesim_plus_interfaces_s.ep.rosidl_typesupport_c.c
[1.460s] -- Up-to-date: /home/talae-ubantu/6558_6576/install/turtlesim_plus_interfaces/local/lib/python3.10/dist-packages/turtlesim_plus_interfaces/srv
[1.460s] -- Up-to-date: /home/talae-ubantu/6558_6576/install/turtlesim_plus_interfaces/local/lib/python3.10/dist-packages/turtlesim_plus_interfaces/srv/__init__.py
[1.460s] -- Up-to-date: /home/talae-ubantu/6558_6576/install/turtlesim_plus_interfaces/local/lib/python3.10/dist-packages/turtlesim_plus_interfaces/srv/_give_position_s.c
[1.460s] -- Up-to-date: /home/talae-ubantu/6558_6576/install/turtlesim_plus_interfaces/local/lib/python3.10/dist-packages/turtlesim_plus_interfaces/srv/_give_position.py
[1.460s] -- Up-to-date: /home/talae-ubantu/6558_6576/install/turtlesim_plus_interfaces/local/lib/python3.10/dist-packages/turtlesim_plus_interfaces/_turtlesim_plus_interfaces_s.ep.rosidl_typesupport_introspection_c.c
[1.461s] -- Up-to-date: /home/talae-ubantu/6558_6576/install/turtlesim_plus_interfaces/local/lib/python3.10/dist-packages/turtlesim_plus_interfaces/msg
[1.463s] -- Up-to-date: /home/talae-ubantu/6558_6576/install/turtlesim_plus_interfaces/local/lib/python3.10/dist-packages/turtlesim_plus_interfaces/msg/__init__.py
[1.463s] -- Up-to-date: /home/talae-ubantu/6558_6576/install/turtlesim_plus_interfaces/local/lib/python3.10/dist-packages/turtlesim_plus_interfaces/msg/_scanner_data.py
[1.463s] -- Up-to-date: /home/talae-ubantu/6558_6576/install/turtlesim_plus_interfaces/local/lib/python3.10/dist-packages/turtlesim_plus_interfaces/msg/_scanner_data_array_s.c
[1.463s] -- Up-to-date: /home/talae-ubantu/6558_6576/install/turtlesim_plus_interfaces/local/lib/python3.10/dist-packages/turtlesim_plus_interfaces/msg/_scanner_data_array.py
[1.464s] -- Up-to-date: /home/talae-ubantu/6558_6576/install/turtlesim_plus_interfaces/local/lib/python3.10/dist-packages/turtlesim_plus_interfaces/msg/_scanner_data_s.c
[1.505s] Listing '/home/talae-ubantu/6558_6576/install/turtlesim_plus_interfaces/local/lib/python3.10/dist-packages/turtlesim_plus_interfaces'...
[1.506s] Listing '/home/talae-ubantu/6558_6576/install/turtlesim_plus_interfaces/local/lib/python3.10/dist-packages/turtlesim_plus_interfaces/action'...
[1.506s] Listing '/home/talae-ubantu/6558_6576/install/turtlesim_plus_interfaces/local/lib/python3.10/dist-packages/turtlesim_plus_interfaces/msg'...
[1.506s] Listing '/home/talae-ubantu/6558_6576/install/turtlesim_plus_interfaces/local/lib/python3.10/dist-packages/turtlesim_plus_interfaces/srv'...
[1.516s] -- Up-to-date: /home/talae-ubantu/6558_6576/install/turtlesim_plus_interfaces/local/lib/python3.10/dist-packages/turtlesim_plus_interfaces/turtlesim_plus_interfaces_s__rosidl_typesupport_fastrtps_c.cpython-310-x86_64-linux-gnu.so
[1.516s] -- Up-to-date: /home/talae-ubantu/6558_6576/install/turtlesim_plus_interfaces/local/lib/python3.10/dist-packages/turtlesim_plus_interfaces/turtlesim_plus_interfaces_s__rosidl_typesupport_introspection_c.cpython-310-x86_64-linux-gnu.so
[1.517s] -- Up-to-date: /home/talae-ubantu/6558_6576/install/turtlesim_plus_interfaces/local/lib/python3.10/dist-packages/turtlesim_plus_interfaces/turtlesim_plus_interfaces_s__rosidl_typesupport_c.cpython-310-x86_64-linux-gnu.so
[1.518s] -- Up-to-date: /home/talae-ubantu/6558_6576/install/turtlesim_plus_interfaces/lib/libturtlesim_plus_interfaces__rosidl_generator_py.so
[1.519s] -- Up-to-date: /home/talae-ubantu/6558_6576/install/turtlesim_plus_interfaces/share/turtlesim_plus_interfaces/msg/ScannerData.idl
[1.519s] -- Up-to-date: /home/talae-ubantu/6558_6576/install/turtlesim_plus_interfaces/share/turtlesim_plus_interfaces/msg/ScannerDataArray.idl
[1.519s] -- Up-to-date: /home/talae-ubantu/6558_6576/install/turtlesim_plus_interfaces/share/turtlesim_plus_interfaces/srv/GivePosition.idl
[1.520s] -- Up-to-date: /home/talae-ubantu/6558_6576/install/turtlesim_plus_interfaces/share/turtlesim_plus_interfaces/action/GetData.idl
[1.520s] -- Up-to-date: /home/talae-ubantu/6558_6576/install/turtlesim_plus_interfaces/share/turtlesim_plus_interfaces/msg/ScannerData.msg
[1.520s] -- Up-to-date: /home/talae-ubantu/6558_6576/install/turtlesim_plus_interfaces/share/turtlesim_plus_interfaces/msg/ScannerDataArray.msg
[1.521s] -- Up-to-date: /home/talae-ubantu/6558_6576/install/turtlesim_plus_interfaces/share/turtlesim_plus_interfaces/srv/GivePosition.srv
[1.521s] -- Up-to-date: /home/talae-ubantu/6558_6576/install/turtlesim_plus_interfaces/share/turtlesim_plus_interfaces/srv/GivePosition_Request.msg
[1.521s] -- Up-to-date: /home/talae-ubantu/6558_6576/install/turtlesim_plus_interfaces/share/turtlesim_plus_interfaces/srv/GivePosition_Response.msg
[1.522s] -- Up-to-date: /home/talae-ubantu/6558_6576/install/turtlesim_plus_interfaces/share/turtlesim_plus_interfaces/action/GetData.action
[1.522s] -- Up-to-date: /home/talae-ubantu/6558_6576/install/turtlesim_plus_interfaces/share/ament_index/resource_index/package_run_dependencies/turtlesim_plus_interfaces
[1.522s] -- Up-to-date: /home/talae-ubantu/6558_6576/install/turtlesim_plus_interfaces/share/ament_index/resource_index/parent_prefix_path/turtlesim_plus_interfaces
[1.523s] -- Up-to-date: /home/talae-ubantu/6558_6576/install/turtlesim_plus_interfaces/share/turtlesim_plus_interfaces/environment/ament_prefix_path.sh
[1.523s] -- Up-to-date: /home/talae-ubantu/6558_6576/install/turtlesim_plus_interfaces/share/turtlesim_plus_interfaces/environment/ament_prefix_path.dsv
[1.524s] -- Up-to-date: /home/talae-ubantu/6558_6576/install/turtlesim_plus_interfaces/share/turtlesim_plus_interfaces/environment/path.sh
[1.524s] -- Up-to-date: /home/talae-ubantu/6558_6576/install/turtlesim_plus_interfaces/share/turtlesim_plus_interfaces/environment/path.dsv
[1.524s] -- Up-to-date: /home/talae-ubantu/6558_6576/install/turtlesim_plus_interfaces/share/turtlesim_plus_interfaces/local_setup.bash
[1.524s] -- Up-to-date: /home/talae-ubantu/6558_6576/install/turtlesim_plus_interfaces/share/turtlesim_plus_interfaces/local_setup.sh
[1.525s] -- Up-to-date: /home/talae-ubantu/6558_6576/install/turtlesim_plus_interfaces/share/turtlesim_plus_interfaces/local_setup.zsh
[1.525s] -- Up-to-date: /home/talae-ubantu/6558_6576/install/turtlesim_plus_interfaces/share/turtlesim_plus_interfaces/local_setup.dsv
[1.526s] -- Installing: /home/talae-ubantu/6558_6576/install/turtlesim_plus_interfaces/share/turtlesim_plus_interfaces/package.dsv
[1.526s] -- Up-to-date: /home/talae-ubantu/6558_6576/install/turtlesim_plus_interfaces/share/ament_index/resource_index/packages/turtlesim_plus_interfaces
[1.527s] -- Up-to-date: /home/talae-ubantu/6558_6576/install/turtlesim_plus_interfaces/share/turtlesim_plus_interfaces/cmake/export_turtlesim_plus_interfaces__rosidl_generator_cExport.cmake
[1.527s] -- Up-to-date: /home/talae-ubantu/6558_6576/install/turtlesim_plus_interfaces/share/turtlesim_plus_interfaces/cmake/export_turtlesim_plus_interfaces__rosidl_generator_cExport-noconfig.cmake
[1.528s] -- Up-to-date: /home/talae-ubantu/6558_6576/install/turtlesim_plus_interfaces/share/turtlesim_plus_interfaces/cmake/export_turtlesim_plus_interfaces__rosidl_typesupport_fastrtps_cExport.cmake
[1.528s] -- Up-to-date: /home/talae-ubantu/6558_6576/install/turtlesim_plus_interfaces/share/turtlesim_plus_interfaces/cmake/export_turtlesim_plus_interfaces__rosidl_typesupport_fastrtps_cExport-noconfig.cmake
[1.529s] -- Up-to-date: /home/talae-ubantu/6558_6576/install/turtlesim_plus_interfaces/share/turtlesim_plus_interfaces/cmake/turtlesim_plus_interfaces__rosidl_typesupport_introspection_cExport.cmake
[1.531s] -- Up-to-date: /home/talae-ubantu/6558_6576/install/turtlesim_plus_interfaces/share/turtlesim_plus_interfaces/cmake/turtlesim_plus_interfaces__rosidl_typesupport_introspection_cExport-noconfig.cmake
[1.531s] -- Up-to-date: /home/talae-ubantu/6558_6576/install/turtlesim_plus_interfaces/share/turtlesim_plus_interfaces/cmake/turtlesim_plus_interfaces__rosidl_typesupport_cExport.cmake
[1.531s] -- Up-to-date: /home/talae-ubantu/6558_6576/install/turtlesim_plus_interfaces/share/turtlesim_plus_interfaces/cmake/turtlesim_plus_interfaces__rosidl_typesupport_cExport-noconfig.cmake
[1.533s] -- Up-to-date: /home/talae-ubantu/6558_6576/install/turtlesim_plus_interfaces/share/turtlesim_plus_interfaces/cmake/export_turtlesim_plus_interfaces__rosidl_generator_cppExport.cmake
[1.533s] -- Up-to-date: /home/talae-ubantu/6558_6576/install/turtlesim_plus_interfaces/share/turtlesim_plus_interfaces/cmake/export_turtlesim_plus_interfaces__rosidl_typesupport_fastrtps_cppExport.cmake
[1.533s] -- Up-to-date: /home/talae-ubantu/6558_6576/install/turtlesim_plus_interfaces/share/turtlesim_plus_interfaces/cmake/export_turtlesim_plus_interfaces__rosidl_typesupport_fastrtps_cppExport-noconfig.cmake
[1.533s] -- Up-to-date: /home/talae-ubantu/6558_6576/install/turtlesim_plus_interfaces/share/turtlesim_plus_interfaces/cmake/turtlesim_plus_interfaces__rosidl_typesupport_introspection_cppExport.cmake
[1.533s] -- Up-to-date: /home/talae-ubantu/6558_6576/install/turtlesim_plus_interfaces/share/turtlesim_plus_interfaces/cmake/turtlesim_plus_interfaces__rosidl_typesupport_introspection_cppExport-noconfig.cmake
[1.534s] -- Up-to-date: /home/talae-ubantu/6558_6576/install/turtlesim_plus_interfaces/share/turtlesim_plus_interfaces/cmake/turtlesim_plus_interfaces__rosidl_typesupport_cppExport.cmake
[1.534s] -- Up-to-date: /home/talae-ubantu/6558_6576/install/turtlesim_plus_interfaces/share/turtlesim_plus_interfaces/cmake/turtlesim_plus_interfaces__rosidl_typesupport_cppExport-noconfig.cmake
[1.535s] -- Up-to-date: /home/talae-ubantu/6558_6576/install/turtlesim_plus_interfaces/share/turtlesim_plus_interfaces/cmake/export_turtlesim_plus_interfaces__rosidl_generator_pyExport.cmake
[1.537s] -- Up-to-date: /home/talae-ubantu/6558_6576/install/turtlesim_plus_interfaces/share/turtlesim_plus_interfaces/cmake/export_turtlesim_plus_interfaces__rosidl_generator_pyExport-noconfig.cmake
[1.537s] -- Up-to-date: /home/talae-ubantu/6558_6576/install/turtlesim_plus_interfaces/share/turtlesim_plus_interfaces/cmake/rosidl_cmake-extras.cmake
[1.538s] -- Up-to-date: /home/talae-ubantu/6558_6576/install/turtlesim_plus_interfaces/share/turtlesim_plus_interfaces/cmake/ament_cmake_export_dependencies-extras.cmake
[1.539s] -- Up-to-date: /home/talae-ubantu/6558_6576/install/turtlesim_plus_interfaces/share/turtlesim_plus_interfaces/cmake/ament_cmake_export_include_directories-extras.cmake
[1.539s] -- Up-to-date: /home/talae-ubantu/6558_6576/install/turtlesim_plus_interfaces/share/turtlesim_plus_interfaces/cmake/ament_cmake_export_libraries-extras.cmake
[1.539s] -- Up-to-date: /home/talae-ubantu/6558_6576/install/turtlesim_plus_interfaces/share/turtlesim_plus_interfaces/cmake/ament_cmake_export_targets-extras.cmake
[1.539s] -- Up-to-date: /home/talae-ubantu/6558_6576/install/turtlesim_plus_interfaces/share/turtlesim_plus_interfaces/cmake/rosidl_cmake_export_typesupport_targets-extras.cmake
[1.539s] -- Up-to-date: /home/talae-ubantu/6558_6576/install/turtlesim_plus_interfaces/share/turtlesim_plus_interfaces/cmake/rosidl_cmake_export_typesupport_libraries-extras.cmake
[1.539s] -- Up-to-date: /home/talae-ubantu/6558_6576/install/turtlesim_plus_interfaces/share/turtlesim_plus_interfaces/cmake/turtlesim_plus_interfacesConfig.cmake
[1.539s] -- Up-to-date: /home/talae-ubantu/6558_6576/install/turtlesim_plus_interfaces/share/turtlesim_plus_interfaces/cmake/turtlesim_plus_interfacesConfig-version.cmake
[1.540s] -- Up-to-date: /home/talae-ubantu/6558_6576/install/turtlesim_plus_interfaces/share/turtlesim_plus_interfaces/package.xml
[1.552s] Invoked command in '/home/talae-ubantu/6558_6576/build/turtlesim_plus_interfaces' returned '0': CMAKE_PREFIX_PATH=${CMAKE_PREFIX_PATH}:/opt/ros/humble /usr/bin/cmake --install /home/talae-ubantu/6558_6576/build/turtlesim_plus_interfaces
