[100%] Built target cpp_node_test
[100%] Built target ament_cmake_python_copy_funny_turtleplus
running egg_info
writing funny_turtleplus.egg-info/PKG-INFO
writing dependency_links to funny_turtleplus.egg-info/dependency_links.txt
writing top-level names to funny_turtleplus.egg-info/top_level.txt
reading manifest file 'funny_turtleplus.egg-info/SOURCES.txt'
writing manifest file 'funny_turtleplus.egg-info/SOURCES.txt'
[100%] Built target ament_cmake_python_build_funny_turtleplus_egg
-- Install configuration: ""
-- Up-to-date: /home/charlottexiii/6558_6576/install/funny_turtleplus/share/funny_turtleplus/environment/pythonpath.sh
-- Up-to-date: /home/charlottexiii/6558_6576/install/funny_turtleplus/share/funny_turtleplus/environment/pythonpath.dsv
-- Up-to-date: /home/charlottexiii/6558_6576/install/funny_turtleplus/local/lib/python3.10/dist-packages/funny_turtleplus-0.0.0-py3.10.egg-info
-- Installing: /home/charlottexiii/6558_6576/install/funny_turtleplus/local/lib/python3.10/dist-packages/funny_turtleplus-0.0.0-py3.10.egg-info/SOURCES.txt
-- Installing: /home/charlottexiii/6558_6576/install/funny_turtleplus/local/lib/python3.10/dist-packages/funny_turtleplus-0.0.0-py3.10.egg-info/top_level.txt
-- Installing: /home/charlottexiii/6558_6576/install/funny_turtleplus/local/lib/python3.10/dist-packages/funny_turtleplus-0.0.0-py3.10.egg-info/dependency_links.txt
-- Installing: /home/charlottexiii/6558_6576/install/funny_turtleplus/local/lib/python3.10/dist-packages/funny_turtleplus-0.0.0-py3.10.egg-info/PKG-INFO
-- Up-to-date: /home/charlottexiii/6558_6576/install/funny_turtleplus/local/lib/python3.10/dist-packages/funny_turtleplus
-- Up-to-date: /home/charlottexiii/6558_6576/install/funny_turtleplus/local/lib/python3.10/dist-packages/funny_turtleplus/dummy_module.py
-- Up-to-date: /home/charlottexiii/6558_6576/install/funny_turtleplus/local/lib/python3.10/dist-packages/funny_turtleplus/__init__.py
Listing '/home/charlottexiii/6558_6576/install/funny_turtleplus/local/lib/python3.10/dist-packages/funny_turtleplus'...
-- Up-to-date: /home/charlottexiii/6558_6576/install/funny_turtleplus/lib/funny_turtleplus/dummy_script.py
-- Installing: /home/charlottexiii/6558_6576/install/funny_turtleplus/lib/funny_turtleplus/Test_Key_Tele.py
-- Up-to-date: /home/charlottexiii/6558_6576/install/funny_turtleplus/lib/funny_turtleplus/First_Trutle.py
-- Up-to-date: /home/charlottexiii/6558_6576/install/funny_turtleplus/lib/funny_turtleplus/cpp_node_test
-- Up-to-date: /home/charlottexiii/6558_6576/install/funny_turtleplus/share/funny_turtleplus
-- Up-to-date: /home/charlottexiii/6558_6576/install/funny_turtleplus/share/ament_index/resource_index/package_run_dependencies/funny_turtleplus
-- Up-to-date: /home/charlottexiii/6558_6576/install/funny_turtleplus/share/ament_index/resource_index/parent_prefix_path/funny_turtleplus
-- Up-to-date: /home/charlottexiii/6558_6576/install/funny_turtleplus/share/funny_turtleplus/environment/ament_prefix_path.sh
-- Up-to-date: /home/charlottexiii/6558_6576/install/funny_turtleplus/share/funny_turtleplus/environment/ament_prefix_path.dsv
-- Up-to-date: /home/charlottexiii/6558_6576/install/funny_turtleplus/share/funny_turtleplus/environment/path.sh
-- Up-to-date: /home/charlottexiii/6558_6576/install/funny_turtleplus/share/funny_turtleplus/environment/path.dsv
-- Up-to-date: /home/charlottexiii/6558_6576/install/funny_turtleplus/share/funny_turtleplus/local_setup.bash
-- Up-to-date: /home/charlottexiii/6558_6576/install/funny_turtleplus/share/funny_turtleplus/local_setup.sh
-- Up-to-date: /home/charlottexiii/6558_6576/install/funny_turtleplus/share/funny_turtleplus/local_setup.zsh
-- Up-to-date: /home/charlottexiii/6558_6576/install/funny_turtleplus/share/funny_turtleplus/local_setup.dsv
-- Installing: /home/charlottexiii/6558_6576/install/funny_turtleplus/share/funny_turtleplus/package.dsv
-- Up-to-date: /home/charlottexiii/6558_6576/install/funny_turtleplus/share/ament_index/resource_index/packages/funny_turtleplus
-- Up-to-date: /home/charlottexiii/6558_6576/install/funny_turtleplus/share/funny_turtleplus/cmake/funny_turtleplusConfig.cmake
-- Up-to-date: /home/charlottexiii/6558_6576/install/funny_turtleplus/share/funny_turtleplus/cmake/funny_turtleplusConfig-version.cmake
-- Up-to-date: /home/charlottexiii/6558_6576/install/funny_turtleplus/share/funny_turtleplus/package.xml
