[0.030s] Invoking command in '/home/talae-ubantu/6558_6576/build/teleop_interfaces': CMAKE_PREFIX_PATH=${CMAKE_PREFIX_PATH}:/opt/ros/humble /usr/bin/cmake --build /home/talae-ubantu/6558_6576/build/teleop_interfaces -- -j4 -l4
[0.148s] [  1%] Built target teleop_interfaces__cpp
[0.160s] [  1%] Built target ament_cmake_python_copy_teleop_interfaces
[0.169s] [ 12%] Built target teleop_interfaces__rosidl_generator_c
[0.236s] [ 23%] Built target teleop_interfaces__rosidl_typesupport_fastrtps_cpp
[0.265s] [ 34%] Built target teleop_interfaces__rosidl_typesupport_cpp
[0.285s] [ 45%] Built target teleop_interfaces__rosidl_typesupport_introspection_cpp
[0.355s] [ 56%] Built target teleop_interfaces__rosidl_typesupport_introspection_c
[0.358s] [ 67%] Built target teleop_interfaces__rosidl_typesupport_fastrtps_c
[0.372s] [ 78%] Built target teleop_interfaces__rosidl_typesupport_c
[0.424s] [ 78%] Built target teleop_interfaces
[0.491s] [ 80%] Built target teleop_interfaces__py
[0.548s] [ 89%] Built target teleop_interfaces__rosidl_generator_py
[0.631s] [ 92%] Built target teleop_interfaces__rosidl_typesupport_c__pyext
[0.649s] [ 98%] Built target teleop_interfaces__rosidl_typesupport_fastrtps_c__pyext
[0.649s] [100%] Built target teleop_interfaces__rosidl_typesupport_introspection_c__pyext
[0.960s] running egg_info
[0.962s] writing teleop_interfaces.egg-info/PKG-INFO
[0.963s] writing dependency_links to teleop_interfaces.egg-info/dependency_links.txt
[0.963s] writing top-level names to teleop_interfaces.egg-info/top_level.txt
[0.978s] reading manifest file 'teleop_interfaces.egg-info/SOURCES.txt'
[0.979s] writing manifest file 'teleop_interfaces.egg-info/SOURCES.txt'
[1.033s] [100%] Built target ament_cmake_python_build_teleop_interfaces_egg
[1.053s] Invoked command in '/home/talae-ubantu/6558_6576/build/teleop_interfaces' returned '0': CMAKE_PREFIX_PATH=${CMAKE_PREFIX_PATH}:/opt/ros/humble /usr/bin/cmake --build /home/talae-ubantu/6558_6576/build/teleop_interfaces -- -j4 -l4
[1.265s] Invoking command in '/home/talae-ubantu/6558_6576/build/teleop_interfaces': CMAKE_PREFIX_PATH=${CMAKE_PREFIX_PATH}:/opt/ros/humble /usr/bin/cmake --install /home/talae-ubantu/6558_6576/build/teleop_interfaces
[1.275s] -- Install configuration: ""
[1.276s] -- Up-to-date: /home/talae-ubantu/6558_6576/install/teleop_interfaces/share/ament_index/resource_index/rosidl_interfaces/teleop_interfaces
[1.276s] -- Up-to-date: /home/talae-ubantu/6558_6576/install/teleop_interfaces/include/teleop_interfaces/teleop_interfaces
[1.276s] -- Up-to-date: /home/talae-ubantu/6558_6576/install/teleop_interfaces/include/teleop_interfaces/teleop_interfaces/srv
[1.276s] -- Up-to-date: /home/talae-ubantu/6558_6576/install/teleop_interfaces/include/teleop_interfaces/teleop_interfaces/srv/make_path.h
[1.276s] -- Up-to-date: /home/talae-ubantu/6558_6576/install/teleop_interfaces/include/teleop_interfaces/teleop_interfaces/srv/notify.h
[1.276s] -- Up-to-date: /home/talae-ubantu/6558_6576/install/teleop_interfaces/include/teleop_interfaces/teleop_interfaces/srv/save_path.h
[1.276s] -- Up-to-date: /home/talae-ubantu/6558_6576/install/teleop_interfaces/include/teleop_interfaces/teleop_interfaces/srv/detail
[1.276s] -- Up-to-date: /home/talae-ubantu/6558_6576/install/teleop_interfaces/include/teleop_interfaces/teleop_interfaces/srv/detail/notify__type_support.h
[1.277s] -- Up-to-date: /home/talae-ubantu/6558_6576/install/teleop_interfaces/include/teleop_interfaces/teleop_interfaces/srv/detail/notify__functions.h
[1.277s] -- Up-to-date: /home/talae-ubantu/6558_6576/install/teleop_interfaces/include/teleop_interfaces/teleop_interfaces/srv/detail/make_path__struct.h
[1.277s] -- Up-to-date: /home/talae-ubantu/6558_6576/install/teleop_interfaces/include/teleop_interfaces/teleop_interfaces/srv/detail/notify__struct.h
[1.277s] -- Up-to-date: /home/talae-ubantu/6558_6576/install/teleop_interfaces/include/teleop_interfaces/teleop_interfaces/srv/detail/clear_path__functions.c
[1.277s] -- Up-to-date: /home/talae-ubantu/6558_6576/install/teleop_interfaces/include/teleop_interfaces/teleop_interfaces/srv/detail/make_path__functions.h
[1.277s] -- Up-to-date: /home/talae-ubantu/6558_6576/install/teleop_interfaces/include/teleop_interfaces/teleop_interfaces/srv/detail/clear_path__type_support.h
[1.277s] -- Up-to-date: /home/talae-ubantu/6558_6576/install/teleop_interfaces/include/teleop_interfaces/teleop_interfaces/srv/detail/save_path__type_support.h
[1.277s] -- Up-to-date: /home/talae-ubantu/6558_6576/install/teleop_interfaces/include/teleop_interfaces/teleop_interfaces/srv/detail/make_path__functions.c
[1.277s] -- Up-to-date: /home/talae-ubantu/6558_6576/install/teleop_interfaces/include/teleop_interfaces/teleop_interfaces/srv/detail/clear_path__functions.h
[1.278s] -- Up-to-date: /home/talae-ubantu/6558_6576/install/teleop_interfaces/include/teleop_interfaces/teleop_interfaces/srv/detail/save_path__functions.h
[1.278s] -- Up-to-date: /home/talae-ubantu/6558_6576/install/teleop_interfaces/include/teleop_interfaces/teleop_interfaces/srv/detail/notify__functions.c
[1.278s] -- Up-to-date: /home/talae-ubantu/6558_6576/install/teleop_interfaces/include/teleop_interfaces/teleop_interfaces/srv/detail/clear_path__struct.h
[1.278s] -- Up-to-date: /home/talae-ubantu/6558_6576/install/teleop_interfaces/include/teleop_interfaces/teleop_interfaces/srv/detail/make_path__type_support.h
[1.279s] -- Up-to-date: /home/talae-ubantu/6558_6576/install/teleop_interfaces/include/teleop_interfaces/teleop_interfaces/srv/detail/save_path__struct.h
[1.279s] -- Up-to-date: /home/talae-ubantu/6558_6576/install/teleop_interfaces/include/teleop_interfaces/teleop_interfaces/srv/detail/save_path__functions.c
[1.279s] -- Up-to-date: /home/talae-ubantu/6558_6576/install/teleop_interfaces/include/teleop_interfaces/teleop_interfaces/srv/clear_path.h
[1.279s] -- Up-to-date: /home/talae-ubantu/6558_6576/install/teleop_interfaces/include/teleop_interfaces/teleop_interfaces/msg
[1.279s] -- Up-to-date: /home/talae-ubantu/6558_6576/install/teleop_interfaces/include/teleop_interfaces/teleop_interfaces/msg/rosidl_generator_c__visibility_control.h
[1.279s] -- Up-to-date: /home/talae-ubantu/6558_6576/install/teleop_interfaces/share/teleop_interfaces/environment/library_path.sh
[1.279s] -- Up-to-date: /home/talae-ubantu/6558_6576/install/teleop_interfaces/share/teleop_interfaces/environment/library_path.dsv
[1.279s] -- Up-to-date: /home/talae-ubantu/6558_6576/install/teleop_interfaces/lib/libteleop_interfaces__rosidl_generator_c.so
[1.279s] -- Up-to-date: /home/talae-ubantu/6558_6576/install/teleop_interfaces/include/teleop_interfaces/teleop_interfaces
[1.279s] -- Up-to-date: /home/talae-ubantu/6558_6576/install/teleop_interfaces/include/teleop_interfaces/teleop_interfaces/srv
[1.280s] -- Up-to-date: /home/talae-ubantu/6558_6576/install/teleop_interfaces/include/teleop_interfaces/teleop_interfaces/srv/detail
[1.280s] -- Up-to-date: /home/talae-ubantu/6558_6576/install/teleop_interfaces/include/teleop_interfaces/teleop_interfaces/srv/detail/make_path__rosidl_typesupport_fastrtps_c.h
[1.280s] -- Up-to-date: /home/talae-ubantu/6558_6576/install/teleop_interfaces/include/teleop_interfaces/teleop_interfaces/srv/detail/notify__rosidl_typesupport_fastrtps_c.h
[1.280s] -- Up-to-date: /home/talae-ubantu/6558_6576/install/teleop_interfaces/include/teleop_interfaces/teleop_interfaces/srv/detail/save_path__rosidl_typesupport_fastrtps_c.h
[1.280s] -- Up-to-date: /home/talae-ubantu/6558_6576/install/teleop_interfaces/include/teleop_interfaces/teleop_interfaces/srv/detail/clear_path__rosidl_typesupport_fastrtps_c.h
[1.280s] -- Up-to-date: /home/talae-ubantu/6558_6576/install/teleop_interfaces/include/teleop_interfaces/teleop_interfaces/msg
[1.281s] -- Up-to-date: /home/talae-ubantu/6558_6576/install/teleop_interfaces/include/teleop_interfaces/teleop_interfaces/msg/rosidl_typesupport_fastrtps_c__visibility_control.h
[1.281s] -- Up-to-date: /home/talae-ubantu/6558_6576/install/teleop_interfaces/lib/libteleop_interfaces__rosidl_typesupport_fastrtps_c.so
[1.281s] -- Up-to-date: /home/talae-ubantu/6558_6576/install/teleop_interfaces/include/teleop_interfaces/teleop_interfaces
[1.281s] -- Up-to-date: /home/talae-ubantu/6558_6576/install/teleop_interfaces/include/teleop_interfaces/teleop_interfaces/srv
[1.281s] -- Up-to-date: /home/talae-ubantu/6558_6576/install/teleop_interfaces/include/teleop_interfaces/teleop_interfaces/srv/save_path.hpp
[1.281s] -- Up-to-date: /home/talae-ubantu/6558_6576/install/teleop_interfaces/include/teleop_interfaces/teleop_interfaces/srv/clear_path.hpp
[1.281s] -- Up-to-date: /home/talae-ubantu/6558_6576/install/teleop_interfaces/include/teleop_interfaces/teleop_interfaces/srv/make_path.hpp
[1.282s] -- Up-to-date: /home/talae-ubantu/6558_6576/install/teleop_interfaces/include/teleop_interfaces/teleop_interfaces/srv/detail
[1.282s] -- Up-to-date: /home/talae-ubantu/6558_6576/install/teleop_interfaces/include/teleop_interfaces/teleop_interfaces/srv/detail/notify__builder.hpp
[1.282s] -- Up-to-date: /home/talae-ubantu/6558_6576/install/teleop_interfaces/include/teleop_interfaces/teleop_interfaces/srv/detail/make_path__builder.hpp
[1.282s] -- Up-to-date: /home/talae-ubantu/6558_6576/install/teleop_interfaces/include/teleop_interfaces/teleop_interfaces/srv/detail/notify__struct.hpp
[1.282s] -- Up-to-date: /home/talae-ubantu/6558_6576/install/teleop_interfaces/include/teleop_interfaces/teleop_interfaces/srv/detail/notify__traits.hpp
[1.282s] -- Up-to-date: /home/talae-ubantu/6558_6576/install/teleop_interfaces/include/teleop_interfaces/teleop_interfaces/srv/detail/make_path__struct.hpp
[1.282s] -- Up-to-date: /home/talae-ubantu/6558_6576/install/teleop_interfaces/include/teleop_interfaces/teleop_interfaces/srv/detail/clear_path__struct.hpp
[1.282s] -- Up-to-date: /home/talae-ubantu/6558_6576/install/teleop_interfaces/include/teleop_interfaces/teleop_interfaces/srv/detail/save_path__builder.hpp
[1.282s] -- Up-to-date: /home/talae-ubantu/6558_6576/install/teleop_interfaces/include/teleop_interfaces/teleop_interfaces/srv/detail/save_path__traits.hpp
[1.283s] -- Up-to-date: /home/talae-ubantu/6558_6576/install/teleop_interfaces/include/teleop_interfaces/teleop_interfaces/srv/detail/clear_path__traits.hpp
[1.283s] -- Up-to-date: /home/talae-ubantu/6558_6576/install/teleop_interfaces/include/teleop_interfaces/teleop_interfaces/srv/detail/make_path__traits.hpp
[1.283s] -- Up-to-date: /home/talae-ubantu/6558_6576/install/teleop_interfaces/include/teleop_interfaces/teleop_interfaces/srv/detail/save_path__struct.hpp
[1.283s] -- Up-to-date: /home/talae-ubantu/6558_6576/install/teleop_interfaces/include/teleop_interfaces/teleop_interfaces/srv/detail/clear_path__builder.hpp
[1.283s] -- Up-to-date: /home/talae-ubantu/6558_6576/install/teleop_interfaces/include/teleop_interfaces/teleop_interfaces/srv/notify.hpp
[1.283s] -- Up-to-date: /home/talae-ubantu/6558_6576/install/teleop_interfaces/include/teleop_interfaces/teleop_interfaces
[1.283s] -- Up-to-date: /home/talae-ubantu/6558_6576/install/teleop_interfaces/include/teleop_interfaces/teleop_interfaces/srv
[1.283s] -- Up-to-date: /home/talae-ubantu/6558_6576/install/teleop_interfaces/include/teleop_interfaces/teleop_interfaces/srv/detail
[1.284s] -- Up-to-date: /home/talae-ubantu/6558_6576/install/teleop_interfaces/include/teleop_interfaces/teleop_interfaces/srv/detail/clear_path__rosidl_typesupport_fastrtps_cpp.hpp
[1.284s] -- Up-to-date: /home/talae-ubantu/6558_6576/install/teleop_interfaces/include/teleop_interfaces/teleop_interfaces/srv/detail/notify__rosidl_typesupport_fastrtps_cpp.hpp
[1.284s] -- Up-to-date: /home/talae-ubantu/6558_6576/install/teleop_interfaces/include/teleop_interfaces/teleop_interfaces/srv/detail/make_path__rosidl_typesupport_fastrtps_cpp.hpp
[1.284s] -- Up-to-date: /home/talae-ubantu/6558_6576/install/teleop_interfaces/include/teleop_interfaces/teleop_interfaces/srv/detail/dds_fastrtps
[1.284s] -- Up-to-date: /home/talae-ubantu/6558_6576/install/teleop_interfaces/include/teleop_interfaces/teleop_interfaces/srv/detail/save_path__rosidl_typesupport_fastrtps_cpp.hpp
[1.284s] -- Up-to-date: /home/talae-ubantu/6558_6576/install/teleop_interfaces/include/teleop_interfaces/teleop_interfaces/msg
[1.284s] -- Up-to-date: /home/talae-ubantu/6558_6576/install/teleop_interfaces/include/teleop_interfaces/teleop_interfaces/msg/rosidl_typesupport_fastrtps_cpp__visibility_control.h
[1.284s] -- Up-to-date: /home/talae-ubantu/6558_6576/install/teleop_interfaces/lib/libteleop_interfaces__rosidl_typesupport_fastrtps_cpp.so
[1.284s] -- Up-to-date: /home/talae-ubantu/6558_6576/install/teleop_interfaces/include/teleop_interfaces/teleop_interfaces
[1.285s] -- Up-to-date: /home/talae-ubantu/6558_6576/install/teleop_interfaces/include/teleop_interfaces/teleop_interfaces/srv
[1.285s] -- Up-to-date: /home/talae-ubantu/6558_6576/install/teleop_interfaces/include/teleop_interfaces/teleop_interfaces/srv/detail
[1.285s] -- Up-to-date: /home/talae-ubantu/6558_6576/install/teleop_interfaces/include/teleop_interfaces/teleop_interfaces/srv/detail/notify__type_support.c
[1.285s] -- Up-to-date: /home/talae-ubantu/6558_6576/install/teleop_interfaces/include/teleop_interfaces/teleop_interfaces/srv/detail/make_path__rosidl_typesupport_introspection_c.h
[1.285s] -- Up-to-date: /home/talae-ubantu/6558_6576/install/teleop_interfaces/include/teleop_interfaces/teleop_interfaces/srv/detail/make_path__type_support.c
[1.285s] -- Up-to-date: /home/talae-ubantu/6558_6576/install/teleop_interfaces/include/teleop_interfaces/teleop_interfaces/srv/detail/clear_path__type_support.c
[1.285s] -- Up-to-date: /home/talae-ubantu/6558_6576/install/teleop_interfaces/include/teleop_interfaces/teleop_interfaces/srv/detail/clear_path__rosidl_typesupport_introspection_c.h
[1.285s] -- Up-to-date: /home/talae-ubantu/6558_6576/install/teleop_interfaces/include/teleop_interfaces/teleop_interfaces/srv/detail/save_path__type_support.c
[1.286s] -- Up-to-date: /home/talae-ubantu/6558_6576/install/teleop_interfaces/include/teleop_interfaces/teleop_interfaces/srv/detail/notify__rosidl_typesupport_introspection_c.h
[1.286s] -- Up-to-date: /home/talae-ubantu/6558_6576/install/teleop_interfaces/include/teleop_interfaces/teleop_interfaces/srv/detail/save_path__rosidl_typesupport_introspection_c.h
[1.286s] -- Up-to-date: /home/talae-ubantu/6558_6576/install/teleop_interfaces/include/teleop_interfaces/teleop_interfaces/msg
[1.286s] -- Up-to-date: /home/talae-ubantu/6558_6576/install/teleop_interfaces/include/teleop_interfaces/teleop_interfaces/msg/rosidl_typesupport_introspection_c__visibility_control.h
[1.286s] -- Up-to-date: /home/talae-ubantu/6558_6576/install/teleop_interfaces/lib/libteleop_interfaces__rosidl_typesupport_introspection_c.so
[1.286s] -- Up-to-date: /home/talae-ubantu/6558_6576/install/teleop_interfaces/lib/libteleop_interfaces__rosidl_typesupport_c.so
[1.286s] -- Up-to-date: /home/talae-ubantu/6558_6576/install/teleop_interfaces/include/teleop_interfaces/teleop_interfaces
[1.286s] -- Up-to-date: /home/talae-ubantu/6558_6576/install/teleop_interfaces/include/teleop_interfaces/teleop_interfaces/srv
[1.287s] -- Up-to-date: /home/talae-ubantu/6558_6576/install/teleop_interfaces/include/teleop_interfaces/teleop_interfaces/srv/detail
[1.287s] -- Up-to-date: /home/talae-ubantu/6558_6576/install/teleop_interfaces/include/teleop_interfaces/teleop_interfaces/srv/detail/notify__rosidl_typesupport_introspection_cpp.hpp
[1.287s] -- Up-to-date: /home/talae-ubantu/6558_6576/install/teleop_interfaces/include/teleop_interfaces/teleop_interfaces/srv/detail/save_path__type_support.cpp
[1.287s] -- Up-to-date: /home/talae-ubantu/6558_6576/install/teleop_interfaces/include/teleop_interfaces/teleop_interfaces/srv/detail/make_path__rosidl_typesupport_introspection_cpp.hpp
[1.287s] -- Up-to-date: /home/talae-ubantu/6558_6576/install/teleop_interfaces/include/teleop_interfaces/teleop_interfaces/srv/detail/make_path__type_support.cpp
[1.287s] -- Up-to-date: /home/talae-ubantu/6558_6576/install/teleop_interfaces/include/teleop_interfaces/teleop_interfaces/srv/detail/save_path__rosidl_typesupport_introspection_cpp.hpp
[1.287s] -- Up-to-date: /home/talae-ubantu/6558_6576/install/teleop_interfaces/include/teleop_interfaces/teleop_interfaces/srv/detail/clear_path__rosidl_typesupport_introspection_cpp.hpp
[1.287s] -- Up-to-date: /home/talae-ubantu/6558_6576/install/teleop_interfaces/include/teleop_interfaces/teleop_interfaces/srv/detail/clear_path__type_support.cpp
[1.287s] -- Up-to-date: /home/talae-ubantu/6558_6576/install/teleop_interfaces/include/teleop_interfaces/teleop_interfaces/srv/detail/notify__type_support.cpp
[1.287s] -- Up-to-date: /home/talae-ubantu/6558_6576/install/teleop_interfaces/lib/libteleop_interfaces__rosidl_typesupport_introspection_cpp.so
[1.288s] -- Up-to-date: /home/talae-ubantu/6558_6576/install/teleop_interfaces/lib/libteleop_interfaces__rosidl_typesupport_cpp.so
[1.288s] -- Up-to-date: /home/talae-ubantu/6558_6576/install/teleop_interfaces/share/teleop_interfaces/environment/pythonpath.sh
[1.288s] -- Up-to-date: /home/talae-ubantu/6558_6576/install/teleop_interfaces/share/teleop_interfaces/environment/pythonpath.dsv
[1.288s] -- Up-to-date: /home/talae-ubantu/6558_6576/install/teleop_interfaces/local/lib/python3.10/dist-packages/teleop_interfaces-0.0.0-py3.10.egg-info
[1.288s] -- Installing: /home/talae-ubantu/6558_6576/install/teleop_interfaces/local/lib/python3.10/dist-packages/teleop_interfaces-0.0.0-py3.10.egg-info/PKG-INFO
[1.288s] -- Installing: /home/talae-ubantu/6558_6576/install/teleop_interfaces/local/lib/python3.10/dist-packages/teleop_interfaces-0.0.0-py3.10.egg-info/top_level.txt
[1.288s] -- Installing: /home/talae-ubantu/6558_6576/install/teleop_interfaces/local/lib/python3.10/dist-packages/teleop_interfaces-0.0.0-py3.10.egg-info/SOURCES.txt
[1.288s] -- Installing: /home/talae-ubantu/6558_6576/install/teleop_interfaces/local/lib/python3.10/dist-packages/teleop_interfaces-0.0.0-py3.10.egg-info/dependency_links.txt
[1.289s] -- Up-to-date: /home/talae-ubantu/6558_6576/install/teleop_interfaces/local/lib/python3.10/dist-packages/teleop_interfaces
[1.289s] -- Up-to-date: /home/talae-ubantu/6558_6576/install/teleop_interfaces/local/lib/python3.10/dist-packages/teleop_interfaces/__init__.py
[1.289s] -- Up-to-date: /home/talae-ubantu/6558_6576/install/teleop_interfaces/local/lib/python3.10/dist-packages/teleop_interfaces/_teleop_interfaces_s.ep.rosidl_typesupport_c.c
[1.289s] -- Up-to-date: /home/talae-ubantu/6558_6576/install/teleop_interfaces/local/lib/python3.10/dist-packages/teleop_interfaces/_teleop_interfaces_s.ep.rosidl_typesupport_fastrtps_c.c
[1.290s] -- Up-to-date: /home/talae-ubantu/6558_6576/install/teleop_interfaces/local/lib/python3.10/dist-packages/teleop_interfaces/libteleop_interfaces__rosidl_generator_py.so
[1.290s] -- Up-to-date: /home/talae-ubantu/6558_6576/install/teleop_interfaces/local/lib/python3.10/dist-packages/teleop_interfaces/_teleop_interfaces_s.ep.rosidl_typesupport_introspection_c.c
[1.290s] -- Up-to-date: /home/talae-ubantu/6558_6576/install/teleop_interfaces/local/lib/python3.10/dist-packages/teleop_interfaces/teleop_interfaces_s__rosidl_typesupport_fastrtps_c.cpython-310-x86_64-linux-gnu.so
[1.290s] -- Up-to-date: /home/talae-ubantu/6558_6576/install/teleop_interfaces/local/lib/python3.10/dist-packages/teleop_interfaces/teleop_interfaces_s__rosidl_typesupport_introspection_c.cpython-310-x86_64-linux-gnu.so
[1.290s] -- Up-to-date: /home/talae-ubantu/6558_6576/install/teleop_interfaces/local/lib/python3.10/dist-packages/teleop_interfaces/teleop_interfaces_s__rosidl_typesupport_c.cpython-310-x86_64-linux-gnu.so
[1.290s] -- Up-to-date: /home/talae-ubantu/6558_6576/install/teleop_interfaces/local/lib/python3.10/dist-packages/teleop_interfaces/srv
[1.290s] -- Up-to-date: /home/talae-ubantu/6558_6576/install/teleop_interfaces/local/lib/python3.10/dist-packages/teleop_interfaces/srv/__init__.py
[1.290s] -- Up-to-date: /home/talae-ubantu/6558_6576/install/teleop_interfaces/local/lib/python3.10/dist-packages/teleop_interfaces/srv/_clear_path_s.c
[1.290s] -- Up-to-date: /home/talae-ubantu/6558_6576/install/teleop_interfaces/local/lib/python3.10/dist-packages/teleop_interfaces/srv/_notify.py
[1.291s] -- Up-to-date: /home/talae-ubantu/6558_6576/install/teleop_interfaces/local/lib/python3.10/dist-packages/teleop_interfaces/srv/_make_path_s.c
[1.291s] -- Up-to-date: /home/talae-ubantu/6558_6576/install/teleop_interfaces/local/lib/python3.10/dist-packages/teleop_interfaces/srv/_notify_s.c
[1.291s] -- Up-to-date: /home/talae-ubantu/6558_6576/install/teleop_interfaces/local/lib/python3.10/dist-packages/teleop_interfaces/srv/_clear_path.py
[1.291s] -- Up-to-date: /home/talae-ubantu/6558_6576/install/teleop_interfaces/local/lib/python3.10/dist-packages/teleop_interfaces/srv/_save_path.py
[1.291s] -- Up-to-date: /home/talae-ubantu/6558_6576/install/teleop_interfaces/local/lib/python3.10/dist-packages/teleop_interfaces/srv/_save_path_s.c
[1.291s] -- Up-to-date: /home/talae-ubantu/6558_6576/install/teleop_interfaces/local/lib/python3.10/dist-packages/teleop_interfaces/srv/_make_path.py
[1.335s] Listing '/home/talae-ubantu/6558_6576/install/teleop_interfaces/local/lib/python3.10/dist-packages/teleop_interfaces'...
[1.335s] Listing '/home/talae-ubantu/6558_6576/install/teleop_interfaces/local/lib/python3.10/dist-packages/teleop_interfaces/srv'...
[1.342s] -- Up-to-date: /home/talae-ubantu/6558_6576/install/teleop_interfaces/local/lib/python3.10/dist-packages/teleop_interfaces/teleop_interfaces_s__rosidl_typesupport_fastrtps_c.cpython-310-x86_64-linux-gnu.so
[1.343s] -- Up-to-date: /home/talae-ubantu/6558_6576/install/teleop_interfaces/local/lib/python3.10/dist-packages/teleop_interfaces/teleop_interfaces_s__rosidl_typesupport_introspection_c.cpython-310-x86_64-linux-gnu.so
[1.343s] -- Up-to-date: /home/talae-ubantu/6558_6576/install/teleop_interfaces/local/lib/python3.10/dist-packages/teleop_interfaces/teleop_interfaces_s__rosidl_typesupport_c.cpython-310-x86_64-linux-gnu.so
[1.344s] -- Up-to-date: /home/talae-ubantu/6558_6576/install/teleop_interfaces/lib/libteleop_interfaces__rosidl_generator_py.so
[1.345s] -- Up-to-date: /home/talae-ubantu/6558_6576/install/teleop_interfaces/share/teleop_interfaces/srv/MakePath.idl
[1.345s] -- Up-to-date: /home/talae-ubantu/6558_6576/install/teleop_interfaces/share/teleop_interfaces/srv/SavePath.idl
[1.345s] -- Up-to-date: /home/talae-ubantu/6558_6576/install/teleop_interfaces/share/teleop_interfaces/srv/ClearPath.idl
[1.345s] -- Up-to-date: /home/talae-ubantu/6558_6576/install/teleop_interfaces/share/teleop_interfaces/srv/Notify.idl
[1.345s] -- Up-to-date: /home/talae-ubantu/6558_6576/install/teleop_interfaces/share/teleop_interfaces/srv/MakePath.srv
[1.346s] -- Up-to-date: /home/talae-ubantu/6558_6576/install/teleop_interfaces/share/teleop_interfaces/srv/MakePath_Request.msg
[1.346s] -- Up-to-date: /home/talae-ubantu/6558_6576/install/teleop_interfaces/share/teleop_interfaces/srv/MakePath_Response.msg
[1.346s] -- Up-to-date: /home/talae-ubantu/6558_6576/install/teleop_interfaces/share/teleop_interfaces/srv/SavePath.srv
[1.346s] -- Up-to-date: /home/talae-ubantu/6558_6576/install/teleop_interfaces/share/teleop_interfaces/srv/SavePath_Request.msg
[1.346s] -- Up-to-date: /home/talae-ubantu/6558_6576/install/teleop_interfaces/share/teleop_interfaces/srv/SavePath_Response.msg
[1.346s] -- Up-to-date: /home/talae-ubantu/6558_6576/install/teleop_interfaces/share/teleop_interfaces/srv/ClearPath.srv
[1.347s] -- Up-to-date: /home/talae-ubantu/6558_6576/install/teleop_interfaces/share/teleop_interfaces/srv/ClearPath_Request.msg
[1.347s] -- Up-to-date: /home/talae-ubantu/6558_6576/install/teleop_interfaces/share/teleop_interfaces/srv/ClearPath_Response.msg
[1.347s] -- Up-to-date: /home/talae-ubantu/6558_6576/install/teleop_interfaces/share/teleop_interfaces/srv/Notify.srv
[1.347s] -- Up-to-date: /home/talae-ubantu/6558_6576/install/teleop_interfaces/share/teleop_interfaces/srv/Notify_Request.msg
[1.347s] -- Up-to-date: /home/talae-ubantu/6558_6576/install/teleop_interfaces/share/teleop_interfaces/srv/Notify_Response.msg
[1.347s] -- Up-to-date: /home/talae-ubantu/6558_6576/install/teleop_interfaces/share/ament_index/resource_index/package_run_dependencies/teleop_interfaces
[1.347s] -- Up-to-date: /home/talae-ubantu/6558_6576/install/teleop_interfaces/share/ament_index/resource_index/parent_prefix_path/teleop_interfaces
[1.348s] -- Up-to-date: /home/talae-ubantu/6558_6576/install/teleop_interfaces/share/teleop_interfaces/environment/ament_prefix_path.sh
[1.348s] -- Up-to-date: /home/talae-ubantu/6558_6576/install/teleop_interfaces/share/teleop_interfaces/environment/ament_prefix_path.dsv
[1.348s] -- Up-to-date: /home/talae-ubantu/6558_6576/install/teleop_interfaces/share/teleop_interfaces/environment/path.sh
[1.348s] -- Up-to-date: /home/talae-ubantu/6558_6576/install/teleop_interfaces/share/teleop_interfaces/environment/path.dsv
[1.348s] -- Up-to-date: /home/talae-ubantu/6558_6576/install/teleop_interfaces/share/teleop_interfaces/local_setup.bash
[1.348s] -- Up-to-date: /home/talae-ubantu/6558_6576/install/teleop_interfaces/share/teleop_interfaces/local_setup.sh
[1.348s] -- Up-to-date: /home/talae-ubantu/6558_6576/install/teleop_interfaces/share/teleop_interfaces/local_setup.zsh
[1.349s] -- Up-to-date: /home/talae-ubantu/6558_6576/install/teleop_interfaces/share/teleop_interfaces/local_setup.dsv
[1.349s] -- Installing: /home/talae-ubantu/6558_6576/install/teleop_interfaces/share/teleop_interfaces/package.dsv
[1.349s] -- Up-to-date: /home/talae-ubantu/6558_6576/install/teleop_interfaces/share/ament_index/resource_index/packages/teleop_interfaces
[1.349s] -- Up-to-date: /home/talae-ubantu/6558_6576/install/teleop_interfaces/share/teleop_interfaces/cmake/export_teleop_interfaces__rosidl_generator_cExport.cmake
[1.349s] -- Up-to-date: /home/talae-ubantu/6558_6576/install/teleop_interfaces/share/teleop_interfaces/cmake/export_teleop_interfaces__rosidl_generator_cExport-noconfig.cmake
[1.349s] -- Up-to-date: /home/talae-ubantu/6558_6576/install/teleop_interfaces/share/teleop_interfaces/cmake/export_teleop_interfaces__rosidl_typesupport_fastrtps_cExport.cmake
[1.349s] -- Up-to-date: /home/talae-ubantu/6558_6576/install/teleop_interfaces/share/teleop_interfaces/cmake/export_teleop_interfaces__rosidl_typesupport_fastrtps_cExport-noconfig.cmake
[1.349s] -- Up-to-date: /home/talae-ubantu/6558_6576/install/teleop_interfaces/share/teleop_interfaces/cmake/export_teleop_interfaces__rosidl_generator_cppExport.cmake
[1.349s] -- Up-to-date: /home/talae-ubantu/6558_6576/install/teleop_interfaces/share/teleop_interfaces/cmake/export_teleop_interfaces__rosidl_typesupport_fastrtps_cppExport.cmake
[1.350s] -- Up-to-date: /home/talae-ubantu/6558_6576/install/teleop_interfaces/share/teleop_interfaces/cmake/export_teleop_interfaces__rosidl_typesupport_fastrtps_cppExport-noconfig.cmake
[1.350s] -- Up-to-date: /home/talae-ubantu/6558_6576/install/teleop_interfaces/share/teleop_interfaces/cmake/teleop_interfaces__rosidl_typesupport_introspection_cExport.cmake
[1.350s] -- Up-to-date: /home/talae-ubantu/6558_6576/install/teleop_interfaces/share/teleop_interfaces/cmake/teleop_interfaces__rosidl_typesupport_introspection_cExport-noconfig.cmake
[1.350s] -- Up-to-date: /home/talae-ubantu/6558_6576/install/teleop_interfaces/share/teleop_interfaces/cmake/teleop_interfaces__rosidl_typesupport_cExport.cmake
[1.350s] -- Up-to-date: /home/talae-ubantu/6558_6576/install/teleop_interfaces/share/teleop_interfaces/cmake/teleop_interfaces__rosidl_typesupport_cExport-noconfig.cmake
[1.350s] -- Up-to-date: /home/talae-ubantu/6558_6576/install/teleop_interfaces/share/teleop_interfaces/cmake/teleop_interfaces__rosidl_typesupport_introspection_cppExport.cmake
[1.350s] -- Up-to-date: /home/talae-ubantu/6558_6576/install/teleop_interfaces/share/teleop_interfaces/cmake/teleop_interfaces__rosidl_typesupport_introspection_cppExport-noconfig.cmake
[1.351s] -- Up-to-date: /home/talae-ubantu/6558_6576/install/teleop_interfaces/share/teleop_interfaces/cmake/teleop_interfaces__rosidl_typesupport_cppExport.cmake
[1.351s] -- Up-to-date: /home/talae-ubantu/6558_6576/install/teleop_interfaces/share/teleop_interfaces/cmake/teleop_interfaces__rosidl_typesupport_cppExport-noconfig.cmake
[1.351s] -- Up-to-date: /home/talae-ubantu/6558_6576/install/teleop_interfaces/share/teleop_interfaces/cmake/export_teleop_interfaces__rosidl_generator_pyExport.cmake
[1.351s] -- Up-to-date: /home/talae-ubantu/6558_6576/install/teleop_interfaces/share/teleop_interfaces/cmake/export_teleop_interfaces__rosidl_generator_pyExport-noconfig.cmake
[1.351s] -- Up-to-date: /home/talae-ubantu/6558_6576/install/teleop_interfaces/share/teleop_interfaces/cmake/rosidl_cmake-extras.cmake
[1.351s] -- Up-to-date: /home/talae-ubantu/6558_6576/install/teleop_interfaces/share/teleop_interfaces/cmake/ament_cmake_export_dependencies-extras.cmake
[1.351s] -- Up-to-date: /home/talae-ubantu/6558_6576/install/teleop_interfaces/share/teleop_interfaces/cmake/ament_cmake_export_include_directories-extras.cmake
[1.351s] -- Up-to-date: /home/talae-ubantu/6558_6576/install/teleop_interfaces/share/teleop_interfaces/cmake/ament_cmake_export_libraries-extras.cmake
[1.352s] -- Up-to-date: /home/talae-ubantu/6558_6576/install/teleop_interfaces/share/teleop_interfaces/cmake/ament_cmake_export_targets-extras.cmake
[1.352s] -- Up-to-date: /home/talae-ubantu/6558_6576/install/teleop_interfaces/share/teleop_interfaces/cmake/rosidl_cmake_export_typesupport_targets-extras.cmake
[1.352s] -- Up-to-date: /home/talae-ubantu/6558_6576/install/teleop_interfaces/share/teleop_interfaces/cmake/rosidl_cmake_export_typesupport_libraries-extras.cmake
[1.352s] -- Up-to-date: /home/talae-ubantu/6558_6576/install/teleop_interfaces/share/teleop_interfaces/cmake/teleop_interfacesConfig.cmake
[1.352s] -- Up-to-date: /home/talae-ubantu/6558_6576/install/teleop_interfaces/share/teleop_interfaces/cmake/teleop_interfacesConfig-version.cmake
[1.352s] -- Up-to-date: /home/talae-ubantu/6558_6576/install/teleop_interfaces/share/teleop_interfaces/package.xml
[1.354s] Invoked command in '/home/talae-ubantu/6558_6576/build/teleop_interfaces' returned '0': CMAKE_PREFIX_PATH=${CMAKE_PREFIX_PATH}:/opt/ros/humble /usr/bin/cmake --install /home/talae-ubantu/6558_6576/build/teleop_interfaces
