[0.032s] Invoking command in '/home/talae-ubantu/6558_6576/build/turtlesim_plus': CMAKE_PREFIX_PATH=${CMAKE_PREFIX_PATH}:/opt/ros/humble /usr/bin/cmake --build /home/talae-ubantu/6558_6576/build/turtlesim_plus -- -j4 -l4
[0.176s] Built target ament_cmake_python_copy_turtlesim_plus
[0.982s] running egg_info
[0.983s] writing turtlesim_plus.egg-info/PKG-INFO
[0.983s] writing dependency_links to turtlesim_plus.egg-info/dependency_links.txt
[0.986s] writing top-level names to turtlesim_plus.egg-info/top_level.txt
[0.989s] reading manifest file 'turtlesim_plus.egg-info/SOURCES.txt'
[0.989s] writing manifest file 'turtlesim_plus.egg-info/SOURCES.txt'
[1.041s] Built target ament_cmake_python_build_turtlesim_plus_egg
[1.066s] Invoked command in '/home/talae-ubantu/6558_6576/build/turtlesim_plus' returned '0': CMAKE_PREFIX_PATH=${CMAKE_PREFIX_PATH}:/opt/ros/humble /usr/bin/cmake --build /home/talae-ubantu/6558_6576/build/turtlesim_plus -- -j4 -l4
[1.104s] Invoking command in '/home/talae-ubantu/6558_6576/build/turtlesim_plus': CMAKE_PREFIX_PATH=${CMAKE_PREFIX_PATH}:/opt/ros/humble /usr/bin/cmake --install /home/talae-ubantu/6558_6576/build/turtlesim_plus
[1.117s] -- Install configuration: ""
[1.117s] -- Up-to-date: /home/talae-ubantu/6558_6576/install/turtlesim_plus/share/turtlesim_plus/environment/pythonpath.sh
[1.117s] -- Up-to-date: /home/talae-ubantu/6558_6576/install/turtlesim_plus/share/turtlesim_plus/environment/pythonpath.dsv
[1.118s] -- Up-to-date: /home/talae-ubantu/6558_6576/install/turtlesim_plus/local/lib/python3.10/dist-packages/turtlesim_plus-1.0.0-py3.10.egg-info
[1.118s] -- Installing: /home/talae-ubantu/6558_6576/install/turtlesim_plus/local/lib/python3.10/dist-packages/turtlesim_plus-1.0.0-py3.10.egg-info/PKG-INFO
[1.120s] -- Installing: /home/talae-ubantu/6558_6576/install/turtlesim_plus/local/lib/python3.10/dist-packages/turtlesim_plus-1.0.0-py3.10.egg-info/top_level.txt
[1.121s] -- Installing: /home/talae-ubantu/6558_6576/install/turtlesim_plus/local/lib/python3.10/dist-packages/turtlesim_plus-1.0.0-py3.10.egg-info/SOURCES.txt
[1.121s] -- Installing: /home/talae-ubantu/6558_6576/install/turtlesim_plus/local/lib/python3.10/dist-packages/turtlesim_plus-1.0.0-py3.10.egg-info/dependency_links.txt
[1.121s] -- Up-to-date: /home/talae-ubantu/6558_6576/install/turtlesim_plus/local/lib/python3.10/dist-packages/turtlesim_plus
[1.121s] -- Up-to-date: /home/talae-ubantu/6558_6576/install/turtlesim_plus/local/lib/python3.10/dist-packages/turtlesim_plus/__init__.py
[1.121s] -- Up-to-date: /home/talae-ubantu/6558_6576/install/turtlesim_plus/local/lib/python3.10/dist-packages/turtlesim_plus/image
[1.121s] -- Up-to-date: /home/talae-ubantu/6558_6576/install/turtlesim_plus/local/lib/python3.10/dist-packages/turtlesim_plus/image/object
[1.121s] -- Up-to-date: /home/talae-ubantu/6558_6576/install/turtlesim_plus/local/lib/python3.10/dist-packages/turtlesim_plus/image/object/pizza.png
[1.122s] -- Up-to-date: /home/talae-ubantu/6558_6576/install/turtlesim_plus/local/lib/python3.10/dist-packages/turtlesim_plus/image/object/parcel.png
[1.122s] -- Up-to-date: /home/talae-ubantu/6558_6576/install/turtlesim_plus/local/lib/python3.10/dist-packages/turtlesim_plus/image/map
[1.122s] -- Up-to-date: /home/talae-ubantu/6558_6576/install/turtlesim_plus/local/lib/python3.10/dist-packages/turtlesim_plus/image/map/map.png
[1.122s] -- Up-to-date: /home/talae-ubantu/6558_6576/install/turtlesim_plus/local/lib/python3.10/dist-packages/turtlesim_plus/image/turtle
[1.122s] -- Up-to-date: /home/talae-ubantu/6558_6576/install/turtlesim_plus/local/lib/python3.10/dist-packages/turtlesim_plus/image/turtle/bouncy.png
[1.122s] -- Up-to-date: /home/talae-ubantu/6558_6576/install/turtlesim_plus/local/lib/python3.10/dist-packages/turtlesim_plus/image/turtle/foxy.png
[1.122s] -- Up-to-date: /home/talae-ubantu/6558_6576/install/turtlesim_plus/local/lib/python3.10/dist-packages/turtlesim_plus/image/turtle/humble.png
[1.122s] -- Up-to-date: /home/talae-ubantu/6558_6576/install/turtlesim_plus/local/lib/python3.10/dist-packages/turtlesim_plus/image/turtle/galactic.png
[1.122s] -- Up-to-date: /home/talae-ubantu/6558_6576/install/turtlesim_plus/local/lib/python3.10/dist-packages/turtlesim_plus/image/turtle/dashing.png
[1.122s] -- Up-to-date: /home/talae-ubantu/6558_6576/install/turtlesim_plus/local/lib/python3.10/dist-packages/turtlesim_plus/image/turtle/ardent.png
[1.123s] -- Up-to-date: /home/talae-ubantu/6558_6576/install/turtlesim_plus/local/lib/python3.10/dist-packages/turtlesim_plus/image/turtle/rolling.png
[1.123s] -- Up-to-date: /home/talae-ubantu/6558_6576/install/turtlesim_plus/local/lib/python3.10/dist-packages/turtlesim_plus/image/turtle/crystal.png
[1.124s] -- Up-to-date: /home/talae-ubantu/6558_6576/install/turtlesim_plus/local/lib/python3.10/dist-packages/turtlesim_plus/image/turtle/otto.png
[1.124s] -- Up-to-date: /home/talae-ubantu/6558_6576/install/turtlesim_plus/local/lib/python3.10/dist-packages/turtlesim_plus/image/turtle/eloquent.png
[1.124s] -- Up-to-date: /home/talae-ubantu/6558_6576/install/turtlesim_plus/local/lib/python3.10/dist-packages/turtlesim_plus/ros2_plugins.py
[1.124s] -- Up-to-date: /home/talae-ubantu/6558_6576/install/turtlesim_plus/local/lib/python3.10/dist-packages/turtlesim_plus/entity.py
[1.187s] Listing '/home/talae-ubantu/6558_6576/install/turtlesim_plus/local/lib/python3.10/dist-packages/turtlesim_plus'...
[1.187s] Listing '/home/talae-ubantu/6558_6576/install/turtlesim_plus/local/lib/python3.10/dist-packages/turtlesim_plus/image'...
[1.188s] Listing '/home/talae-ubantu/6558_6576/install/turtlesim_plus/local/lib/python3.10/dist-packages/turtlesim_plus/image/map'...
[1.188s] Listing '/home/talae-ubantu/6558_6576/install/turtlesim_plus/local/lib/python3.10/dist-packages/turtlesim_plus/image/object'...
[1.188s] Listing '/home/talae-ubantu/6558_6576/install/turtlesim_plus/local/lib/python3.10/dist-packages/turtlesim_plus/image/turtle'...
[1.197s] -- Up-to-date: /home/talae-ubantu/6558_6576/install/turtlesim_plus/lib/turtlesim_plus/turtlesim_plus_node.py
[1.197s] -- Up-to-date: /home/talae-ubantu/6558_6576/install/turtlesim_plus/lib/turtlesim_plus/pizza_on_click.py
[1.197s] -- Up-to-date: /home/talae-ubantu/6558_6576/install/turtlesim_plus/share/turtlesim_plus
[1.197s] -- Up-to-date: /home/talae-ubantu/6558_6576/install/turtlesim_plus/share/ament_index/resource_index/package_run_dependencies/turtlesim_plus
[1.197s] -- Up-to-date: /home/talae-ubantu/6558_6576/install/turtlesim_plus/share/ament_index/resource_index/parent_prefix_path/turtlesim_plus
[1.197s] -- Up-to-date: /home/talae-ubantu/6558_6576/install/turtlesim_plus/share/turtlesim_plus/environment/ament_prefix_path.sh
[1.198s] -- Up-to-date: /home/talae-ubantu/6558_6576/install/turtlesim_plus/share/turtlesim_plus/environment/ament_prefix_path.dsv
[1.198s] -- Up-to-date: /home/talae-ubantu/6558_6576/install/turtlesim_plus/share/turtlesim_plus/environment/path.sh
[1.198s] -- Up-to-date: /home/talae-ubantu/6558_6576/install/turtlesim_plus/share/turtlesim_plus/environment/path.dsv
[1.198s] -- Up-to-date: /home/talae-ubantu/6558_6576/install/turtlesim_plus/share/turtlesim_plus/local_setup.bash
[1.198s] -- Up-to-date: /home/talae-ubantu/6558_6576/install/turtlesim_plus/share/turtlesim_plus/local_setup.sh
[1.199s] -- Up-to-date: /home/talae-ubantu/6558_6576/install/turtlesim_plus/share/turtlesim_plus/local_setup.zsh
[1.199s] -- Up-to-date: /home/talae-ubantu/6558_6576/install/turtlesim_plus/share/turtlesim_plus/local_setup.dsv
[1.201s] -- Installing: /home/talae-ubantu/6558_6576/install/turtlesim_plus/share/turtlesim_plus/package.dsv
[1.201s] -- Up-to-date: /home/talae-ubantu/6558_6576/install/turtlesim_plus/share/ament_index/resource_index/packages/turtlesim_plus
[1.201s] -- Up-to-date: /home/talae-ubantu/6558_6576/install/turtlesim_plus/share/turtlesim_plus/cmake/turtlesim_plusConfig.cmake
[1.201s] -- Up-to-date: /home/talae-ubantu/6558_6576/install/turtlesim_plus/share/turtlesim_plus/cmake/turtlesim_plusConfig-version.cmake
[1.201s] -- Up-to-date: /home/talae-ubantu/6558_6576/install/turtlesim_plus/share/turtlesim_plus/package.xml
[1.202s] Invoked command in '/home/talae-ubantu/6558_6576/build/turtlesim_plus' returned '0': CMAKE_PREFIX_PATH=${CMAKE_PREFIX_PATH}:/opt/ros/humble /usr/bin/cmake --install /home/talae-ubantu/6558_6576/build/turtlesim_plus
