[0.027s] Invoking command in '/home/talae-ubantu/6558_6576/build/teleop_interfaces': CMAKE_PREFIX_PATH=${CMAKE_PREFIX_PATH}:/opt/ros/humble /usr/bin/cmake /home/talae-ubantu/6558_6576/src/teleop_interfaces -DCMAKE_INSTALL_PREFIX=/home/talae-ubantu/6558_6576/install/teleop_interfaces
[0.143s] -- The C compiler identification is GNU 11.4.0
[0.251s] -- The CXX compiler identification is GNU 11.4.0
[0.264s] -- Detecting C compiler ABI info
[0.392s] -- Detecting C compiler ABI info - done
[0.411s] -- Check for working C compiler: /usr/bin/cc - skipped
[0.412s] -- Detecting C compile features
[0.413s] -- Detecting C compile features - done
[0.418s] -- Detecting CXX compiler ABI info
[0.566s] -- Detecting CXX compiler ABI info - done
[0.584s] -- Check for working CXX compiler: /usr/bin/c++ - skipped
[0.585s] -- Detecting CXX compile features
[0.586s] -- Detecting CXX compile features - done
[0.589s] -- Found ament_cmake: 1.3.10 (/opt/ros/humble/share/ament_cmake/cmake)
[0.881s] -- Found Python3: /usr/bin/python3 (found version "3.10.12") found components: Interpreter 
[1.051s] -- Found ament_lint_auto: 0.12.11 (/opt/ros/humble/share/ament_lint_auto/cmake)
[1.202s] -- Found std_msgs: 4.2.4 (/opt/ros/humble/share/std_msgs/cmake)
[1.272s] -- Found rosidl_generator_c: 3.1.5 (/opt/ros/humble/share/rosidl_generator_c/cmake)
[1.284s] -- Found rosidl_adapter: 3.1.5 (/opt/ros/humble/share/rosidl_adapter/cmake)
[1.298s] -- Found rosidl_generator_cpp: 3.1.5 (/opt/ros/humble/share/rosidl_generator_cpp/cmake)
[1.322s] -- Using all available rosidl_typesupport_c: rosidl_typesupport_fastrtps_c;rosidl_typesupport_introspection_c
[1.358s] -- Using all available rosidl_typesupport_cpp: rosidl_typesupport_fastrtps_cpp;rosidl_typesupport_introspection_cpp
[1.414s] -- Found rosidl_default_generators: 1.2.0 (/opt/ros/humble/share/rosidl_default_generators/cmake)
[1.929s] -- Found ament_cmake_ros: 0.10.0 (/opt/ros/humble/share/ament_cmake_ros/cmake)
[2.753s] -- Using all available rosidl_typesupport_c: rosidl_typesupport_fastrtps_c;rosidl_typesupport_introspection_c
[3.053s] -- Using all available rosidl_typesupport_cpp: rosidl_typesupport_fastrtps_cpp;rosidl_typesupport_introspection_cpp
[3.109s] -- Found PythonInterp: /usr/bin/python3 (found suitable version "3.10.12", minimum required is "3.6") 
[3.113s] -- Found python_cmake_module: 0.10.0 (/opt/ros/humble/share/python_cmake_module/cmake)
[3.189s] -- Found PythonLibs: /usr/lib/x86_64-linux-gnu/libpython3.10.so (found suitable version "3.10.12", minimum required is "3.5") 
[3.190s] -- Using PYTHON_EXECUTABLE: /usr/bin/python3
[3.190s] -- Using PYTHON_INCLUDE_DIRS: /usr/include/python3.10
[3.191s] -- Using PYTHON_LIBRARIES: /usr/lib/x86_64-linux-gnu/libpython3.10.so
[3.247s] -- Found PythonExtra: .so  
[3.472s] -- Added test 'lint_cmake' to check CMake code style
[3.474s] -- Added test 'xmllint' to check XML markup files
[3.487s] -- Configuring done
[3.594s] -- Generating done
[3.604s] -- Build files have been written to: /home/talae-ubantu/6558_6576/build/teleop_interfaces
[3.626s] Invoked command in '/home/talae-ubantu/6558_6576/build/teleop_interfaces' returned '0': CMAKE_PREFIX_PATH=${CMAKE_PREFIX_PATH}:/opt/ros/humble /usr/bin/cmake /home/talae-ubantu/6558_6576/src/teleop_interfaces -DCMAKE_INSTALL_PREFIX=/home/talae-ubantu/6558_6576/install/teleop_interfaces
[3.627s] Invoking command in '/home/talae-ubantu/6558_6576/build/teleop_interfaces': CMAKE_PREFIX_PATH=${CMAKE_PREFIX_PATH}:/opt/ros/humble /usr/bin/cmake --build /home/talae-ubantu/6558_6576/build/teleop_interfaces -- -j4 -l4
[3.721s] [  1%] [34m[1mGenerating C code for ROS interfaces[0m
[3.741s] [  3%] [34m[1mGenerating C++ code for ROS interfaces[0m
[3.777s] [  3%] Built target ament_cmake_python_copy_teleop_interfaces
[4.788s] running egg_info
[4.789s] creating teleop_interfaces.egg-info
[4.790s] writing teleop_interfaces.egg-info/PKG-INFO
[4.790s] writing dependency_links to teleop_interfaces.egg-info/dependency_links.txt
[4.791s] writing top-level names to teleop_interfaces.egg-info/top_level.txt
[4.792s] writing manifest file 'teleop_interfaces.egg-info/SOURCES.txt'
[4.797s] reading manifest file 'teleop_interfaces.egg-info/SOURCES.txt'
[4.802s] writing manifest file 'teleop_interfaces.egg-info/SOURCES.txt'
[4.864s] [  3%] Built target ament_cmake_python_build_teleop_interfaces_egg
[5.445s] [  5%] [32mBuilding C object CMakeFiles/teleop_interfaces__rosidl_generator_c.dir/rosidl_generator_c/teleop_interfaces/srv/detail/make_path__functions.c.o[0m
[5.453s] [  7%] [32mBuilding C object CMakeFiles/teleop_interfaces__rosidl_generator_c.dir/rosidl_generator_c/teleop_interfaces/srv/detail/save_path__functions.c.o[0m
[5.464s] [  9%] [32mBuilding C object CMakeFiles/teleop_interfaces__rosidl_generator_c.dir/rosidl_generator_c/teleop_interfaces/srv/detail/clear_path__functions.c.o[0m
[5.589s] [ 10%] [32mBuilding C object CMakeFiles/teleop_interfaces__rosidl_generator_c.dir/rosidl_generator_c/teleop_interfaces/srv/detail/notify__functions.c.o[0m
[5.628s] In file included from [01m[K/home/talae-ubantu/6558_6576/build/teleop_interfaces/rosidl_generator_c/teleop_interfaces/srv/detail/notify__functions.h:19[m[K,
[5.628s]                  from [01m[K/home/talae-ubantu/6558_6576/build/teleop_interfaces/rosidl_generator_c/teleop_interfaces/srv/detail/notify__functions.c:4[m[K:
[5.629s] [01m[K/home/talae-ubantu/6558_6576/build/teleop_interfaces/rosidl_generator_c/teleop_interfaces/srv/detail/notify__struct.h:22:10:[m[K [01;31m[Kfatal error: [m[Kteleop_interfaces/msg/detail/bool__struct.h: No such file or directory
[5.629s]    22 | #include [01;31m[K"teleop_interfaces/msg/detail/bool__struct.h"[m[K
[5.629s]       |          [01;31m[K^~~~~~~~~~~~~~~~~~~~~~~~~~~~~~~~~~~~~~~~~~~~~[m[K
[5.629s] compilation terminated.
[5.631s] gmake[2]: *** [CMakeFiles/teleop_interfaces__rosidl_generator_c.dir/build.make:227: CMakeFiles/teleop_interfaces__rosidl_generator_c.dir/rosidl_generator_c/teleop_interfaces/srv/detail/notify__functions.c.o] Error 1
[5.631s] gmake[2]: *** Waiting for unfinished jobs....
[5.642s] gmake[1]: *** [CMakeFiles/Makefile2:213: CMakeFiles/teleop_interfaces__rosidl_generator_c.dir/all] Error 2
[5.643s] gmake[1]: *** Waiting for unfinished jobs....
[5.856s] [ 10%] Built target teleop_interfaces__cpp
[5.857s] gmake: *** [Makefile:146: all] Error 2
[5.860s] Invoked command in '/home/talae-ubantu/6558_6576/build/teleop_interfaces' returned '2': CMAKE_PREFIX_PATH=${CMAKE_PREFIX_PATH}:/opt/ros/humble /usr/bin/cmake --build /home/talae-ubantu/6558_6576/build/teleop_interfaces -- -j4 -l4
