-- Found ament_cmake: 1.3.10 (/opt/ros/humble/share/ament_cmake/cmake)
-- Found ament_lint_auto: 0.12.11 (/opt/ros/humble/share/ament_lint_auto/cmake)
-- Found std_msgs: 4.2.4 (/opt/ros/humble/share/std_msgs/cmake)
-- Found rosidl_generator_c: 3.1.5 (/opt/ros/humble/share/rosidl_generator_c/cmake)
-- Found rosidl_adapter: 3.1.5 (/opt/ros/humble/share/rosidl_adapter/cmake)
-- Found rosidl_generator_cpp: 3.1.5 (/opt/ros/humble/share/rosidl_generator_cpp/cmake)
-- Using all available rosidl_typesupport_c: rosidl_typesupport_fastrtps_c;rosidl_typesupport_introspection_c
-- Using all available rosidl_typesupport_cpp: rosidl_typesupport_fastrtps_cpp;rosidl_typesupport_introspection_cpp
-- Found rosidl_default_generators: 1.2.0 (/opt/ros/humble/share/rosidl_default_generators/cmake)
-- Found ament_cmake_ros: 0.10.0 (/opt/ros/humble/share/ament_cmake_ros/cmake)
-- Using all available rosidl_typesupport_c: rosidl_typesupport_fastrtps_c;rosidl_typesupport_introspection_c
-- Using all available rosidl_typesupport_cpp: rosidl_typesupport_fastrtps_cpp;rosidl_typesupport_introspection_cpp
-- Found python_cmake_module: 0.10.0 (/opt/ros/humble/share/python_cmake_module/cmake)
-- Using PYTHON_EXECUTABLE: /usr/bin/python3
-- Using PYTHON_INCLUDE_DIRS: /usr/include/python3.10
-- Using PYTHON_LIBRARIES: /usr/lib/x86_64-linux-gnu/libpython3.10.so
-- Added test 'lint_cmake' to check CMake code style
-- Added test 'xmllint' to check XML markup files
-- Configuring done
-- Generating done
-- Build files have been written to: /home/talae-ubantu/6558_6576/build/teleop_interfaces
[  1%] [34m[1mGenerating C code for ROS interfaces[0m
[  3%] [34m[1mGenerating C++ code for ROS interfaces[0m
[  3%] Built target ament_cmake_python_copy_teleop_interfaces
running egg_info
writing teleop_interfaces.egg-info/PKG-INFO
writing dependency_links to teleop_interfaces.egg-info/dependency_links.txt
writing top-level names to teleop_interfaces.egg-info/top_level.txt
reading manifest file 'teleop_interfaces.egg-info/SOURCES.txt'
writing manifest file 'teleop_interfaces.egg-info/SOURCES.txt'
[  3%] Built target ament_cmake_python_build_teleop_interfaces_egg
[35m[1mConsolidate compiler generated dependencies of target teleop_interfaces__rosidl_generator_c[0m
[  5%] [32mBuilding C object CMakeFiles/teleop_interfaces__rosidl_generator_c.dir/rosidl_generator_c/teleop_interfaces/srv/detail/make_path__functions.c.o[0m
[  7%] [32mBuilding C object CMakeFiles/teleop_interfaces__rosidl_generator_c.dir/rosidl_generator_c/teleop_interfaces/srv/detail/save_path__functions.c.o[0m
[  9%] [32mBuilding C object CMakeFiles/teleop_interfaces__rosidl_generator_c.dir/rosidl_generator_c/teleop_interfaces/srv/detail/clear_path__functions.c.o[0m
[ 10%] [32mBuilding C object CMakeFiles/teleop_interfaces__rosidl_generator_c.dir/rosidl_generator_c/teleop_interfaces/srv/detail/notify__functions.c.o[0m
[ 10%] Built target teleop_interfaces__cpp
[ 14%] [34m[1mGenerating C++ introspection for ROS interfaces[0m
[ 14%] [34m[1mGenerating C++ type support for eProsima Fast-RTPS[0m
[ 16%] [34m[1mGenerating C++ type support dispatch for ROS interfaces[0m
[ 18%] [32m[1mLinking C shared library libteleop_interfaces__rosidl_generator_c.so[0m
[ 18%] Built target teleop_interfaces__rosidl_generator_c
[ 20%] [34m[1mGenerating C type support for eProsima Fast-RTPS[0m
[ 21%] [32mBuilding CXX object CMakeFiles/teleop_interfaces__rosidl_typesupport_cpp.dir/rosidl_typesupport_cpp/teleop_interfaces/srv/make_path__type_support.cpp.o[0m
[ 23%] [32mBuilding CXX object CMakeFiles/teleop_interfaces__rosidl_typesupport_introspection_cpp.dir/rosidl_typesupport_introspection_cpp/teleop_interfaces/srv/detail/make_path__type_support.cpp.o[0m
[ 25%] [32mBuilding CXX object CMakeFiles/teleop_interfaces__rosidl_typesupport_fastrtps_cpp.dir/rosidl_typesupport_fastrtps_cpp/teleop_interfaces/srv/detail/dds_fastrtps/make_path__type_support.cpp.o[0m
[ 27%] [32mBuilding CXX object CMakeFiles/teleop_interfaces__rosidl_typesupport_fastrtps_c.dir/rosidl_typesupport_fastrtps_c/teleop_interfaces/srv/detail/make_path__type_support_c.cpp.o[0m
[ 29%] [32mBuilding CXX object CMakeFiles/teleop_interfaces__rosidl_typesupport_cpp.dir/rosidl_typesupport_cpp/teleop_interfaces/srv/save_path__type_support.cpp.o[0m
[ 30%] [32mBuilding CXX object CMakeFiles/teleop_interfaces__rosidl_typesupport_introspection_cpp.dir/rosidl_typesupport_introspection_cpp/teleop_interfaces/srv/detail/save_path__type_support.cpp.o[0m
[ 32%] [32mBuilding CXX object CMakeFiles/teleop_interfaces__rosidl_typesupport_fastrtps_c.dir/rosidl_typesupport_fastrtps_c/teleop_interfaces/srv/detail/save_path__type_support_c.cpp.o[0m
[ 34%] [32mBuilding CXX object CMakeFiles/teleop_interfaces__rosidl_typesupport_fastrtps_cpp.dir/rosidl_typesupport_fastrtps_cpp/teleop_interfaces/srv/detail/dds_fastrtps/save_path__type_support.cpp.o[0m
[ 36%] [32mBuilding CXX object CMakeFiles/teleop_interfaces__rosidl_typesupport_cpp.dir/rosidl_typesupport_cpp/teleop_interfaces/srv/clear_path__type_support.cpp.o[0m
[ 38%] [32mBuilding CXX object CMakeFiles/teleop_interfaces__rosidl_typesupport_introspection_cpp.dir/rosidl_typesupport_introspection_cpp/teleop_interfaces/srv/detail/clear_path__type_support.cpp.o[0m
[ 40%] [32mBuilding CXX object CMakeFiles/teleop_interfaces__rosidl_typesupport_cpp.dir/rosidl_typesupport_cpp/teleop_interfaces/srv/notify__type_support.cpp.o[0m
[ 41%] [32mBuilding CXX object CMakeFiles/teleop_interfaces__rosidl_typesupport_fastrtps_c.dir/rosidl_typesupport_fastrtps_c/teleop_interfaces/srv/detail/clear_path__type_support_c.cpp.o[0m
[ 43%] [32mBuilding CXX object CMakeFiles/teleop_interfaces__rosidl_typesupport_fastrtps_cpp.dir/rosidl_typesupport_fastrtps_cpp/teleop_interfaces/srv/detail/dds_fastrtps/clear_path__type_support.cpp.o[0m
[ 45%] [32m[1mLinking CXX shared library libteleop_interfaces__rosidl_typesupport_cpp.so[0m
[ 45%] Built target teleop_interfaces__rosidl_typesupport_cpp
[ 47%] [32mBuilding CXX object CMakeFiles/teleop_interfaces__rosidl_typesupport_fastrtps_cpp.dir/rosidl_typesupport_fastrtps_cpp/teleop_interfaces/srv/detail/dds_fastrtps/notify__type_support.cpp.o[0m
[ 49%] [32mBuilding CXX object CMakeFiles/teleop_interfaces__rosidl_typesupport_introspection_cpp.dir/rosidl_typesupport_introspection_cpp/teleop_interfaces/srv/detail/notify__type_support.cpp.o[0m
[ 50%] [32mBuilding CXX object CMakeFiles/teleop_interfaces__rosidl_typesupport_fastrtps_c.dir/rosidl_typesupport_fastrtps_c/teleop_interfaces/srv/detail/notify__type_support_c.cpp.o[0m
[ 52%] [34m[1mGenerating C introspection for ROS interfaces[0m
[ 54%] [32m[1mLinking CXX shared library libteleop_interfaces__rosidl_typesupport_fastrtps_cpp.so[0m
[ 56%] [32m[1mLinking CXX shared library libteleop_interfaces__rosidl_typesupport_introspection_cpp.so[0m
[ 58%] [32m[1mLinking CXX shared library libteleop_interfaces__rosidl_typesupport_fastrtps_c.so[0m
[ 58%] Built target teleop_interfaces__rosidl_typesupport_fastrtps_cpp
[ 60%] [34m[1mGenerating C type support dispatch for ROS interfaces[0m
[ 60%] Built target teleop_interfaces__rosidl_typesupport_introspection_cpp
[ 60%] Built target teleop_interfaces__rosidl_typesupport_fastrtps_c
[ 63%] [32mBuilding C object CMakeFiles/teleop_interfaces__rosidl_typesupport_introspection_c.dir/rosidl_typesupport_introspection_c/teleop_interfaces/srv/detail/make_path__type_support.c.o[0m
[ 63%] [32mBuilding C object CMakeFiles/teleop_interfaces__rosidl_typesupport_introspection_c.dir/rosidl_typesupport_introspection_c/teleop_interfaces/srv/detail/clear_path__type_support.c.o[0m
[ 65%] [32mBuilding C object CMakeFiles/teleop_interfaces__rosidl_typesupport_introspection_c.dir/rosidl_typesupport_introspection_c/teleop_interfaces/srv/detail/save_path__type_support.c.o[0m
[ 67%] [32mBuilding C object CMakeFiles/teleop_interfaces__rosidl_typesupport_introspection_c.dir/rosidl_typesupport_introspection_c/teleop_interfaces/srv/detail/notify__type_support.c.o[0m
[ 69%] [32m[1mLinking C shared library libteleop_interfaces__rosidl_typesupport_introspection_c.so[0m
[ 69%] Built target teleop_interfaces__rosidl_typesupport_introspection_c
[ 72%] [32mBuilding CXX object CMakeFiles/teleop_interfaces__rosidl_typesupport_c.dir/rosidl_typesupport_c/teleop_interfaces/srv/notify__type_support.cpp.o[0m
[ 72%] [32mBuilding CXX object CMakeFiles/teleop_interfaces__rosidl_typesupport_c.dir/rosidl_typesupport_c/teleop_interfaces/srv/save_path__type_support.cpp.o[0m
[ 74%] [32mBuilding CXX object CMakeFiles/teleop_interfaces__rosidl_typesupport_c.dir/rosidl_typesupport_c/teleop_interfaces/srv/clear_path__type_support.cpp.o[0m
[ 76%] [32mBuilding CXX object CMakeFiles/teleop_interfaces__rosidl_typesupport_c.dir/rosidl_typesupport_c/teleop_interfaces/srv/make_path__type_support.cpp.o[0m
[ 78%] [32m[1mLinking CXX shared library libteleop_interfaces__rosidl_typesupport_c.so[0m
[ 78%] Built target teleop_interfaces__rosidl_typesupport_c
[ 78%] Built target teleop_interfaces
[ 80%] [34m[1mGenerating Python code for ROS interfaces[0m
[ 80%] Built target teleop_interfaces__py
[ 81%] [32mBuilding C object CMakeFiles/teleop_interfaces__rosidl_generator_py.dir/rosidl_generator_py/teleop_interfaces/srv/_save_path_s.c.o[0m
[ 83%] [32mBuilding C object CMakeFiles/teleop_interfaces__rosidl_generator_py.dir/rosidl_generator_py/teleop_interfaces/srv/_make_path_s.c.o[0m
[ 85%] [32mBuilding C object CMakeFiles/teleop_interfaces__rosidl_generator_py.dir/rosidl_generator_py/teleop_interfaces/srv/_clear_path_s.c.o[0m
[ 87%] [32mBuilding C object CMakeFiles/teleop_interfaces__rosidl_generator_py.dir/rosidl_generator_py/teleop_interfaces/srv/_notify_s.c.o[0m
[ 89%] [32m[1mLinking C shared library rosidl_generator_py/teleop_interfaces/libteleop_interfaces__rosidl_generator_py.so[0m
[ 89%] Built target teleop_interfaces__rosidl_generator_py
[ 90%] [32mBuilding C object CMakeFiles/teleop_interfaces__rosidl_typesupport_introspection_c__pyext.dir/rosidl_generator_py/teleop_interfaces/_teleop_interfaces_s.ep.rosidl_typesupport_introspection_c.c.o[0m
[ 92%] [32mBuilding C object CMakeFiles/teleop_interfaces__rosidl_typesupport_fastrtps_c__pyext.dir/rosidl_generator_py/teleop_interfaces/_teleop_interfaces_s.ep.rosidl_typesupport_fastrtps_c.c.o[0m
[ 94%] [32mBuilding C object CMakeFiles/teleop_interfaces__rosidl_typesupport_c__pyext.dir/rosidl_generator_py/teleop_interfaces/_teleop_interfaces_s.ep.rosidl_typesupport_c.c.o[0m
[ 96%] [32m[1mLinking C shared library rosidl_generator_py/teleop_interfaces/teleop_interfaces_s__rosidl_typesupport_introspection_c.cpython-310-x86_64-linux-gnu.so[0m
[ 98%] [32m[1mLinking C shared library rosidl_generator_py/teleop_interfaces/teleop_interfaces_s__rosidl_typesupport_fastrtps_c.cpython-310-x86_64-linux-gnu.so[0m
[100%] [32m[1mLinking C shared library rosidl_generator_py/teleop_interfaces/teleop_interfaces_s__rosidl_typesupport_c.cpython-310-x86_64-linux-gnu.so[0m
[100%] Built target teleop_interfaces__rosidl_typesupport_introspection_c__pyext
[100%] Built target teleop_interfaces__rosidl_typesupport_fastrtps_c__pyext
[100%] Built target teleop_interfaces__rosidl_typesupport_c__pyext
-- Install configuration: ""
-- Installing: /home/talae-ubantu/6558_6576/install/teleop_interfaces/share/ament_index/resource_index/rosidl_interfaces/teleop_interfaces
-- Installing: /home/talae-ubantu/6558_6576/install/teleop_interfaces/include/teleop_interfaces/teleop_interfaces
-- Installing: /home/talae-ubantu/6558_6576/install/teleop_interfaces/include/teleop_interfaces/teleop_interfaces/srv
-- Installing: /home/talae-ubantu/6558_6576/install/teleop_interfaces/include/teleop_interfaces/teleop_interfaces/srv/make_path.h
-- Installing: /home/talae-ubantu/6558_6576/install/teleop_interfaces/include/teleop_interfaces/teleop_interfaces/srv/notify.h
-- Installing: /home/talae-ubantu/6558_6576/install/teleop_interfaces/include/teleop_interfaces/teleop_interfaces/srv/save_path.h
-- Installing: /home/talae-ubantu/6558_6576/install/teleop_interfaces/include/teleop_interfaces/teleop_interfaces/srv/detail
-- Installing: /home/talae-ubantu/6558_6576/install/teleop_interfaces/include/teleop_interfaces/teleop_interfaces/srv/detail/notify__type_support.h
-- Installing: /home/talae-ubantu/6558_6576/install/teleop_interfaces/include/teleop_interfaces/teleop_interfaces/srv/detail/notify__functions.h
-- Installing: /home/talae-ubantu/6558_6576/install/teleop_interfaces/include/teleop_interfaces/teleop_interfaces/srv/detail/make_path__struct.h
-- Installing: /home/talae-ubantu/6558_6576/install/teleop_interfaces/include/teleop_interfaces/teleop_interfaces/srv/detail/notify__struct.h
-- Installing: /home/talae-ubantu/6558_6576/install/teleop_interfaces/include/teleop_interfaces/teleop_interfaces/srv/detail/clear_path__functions.c
-- Installing: /home/talae-ubantu/6558_6576/install/teleop_interfaces/include/teleop_interfaces/teleop_interfaces/srv/detail/make_path__functions.h
-- Installing: /home/talae-ubantu/6558_6576/install/teleop_interfaces/include/teleop_interfaces/teleop_interfaces/srv/detail/clear_path__type_support.h
-- Installing: /home/talae-ubantu/6558_6576/install/teleop_interfaces/include/teleop_interfaces/teleop_interfaces/srv/detail/save_path__type_support.h
-- Installing: /home/talae-ubantu/6558_6576/install/teleop_interfaces/include/teleop_interfaces/teleop_interfaces/srv/detail/make_path__functions.c
-- Installing: /home/talae-ubantu/6558_6576/install/teleop_interfaces/include/teleop_interfaces/teleop_interfaces/srv/detail/clear_path__functions.h
-- Installing: /home/talae-ubantu/6558_6576/install/teleop_interfaces/include/teleop_interfaces/teleop_interfaces/srv/detail/save_path__functions.h
-- Installing: /home/talae-ubantu/6558_6576/install/teleop_interfaces/include/teleop_interfaces/teleop_interfaces/srv/detail/notify__functions.c
-- Installing: /home/talae-ubantu/6558_6576/install/teleop_interfaces/include/teleop_interfaces/teleop_interfaces/srv/detail/clear_path__struct.h
-- Installing: /home/talae-ubantu/6558_6576/install/teleop_interfaces/include/teleop_interfaces/teleop_interfaces/srv/detail/make_path__type_support.h
-- Installing: /home/talae-ubantu/6558_6576/install/teleop_interfaces/include/teleop_interfaces/teleop_interfaces/srv/detail/save_path__struct.h
-- Installing: /home/talae-ubantu/6558_6576/install/teleop_interfaces/include/teleop_interfaces/teleop_interfaces/srv/detail/save_path__functions.c
-- Installing: /home/talae-ubantu/6558_6576/install/teleop_interfaces/include/teleop_interfaces/teleop_interfaces/srv/clear_path.h
-- Installing: /home/talae-ubantu/6558_6576/install/teleop_interfaces/include/teleop_interfaces/teleop_interfaces/msg
-- Installing: /home/talae-ubantu/6558_6576/install/teleop_interfaces/include/teleop_interfaces/teleop_interfaces/msg/rosidl_generator_c__visibility_control.h
-- Installing: /home/talae-ubantu/6558_6576/install/teleop_interfaces/share/teleop_interfaces/environment/library_path.sh
-- Installing: /home/talae-ubantu/6558_6576/install/teleop_interfaces/share/teleop_interfaces/environment/library_path.dsv
-- Installing: /home/talae-ubantu/6558_6576/install/teleop_interfaces/lib/libteleop_interfaces__rosidl_generator_c.so
-- Set runtime path of "/home/talae-ubantu/6558_6576/install/teleop_interfaces/lib/libteleop_interfaces__rosidl_generator_c.so" to ""
-- Up-to-date: /home/talae-ubantu/6558_6576/install/teleop_interfaces/include/teleop_interfaces/teleop_interfaces
-- Up-to-date: /home/talae-ubantu/6558_6576/install/teleop_interfaces/include/teleop_interfaces/teleop_interfaces/srv
-- Up-to-date: /home/talae-ubantu/6558_6576/install/teleop_interfaces/include/teleop_interfaces/teleop_interfaces/srv/detail
-- Installing: /home/talae-ubantu/6558_6576/install/teleop_interfaces/include/teleop_interfaces/teleop_interfaces/srv/detail/make_path__rosidl_typesupport_fastrtps_c.h
-- Installing: /home/talae-ubantu/6558_6576/install/teleop_interfaces/include/teleop_interfaces/teleop_interfaces/srv/detail/notify__rosidl_typesupport_fastrtps_c.h
-- Installing: /home/talae-ubantu/6558_6576/install/teleop_interfaces/include/teleop_interfaces/teleop_interfaces/srv/detail/save_path__rosidl_typesupport_fastrtps_c.h
-- Installing: /home/talae-ubantu/6558_6576/install/teleop_interfaces/include/teleop_interfaces/teleop_interfaces/srv/detail/clear_path__rosidl_typesupport_fastrtps_c.h
-- Up-to-date: /home/talae-ubantu/6558_6576/install/teleop_interfaces/include/teleop_interfaces/teleop_interfaces/msg
-- Installing: /home/talae-ubantu/6558_6576/install/teleop_interfaces/include/teleop_interfaces/teleop_interfaces/msg/rosidl_typesupport_fastrtps_c__visibility_control.h
-- Installing: /home/talae-ubantu/6558_6576/install/teleop_interfaces/lib/libteleop_interfaces__rosidl_typesupport_fastrtps_c.so
-- Set runtime path of "/home/talae-ubantu/6558_6576/install/teleop_interfaces/lib/libteleop_interfaces__rosidl_typesupport_fastrtps_c.so" to ""
-- Up-to-date: /home/talae-ubantu/6558_6576/install/teleop_interfaces/include/teleop_interfaces/teleop_interfaces
-- Up-to-date: /home/talae-ubantu/6558_6576/install/teleop_interfaces/include/teleop_interfaces/teleop_interfaces/srv
-- Installing: /home/talae-ubantu/6558_6576/install/teleop_interfaces/include/teleop_interfaces/teleop_interfaces/srv/save_path.hpp
-- Installing: /home/talae-ubantu/6558_6576/install/teleop_interfaces/include/teleop_interfaces/teleop_interfaces/srv/clear_path.hpp
-- Installing: /home/talae-ubantu/6558_6576/install/teleop_interfaces/include/teleop_interfaces/teleop_interfaces/srv/make_path.hpp
-- Up-to-date: /home/talae-ubantu/6558_6576/install/teleop_interfaces/include/teleop_interfaces/teleop_interfaces/srv/detail
-- Installing: /home/talae-ubantu/6558_6576/install/teleop_interfaces/include/teleop_interfaces/teleop_interfaces/srv/detail/notify__builder.hpp
-- Installing: /home/talae-ubantu/6558_6576/install/teleop_interfaces/include/teleop_interfaces/teleop_interfaces/srv/detail/make_path__builder.hpp
-- Installing: /home/talae-ubantu/6558_6576/install/teleop_interfaces/include/teleop_interfaces/teleop_interfaces/srv/detail/notify__struct.hpp
-- Installing: /home/talae-ubantu/6558_6576/install/teleop_interfaces/include/teleop_interfaces/teleop_interfaces/srv/detail/notify__traits.hpp
-- Installing: /home/talae-ubantu/6558_6576/install/teleop_interfaces/include/teleop_interfaces/teleop_interfaces/srv/detail/make_path__struct.hpp
-- Installing: /home/talae-ubantu/6558_6576/install/teleop_interfaces/include/teleop_interfaces/teleop_interfaces/srv/detail/clear_path__struct.hpp
-- Installing: /home/talae-ubantu/6558_6576/install/teleop_interfaces/include/teleop_interfaces/teleop_interfaces/srv/detail/save_path__builder.hpp
-- Installing: /home/talae-ubantu/6558_6576/install/teleop_interfaces/include/teleop_interfaces/teleop_interfaces/srv/detail/save_path__traits.hpp
-- Installing: /home/talae-ubantu/6558_6576/install/teleop_interfaces/include/teleop_interfaces/teleop_interfaces/srv/detail/clear_path__traits.hpp
-- Installing: /home/talae-ubantu/6558_6576/install/teleop_interfaces/include/teleop_interfaces/teleop_interfaces/srv/detail/make_path__traits.hpp
-- Installing: /home/talae-ubantu/6558_6576/install/teleop_interfaces/include/teleop_interfaces/teleop_interfaces/srv/detail/save_path__struct.hpp
-- Installing: /home/talae-ubantu/6558_6576/install/teleop_interfaces/include/teleop_interfaces/teleop_interfaces/srv/detail/clear_path__builder.hpp
-- Installing: /home/talae-ubantu/6558_6576/install/teleop_interfaces/include/teleop_interfaces/teleop_interfaces/srv/notify.hpp
-- Up-to-date: /home/talae-ubantu/6558_6576/install/teleop_interfaces/include/teleop_interfaces/teleop_interfaces
-- Up-to-date: /home/talae-ubantu/6558_6576/install/teleop_interfaces/include/teleop_interfaces/teleop_interfaces/srv
-- Up-to-date: /home/talae-ubantu/6558_6576/install/teleop_interfaces/include/teleop_interfaces/teleop_interfaces/srv/detail
-- Installing: /home/talae-ubantu/6558_6576/install/teleop_interfaces/include/teleop_interfaces/teleop_interfaces/srv/detail/clear_path__rosidl_typesupport_fastrtps_cpp.hpp
-- Installing: /home/talae-ubantu/6558_6576/install/teleop_interfaces/include/teleop_interfaces/teleop_interfaces/srv/detail/notify__rosidl_typesupport_fastrtps_cpp.hpp
-- Installing: /home/talae-ubantu/6558_6576/install/teleop_interfaces/include/teleop_interfaces/teleop_interfaces/srv/detail/make_path__rosidl_typesupport_fastrtps_cpp.hpp
-- Installing: /home/talae-ubantu/6558_6576/install/teleop_interfaces/include/teleop_interfaces/teleop_interfaces/srv/detail/dds_fastrtps
-- Installing: /home/talae-ubantu/6558_6576/install/teleop_interfaces/include/teleop_interfaces/teleop_interfaces/srv/detail/save_path__rosidl_typesupport_fastrtps_cpp.hpp
-- Up-to-date: /home/talae-ubantu/6558_6576/install/teleop_interfaces/include/teleop_interfaces/teleop_interfaces/msg
-- Installing: /home/talae-ubantu/6558_6576/install/teleop_interfaces/include/teleop_interfaces/teleop_interfaces/msg/rosidl_typesupport_fastrtps_cpp__visibility_control.h
-- Installing: /home/talae-ubantu/6558_6576/install/teleop_interfaces/lib/libteleop_interfaces__rosidl_typesupport_fastrtps_cpp.so
-- Set runtime path of "/home/talae-ubantu/6558_6576/install/teleop_interfaces/lib/libteleop_interfaces__rosidl_typesupport_fastrtps_cpp.so" to ""
-- Up-to-date: /home/talae-ubantu/6558_6576/install/teleop_interfaces/include/teleop_interfaces/teleop_interfaces
-- Up-to-date: /home/talae-ubantu/6558_6576/install/teleop_interfaces/include/teleop_interfaces/teleop_interfaces/srv
-- Up-to-date: /home/talae-ubantu/6558_6576/install/teleop_interfaces/include/teleop_interfaces/teleop_interfaces/srv/detail
-- Installing: /home/talae-ubantu/6558_6576/install/teleop_interfaces/include/teleop_interfaces/teleop_interfaces/srv/detail/notify__type_support.c
-- Installing: /home/talae-ubantu/6558_6576/install/teleop_interfaces/include/teleop_interfaces/teleop_interfaces/srv/detail/make_path__rosidl_typesupport_introspection_c.h
-- Installing: /home/talae-ubantu/6558_6576/install/teleop_interfaces/include/teleop_interfaces/teleop_interfaces/srv/detail/make_path__type_support.c
-- Installing: /home/talae-ubantu/6558_6576/install/teleop_interfaces/include/teleop_interfaces/teleop_interfaces/srv/detail/clear_path__type_support.c
-- Installing: /home/talae-ubantu/6558_6576/install/teleop_interfaces/include/teleop_interfaces/teleop_interfaces/srv/detail/clear_path__rosidl_typesupport_introspection_c.h
-- Installing: /home/talae-ubantu/6558_6576/install/teleop_interfaces/include/teleop_interfaces/teleop_interfaces/srv/detail/save_path__type_support.c
-- Installing: /home/talae-ubantu/6558_6576/install/teleop_interfaces/include/teleop_interfaces/teleop_interfaces/srv/detail/notify__rosidl_typesupport_introspection_c.h
-- Installing: /home/talae-ubantu/6558_6576/install/teleop_interfaces/include/teleop_interfaces/teleop_interfaces/srv/detail/save_path__rosidl_typesupport_introspection_c.h
-- Up-to-date: /home/talae-ubantu/6558_6576/install/teleop_interfaces/include/teleop_interfaces/teleop_interfaces/msg
-- Installing: /home/talae-ubantu/6558_6576/install/teleop_interfaces/include/teleop_interfaces/teleop_interfaces/msg/rosidl_typesupport_introspection_c__visibility_control.h
-- Installing: /home/talae-ubantu/6558_6576/install/teleop_interfaces/lib/libteleop_interfaces__rosidl_typesupport_introspection_c.so
-- Set runtime path of "/home/talae-ubantu/6558_6576/install/teleop_interfaces/lib/libteleop_interfaces__rosidl_typesupport_introspection_c.so" to ""
-- Installing: /home/talae-ubantu/6558_6576/install/teleop_interfaces/lib/libteleop_interfaces__rosidl_typesupport_c.so
-- Set runtime path of "/home/talae-ubantu/6558_6576/install/teleop_interfaces/lib/libteleop_interfaces__rosidl_typesupport_c.so" to ""
-- Up-to-date: /home/talae-ubantu/6558_6576/install/teleop_interfaces/include/teleop_interfaces/teleop_interfaces
-- Up-to-date: /home/talae-ubantu/6558_6576/install/teleop_interfaces/include/teleop_interfaces/teleop_interfaces/srv
-- Up-to-date: /home/talae-ubantu/6558_6576/install/teleop_interfaces/include/teleop_interfaces/teleop_interfaces/srv/detail
-- Installing: /home/talae-ubantu/6558_6576/install/teleop_interfaces/include/teleop_interfaces/teleop_interfaces/srv/detail/notify__rosidl_typesupport_introspection_cpp.hpp
-- Installing: /home/talae-ubantu/6558_6576/install/teleop_interfaces/include/teleop_interfaces/teleop_interfaces/srv/detail/save_path__type_support.cpp
-- Installing: /home/talae-ubantu/6558_6576/install/teleop_interfaces/include/teleop_interfaces/teleop_interfaces/srv/detail/make_path__rosidl_typesupport_introspection_cpp.hpp
-- Installing: /home/talae-ubantu/6558_6576/install/teleop_interfaces/include/teleop_interfaces/teleop_interfaces/srv/detail/make_path__type_support.cpp
-- Installing: /home/talae-ubantu/6558_6576/install/teleop_interfaces/include/teleop_interfaces/teleop_interfaces/srv/detail/save_path__rosidl_typesupport_introspection_cpp.hpp
-- Installing: /home/talae-ubantu/6558_6576/install/teleop_interfaces/include/teleop_interfaces/teleop_interfaces/srv/detail/clear_path__rosidl_typesupport_introspection_cpp.hpp
-- Installing: /home/talae-ubantu/6558_6576/install/teleop_interfaces/include/teleop_interfaces/teleop_interfaces/srv/detail/clear_path__type_support.cpp
-- Installing: /home/talae-ubantu/6558_6576/install/teleop_interfaces/include/teleop_interfaces/teleop_interfaces/srv/detail/notify__type_support.cpp
-- Installing: /home/talae-ubantu/6558_6576/install/teleop_interfaces/lib/libteleop_interfaces__rosidl_typesupport_introspection_cpp.so
-- Set runtime path of "/home/talae-ubantu/6558_6576/install/teleop_interfaces/lib/libteleop_interfaces__rosidl_typesupport_introspection_cpp.so" to ""
-- Installing: /home/talae-ubantu/6558_6576/install/teleop_interfaces/lib/libteleop_interfaces__rosidl_typesupport_cpp.so
-- Set runtime path of "/home/talae-ubantu/6558_6576/install/teleop_interfaces/lib/libteleop_interfaces__rosidl_typesupport_cpp.so" to ""
-- Installing: /home/talae-ubantu/6558_6576/install/teleop_interfaces/share/teleop_interfaces/environment/pythonpath.sh
-- Installing: /home/talae-ubantu/6558_6576/install/teleop_interfaces/share/teleop_interfaces/environment/pythonpath.dsv
-- Installing: /home/talae-ubantu/6558_6576/install/teleop_interfaces/local/lib/python3.10/dist-packages/teleop_interfaces-0.0.0-py3.10.egg-info
-- Installing: /home/talae-ubantu/6558_6576/install/teleop_interfaces/local/lib/python3.10/dist-packages/teleop_interfaces-0.0.0-py3.10.egg-info/PKG-INFO
-- Installing: /home/talae-ubantu/6558_6576/install/teleop_interfaces/local/lib/python3.10/dist-packages/teleop_interfaces-0.0.0-py3.10.egg-info/top_level.txt
-- Installing: /home/talae-ubantu/6558_6576/install/teleop_interfaces/local/lib/python3.10/dist-packages/teleop_interfaces-0.0.0-py3.10.egg-info/SOURCES.txt
-- Installing: /home/talae-ubantu/6558_6576/install/teleop_interfaces/local/lib/python3.10/dist-packages/teleop_interfaces-0.0.0-py3.10.egg-info/dependency_links.txt
-- Installing: /home/talae-ubantu/6558_6576/install/teleop_interfaces/local/lib/python3.10/dist-packages/teleop_interfaces
-- Installing: /home/talae-ubantu/6558_6576/install/teleop_interfaces/local/lib/python3.10/dist-packages/teleop_interfaces/__init__.py
-- Installing: /home/talae-ubantu/6558_6576/install/teleop_interfaces/local/lib/python3.10/dist-packages/teleop_interfaces/_teleop_interfaces_s.ep.rosidl_typesupport_c.c
-- Installing: /home/talae-ubantu/6558_6576/install/teleop_interfaces/local/lib/python3.10/dist-packages/teleop_interfaces/_teleop_interfaces_s.ep.rosidl_typesupport_fastrtps_c.c
-- Installing: /home/talae-ubantu/6558_6576/install/teleop_interfaces/local/lib/python3.10/dist-packages/teleop_interfaces/libteleop_interfaces__rosidl_generator_py.so
-- Installing: /home/talae-ubantu/6558_6576/install/teleop_interfaces/local/lib/python3.10/dist-packages/teleop_interfaces/_teleop_interfaces_s.ep.rosidl_typesupport_introspection_c.c
-- Installing: /home/talae-ubantu/6558_6576/install/teleop_interfaces/local/lib/python3.10/dist-packages/teleop_interfaces/teleop_interfaces_s__rosidl_typesupport_fastrtps_c.cpython-310-x86_64-linux-gnu.so
-- Installing: /home/talae-ubantu/6558_6576/install/teleop_interfaces/local/lib/python3.10/dist-packages/teleop_interfaces/teleop_interfaces_s__rosidl_typesupport_introspection_c.cpython-310-x86_64-linux-gnu.so
-- Installing: /home/talae-ubantu/6558_6576/install/teleop_interfaces/local/lib/python3.10/dist-packages/teleop_interfaces/teleop_interfaces_s__rosidl_typesupport_c.cpython-310-x86_64-linux-gnu.so
-- Installing: /home/talae-ubantu/6558_6576/install/teleop_interfaces/local/lib/python3.10/dist-packages/teleop_interfaces/srv
-- Installing: /home/talae-ubantu/6558_6576/install/teleop_interfaces/local/lib/python3.10/dist-packages/teleop_interfaces/srv/__init__.py
-- Installing: /home/talae-ubantu/6558_6576/install/teleop_interfaces/local/lib/python3.10/dist-packages/teleop_interfaces/srv/_clear_path_s.c
-- Installing: /home/talae-ubantu/6558_6576/install/teleop_interfaces/local/lib/python3.10/dist-packages/teleop_interfaces/srv/_notify.py
-- Installing: /home/talae-ubantu/6558_6576/install/teleop_interfaces/local/lib/python3.10/dist-packages/teleop_interfaces/srv/_make_path_s.c
-- Installing: /home/talae-ubantu/6558_6576/install/teleop_interfaces/local/lib/python3.10/dist-packages/teleop_interfaces/srv/_notify_s.c
-- Installing: /home/talae-ubantu/6558_6576/install/teleop_interfaces/local/lib/python3.10/dist-packages/teleop_interfaces/srv/_clear_path.py
-- Installing: /home/talae-ubantu/6558_6576/install/teleop_interfaces/local/lib/python3.10/dist-packages/teleop_interfaces/srv/_save_path.py
-- Installing: /home/talae-ubantu/6558_6576/install/teleop_interfaces/local/lib/python3.10/dist-packages/teleop_interfaces/srv/_save_path_s.c
-- Installing: /home/talae-ubantu/6558_6576/install/teleop_interfaces/local/lib/python3.10/dist-packages/teleop_interfaces/srv/_make_path.py
Listing '/home/talae-ubantu/6558_6576/install/teleop_interfaces/local/lib/python3.10/dist-packages/teleop_interfaces'...
Compiling '/home/talae-ubantu/6558_6576/install/teleop_interfaces/local/lib/python3.10/dist-packages/teleop_interfaces/__init__.py'...
Listing '/home/talae-ubantu/6558_6576/install/teleop_interfaces/local/lib/python3.10/dist-packages/teleop_interfaces/srv'...
Compiling '/home/talae-ubantu/6558_6576/install/teleop_interfaces/local/lib/python3.10/dist-packages/teleop_interfaces/srv/__init__.py'...
Compiling '/home/talae-ubantu/6558_6576/install/teleop_interfaces/local/lib/python3.10/dist-packages/teleop_interfaces/srv/_clear_path.py'...
Compiling '/home/talae-ubantu/6558_6576/install/teleop_interfaces/local/lib/python3.10/dist-packages/teleop_interfaces/srv/_make_path.py'...
Compiling '/home/talae-ubantu/6558_6576/install/teleop_interfaces/local/lib/python3.10/dist-packages/teleop_interfaces/srv/_notify.py'...
Compiling '/home/talae-ubantu/6558_6576/install/teleop_interfaces/local/lib/python3.10/dist-packages/teleop_interfaces/srv/_save_path.py'...
-- Installing: /home/talae-ubantu/6558_6576/install/teleop_interfaces/local/lib/python3.10/dist-packages/teleop_interfaces/teleop_interfaces_s__rosidl_typesupport_fastrtps_c.cpython-310-x86_64-linux-gnu.so
-- Set runtime path of "/home/talae-ubantu/6558_6576/install/teleop_interfaces/local/lib/python3.10/dist-packages/teleop_interfaces/teleop_interfaces_s__rosidl_typesupport_fastrtps_c.cpython-310-x86_64-linux-gnu.so" to ""
-- Installing: /home/talae-ubantu/6558_6576/install/teleop_interfaces/local/lib/python3.10/dist-packages/teleop_interfaces/teleop_interfaces_s__rosidl_typesupport_introspection_c.cpython-310-x86_64-linux-gnu.so
-- Set runtime path of "/home/talae-ubantu/6558_6576/install/teleop_interfaces/local/lib/python3.10/dist-packages/teleop_interfaces/teleop_interfaces_s__rosidl_typesupport_introspection_c.cpython-310-x86_64-linux-gnu.so" to ""
-- Installing: /home/talae-ubantu/6558_6576/install/teleop_interfaces/local/lib/python3.10/dist-packages/teleop_interfaces/teleop_interfaces_s__rosidl_typesupport_c.cpython-310-x86_64-linux-gnu.so
-- Set runtime path of "/home/talae-ubantu/6558_6576/install/teleop_interfaces/local/lib/python3.10/dist-packages/teleop_interfaces/teleop_interfaces_s__rosidl_typesupport_c.cpython-310-x86_64-linux-gnu.so" to ""
-- Installing: /home/talae-ubantu/6558_6576/install/teleop_interfaces/lib/libteleop_interfaces__rosidl_generator_py.so
-- Set runtime path of "/home/talae-ubantu/6558_6576/install/teleop_interfaces/lib/libteleop_interfaces__rosidl_generator_py.so" to ""
-- Installing: /home/talae-ubantu/6558_6576/install/teleop_interfaces/share/teleop_interfaces/srv/MakePath.idl
-- Installing: /home/talae-ubantu/6558_6576/install/teleop_interfaces/share/teleop_interfaces/srv/SavePath.idl
-- Installing: /home/talae-ubantu/6558_6576/install/teleop_interfaces/share/teleop_interfaces/srv/ClearPath.idl
-- Installing: /home/talae-ubantu/6558_6576/install/teleop_interfaces/share/teleop_interfaces/srv/Notify.idl
-- Installing: /home/talae-ubantu/6558_6576/install/teleop_interfaces/share/teleop_interfaces/srv/MakePath.srv
-- Installing: /home/talae-ubantu/6558_6576/install/teleop_interfaces/share/teleop_interfaces/srv/MakePath_Request.msg
-- Installing: /home/talae-ubantu/6558_6576/install/teleop_interfaces/share/teleop_interfaces/srv/MakePath_Response.msg
-- Installing: /home/talae-ubantu/6558_6576/install/teleop_interfaces/share/teleop_interfaces/srv/SavePath.srv
-- Installing: /home/talae-ubantu/6558_6576/install/teleop_interfaces/share/teleop_interfaces/srv/SavePath_Request.msg
-- Installing: /home/talae-ubantu/6558_6576/install/teleop_interfaces/share/teleop_interfaces/srv/SavePath_Response.msg
-- Installing: /home/talae-ubantu/6558_6576/install/teleop_interfaces/share/teleop_interfaces/srv/ClearPath.srv
-- Installing: /home/talae-ubantu/6558_6576/install/teleop_interfaces/share/teleop_interfaces/srv/ClearPath_Request.msg
-- Installing: /home/talae-ubantu/6558_6576/install/teleop_interfaces/share/teleop_interfaces/srv/ClearPath_Response.msg
-- Installing: /home/talae-ubantu/6558_6576/install/teleop_interfaces/share/teleop_interfaces/srv/Notify.srv
-- Installing: /home/talae-ubantu/6558_6576/install/teleop_interfaces/share/teleop_interfaces/srv/Notify_Request.msg
-- Installing: /home/talae-ubantu/6558_6576/install/teleop_interfaces/share/teleop_interfaces/srv/Notify_Response.msg
-- Installing: /home/talae-ubantu/6558_6576/install/teleop_interfaces/share/ament_index/resource_index/package_run_dependencies/teleop_interfaces
-- Installing: /home/talae-ubantu/6558_6576/install/teleop_interfaces/share/ament_index/resource_index/parent_prefix_path/teleop_interfaces
-- Installing: /home/talae-ubantu/6558_6576/install/teleop_interfaces/share/teleop_interfaces/environment/ament_prefix_path.sh
-- Installing: /home/talae-ubantu/6558_6576/install/teleop_interfaces/share/teleop_interfaces/environment/ament_prefix_path.dsv
-- Installing: /home/talae-ubantu/6558_6576/install/teleop_interfaces/share/teleop_interfaces/environment/path.sh
-- Installing: /home/talae-ubantu/6558_6576/install/teleop_interfaces/share/teleop_interfaces/environment/path.dsv
-- Installing: /home/talae-ubantu/6558_6576/install/teleop_interfaces/share/teleop_interfaces/local_setup.bash
-- Installing: /home/talae-ubantu/6558_6576/install/teleop_interfaces/share/teleop_interfaces/local_setup.sh
-- Installing: /home/talae-ubantu/6558_6576/install/teleop_interfaces/share/teleop_interfaces/local_setup.zsh
-- Installing: /home/talae-ubantu/6558_6576/install/teleop_interfaces/share/teleop_interfaces/local_setup.dsv
-- Installing: /home/talae-ubantu/6558_6576/install/teleop_interfaces/share/teleop_interfaces/package.dsv
-- Installing: /home/talae-ubantu/6558_6576/install/teleop_interfaces/share/ament_index/resource_index/packages/teleop_interfaces
-- Installing: /home/talae-ubantu/6558_6576/install/teleop_interfaces/share/teleop_interfaces/cmake/export_teleop_interfaces__rosidl_generator_cExport.cmake
-- Installing: /home/talae-ubantu/6558_6576/install/teleop_interfaces/share/teleop_interfaces/cmake/export_teleop_interfaces__rosidl_generator_cExport-noconfig.cmake
-- Installing: /home/talae-ubantu/6558_6576/install/teleop_interfaces/share/teleop_interfaces/cmake/export_teleop_interfaces__rosidl_typesupport_fastrtps_cExport.cmake
-- Installing: /home/talae-ubantu/6558_6576/install/teleop_interfaces/share/teleop_interfaces/cmake/export_teleop_interfaces__rosidl_typesupport_fastrtps_cExport-noconfig.cmake
-- Installing: /home/talae-ubantu/6558_6576/install/teleop_interfaces/share/teleop_interfaces/cmake/export_teleop_interfaces__rosidl_generator_cppExport.cmake
-- Installing: /home/talae-ubantu/6558_6576/install/teleop_interfaces/share/teleop_interfaces/cmake/export_teleop_interfaces__rosidl_typesupport_fastrtps_cppExport.cmake
-- Installing: /home/talae-ubantu/6558_6576/install/teleop_interfaces/share/teleop_interfaces/cmake/export_teleop_interfaces__rosidl_typesupport_fastrtps_cppExport-noconfig.cmake
-- Installing: /home/talae-ubantu/6558_6576/install/teleop_interfaces/share/teleop_interfaces/cmake/teleop_interfaces__rosidl_typesupport_introspection_cExport.cmake
-- Installing: /home/talae-ubantu/6558_6576/install/teleop_interfaces/share/teleop_interfaces/cmake/teleop_interfaces__rosidl_typesupport_introspection_cExport-noconfig.cmake
-- Installing: /home/talae-ubantu/6558_6576/install/teleop_interfaces/share/teleop_interfaces/cmake/teleop_interfaces__rosidl_typesupport_cExport.cmake
-- Installing: /home/talae-ubantu/6558_6576/install/teleop_interfaces/share/teleop_interfaces/cmake/teleop_interfaces__rosidl_typesupport_cExport-noconfig.cmake
-- Installing: /home/talae-ubantu/6558_6576/install/teleop_interfaces/share/teleop_interfaces/cmake/teleop_interfaces__rosidl_typesupport_introspection_cppExport.cmake
-- Installing: /home/talae-ubantu/6558_6576/install/teleop_interfaces/share/teleop_interfaces/cmake/teleop_interfaces__rosidl_typesupport_introspection_cppExport-noconfig.cmake
-- Installing: /home/talae-ubantu/6558_6576/install/teleop_interfaces/share/teleop_interfaces/cmake/teleop_interfaces__rosidl_typesupport_cppExport.cmake
-- Installing: /home/talae-ubantu/6558_6576/install/teleop_interfaces/share/teleop_interfaces/cmake/teleop_interfaces__rosidl_typesupport_cppExport-noconfig.cmake
-- Installing: /home/talae-ubantu/6558_6576/install/teleop_interfaces/share/teleop_interfaces/cmake/export_teleop_interfaces__rosidl_generator_pyExport.cmake
-- Installing: /home/talae-ubantu/6558_6576/install/teleop_interfaces/share/teleop_interfaces/cmake/export_teleop_interfaces__rosidl_generator_pyExport-noconfig.cmake
-- Installing: /home/talae-ubantu/6558_6576/install/teleop_interfaces/share/teleop_interfaces/cmake/rosidl_cmake-extras.cmake
-- Installing: /home/talae-ubantu/6558_6576/install/teleop_interfaces/share/teleop_interfaces/cmake/ament_cmake_export_dependencies-extras.cmake
-- Installing: /home/talae-ubantu/6558_6576/install/teleop_interfaces/share/teleop_interfaces/cmake/ament_cmake_export_include_directories-extras.cmake
-- Installing: /home/talae-ubantu/6558_6576/install/teleop_interfaces/share/teleop_interfaces/cmake/ament_cmake_export_libraries-extras.cmake
-- Installing: /home/talae-ubantu/6558_6576/install/teleop_interfaces/share/teleop_interfaces/cmake/ament_cmake_export_targets-extras.cmake
-- Installing: /home/talae-ubantu/6558_6576/install/teleop_interfaces/share/teleop_interfaces/cmake/rosidl_cmake_export_typesupport_targets-extras.cmake
-- Installing: /home/talae-ubantu/6558_6576/install/teleop_interfaces/share/teleop_interfaces/cmake/rosidl_cmake_export_typesupport_libraries-extras.cmake
-- Installing: /home/talae-ubantu/6558_6576/install/teleop_interfaces/share/teleop_interfaces/cmake/teleop_interfacesConfig.cmake
-- Installing: /home/talae-ubantu/6558_6576/install/teleop_interfaces/share/teleop_interfaces/cmake/teleop_interfacesConfig-version.cmake
-- Installing: /home/talae-ubantu/6558_6576/install/teleop_interfaces/share/teleop_interfaces/package.xml
