[0.041s] Invoking command in '/home/talae-ubantu/6558_6576/build/turtlesim_plus_interfaces': CMAKE_PREFIX_PATH=${CMAKE_PREFIX_PATH}:/opt/ros/humble /usr/bin/cmake --build /home/talae-ubantu/6558_6576/build/turtlesim_plus_interfaces -- -j4 -l4
[0.203s] [ 10%] Built target turtlesim_plus_interfaces__rosidl_generator_c
[0.225s] [ 10%] Built target ament_cmake_python_copy_turtlesim_plus_interfaces
[0.225s] [ 12%] Built target turtlesim_plus_interfaces__cpp
[0.282s] [ 23%] Built target turtlesim_plus_interfaces__rosidl_typesupport_introspection_c
[0.296s] [ 34%] Built target turtlesim_plus_interfaces__rosidl_typesupport_c
[0.351s] [ 45%] Built target turtlesim_plus_interfaces__rosidl_typesupport_fastrtps_c
[0.366s] [ 56%] Built target turtlesim_plus_interfaces__rosidl_typesupport_fastrtps_cpp
[0.387s] [ 67%] Built target turtlesim_plus_interfaces__rosidl_typesupport_cpp
[0.448s] [ 78%] Built target turtlesim_plus_interfaces__rosidl_typesupport_introspection_cpp
[0.511s] [ 78%] Built target turtlesim_plus_interfaces
[0.555s] [ 80%] Built target turtlesim_plus_interfaces__py
[0.655s] [ 89%] Built target turtlesim_plus_interfaces__rosidl_generator_py
[0.743s] [ 92%] Built target turtlesim_plus_interfaces__rosidl_typesupport_fastrtps_c__pyext
[0.743s] [ 96%] Built target turtlesim_plus_interfaces__rosidl_typesupport_c__pyext
[0.755s] [100%] Built target turtlesim_plus_interfaces__rosidl_typesupport_introspection_c__pyext
[0.954s] running egg_info
[0.955s] writing turtlesim_plus_interfaces.egg-info/PKG-INFO
[0.955s] writing dependency_links to turtlesim_plus_interfaces.egg-info/dependency_links.txt
[0.956s] writing top-level names to turtlesim_plus_interfaces.egg-info/top_level.txt
[0.961s] reading manifest file 'turtlesim_plus_interfaces.egg-info/SOURCES.txt'
[0.963s] writing manifest file 'turtlesim_plus_interfaces.egg-info/SOURCES.txt'
[1.014s] [100%] Built target ament_cmake_python_build_turtlesim_plus_interfaces_egg
[1.039s] Invoked command in '/home/talae-ubantu/6558_6576/build/turtlesim_plus_interfaces' returned '0': CMAKE_PREFIX_PATH=${CMAKE_PREFIX_PATH}:/opt/ros/humble /usr/bin/cmake --build /home/talae-ubantu/6558_6576/build/turtlesim_plus_interfaces -- -j4 -l4
[1.300s] Invoking command in '/home/talae-ubantu/6558_6576/build/turtlesim_plus_interfaces': CMAKE_PREFIX_PATH=${CMAKE_PREFIX_PATH}:/opt/ros/humble /usr/bin/cmake --install /home/talae-ubantu/6558_6576/build/turtlesim_plus_interfaces
[1.318s] -- Install configuration: ""
[1.318s] -- Up-to-date: /home/talae-ubantu/6558_6576/install/turtlesim_plus_interfaces/share/ament_index/resource_index/rosidl_interfaces/turtlesim_plus_interfaces
[1.318s] -- Up-to-date: /home/talae-ubantu/6558_6576/install/turtlesim_plus_interfaces/include/turtlesim_plus_interfaces/turtlesim_plus_interfaces
[1.319s] -- Up-to-date: /home/talae-ubantu/6558_6576/install/turtlesim_plus_interfaces/include/turtlesim_plus_interfaces/turtlesim_plus_interfaces/action
[1.319s] -- Up-to-date: /home/talae-ubantu/6558_6576/install/turtlesim_plus_interfaces/include/turtlesim_plus_interfaces/turtlesim_plus_interfaces/action/detail
[1.320s] -- Up-to-date: /home/talae-ubantu/6558_6576/install/turtlesim_plus_interfaces/include/turtlesim_plus_interfaces/turtlesim_plus_interfaces/action/detail/get_data__functions.h
[1.320s] -- Up-to-date: /home/talae-ubantu/6558_6576/install/turtlesim_plus_interfaces/include/turtlesim_plus_interfaces/turtlesim_plus_interfaces/action/detail/get_data__struct.h
[1.320s] -- Up-to-date: /home/talae-ubantu/6558_6576/install/turtlesim_plus_interfaces/include/turtlesim_plus_interfaces/turtlesim_plus_interfaces/action/detail/get_data__type_support.h
[1.321s] -- Up-to-date: /home/talae-ubantu/6558_6576/install/turtlesim_plus_interfaces/include/turtlesim_plus_interfaces/turtlesim_plus_interfaces/action/detail/get_data__functions.c
[1.321s] -- Up-to-date: /home/talae-ubantu/6558_6576/install/turtlesim_plus_interfaces/include/turtlesim_plus_interfaces/turtlesim_plus_interfaces/action/get_data.h
[1.321s] -- Up-to-date: /home/talae-ubantu/6558_6576/install/turtlesim_plus_interfaces/include/turtlesim_plus_interfaces/turtlesim_plus_interfaces/srv
[1.321s] -- Up-to-date: /home/talae-ubantu/6558_6576/install/turtlesim_plus_interfaces/include/turtlesim_plus_interfaces/turtlesim_plus_interfaces/srv/detail
[1.322s] -- Up-to-date: /home/talae-ubantu/6558_6576/install/turtlesim_plus_interfaces/include/turtlesim_plus_interfaces/turtlesim_plus_interfaces/srv/detail/give_position__functions.h
[1.322s] -- Up-to-date: /home/talae-ubantu/6558_6576/install/turtlesim_plus_interfaces/include/turtlesim_plus_interfaces/turtlesim_plus_interfaces/srv/detail/give_position__type_support.h
[1.323s] -- Up-to-date: /home/talae-ubantu/6558_6576/install/turtlesim_plus_interfaces/include/turtlesim_plus_interfaces/turtlesim_plus_interfaces/srv/detail/give_position__functions.c
[1.324s] -- Up-to-date: /home/talae-ubantu/6558_6576/install/turtlesim_plus_interfaces/include/turtlesim_plus_interfaces/turtlesim_plus_interfaces/srv/detail/give_position__struct.h
[1.324s] -- Up-to-date: /home/talae-ubantu/6558_6576/install/turtlesim_plus_interfaces/include/turtlesim_plus_interfaces/turtlesim_plus_interfaces/srv/give_position.h
[1.324s] -- Up-to-date: /home/talae-ubantu/6558_6576/install/turtlesim_plus_interfaces/include/turtlesim_plus_interfaces/turtlesim_plus_interfaces/msg
[1.324s] -- Up-to-date: /home/talae-ubantu/6558_6576/install/turtlesim_plus_interfaces/include/turtlesim_plus_interfaces/turtlesim_plus_interfaces/msg/rosidl_generator_c__visibility_control.h
[1.325s] -- Up-to-date: /home/talae-ubantu/6558_6576/install/turtlesim_plus_interfaces/include/turtlesim_plus_interfaces/turtlesim_plus_interfaces/msg/scanner_data_array.h
[1.325s] -- Up-to-date: /home/talae-ubantu/6558_6576/install/turtlesim_plus_interfaces/include/turtlesim_plus_interfaces/turtlesim_plus_interfaces/msg/detail
[1.325s] -- Up-to-date: /home/talae-ubantu/6558_6576/install/turtlesim_plus_interfaces/include/turtlesim_plus_interfaces/turtlesim_plus_interfaces/msg/detail/scanner_data__type_support.h
[1.325s] -- Up-to-date: /home/talae-ubantu/6558_6576/install/turtlesim_plus_interfaces/include/turtlesim_plus_interfaces/turtlesim_plus_interfaces/msg/detail/scanner_data_array__struct.h
[1.325s] -- Up-to-date: /home/talae-ubantu/6558_6576/install/turtlesim_plus_interfaces/include/turtlesim_plus_interfaces/turtlesim_plus_interfaces/msg/detail/scanner_data_array__type_support.h
[1.326s] -- Up-to-date: /home/talae-ubantu/6558_6576/install/turtlesim_plus_interfaces/include/turtlesim_plus_interfaces/turtlesim_plus_interfaces/msg/detail/scanner_data__functions.h
[1.326s] -- Up-to-date: /home/talae-ubantu/6558_6576/install/turtlesim_plus_interfaces/include/turtlesim_plus_interfaces/turtlesim_plus_interfaces/msg/detail/scanner_data_array__functions.c
[1.326s] -- Up-to-date: /home/talae-ubantu/6558_6576/install/turtlesim_plus_interfaces/include/turtlesim_plus_interfaces/turtlesim_plus_interfaces/msg/detail/scanner_data__struct.h
[1.326s] -- Up-to-date: /home/talae-ubantu/6558_6576/install/turtlesim_plus_interfaces/include/turtlesim_plus_interfaces/turtlesim_plus_interfaces/msg/detail/scanner_data__functions.c
[1.326s] -- Up-to-date: /home/talae-ubantu/6558_6576/install/turtlesim_plus_interfaces/include/turtlesim_plus_interfaces/turtlesim_plus_interfaces/msg/detail/scanner_data_array__functions.h
[1.326s] -- Up-to-date: /home/talae-ubantu/6558_6576/install/turtlesim_plus_interfaces/include/turtlesim_plus_interfaces/turtlesim_plus_interfaces/msg/scanner_data.h
[1.327s] -- Up-to-date: /home/talae-ubantu/6558_6576/install/turtlesim_plus_interfaces/share/turtlesim_plus_interfaces/environment/library_path.sh
[1.327s] -- Up-to-date: /home/talae-ubantu/6558_6576/install/turtlesim_plus_interfaces/share/turtlesim_plus_interfaces/environment/library_path.dsv
[1.327s] -- Up-to-date: /home/talae-ubantu/6558_6576/install/turtlesim_plus_interfaces/lib/libturtlesim_plus_interfaces__rosidl_generator_c.so
[1.327s] -- Up-to-date: /home/talae-ubantu/6558_6576/install/turtlesim_plus_interfaces/include/turtlesim_plus_interfaces/turtlesim_plus_interfaces
[1.327s] -- Up-to-date: /home/talae-ubantu/6558_6576/install/turtlesim_plus_interfaces/include/turtlesim_plus_interfaces/turtlesim_plus_interfaces/action
[1.327s] -- Up-to-date: /home/talae-ubantu/6558_6576/install/turtlesim_plus_interfaces/include/turtlesim_plus_interfaces/turtlesim_plus_interfaces/action/detail
[1.328s] -- Up-to-date: /home/talae-ubantu/6558_6576/install/turtlesim_plus_interfaces/include/turtlesim_plus_interfaces/turtlesim_plus_interfaces/action/detail/get_data__rosidl_typesupport_fastrtps_c.h
[1.328s] -- Up-to-date: /home/talae-ubantu/6558_6576/install/turtlesim_plus_interfaces/include/turtlesim_plus_interfaces/turtlesim_plus_interfaces/srv
[1.328s] -- Up-to-date: /home/talae-ubantu/6558_6576/install/turtlesim_plus_interfaces/include/turtlesim_plus_interfaces/turtlesim_plus_interfaces/srv/detail
[1.328s] -- Up-to-date: /home/talae-ubantu/6558_6576/install/turtlesim_plus_interfaces/include/turtlesim_plus_interfaces/turtlesim_plus_interfaces/srv/detail/give_position__rosidl_typesupport_fastrtps_c.h
[1.328s] -- Up-to-date: /home/talae-ubantu/6558_6576/install/turtlesim_plus_interfaces/include/turtlesim_plus_interfaces/turtlesim_plus_interfaces/msg
[1.328s] -- Up-to-date: /home/talae-ubantu/6558_6576/install/turtlesim_plus_interfaces/include/turtlesim_plus_interfaces/turtlesim_plus_interfaces/msg/rosidl_typesupport_fastrtps_c__visibility_control.h
[1.329s] -- Up-to-date: /home/talae-ubantu/6558_6576/install/turtlesim_plus_interfaces/include/turtlesim_plus_interfaces/turtlesim_plus_interfaces/msg/detail
[1.329s] -- Up-to-date: /home/talae-ubantu/6558_6576/install/turtlesim_plus_interfaces/include/turtlesim_plus_interfaces/turtlesim_plus_interfaces/msg/detail/scanner_data__rosidl_typesupport_fastrtps_c.h
[1.329s] -- Up-to-date: /home/talae-ubantu/6558_6576/install/turtlesim_plus_interfaces/include/turtlesim_plus_interfaces/turtlesim_plus_interfaces/msg/detail/scanner_data_array__rosidl_typesupport_fastrtps_c.h
[1.329s] -- Up-to-date: /home/talae-ubantu/6558_6576/install/turtlesim_plus_interfaces/lib/libturtlesim_plus_interfaces__rosidl_typesupport_fastrtps_c.so
[1.329s] -- Up-to-date: /home/talae-ubantu/6558_6576/install/turtlesim_plus_interfaces/include/turtlesim_plus_interfaces/turtlesim_plus_interfaces
[1.329s] -- Up-to-date: /home/talae-ubantu/6558_6576/install/turtlesim_plus_interfaces/include/turtlesim_plus_interfaces/turtlesim_plus_interfaces/action
[1.330s] -- Up-to-date: /home/talae-ubantu/6558_6576/install/turtlesim_plus_interfaces/include/turtlesim_plus_interfaces/turtlesim_plus_interfaces/action/detail
[1.330s] -- Up-to-date: /home/talae-ubantu/6558_6576/install/turtlesim_plus_interfaces/include/turtlesim_plus_interfaces/turtlesim_plus_interfaces/action/detail/get_data__type_support.c
[1.330s] -- Up-to-date: /home/talae-ubantu/6558_6576/install/turtlesim_plus_interfaces/include/turtlesim_plus_interfaces/turtlesim_plus_interfaces/action/detail/get_data__rosidl_typesupport_introspection_c.h
[1.330s] -- Up-to-date: /home/talae-ubantu/6558_6576/install/turtlesim_plus_interfaces/include/turtlesim_plus_interfaces/turtlesim_plus_interfaces/srv
[1.330s] -- Up-to-date: /home/talae-ubantu/6558_6576/install/turtlesim_plus_interfaces/include/turtlesim_plus_interfaces/turtlesim_plus_interfaces/srv/detail
[1.330s] -- Up-to-date: /home/talae-ubantu/6558_6576/install/turtlesim_plus_interfaces/include/turtlesim_plus_interfaces/turtlesim_plus_interfaces/srv/detail/give_position__rosidl_typesupport_introspection_c.h
[1.330s] -- Up-to-date: /home/talae-ubantu/6558_6576/install/turtlesim_plus_interfaces/include/turtlesim_plus_interfaces/turtlesim_plus_interfaces/srv/detail/give_position__type_support.c
[1.330s] -- Up-to-date: /home/talae-ubantu/6558_6576/install/turtlesim_plus_interfaces/include/turtlesim_plus_interfaces/turtlesim_plus_interfaces/msg
[1.331s] -- Up-to-date: /home/talae-ubantu/6558_6576/install/turtlesim_plus_interfaces/include/turtlesim_plus_interfaces/turtlesim_plus_interfaces/msg/rosidl_typesupport_introspection_c__visibility_control.h
[1.331s] -- Up-to-date: /home/talae-ubantu/6558_6576/install/turtlesim_plus_interfaces/include/turtlesim_plus_interfaces/turtlesim_plus_interfaces/msg/detail
[1.331s] -- Up-to-date: /home/talae-ubantu/6558_6576/install/turtlesim_plus_interfaces/include/turtlesim_plus_interfaces/turtlesim_plus_interfaces/msg/detail/scanner_data_array__type_support.c
[1.331s] -- Up-to-date: /home/talae-ubantu/6558_6576/install/turtlesim_plus_interfaces/include/turtlesim_plus_interfaces/turtlesim_plus_interfaces/msg/detail/scanner_data__rosidl_typesupport_introspection_c.h
[1.331s] -- Up-to-date: /home/talae-ubantu/6558_6576/install/turtlesim_plus_interfaces/include/turtlesim_plus_interfaces/turtlesim_plus_interfaces/msg/detail/scanner_data_array__rosidl_typesupport_introspection_c.h
[1.331s] -- Up-to-date: /home/talae-ubantu/6558_6576/install/turtlesim_plus_interfaces/include/turtlesim_plus_interfaces/turtlesim_plus_interfaces/msg/detail/scanner_data__type_support.c
[1.331s] -- Up-to-date: /home/talae-ubantu/6558_6576/install/turtlesim_plus_interfaces/lib/libturtlesim_plus_interfaces__rosidl_typesupport_introspection_c.so
[1.332s] -- Up-to-date: /home/talae-ubantu/6558_6576/install/turtlesim_plus_interfaces/lib/libturtlesim_plus_interfaces__rosidl_typesupport_c.so
[1.332s] -- Up-to-date: /home/talae-ubantu/6558_6576/install/turtlesim_plus_interfaces/include/turtlesim_plus_interfaces/turtlesim_plus_interfaces
[1.332s] -- Up-to-date: /home/talae-ubantu/6558_6576/install/turtlesim_plus_interfaces/include/turtlesim_plus_interfaces/turtlesim_plus_interfaces/action
[1.332s] -- Up-to-date: /home/talae-ubantu/6558_6576/install/turtlesim_plus_interfaces/include/turtlesim_plus_interfaces/turtlesim_plus_interfaces/action/get_data.hpp
[1.332s] -- Up-to-date: /home/talae-ubantu/6558_6576/install/turtlesim_plus_interfaces/include/turtlesim_plus_interfaces/turtlesim_plus_interfaces/action/detail
[1.332s] -- Up-to-date: /home/talae-ubantu/6558_6576/install/turtlesim_plus_interfaces/include/turtlesim_plus_interfaces/turtlesim_plus_interfaces/action/detail/get_data__traits.hpp
[1.332s] -- Up-to-date: /home/talae-ubantu/6558_6576/install/turtlesim_plus_interfaces/include/turtlesim_plus_interfaces/turtlesim_plus_interfaces/action/detail/get_data__builder.hpp
[1.332s] -- Up-to-date: /home/talae-ubantu/6558_6576/install/turtlesim_plus_interfaces/include/turtlesim_plus_interfaces/turtlesim_plus_interfaces/action/detail/get_data__struct.hpp
[1.333s] -- Up-to-date: /home/talae-ubantu/6558_6576/install/turtlesim_plus_interfaces/include/turtlesim_plus_interfaces/turtlesim_plus_interfaces/srv
[1.333s] -- Up-to-date: /home/talae-ubantu/6558_6576/install/turtlesim_plus_interfaces/include/turtlesim_plus_interfaces/turtlesim_plus_interfaces/srv/detail
[1.333s] -- Up-to-date: /home/talae-ubantu/6558_6576/install/turtlesim_plus_interfaces/include/turtlesim_plus_interfaces/turtlesim_plus_interfaces/srv/detail/give_position__traits.hpp
[1.333s] -- Up-to-date: /home/talae-ubantu/6558_6576/install/turtlesim_plus_interfaces/include/turtlesim_plus_interfaces/turtlesim_plus_interfaces/srv/detail/give_position__struct.hpp
[1.333s] -- Up-to-date: /home/talae-ubantu/6558_6576/install/turtlesim_plus_interfaces/include/turtlesim_plus_interfaces/turtlesim_plus_interfaces/srv/detail/give_position__builder.hpp
[1.333s] -- Up-to-date: /home/talae-ubantu/6558_6576/install/turtlesim_plus_interfaces/include/turtlesim_plus_interfaces/turtlesim_plus_interfaces/srv/give_position.hpp
[1.333s] -- Up-to-date: /home/talae-ubantu/6558_6576/install/turtlesim_plus_interfaces/include/turtlesim_plus_interfaces/turtlesim_plus_interfaces/msg
[1.333s] -- Up-to-date: /home/talae-ubantu/6558_6576/install/turtlesim_plus_interfaces/include/turtlesim_plus_interfaces/turtlesim_plus_interfaces/msg/scanner_data.hpp
[1.334s] -- Up-to-date: /home/talae-ubantu/6558_6576/install/turtlesim_plus_interfaces/include/turtlesim_plus_interfaces/turtlesim_plus_interfaces/msg/scanner_data_array.hpp
[1.334s] -- Up-to-date: /home/talae-ubantu/6558_6576/install/turtlesim_plus_interfaces/include/turtlesim_plus_interfaces/turtlesim_plus_interfaces/msg/detail
[1.334s] -- Up-to-date: /home/talae-ubantu/6558_6576/install/turtlesim_plus_interfaces/include/turtlesim_plus_interfaces/turtlesim_plus_interfaces/msg/detail/scanner_data__struct.hpp
[1.334s] -- Up-to-date: /home/talae-ubantu/6558_6576/install/turtlesim_plus_interfaces/include/turtlesim_plus_interfaces/turtlesim_plus_interfaces/msg/detail/scanner_data__builder.hpp
[1.334s] -- Up-to-date: /home/talae-ubantu/6558_6576/install/turtlesim_plus_interfaces/include/turtlesim_plus_interfaces/turtlesim_plus_interfaces/msg/detail/scanner_data_array__builder.hpp
[1.334s] -- Up-to-date: /home/talae-ubantu/6558_6576/install/turtlesim_plus_interfaces/include/turtlesim_plus_interfaces/turtlesim_plus_interfaces/msg/detail/scanner_data_array__struct.hpp
[1.335s] -- Up-to-date: /home/talae-ubantu/6558_6576/install/turtlesim_plus_interfaces/include/turtlesim_plus_interfaces/turtlesim_plus_interfaces/msg/detail/scanner_data_array__traits.hpp
[1.335s] -- Up-to-date: /home/talae-ubantu/6558_6576/install/turtlesim_plus_interfaces/include/turtlesim_plus_interfaces/turtlesim_plus_interfaces/msg/detail/scanner_data__traits.hpp
[1.335s] -- Up-to-date: /home/talae-ubantu/6558_6576/install/turtlesim_plus_interfaces/include/turtlesim_plus_interfaces/turtlesim_plus_interfaces
[1.335s] -- Up-to-date: /home/talae-ubantu/6558_6576/install/turtlesim_plus_interfaces/include/turtlesim_plus_interfaces/turtlesim_plus_interfaces/action
[1.335s] -- Up-to-date: /home/talae-ubantu/6558_6576/install/turtlesim_plus_interfaces/include/turtlesim_plus_interfaces/turtlesim_plus_interfaces/action/detail
[1.335s] -- Up-to-date: /home/talae-ubantu/6558_6576/install/turtlesim_plus_interfaces/include/turtlesim_plus_interfaces/turtlesim_plus_interfaces/action/detail/get_data__rosidl_typesupport_fastrtps_cpp.hpp
[1.337s] -- Up-to-date: /home/talae-ubantu/6558_6576/install/turtlesim_plus_interfaces/include/turtlesim_plus_interfaces/turtlesim_plus_interfaces/action/detail/dds_fastrtps
[1.338s] -- Up-to-date: /home/talae-ubantu/6558_6576/install/turtlesim_plus_interfaces/include/turtlesim_plus_interfaces/turtlesim_plus_interfaces/srv
[1.338s] -- Up-to-date: /home/talae-ubantu/6558_6576/install/turtlesim_plus_interfaces/include/turtlesim_plus_interfaces/turtlesim_plus_interfaces/srv/detail
[1.338s] -- Up-to-date: /home/talae-ubantu/6558_6576/install/turtlesim_plus_interfaces/include/turtlesim_plus_interfaces/turtlesim_plus_interfaces/srv/detail/give_position__rosidl_typesupport_fastrtps_cpp.hpp
[1.338s] -- Up-to-date: /home/talae-ubantu/6558_6576/install/turtlesim_plus_interfaces/include/turtlesim_plus_interfaces/turtlesim_plus_interfaces/srv/detail/dds_fastrtps
[1.338s] -- Up-to-date: /home/talae-ubantu/6558_6576/install/turtlesim_plus_interfaces/include/turtlesim_plus_interfaces/turtlesim_plus_interfaces/msg
[1.338s] -- Up-to-date: /home/talae-ubantu/6558_6576/install/turtlesim_plus_interfaces/include/turtlesim_plus_interfaces/turtlesim_plus_interfaces/msg/detail
[1.339s] -- Up-to-date: /home/talae-ubantu/6558_6576/install/turtlesim_plus_interfaces/include/turtlesim_plus_interfaces/turtlesim_plus_interfaces/msg/detail/scanner_data_array__rosidl_typesupport_fastrtps_cpp.hpp
[1.339s] -- Up-to-date: /home/talae-ubantu/6558_6576/install/turtlesim_plus_interfaces/include/turtlesim_plus_interfaces/turtlesim_plus_interfaces/msg/detail/dds_fastrtps
[1.339s] -- Up-to-date: /home/talae-ubantu/6558_6576/install/turtlesim_plus_interfaces/include/turtlesim_plus_interfaces/turtlesim_plus_interfaces/msg/detail/scanner_data__rosidl_typesupport_fastrtps_cpp.hpp
[1.339s] -- Up-to-date: /home/talae-ubantu/6558_6576/install/turtlesim_plus_interfaces/include/turtlesim_plus_interfaces/turtlesim_plus_interfaces/msg/rosidl_typesupport_fastrtps_cpp__visibility_control.h
[1.339s] -- Up-to-date: /home/talae-ubantu/6558_6576/install/turtlesim_plus_interfaces/lib/libturtlesim_plus_interfaces__rosidl_typesupport_fastrtps_cpp.so
[1.339s] -- Up-to-date: /home/talae-ubantu/6558_6576/install/turtlesim_plus_interfaces/include/turtlesim_plus_interfaces/turtlesim_plus_interfaces
[1.339s] -- Up-to-date: /home/talae-ubantu/6558_6576/install/turtlesim_plus_interfaces/include/turtlesim_plus_interfaces/turtlesim_plus_interfaces/action
[1.340s] -- Up-to-date: /home/talae-ubantu/6558_6576/install/turtlesim_plus_interfaces/include/turtlesim_plus_interfaces/turtlesim_plus_interfaces/action/detail
[1.340s] -- Up-to-date: /home/talae-ubantu/6558_6576/install/turtlesim_plus_interfaces/include/turtlesim_plus_interfaces/turtlesim_plus_interfaces/action/detail/get_data__type_support.cpp
[1.340s] -- Up-to-date: /home/talae-ubantu/6558_6576/install/turtlesim_plus_interfaces/include/turtlesim_plus_interfaces/turtlesim_plus_interfaces/action/detail/get_data__rosidl_typesupport_introspection_cpp.hpp
[1.340s] -- Up-to-date: /home/talae-ubantu/6558_6576/install/turtlesim_plus_interfaces/include/turtlesim_plus_interfaces/turtlesim_plus_interfaces/srv
[1.343s] -- Up-to-date: /home/talae-ubantu/6558_6576/install/turtlesim_plus_interfaces/include/turtlesim_plus_interfaces/turtlesim_plus_interfaces/srv/detail
[1.344s] -- Up-to-date: /home/talae-ubantu/6558_6576/install/turtlesim_plus_interfaces/include/turtlesim_plus_interfaces/turtlesim_plus_interfaces/srv/detail/give_position__rosidl_typesupport_introspection_cpp.hpp
[1.344s] -- Up-to-date: /home/talae-ubantu/6558_6576/install/turtlesim_plus_interfaces/include/turtlesim_plus_interfaces/turtlesim_plus_interfaces/srv/detail/give_position__type_support.cpp
[1.344s] -- Up-to-date: /home/talae-ubantu/6558_6576/install/turtlesim_plus_interfaces/include/turtlesim_plus_interfaces/turtlesim_plus_interfaces/msg
[1.344s] -- Up-to-date: /home/talae-ubantu/6558_6576/install/turtlesim_plus_interfaces/include/turtlesim_plus_interfaces/turtlesim_plus_interfaces/msg/detail
[1.344s] -- Up-to-date: /home/talae-ubantu/6558_6576/install/turtlesim_plus_interfaces/include/turtlesim_plus_interfaces/turtlesim_plus_interfaces/msg/detail/scanner_data_array__rosidl_typesupport_introspection_cpp.hpp
[1.345s] -- Up-to-date: /home/talae-ubantu/6558_6576/install/turtlesim_plus_interfaces/include/turtlesim_plus_interfaces/turtlesim_plus_interfaces/msg/detail/scanner_data__rosidl_typesupport_introspection_cpp.hpp
[1.345s] -- Up-to-date: /home/talae-ubantu/6558_6576/install/turtlesim_plus_interfaces/include/turtlesim_plus_interfaces/turtlesim_plus_interfaces/msg/detail/scanner_data_array__type_support.cpp
[1.345s] -- Up-to-date: /home/talae-ubantu/6558_6576/install/turtlesim_plus_interfaces/include/turtlesim_plus_interfaces/turtlesim_plus_interfaces/msg/detail/scanner_data__type_support.cpp
[1.345s] -- Up-to-date: /home/talae-ubantu/6558_6576/install/turtlesim_plus_interfaces/lib/libturtlesim_plus_interfaces__rosidl_typesupport_introspection_cpp.so
[1.345s] -- Up-to-date: /home/talae-ubantu/6558_6576/install/turtlesim_plus_interfaces/lib/libturtlesim_plus_interfaces__rosidl_typesupport_cpp.so
[1.345s] -- Up-to-date: /home/talae-ubantu/6558_6576/install/turtlesim_plus_interfaces/share/turtlesim_plus_interfaces/environment/pythonpath.sh
[1.345s] -- Up-to-date: /home/talae-ubantu/6558_6576/install/turtlesim_plus_interfaces/share/turtlesim_plus_interfaces/environment/pythonpath.dsv
[1.346s] -- Up-to-date: /home/talae-ubantu/6558_6576/install/turtlesim_plus_interfaces/local/lib/python3.10/dist-packages/turtlesim_plus_interfaces-0.0.0-py3.10.egg-info
[1.346s] -- Installing: /home/talae-ubantu/6558_6576/install/turtlesim_plus_interfaces/local/lib/python3.10/dist-packages/turtlesim_plus_interfaces-0.0.0-py3.10.egg-info/PKG-INFO
[1.346s] -- Installing: /home/talae-ubantu/6558_6576/install/turtlesim_plus_interfaces/local/lib/python3.10/dist-packages/turtlesim_plus_interfaces-0.0.0-py3.10.egg-info/top_level.txt
[1.346s] -- Installing: /home/talae-ubantu/6558_6576/install/turtlesim_plus_interfaces/local/lib/python3.10/dist-packages/turtlesim_plus_interfaces-0.0.0-py3.10.egg-info/SOURCES.txt
[1.346s] -- Installing: /home/talae-ubantu/6558_6576/install/turtlesim_plus_interfaces/local/lib/python3.10/dist-packages/turtlesim_plus_interfaces-0.0.0-py3.10.egg-info/dependency_links.txt
[1.346s] -- Up-to-date: /home/talae-ubantu/6558_6576/install/turtlesim_plus_interfaces/local/lib/python3.10/dist-packages/turtlesim_plus_interfaces
[1.347s] -- Up-to-date: /home/talae-ubantu/6558_6576/install/turtlesim_plus_interfaces/local/lib/python3.10/dist-packages/turtlesim_plus_interfaces/__init__.py
[1.347s] -- Up-to-date: /home/talae-ubantu/6558_6576/install/turtlesim_plus_interfaces/local/lib/python3.10/dist-packages/turtlesim_plus_interfaces/turtlesim_plus_interfaces_s__rosidl_typesupport_introspection_c.cpython-310-x86_64-linux-gnu.so
[1.347s] -- Up-to-date: /home/talae-ubantu/6558_6576/install/turtlesim_plus_interfaces/local/lib/python3.10/dist-packages/turtlesim_plus_interfaces/turtlesim_plus_interfaces_s__rosidl_typesupport_fastrtps_c.cpython-310-x86_64-linux-gnu.so
[1.347s] -- Up-to-date: /home/talae-ubantu/6558_6576/install/turtlesim_plus_interfaces/local/lib/python3.10/dist-packages/turtlesim_plus_interfaces/action
[1.348s] -- Up-to-date: /home/talae-ubantu/6558_6576/install/turtlesim_plus_interfaces/local/lib/python3.10/dist-packages/turtlesim_plus_interfaces/action/__init__.py
[1.348s] -- Up-to-date: /home/talae-ubantu/6558_6576/install/turtlesim_plus_interfaces/local/lib/python3.10/dist-packages/turtlesim_plus_interfaces/action/_get_data.py
[1.348s] -- Up-to-date: /home/talae-ubantu/6558_6576/install/turtlesim_plus_interfaces/local/lib/python3.10/dist-packages/turtlesim_plus_interfaces/action/_get_data_s.c
[1.349s] -- Up-to-date: /home/talae-ubantu/6558_6576/install/turtlesim_plus_interfaces/local/lib/python3.10/dist-packages/turtlesim_plus_interfaces/_turtlesim_plus_interfaces_s.ep.rosidl_typesupport_fastrtps_c.c
[1.349s] -- Up-to-date: /home/talae-ubantu/6558_6576/install/turtlesim_plus_interfaces/local/lib/python3.10/dist-packages/turtlesim_plus_interfaces/turtlesim_plus_interfaces_s__rosidl_typesupport_c.cpython-310-x86_64-linux-gnu.so
[1.349s] -- Up-to-date: /home/talae-ubantu/6558_6576/install/turtlesim_plus_interfaces/local/lib/python3.10/dist-packages/turtlesim_plus_interfaces/libturtlesim_plus_interfaces__rosidl_generator_py.so
[1.350s] -- Up-to-date: /home/talae-ubantu/6558_6576/install/turtlesim_plus_interfaces/local/lib/python3.10/dist-packages/turtlesim_plus_interfaces/_turtlesim_plus_interfaces_s.ep.rosidl_typesupport_c.c
[1.350s] -- Up-to-date: /home/talae-ubantu/6558_6576/install/turtlesim_plus_interfaces/local/lib/python3.10/dist-packages/turtlesim_plus_interfaces/srv
[1.351s] -- Up-to-date: /home/talae-ubantu/6558_6576/install/turtlesim_plus_interfaces/local/lib/python3.10/dist-packages/turtlesim_plus_interfaces/srv/__init__.py
[1.352s] -- Up-to-date: /home/talae-ubantu/6558_6576/install/turtlesim_plus_interfaces/local/lib/python3.10/dist-packages/turtlesim_plus_interfaces/srv/_give_position_s.c
[1.352s] -- Up-to-date: /home/talae-ubantu/6558_6576/install/turtlesim_plus_interfaces/local/lib/python3.10/dist-packages/turtlesim_plus_interfaces/srv/_give_position.py
[1.352s] -- Up-to-date: /home/talae-ubantu/6558_6576/install/turtlesim_plus_interfaces/local/lib/python3.10/dist-packages/turtlesim_plus_interfaces/_turtlesim_plus_interfaces_s.ep.rosidl_typesupport_introspection_c.c
[1.353s] -- Up-to-date: /home/talae-ubantu/6558_6576/install/turtlesim_plus_interfaces/local/lib/python3.10/dist-packages/turtlesim_plus_interfaces/msg
[1.353s] -- Up-to-date: /home/talae-ubantu/6558_6576/install/turtlesim_plus_interfaces/local/lib/python3.10/dist-packages/turtlesim_plus_interfaces/msg/__init__.py
[1.353s] -- Up-to-date: /home/talae-ubantu/6558_6576/install/turtlesim_plus_interfaces/local/lib/python3.10/dist-packages/turtlesim_plus_interfaces/msg/_scanner_data.py
[1.354s] -- Up-to-date: /home/talae-ubantu/6558_6576/install/turtlesim_plus_interfaces/local/lib/python3.10/dist-packages/turtlesim_plus_interfaces/msg/_scanner_data_array_s.c
[1.354s] -- Up-to-date: /home/talae-ubantu/6558_6576/install/turtlesim_plus_interfaces/local/lib/python3.10/dist-packages/turtlesim_plus_interfaces/msg/_scanner_data_array.py
[1.355s] -- Up-to-date: /home/talae-ubantu/6558_6576/install/turtlesim_plus_interfaces/local/lib/python3.10/dist-packages/turtlesim_plus_interfaces/msg/_scanner_data_s.c
[1.402s] Listing '/home/talae-ubantu/6558_6576/install/turtlesim_plus_interfaces/local/lib/python3.10/dist-packages/turtlesim_plus_interfaces'...
[1.403s] Listing '/home/talae-ubantu/6558_6576/install/turtlesim_plus_interfaces/local/lib/python3.10/dist-packages/turtlesim_plus_interfaces/action'...
[1.404s] Listing '/home/talae-ubantu/6558_6576/install/turtlesim_plus_interfaces/local/lib/python3.10/dist-packages/turtlesim_plus_interfaces/msg'...
[1.404s] Listing '/home/talae-ubantu/6558_6576/install/turtlesim_plus_interfaces/local/lib/python3.10/dist-packages/turtlesim_plus_interfaces/srv'...
[1.404s] -- Up-to-date: /home/talae-ubantu/6558_6576/install/turtlesim_plus_interfaces/local/lib/python3.10/dist-packages/turtlesim_plus_interfaces/turtlesim_plus_interfaces_s__rosidl_typesupport_fastrtps_c.cpython-310-x86_64-linux-gnu.so
[1.404s] -- Up-to-date: /home/talae-ubantu/6558_6576/install/turtlesim_plus_interfaces/local/lib/python3.10/dist-packages/turtlesim_plus_interfaces/turtlesim_plus_interfaces_s__rosidl_typesupport_introspection_c.cpython-310-x86_64-linux-gnu.so
[1.405s] -- Up-to-date: /home/talae-ubantu/6558_6576/install/turtlesim_plus_interfaces/local/lib/python3.10/dist-packages/turtlesim_plus_interfaces/turtlesim_plus_interfaces_s__rosidl_typesupport_c.cpython-310-x86_64-linux-gnu.so
[1.405s] -- Up-to-date: /home/talae-ubantu/6558_6576/install/turtlesim_plus_interfaces/lib/libturtlesim_plus_interfaces__rosidl_generator_py.so
[1.405s] -- Up-to-date: /home/talae-ubantu/6558_6576/install/turtlesim_plus_interfaces/share/turtlesim_plus_interfaces/msg/ScannerData.idl
[1.406s] -- Up-to-date: /home/talae-ubantu/6558_6576/install/turtlesim_plus_interfaces/share/turtlesim_plus_interfaces/msg/ScannerDataArray.idl
[1.406s] -- Up-to-date: /home/talae-ubantu/6558_6576/install/turtlesim_plus_interfaces/share/turtlesim_plus_interfaces/srv/GivePosition.idl
[1.407s] -- Up-to-date: /home/talae-ubantu/6558_6576/install/turtlesim_plus_interfaces/share/turtlesim_plus_interfaces/action/GetData.idl
[1.407s] -- Up-to-date: /home/talae-ubantu/6558_6576/install/turtlesim_plus_interfaces/share/turtlesim_plus_interfaces/msg/ScannerData.msg
[1.410s] -- Up-to-date: /home/talae-ubantu/6558_6576/install/turtlesim_plus_interfaces/share/turtlesim_plus_interfaces/msg/ScannerDataArray.msg
[1.411s] -- Up-to-date: /home/talae-ubantu/6558_6576/install/turtlesim_plus_interfaces/share/turtlesim_plus_interfaces/srv/GivePosition.srv
[1.412s] -- Up-to-date: /home/talae-ubantu/6558_6576/install/turtlesim_plus_interfaces/share/turtlesim_plus_interfaces/srv/GivePosition_Request.msg
[1.412s] -- Up-to-date: /home/talae-ubantu/6558_6576/install/turtlesim_plus_interfaces/share/turtlesim_plus_interfaces/srv/GivePosition_Response.msg
[1.412s] -- Up-to-date: /home/talae-ubantu/6558_6576/install/turtlesim_plus_interfaces/share/turtlesim_plus_interfaces/action/GetData.action
[1.412s] -- Up-to-date: /home/talae-ubantu/6558_6576/install/turtlesim_plus_interfaces/share/ament_index/resource_index/package_run_dependencies/turtlesim_plus_interfaces
[1.412s] -- Up-to-date: /home/talae-ubantu/6558_6576/install/turtlesim_plus_interfaces/share/ament_index/resource_index/parent_prefix_path/turtlesim_plus_interfaces
[1.413s] -- Up-to-date: /home/talae-ubantu/6558_6576/install/turtlesim_plus_interfaces/share/turtlesim_plus_interfaces/environment/ament_prefix_path.sh
[1.413s] -- Up-to-date: /home/talae-ubantu/6558_6576/install/turtlesim_plus_interfaces/share/turtlesim_plus_interfaces/environment/ament_prefix_path.dsv
[1.413s] -- Up-to-date: /home/talae-ubantu/6558_6576/install/turtlesim_plus_interfaces/share/turtlesim_plus_interfaces/environment/path.sh
[1.413s] -- Up-to-date: /home/talae-ubantu/6558_6576/install/turtlesim_plus_interfaces/share/turtlesim_plus_interfaces/environment/path.dsv
[1.413s] -- Up-to-date: /home/talae-ubantu/6558_6576/install/turtlesim_plus_interfaces/share/turtlesim_plus_interfaces/local_setup.bash
[1.413s] -- Up-to-date: /home/talae-ubantu/6558_6576/install/turtlesim_plus_interfaces/share/turtlesim_plus_interfaces/local_setup.sh
[1.413s] -- Up-to-date: /home/talae-ubantu/6558_6576/install/turtlesim_plus_interfaces/share/turtlesim_plus_interfaces/local_setup.zsh
[1.413s] -- Up-to-date: /home/talae-ubantu/6558_6576/install/turtlesim_plus_interfaces/share/turtlesim_plus_interfaces/local_setup.dsv
[1.414s] -- Installing: /home/talae-ubantu/6558_6576/install/turtlesim_plus_interfaces/share/turtlesim_plus_interfaces/package.dsv
[1.414s] -- Up-to-date: /home/talae-ubantu/6558_6576/install/turtlesim_plus_interfaces/share/ament_index/resource_index/packages/turtlesim_plus_interfaces
[1.414s] -- Up-to-date: /home/talae-ubantu/6558_6576/install/turtlesim_plus_interfaces/share/turtlesim_plus_interfaces/cmake/export_turtlesim_plus_interfaces__rosidl_generator_cExport.cmake
[1.414s] -- Up-to-date: /home/talae-ubantu/6558_6576/install/turtlesim_plus_interfaces/share/turtlesim_plus_interfaces/cmake/export_turtlesim_plus_interfaces__rosidl_generator_cExport-noconfig.cmake
[1.414s] -- Up-to-date: /home/talae-ubantu/6558_6576/install/turtlesim_plus_interfaces/share/turtlesim_plus_interfaces/cmake/export_turtlesim_plus_interfaces__rosidl_typesupport_fastrtps_cExport.cmake
[1.414s] -- Up-to-date: /home/talae-ubantu/6558_6576/install/turtlesim_plus_interfaces/share/turtlesim_plus_interfaces/cmake/export_turtlesim_plus_interfaces__rosidl_typesupport_fastrtps_cExport-noconfig.cmake
[1.414s] -- Up-to-date: /home/talae-ubantu/6558_6576/install/turtlesim_plus_interfaces/share/turtlesim_plus_interfaces/cmake/turtlesim_plus_interfaces__rosidl_typesupport_introspection_cExport.cmake
[1.415s] -- Up-to-date: /home/talae-ubantu/6558_6576/install/turtlesim_plus_interfaces/share/turtlesim_plus_interfaces/cmake/turtlesim_plus_interfaces__rosidl_typesupport_introspection_cExport-noconfig.cmake
[1.415s] -- Up-to-date: /home/talae-ubantu/6558_6576/install/turtlesim_plus_interfaces/share/turtlesim_plus_interfaces/cmake/turtlesim_plus_interfaces__rosidl_typesupport_cExport.cmake
[1.415s] -- Up-to-date: /home/talae-ubantu/6558_6576/install/turtlesim_plus_interfaces/share/turtlesim_plus_interfaces/cmake/turtlesim_plus_interfaces__rosidl_typesupport_cExport-noconfig.cmake
[1.415s] -- Up-to-date: /home/talae-ubantu/6558_6576/install/turtlesim_plus_interfaces/share/turtlesim_plus_interfaces/cmake/export_turtlesim_plus_interfaces__rosidl_generator_cppExport.cmake
[1.415s] -- Up-to-date: /home/talae-ubantu/6558_6576/install/turtlesim_plus_interfaces/share/turtlesim_plus_interfaces/cmake/export_turtlesim_plus_interfaces__rosidl_typesupport_fastrtps_cppExport.cmake
[1.415s] -- Up-to-date: /home/talae-ubantu/6558_6576/install/turtlesim_plus_interfaces/share/turtlesim_plus_interfaces/cmake/export_turtlesim_plus_interfaces__rosidl_typesupport_fastrtps_cppExport-noconfig.cmake
[1.415s] -- Up-to-date: /home/talae-ubantu/6558_6576/install/turtlesim_plus_interfaces/share/turtlesim_plus_interfaces/cmake/turtlesim_plus_interfaces__rosidl_typesupport_introspection_cppExport.cmake
[1.415s] -- Up-to-date: /home/talae-ubantu/6558_6576/install/turtlesim_plus_interfaces/share/turtlesim_plus_interfaces/cmake/turtlesim_plus_interfaces__rosidl_typesupport_introspection_cppExport-noconfig.cmake
[1.416s] -- Up-to-date: /home/talae-ubantu/6558_6576/install/turtlesim_plus_interfaces/share/turtlesim_plus_interfaces/cmake/turtlesim_plus_interfaces__rosidl_typesupport_cppExport.cmake
[1.416s] -- Up-to-date: /home/talae-ubantu/6558_6576/install/turtlesim_plus_interfaces/share/turtlesim_plus_interfaces/cmake/turtlesim_plus_interfaces__rosidl_typesupport_cppExport-noconfig.cmake
[1.416s] -- Up-to-date: /home/talae-ubantu/6558_6576/install/turtlesim_plus_interfaces/share/turtlesim_plus_interfaces/cmake/export_turtlesim_plus_interfaces__rosidl_generator_pyExport.cmake
[1.416s] -- Up-to-date: /home/talae-ubantu/6558_6576/install/turtlesim_plus_interfaces/share/turtlesim_plus_interfaces/cmake/export_turtlesim_plus_interfaces__rosidl_generator_pyExport-noconfig.cmake
[1.416s] -- Up-to-date: /home/talae-ubantu/6558_6576/install/turtlesim_plus_interfaces/share/turtlesim_plus_interfaces/cmake/rosidl_cmake-extras.cmake
[1.416s] -- Up-to-date: /home/talae-ubantu/6558_6576/install/turtlesim_plus_interfaces/share/turtlesim_plus_interfaces/cmake/ament_cmake_export_dependencies-extras.cmake
[1.416s] -- Up-to-date: /home/talae-ubantu/6558_6576/install/turtlesim_plus_interfaces/share/turtlesim_plus_interfaces/cmake/ament_cmake_export_include_directories-extras.cmake
[1.416s] -- Up-to-date: /home/talae-ubantu/6558_6576/install/turtlesim_plus_interfaces/share/turtlesim_plus_interfaces/cmake/ament_cmake_export_libraries-extras.cmake
[1.416s] -- Up-to-date: /home/talae-ubantu/6558_6576/install/turtlesim_plus_interfaces/share/turtlesim_plus_interfaces/cmake/ament_cmake_export_targets-extras.cmake
[1.416s] -- Up-to-date: /home/talae-ubantu/6558_6576/install/turtlesim_plus_interfaces/share/turtlesim_plus_interfaces/cmake/rosidl_cmake_export_typesupport_targets-extras.cmake
[1.417s] -- Up-to-date: /home/talae-ubantu/6558_6576/install/turtlesim_plus_interfaces/share/turtlesim_plus_interfaces/cmake/rosidl_cmake_export_typesupport_libraries-extras.cmake
[1.417s] -- Up-to-date: /home/talae-ubantu/6558_6576/install/turtlesim_plus_interfaces/share/turtlesim_plus_interfaces/cmake/turtlesim_plus_interfacesConfig.cmake
[1.417s] -- Up-to-date: /home/talae-ubantu/6558_6576/install/turtlesim_plus_interfaces/share/turtlesim_plus_interfaces/cmake/turtlesim_plus_interfacesConfig-version.cmake
[1.417s] -- Up-to-date: /home/talae-ubantu/6558_6576/install/turtlesim_plus_interfaces/share/turtlesim_plus_interfaces/package.xml
[1.430s] Invoked command in '/home/talae-ubantu/6558_6576/build/turtlesim_plus_interfaces' returned '0': CMAKE_PREFIX_PATH=${CMAKE_PREFIX_PATH}:/opt/ros/humble /usr/bin/cmake --install /home/talae-ubantu/6558_6576/build/turtlesim_plus_interfaces
