[0.115s] DEBUG:colcon:Command line arguments: ['/usr/bin/colcon', 'build']
[0.115s] DEBUG:colcon:Parsed command line arguments: Namespace(log_base=None, log_level=None, verb_name='build', build_base='build', install_base='install', merge_install=False, symlink_install=False, test_result_base=None, continue_on_error=False, executor='parallel', parallel_workers=4, event_handlers=None, ignore_user_meta=False, metas=['./colcon.meta'], base_paths=['.'], packages_ignore=None, packages_ignore_regex=None, paths=None, packages_up_to=None, packages_up_to_regex=None, packages_above=None, packages_above_and_dependencies=None, packages_above_depth=None, packages_select_by_dep=None, packages_skip_by_dep=None, packages_skip_up_to=None, packages_select_build_failed=False, packages_skip_build_finished=False, packages_select_test_failures=False, packages_skip_test_passed=False, packages_select=None, packages_skip=None, packages_select_regex=None, packages_skip_regex=None, packages_start=None, packages_end=None, allow_overriding=[], cmake_args=None, cmake_target=None, cmake_target_skip_unavailable=False, cmake_clean_cache=False, cmake_clean_first=False, cmake_force_configure=False, ament_cmake_args=None, catkin_cmake_args=None, catkin_skip_building_tests=False, verb_parser=<colcon_defaults.argument_parser.defaults.DefaultArgumentsDecorator object at 0x7a9031c46620>, verb_extension=<colcon_core.verb.build.BuildVerb object at 0x7a9031c46020>, main=<bound method BuildVerb.main of <colcon_core.verb.build.BuildVerb object at 0x7a9031c46020>>)
[0.305s] Level 1:colcon.colcon_core.package_discovery:discover_packages(colcon_meta) check parameters
[0.305s] Level 1:colcon.colcon_core.package_discovery:discover_packages(recursive) check parameters
[0.305s] Level 1:colcon.colcon_core.package_discovery:discover_packages(ignore) check parameters
[0.305s] Level 1:colcon.colcon_core.package_discovery:discover_packages(path) check parameters
[0.305s] Level 1:colcon.colcon_core.package_discovery:discover_packages(colcon_meta) discover
[0.305s] Level 1:colcon.colcon_core.package_discovery:discover_packages(recursive) discover
[0.306s] INFO:colcon.colcon_core.package_discovery:Crawling recursively for packages in '/home/talae-ubantu/6558_6576'
[0.306s] Level 1:colcon.colcon_core.package_identification:_identify(.) by extensions ['ignore', 'ignore_ament_install']
[0.306s] Level 1:colcon.colcon_core.package_identification:_identify(.) by extension 'ignore'
[0.306s] Level 1:colcon.colcon_core.package_identification:_identify(.) by extension 'ignore_ament_install'
[0.306s] Level 1:colcon.colcon_core.package_identification:_identify(.) by extensions ['colcon_pkg']
[0.306s] Level 1:colcon.colcon_core.package_identification:_identify(.) by extension 'colcon_pkg'
[0.306s] Level 1:colcon.colcon_core.package_identification:_identify(.) by extensions ['colcon_meta']
[0.306s] Level 1:colcon.colcon_core.package_identification:_identify(.) by extension 'colcon_meta'
[0.306s] Level 1:colcon.colcon_core.package_identification:_identify(.) by extensions ['ros']
[0.306s] Level 1:colcon.colcon_core.package_identification:_identify(.) by extension 'ros'
[0.318s] Level 1:colcon.colcon_core.package_identification:_identify(.) by extensions ['cmake', 'python']
[0.318s] Level 1:colcon.colcon_core.package_identification:_identify(.) by extension 'cmake'
[0.318s] Level 1:colcon.colcon_core.package_identification:_identify(.) by extension 'python'
[0.318s] Level 1:colcon.colcon_core.package_identification:_identify(.) by extensions ['python_setup_py']
[0.318s] Level 1:colcon.colcon_core.package_identification:_identify(.) by extension 'python_setup_py'
[0.318s] Level 1:colcon.colcon_core.package_identification:_identify(build) by extensions ['ignore', 'ignore_ament_install']
[0.318s] Level 1:colcon.colcon_core.package_identification:_identify(build) by extension 'ignore'
[0.318s] Level 1:colcon.colcon_core.package_identification:_identify(build) ignored
[0.318s] Level 1:colcon.colcon_core.package_identification:_identify(install) by extensions ['ignore', 'ignore_ament_install']
[0.318s] Level 1:colcon.colcon_core.package_identification:_identify(install) by extension 'ignore'
[0.318s] Level 1:colcon.colcon_core.package_identification:_identify(install) ignored
[0.318s] Level 1:colcon.colcon_core.package_identification:_identify(log) by extensions ['ignore', 'ignore_ament_install']
[0.319s] Level 1:colcon.colcon_core.package_identification:_identify(log) by extension 'ignore'
[0.319s] Level 1:colcon.colcon_core.package_identification:_identify(log) ignored
[0.319s] Level 1:colcon.colcon_core.package_identification:_identify(src) by extensions ['ignore', 'ignore_ament_install']
[0.319s] Level 1:colcon.colcon_core.package_identification:_identify(src) by extension 'ignore'
[0.319s] Level 1:colcon.colcon_core.package_identification:_identify(src) by extension 'ignore_ament_install'
[0.319s] Level 1:colcon.colcon_core.package_identification:_identify(src) by extensions ['colcon_pkg']
[0.319s] Level 1:colcon.colcon_core.package_identification:_identify(src) by extension 'colcon_pkg'
[0.319s] Level 1:colcon.colcon_core.package_identification:_identify(src) by extensions ['colcon_meta']
[0.319s] Level 1:colcon.colcon_core.package_identification:_identify(src) by extension 'colcon_meta'
[0.319s] Level 1:colcon.colcon_core.package_identification:_identify(src) by extensions ['ros']
[0.319s] Level 1:colcon.colcon_core.package_identification:_identify(src) by extension 'ros'
[0.319s] Level 1:colcon.colcon_core.package_identification:_identify(src) by extensions ['cmake', 'python']
[0.319s] Level 1:colcon.colcon_core.package_identification:_identify(src) by extension 'cmake'
[0.319s] Level 1:colcon.colcon_core.package_identification:_identify(src) by extension 'python'
[0.319s] Level 1:colcon.colcon_core.package_identification:_identify(src) by extensions ['python_setup_py']
[0.319s] Level 1:colcon.colcon_core.package_identification:_identify(src) by extension 'python_setup_py'
[0.319s] Level 1:colcon.colcon_core.package_identification:_identify(src/funny_turtleplus) by extensions ['ignore', 'ignore_ament_install']
[0.319s] Level 1:colcon.colcon_core.package_identification:_identify(src/funny_turtleplus) by extension 'ignore'
[0.319s] Level 1:colcon.colcon_core.package_identification:_identify(src/funny_turtleplus) by extension 'ignore_ament_install'
[0.320s] Level 1:colcon.colcon_core.package_identification:_identify(src/funny_turtleplus) by extensions ['colcon_pkg']
[0.320s] Level 1:colcon.colcon_core.package_identification:_identify(src/funny_turtleplus) by extension 'colcon_pkg'
[0.320s] Level 1:colcon.colcon_core.package_identification:_identify(src/funny_turtleplus) by extensions ['colcon_meta']
[0.320s] Level 1:colcon.colcon_core.package_identification:_identify(src/funny_turtleplus) by extension 'colcon_meta'
[0.320s] Level 1:colcon.colcon_core.package_identification:_identify(src/funny_turtleplus) by extensions ['ros']
[0.320s] Level 1:colcon.colcon_core.package_identification:_identify(src/funny_turtleplus) by extension 'ros'
[0.322s] DEBUG:colcon.colcon_core.package_identification:Package 'src/funny_turtleplus' with type 'ros.ament_cmake' and name 'funny_turtleplus'
[0.323s] Level 1:colcon.colcon_core.package_identification:_identify(src/teleop_interfaces) by extensions ['ignore', 'ignore_ament_install']
[0.323s] Level 1:colcon.colcon_core.package_identification:_identify(src/teleop_interfaces) by extension 'ignore'
[0.323s] Level 1:colcon.colcon_core.package_identification:_identify(src/teleop_interfaces) by extension 'ignore_ament_install'
[0.323s] Level 1:colcon.colcon_core.package_identification:_identify(src/teleop_interfaces) by extensions ['colcon_pkg']
[0.323s] Level 1:colcon.colcon_core.package_identification:_identify(src/teleop_interfaces) by extension 'colcon_pkg'
[0.323s] Level 1:colcon.colcon_core.package_identification:_identify(src/teleop_interfaces) by extensions ['colcon_meta']
[0.323s] Level 1:colcon.colcon_core.package_identification:_identify(src/teleop_interfaces) by extension 'colcon_meta'
[0.323s] Level 1:colcon.colcon_core.package_identification:_identify(src/teleop_interfaces) by extensions ['ros']
[0.323s] Level 1:colcon.colcon_core.package_identification:_identify(src/teleop_interfaces) by extension 'ros'
[0.324s] DEBUG:colcon.colcon_core.package_identification:Package 'src/teleop_interfaces' with type 'ros.ament_cmake' and name 'teleop_interfaces'
[0.324s] Level 1:colcon.colcon_core.package_identification:_identify(src/turtlesim_plus) by extensions ['ignore', 'ignore_ament_install']
[0.324s] Level 1:colcon.colcon_core.package_identification:_identify(src/turtlesim_plus) by extension 'ignore'
[0.324s] Level 1:colcon.colcon_core.package_identification:_identify(src/turtlesim_plus) by extension 'ignore_ament_install'
[0.324s] Level 1:colcon.colcon_core.package_identification:_identify(src/turtlesim_plus) by extensions ['colcon_pkg']
[0.324s] Level 1:colcon.colcon_core.package_identification:_identify(src/turtlesim_plus) by extension 'colcon_pkg'
[0.324s] Level 1:colcon.colcon_core.package_identification:_identify(src/turtlesim_plus) by extensions ['colcon_meta']
[0.324s] Level 1:colcon.colcon_core.package_identification:_identify(src/turtlesim_plus) by extension 'colcon_meta'
[0.324s] Level 1:colcon.colcon_core.package_identification:_identify(src/turtlesim_plus) by extensions ['ros']
[0.324s] Level 1:colcon.colcon_core.package_identification:_identify(src/turtlesim_plus) by extension 'ros'
[0.324s] Level 1:colcon.colcon_core.package_identification:_identify(src/turtlesim_plus) by extensions ['cmake', 'python']
[0.324s] Level 1:colcon.colcon_core.package_identification:_identify(src/turtlesim_plus) by extension 'cmake'
[0.324s] Level 1:colcon.colcon_core.package_identification:_identify(src/turtlesim_plus) by extension 'python'
[0.324s] Level 1:colcon.colcon_core.package_identification:_identify(src/turtlesim_plus) by extensions ['python_setup_py']
[0.325s] Level 1:colcon.colcon_core.package_identification:_identify(src/turtlesim_plus) by extension 'python_setup_py'
[0.325s] Level 1:colcon.colcon_core.package_identification:_identify(src/turtlesim_plus/turtlesim_plus) by extensions ['ignore', 'ignore_ament_install']
[0.325s] Level 1:colcon.colcon_core.package_identification:_identify(src/turtlesim_plus/turtlesim_plus) by extension 'ignore'
[0.325s] Level 1:colcon.colcon_core.package_identification:_identify(src/turtlesim_plus/turtlesim_plus) by extension 'ignore_ament_install'
[0.325s] Level 1:colcon.colcon_core.package_identification:_identify(src/turtlesim_plus/turtlesim_plus) by extensions ['colcon_pkg']
[0.325s] Level 1:colcon.colcon_core.package_identification:_identify(src/turtlesim_plus/turtlesim_plus) by extension 'colcon_pkg'
[0.325s] Level 1:colcon.colcon_core.package_identification:_identify(src/turtlesim_plus/turtlesim_plus) by extensions ['colcon_meta']
[0.325s] Level 1:colcon.colcon_core.package_identification:_identify(src/turtlesim_plus/turtlesim_plus) by extension 'colcon_meta'
[0.325s] Level 1:colcon.colcon_core.package_identification:_identify(src/turtlesim_plus/turtlesim_plus) by extensions ['ros']
[0.325s] Level 1:colcon.colcon_core.package_identification:_identify(src/turtlesim_plus/turtlesim_plus) by extension 'ros'
[0.326s] DEBUG:colcon.colcon_core.package_identification:Package 'src/turtlesim_plus/turtlesim_plus' with type 'ros.ament_cmake' and name 'turtlesim_plus'
[0.326s] Level 1:colcon.colcon_core.package_identification:_identify(src/turtlesim_plus/turtlesim_plus_interfaces) by extensions ['ignore', 'ignore_ament_install']
[0.326s] Level 1:colcon.colcon_core.package_identification:_identify(src/turtlesim_plus/turtlesim_plus_interfaces) by extension 'ignore'
[0.326s] Level 1:colcon.colcon_core.package_identification:_identify(src/turtlesim_plus/turtlesim_plus_interfaces) by extension 'ignore_ament_install'
[0.326s] Level 1:colcon.colcon_core.package_identification:_identify(src/turtlesim_plus/turtlesim_plus_interfaces) by extensions ['colcon_pkg']
[0.326s] Level 1:colcon.colcon_core.package_identification:_identify(src/turtlesim_plus/turtlesim_plus_interfaces) by extension 'colcon_pkg'
[0.326s] Level 1:colcon.colcon_core.package_identification:_identify(src/turtlesim_plus/turtlesim_plus_interfaces) by extensions ['colcon_meta']
[0.326s] Level 1:colcon.colcon_core.package_identification:_identify(src/turtlesim_plus/turtlesim_plus_interfaces) by extension 'colcon_meta'
[0.326s] Level 1:colcon.colcon_core.package_identification:_identify(src/turtlesim_plus/turtlesim_plus_interfaces) by extensions ['ros']
[0.326s] Level 1:colcon.colcon_core.package_identification:_identify(src/turtlesim_plus/turtlesim_plus_interfaces) by extension 'ros'
[0.327s] DEBUG:colcon.colcon_core.package_identification:Package 'src/turtlesim_plus/turtlesim_plus_interfaces' with type 'ros.ament_cmake' and name 'turtlesim_plus_interfaces'
[0.327s] Level 1:colcon.colcon_core.package_discovery:discover_packages(recursive) using defaults
[0.327s] Level 1:colcon.colcon_core.package_discovery:discover_packages(ignore) discover
[0.327s] Level 1:colcon.colcon_core.package_discovery:discover_packages(ignore) using defaults
[0.327s] Level 1:colcon.colcon_core.package_discovery:discover_packages(path) discover
[0.327s] Level 1:colcon.colcon_core.package_discovery:discover_packages(path) using defaults
[0.359s] Level 1:colcon.colcon_core.package_discovery:discover_packages(prefix_path) check parameters
[0.359s] Level 1:colcon.colcon_core.package_discovery:discover_packages(prefix_path) discover
[0.361s] DEBUG:colcon.colcon_installed_package_information.package_discovery:Found 4 installed packages in /home/talae-ubantu/fun2_ws/install
[0.361s] DEBUG:colcon.colcon_installed_package_information.package_discovery:Found 4 installed packages in /home/talae-ubantu/6558_6576/install
[0.363s] DEBUG:colcon.colcon_installed_package_information.package_discovery:Found 313 installed packages in /opt/ros/humble
[0.364s] Level 1:colcon.colcon_core.package_discovery:discover_packages(prefix_path) using defaults
[0.408s] Level 5:colcon.colcon_core.verb:set package 'funny_turtleplus' build argument 'cmake_args' from command line to 'None'
[0.408s] Level 5:colcon.colcon_core.verb:set package 'funny_turtleplus' build argument 'cmake_target' from command line to 'None'
[0.409s] Level 5:colcon.colcon_core.verb:set package 'funny_turtleplus' build argument 'cmake_target_skip_unavailable' from command line to 'False'
[0.409s] Level 5:colcon.colcon_core.verb:set package 'funny_turtleplus' build argument 'cmake_clean_cache' from command line to 'False'
[0.409s] Level 5:colcon.colcon_core.verb:set package 'funny_turtleplus' build argument 'cmake_clean_first' from command line to 'False'
[0.409s] Level 5:colcon.colcon_core.verb:set package 'funny_turtleplus' build argument 'cmake_force_configure' from command line to 'False'
[0.409s] Level 5:colcon.colcon_core.verb:set package 'funny_turtleplus' build argument 'ament_cmake_args' from command line to 'None'
[0.409s] Level 5:colcon.colcon_core.verb:set package 'funny_turtleplus' build argument 'catkin_cmake_args' from command line to 'None'
[0.409s] Level 5:colcon.colcon_core.verb:set package 'funny_turtleplus' build argument 'catkin_skip_building_tests' from command line to 'False'
[0.409s] DEBUG:colcon.colcon_core.verb:Building package 'funny_turtleplus' with the following arguments: {'ament_cmake_args': None, 'build_base': '/home/talae-ubantu/6558_6576/build/funny_turtleplus', 'catkin_cmake_args': None, 'catkin_skip_building_tests': False, 'cmake_args': None, 'cmake_clean_cache': False, 'cmake_clean_first': False, 'cmake_force_configure': False, 'cmake_target': None, 'cmake_target_skip_unavailable': False, 'install_base': '/home/talae-ubantu/6558_6576/install/funny_turtleplus', 'merge_install': False, 'path': '/home/talae-ubantu/6558_6576/src/funny_turtleplus', 'symlink_install': False, 'test_result_base': None}
[0.409s] Level 5:colcon.colcon_core.verb:set package 'teleop_interfaces' build argument 'cmake_args' from command line to 'None'
[0.409s] Level 5:colcon.colcon_core.verb:set package 'teleop_interfaces' build argument 'cmake_target' from command line to 'None'
[0.409s] Level 5:colcon.colcon_core.verb:set package 'teleop_interfaces' build argument 'cmake_target_skip_unavailable' from command line to 'False'
[0.409s] Level 5:colcon.colcon_core.verb:set package 'teleop_interfaces' build argument 'cmake_clean_cache' from command line to 'False'
[0.409s] Level 5:colcon.colcon_core.verb:set package 'teleop_interfaces' build argument 'cmake_clean_first' from command line to 'False'
[0.409s] Level 5:colcon.colcon_core.verb:set package 'teleop_interfaces' build argument 'cmake_force_configure' from command line to 'False'
[0.409s] Level 5:colcon.colcon_core.verb:set package 'teleop_interfaces' build argument 'ament_cmake_args' from command line to 'None'
[0.409s] Level 5:colcon.colcon_core.verb:set package 'teleop_interfaces' build argument 'catkin_cmake_args' from command line to 'None'
[0.409s] Level 5:colcon.colcon_core.verb:set package 'teleop_interfaces' build argument 'catkin_skip_building_tests' from command line to 'False'
[0.409s] DEBUG:colcon.colcon_core.verb:Building package 'teleop_interfaces' with the following arguments: {'ament_cmake_args': None, 'build_base': '/home/talae-ubantu/6558_6576/build/teleop_interfaces', 'catkin_cmake_args': None, 'catkin_skip_building_tests': False, 'cmake_args': None, 'cmake_clean_cache': False, 'cmake_clean_first': False, 'cmake_force_configure': False, 'cmake_target': None, 'cmake_target_skip_unavailable': False, 'install_base': '/home/talae-ubantu/6558_6576/install/teleop_interfaces', 'merge_install': False, 'path': '/home/talae-ubantu/6558_6576/src/teleop_interfaces', 'symlink_install': False, 'test_result_base': None}
[0.410s] Level 5:colcon.colcon_core.verb:set package 'turtlesim_plus' build argument 'cmake_args' from command line to 'None'
[0.410s] Level 5:colcon.colcon_core.verb:set package 'turtlesim_plus' build argument 'cmake_target' from command line to 'None'
[0.410s] Level 5:colcon.colcon_core.verb:set package 'turtlesim_plus' build argument 'cmake_target_skip_unavailable' from command line to 'False'
[0.410s] Level 5:colcon.colcon_core.verb:set package 'turtlesim_plus' build argument 'cmake_clean_cache' from command line to 'False'
[0.410s] Level 5:colcon.colcon_core.verb:set package 'turtlesim_plus' build argument 'cmake_clean_first' from command line to 'False'
[0.410s] Level 5:colcon.colcon_core.verb:set package 'turtlesim_plus' build argument 'cmake_force_configure' from command line to 'False'
[0.410s] Level 5:colcon.colcon_core.verb:set package 'turtlesim_plus' build argument 'ament_cmake_args' from command line to 'None'
[0.410s] Level 5:colcon.colcon_core.verb:set package 'turtlesim_plus' build argument 'catkin_cmake_args' from command line to 'None'
[0.410s] Level 5:colcon.colcon_core.verb:set package 'turtlesim_plus' build argument 'catkin_skip_building_tests' from command line to 'False'
[0.410s] DEBUG:colcon.colcon_core.verb:Building package 'turtlesim_plus' with the following arguments: {'ament_cmake_args': None, 'build_base': '/home/talae-ubantu/6558_6576/build/turtlesim_plus', 'catkin_cmake_args': None, 'catkin_skip_building_tests': False, 'cmake_args': None, 'cmake_clean_cache': False, 'cmake_clean_first': False, 'cmake_force_configure': False, 'cmake_target': None, 'cmake_target_skip_unavailable': False, 'install_base': '/home/talae-ubantu/6558_6576/install/turtlesim_plus', 'merge_install': False, 'path': '/home/talae-ubantu/6558_6576/src/turtlesim_plus/turtlesim_plus', 'symlink_install': False, 'test_result_base': None}
[0.410s] Level 5:colcon.colcon_core.verb:set package 'turtlesim_plus_interfaces' build argument 'cmake_args' from command line to 'None'
[0.410s] Level 5:colcon.colcon_core.verb:set package 'turtlesim_plus_interfaces' build argument 'cmake_target' from command line to 'None'
[0.410s] Level 5:colcon.colcon_core.verb:set package 'turtlesim_plus_interfaces' build argument 'cmake_target_skip_unavailable' from command line to 'False'
[0.410s] Level 5:colcon.colcon_core.verb:set package 'turtlesim_plus_interfaces' build argument 'cmake_clean_cache' from command line to 'False'
[0.410s] Level 5:colcon.colcon_core.verb:set package 'turtlesim_plus_interfaces' build argument 'cmake_clean_first' from command line to 'False'
[0.410s] Level 5:colcon.colcon_core.verb:set package 'turtlesim_plus_interfaces' build argument 'cmake_force_configure' from command line to 'False'
[0.410s] Level 5:colcon.colcon_core.verb:set package 'turtlesim_plus_interfaces' build argument 'ament_cmake_args' from command line to 'None'
[0.410s] Level 5:colcon.colcon_core.verb:set package 'turtlesim_plus_interfaces' build argument 'catkin_cmake_args' from command line to 'None'
[0.410s] Level 5:colcon.colcon_core.verb:set package 'turtlesim_plus_interfaces' build argument 'catkin_skip_building_tests' from command line to 'False'
[0.410s] DEBUG:colcon.colcon_core.verb:Building package 'turtlesim_plus_interfaces' with the following arguments: {'ament_cmake_args': None, 'build_base': '/home/talae-ubantu/6558_6576/build/turtlesim_plus_interfaces', 'catkin_cmake_args': None, 'catkin_skip_building_tests': False, 'cmake_args': None, 'cmake_clean_cache': False, 'cmake_clean_first': False, 'cmake_force_configure': False, 'cmake_target': None, 'cmake_target_skip_unavailable': False, 'install_base': '/home/talae-ubantu/6558_6576/install/turtlesim_plus_interfaces', 'merge_install': False, 'path': '/home/talae-ubantu/6558_6576/src/turtlesim_plus/turtlesim_plus_interfaces', 'symlink_install': False, 'test_result_base': None}
[0.411s] INFO:colcon.colcon_core.executor:Executing jobs using 'parallel' executor
[0.411s] DEBUG:colcon.colcon_parallel_executor.executor.parallel:run_until_complete
[0.412s] INFO:colcon.colcon_ros.task.ament_cmake.build:Building ROS package in '/home/talae-ubantu/6558_6576/src/funny_turtleplus' with build type 'ament_cmake'
[0.412s] INFO:colcon.colcon_cmake.task.cmake.build:Building CMake package in '/home/talae-ubantu/6558_6576/src/funny_turtleplus'
[0.414s] INFO:colcon.colcon_core.plugin_system:Skipping extension 'colcon_core.shell.bat': Not used on non-Windows systems
[0.414s] INFO:colcon.colcon_core.shell:Skip shell extension 'powershell' for command environment: Not usable outside of PowerShell
[0.414s] DEBUG:colcon.colcon_core.shell:Skip shell extension 'dsv' for command environment
[0.419s] INFO:colcon.colcon_ros.task.ament_cmake.build:Building ROS package in '/home/talae-ubantu/6558_6576/src/teleop_interfaces' with build type 'ament_cmake'
[0.419s] INFO:colcon.colcon_cmake.task.cmake.build:Building CMake package in '/home/talae-ubantu/6558_6576/src/teleop_interfaces'
[0.419s] INFO:colcon.colcon_core.shell:Skip shell extension 'powershell' for command environment: Not usable outside of PowerShell
[0.419s] DEBUG:colcon.colcon_core.shell:Skip shell extension 'dsv' for command environment
[0.424s] INFO:colcon.colcon_ros.task.ament_cmake.build:Building ROS package in '/home/talae-ubantu/6558_6576/src/turtlesim_plus/turtlesim_plus' with build type 'ament_cmake'
[0.424s] INFO:colcon.colcon_cmake.task.cmake.build:Building CMake package in '/home/talae-ubantu/6558_6576/src/turtlesim_plus/turtlesim_plus'
[0.425s] INFO:colcon.colcon_core.shell:Skip shell extension 'powershell' for command environment: Not usable outside of PowerShell
[0.425s] DEBUG:colcon.colcon_core.shell:Skip shell extension 'dsv' for command environment
[0.431s] INFO:colcon.colcon_ros.task.ament_cmake.build:Building ROS package in '/home/talae-ubantu/6558_6576/src/turtlesim_plus/turtlesim_plus_interfaces' with build type 'ament_cmake'
[0.431s] INFO:colcon.colcon_cmake.task.cmake.build:Building CMake package in '/home/talae-ubantu/6558_6576/src/turtlesim_plus/turtlesim_plus_interfaces'
[0.431s] INFO:colcon.colcon_core.shell:Skip shell extension 'powershell' for command environment: Not usable outside of PowerShell
[0.432s] DEBUG:colcon.colcon_core.shell:Skip shell extension 'dsv' for command environment
[0.440s] DEBUG:colcon.colcon_core.event_handler.log_command:Invoking command in '/home/talae-ubantu/6558_6576/build/funny_turtleplus': CMAKE_PREFIX_PATH=${CMAKE_PREFIX_PATH}:/opt/ros/humble /usr/bin/cmake --build /home/talae-ubantu/6558_6576/build/funny_turtleplus -- -j4 -l4
[0.447s] DEBUG:colcon.colcon_core.event_handler.log_command:Invoking command in '/home/talae-ubantu/6558_6576/build/teleop_interfaces': CMAKE_PREFIX_PATH=${CMAKE_PREFIX_PATH}:/opt/ros/humble /usr/bin/cmake --build /home/talae-ubantu/6558_6576/build/teleop_interfaces -- -j4 -l4
[0.453s] DEBUG:colcon.colcon_core.event_handler.log_command:Invoking command in '/home/talae-ubantu/6558_6576/build/turtlesim_plus': CMAKE_PREFIX_PATH=${CMAKE_PREFIX_PATH}:/opt/ros/humble /usr/bin/cmake --build /home/talae-ubantu/6558_6576/build/turtlesim_plus -- -j4 -l4
[0.463s] DEBUG:colcon.colcon_core.event_handler.log_command:Invoking command in '/home/talae-ubantu/6558_6576/build/turtlesim_plus_interfaces': CMAKE_PREFIX_PATH=${CMAKE_PREFIX_PATH}:/opt/ros/humble /usr/bin/cmake --build /home/talae-ubantu/6558_6576/build/turtlesim_plus_interfaces -- -j4 -l4
[1.332s] DEBUG:colcon.colcon_core.event_handler.log_command:Invoked command in '/home/talae-ubantu/6558_6576/build/funny_turtleplus' returned '0': CMAKE_PREFIX_PATH=${CMAKE_PREFIX_PATH}:/opt/ros/humble /usr/bin/cmake --build /home/talae-ubantu/6558_6576/build/funny_turtleplus -- -j4 -l4
[1.400s] DEBUG:colcon.colcon_core.event_handler.log_command:Invoking command in '/home/talae-ubantu/6558_6576/build/funny_turtleplus': CMAKE_PREFIX_PATH=${CMAKE_PREFIX_PATH}:/opt/ros/humble /usr/bin/cmake --install /home/talae-ubantu/6558_6576/build/funny_turtleplus
[1.430s] DEBUG:colcon.colcon_core.event_handler.log_command:Invoked command in '/home/talae-ubantu/6558_6576/build/turtlesim_plus_interfaces' returned '0': CMAKE_PREFIX_PATH=${CMAKE_PREFIX_PATH}:/opt/ros/humble /usr/bin/cmake --build /home/talae-ubantu/6558_6576/build/turtlesim_plus_interfaces -- -j4 -l4
[1.443s] DEBUG:colcon.colcon_core.event_handler.log_command:Invoked command in '/home/talae-ubantu/6558_6576/build/turtlesim_plus' returned '0': CMAKE_PREFIX_PATH=${CMAKE_PREFIX_PATH}:/opt/ros/humble /usr/bin/cmake --build /home/talae-ubantu/6558_6576/build/turtlesim_plus -- -j4 -l4
[1.485s] DEBUG:colcon.colcon_core.event_handler.log_command:Invoking command in '/home/talae-ubantu/6558_6576/build/turtlesim_plus': CMAKE_PREFIX_PATH=${CMAKE_PREFIX_PATH}:/opt/ros/humble /usr/bin/cmake --install /home/talae-ubantu/6558_6576/build/turtlesim_plus
[1.487s] DEBUG:colcon.colcon_core.event_handler.log_command:Invoked command in '/home/talae-ubantu/6558_6576/build/teleop_interfaces' returned '0': CMAKE_PREFIX_PATH=${CMAKE_PREFIX_PATH}:/opt/ros/humble /usr/bin/cmake --build /home/talae-ubantu/6558_6576/build/teleop_interfaces -- -j4 -l4
[1.513s] Level 1:colcon.colcon_core.environment:create_environment_scripts_only(funny_turtleplus)
[1.515s] DEBUG:colcon.colcon_core.event_handler.log_command:Invoked command in '/home/talae-ubantu/6558_6576/build/funny_turtleplus' returned '0': CMAKE_PREFIX_PATH=${CMAKE_PREFIX_PATH}:/opt/ros/humble /usr/bin/cmake --install /home/talae-ubantu/6558_6576/build/funny_turtleplus
[1.517s] Level 1:colcon.colcon_core.environment:checking '/home/talae-ubantu/6558_6576/install/funny_turtleplus' for CMake module files
[1.518s] Level 1:colcon.colcon_core.environment:checking '/home/talae-ubantu/6558_6576/install/funny_turtleplus' for CMake config files
[1.519s] Level 1:colcon.colcon_core.shell:create_environment_hook('funny_turtleplus', 'cmake_prefix_path')
[1.519s] INFO:colcon.colcon_core.shell:Creating environment hook '/home/talae-ubantu/6558_6576/install/funny_turtleplus/share/funny_turtleplus/hook/cmake_prefix_path.ps1'
[1.521s] INFO:colcon.colcon_core.shell:Creating environment descriptor '/home/talae-ubantu/6558_6576/install/funny_turtleplus/share/funny_turtleplus/hook/cmake_prefix_path.dsv'
[1.521s] INFO:colcon.colcon_core.shell:Creating environment hook '/home/talae-ubantu/6558_6576/install/funny_turtleplus/share/funny_turtleplus/hook/cmake_prefix_path.sh'
[1.523s] Level 1:colcon.colcon_core.environment:checking '/home/talae-ubantu/6558_6576/install/funny_turtleplus/lib'
[1.523s] Level 1:colcon.colcon_core.environment:checking '/home/talae-ubantu/6558_6576/install/funny_turtleplus/bin'
[1.523s] Level 1:colcon.colcon_core.environment:checking '/home/talae-ubantu/6558_6576/install/funny_turtleplus/lib/pkgconfig/funny_turtleplus.pc'
[1.523s] Level 1:colcon.colcon_core.environment:checking '/home/talae-ubantu/6558_6576/install/funny_turtleplus/lib/python3.10/site-packages'
[1.524s] Level 1:colcon.colcon_core.environment:checking '/home/talae-ubantu/6558_6576/install/funny_turtleplus/bin'
[1.524s] INFO:colcon.colcon_core.shell:Creating package script '/home/talae-ubantu/6558_6576/install/funny_turtleplus/share/funny_turtleplus/package.ps1'
[1.526s] INFO:colcon.colcon_core.shell:Creating package descriptor '/home/talae-ubantu/6558_6576/install/funny_turtleplus/share/funny_turtleplus/package.dsv'
[1.526s] INFO:colcon.colcon_core.shell:Creating package script '/home/talae-ubantu/6558_6576/install/funny_turtleplus/share/funny_turtleplus/package.sh'
[1.528s] INFO:colcon.colcon_core.shell:Creating package script '/home/talae-ubantu/6558_6576/install/funny_turtleplus/share/funny_turtleplus/package.bash'
[1.529s] INFO:colcon.colcon_core.shell:Creating package script '/home/talae-ubantu/6558_6576/install/funny_turtleplus/share/funny_turtleplus/package.zsh'
[1.531s] Level 1:colcon.colcon_core.environment:create_file_with_runtime_dependencies(/home/talae-ubantu/6558_6576/install/funny_turtleplus/share/colcon-core/packages/funny_turtleplus)
[1.582s] Level 1:colcon.colcon_core.environment:create_environment_scripts_only(funny_turtleplus)
[1.583s] Level 1:colcon.colcon_core.environment:checking '/home/talae-ubantu/6558_6576/install/funny_turtleplus' for CMake module files
[1.585s] Level 1:colcon.colcon_core.environment:checking '/home/talae-ubantu/6558_6576/install/funny_turtleplus' for CMake config files
[1.586s] Level 1:colcon.colcon_core.shell:create_environment_hook('funny_turtleplus', 'cmake_prefix_path')
[1.587s] INFO:colcon.colcon_core.shell:Creating environment hook '/home/talae-ubantu/6558_6576/install/funny_turtleplus/share/funny_turtleplus/hook/cmake_prefix_path.ps1'
[1.587s] INFO:colcon.colcon_core.shell:Creating environment descriptor '/home/talae-ubantu/6558_6576/install/funny_turtleplus/share/funny_turtleplus/hook/cmake_prefix_path.dsv'
[1.588s] INFO:colcon.colcon_core.shell:Creating environment hook '/home/talae-ubantu/6558_6576/install/funny_turtleplus/share/funny_turtleplus/hook/cmake_prefix_path.sh'
[1.589s] Level 1:colcon.colcon_core.environment:checking '/home/talae-ubantu/6558_6576/install/funny_turtleplus/lib'
[1.589s] Level 1:colcon.colcon_core.environment:checking '/home/talae-ubantu/6558_6576/install/funny_turtleplus/bin'
[1.589s] Level 1:colcon.colcon_core.environment:checking '/home/talae-ubantu/6558_6576/install/funny_turtleplus/lib/pkgconfig/funny_turtleplus.pc'
[1.590s] Level 1:colcon.colcon_core.environment:checking '/home/talae-ubantu/6558_6576/install/funny_turtleplus/lib/python3.10/site-packages'
[1.590s] Level 1:colcon.colcon_core.environment:checking '/home/talae-ubantu/6558_6576/install/funny_turtleplus/bin'
[1.591s] INFO:colcon.colcon_core.shell:Creating package script '/home/talae-ubantu/6558_6576/install/funny_turtleplus/share/funny_turtleplus/package.ps1'
[1.592s] INFO:colcon.colcon_core.shell:Creating package descriptor '/home/talae-ubantu/6558_6576/install/funny_turtleplus/share/funny_turtleplus/package.dsv'
[1.593s] INFO:colcon.colcon_core.shell:Creating package script '/home/talae-ubantu/6558_6576/install/funny_turtleplus/share/funny_turtleplus/package.sh'
[1.593s] INFO:colcon.colcon_core.shell:Creating package script '/home/talae-ubantu/6558_6576/install/funny_turtleplus/share/funny_turtleplus/package.bash'
[1.594s] INFO:colcon.colcon_core.shell:Creating package script '/home/talae-ubantu/6558_6576/install/funny_turtleplus/share/funny_turtleplus/package.zsh'
[1.595s] Level 1:colcon.colcon_core.environment:create_file_with_runtime_dependencies(/home/talae-ubantu/6558_6576/install/funny_turtleplus/share/colcon-core/packages/funny_turtleplus)
[1.597s] Level 1:colcon.colcon_core.environment:create_environment_scripts_only(turtlesim_plus)
[1.597s] Level 1:colcon.colcon_core.environment:checking '/home/talae-ubantu/6558_6576/install/turtlesim_plus' for CMake module files
[1.599s] DEBUG:colcon.colcon_core.event_handler.log_command:Invoked command in '/home/talae-ubantu/6558_6576/build/turtlesim_plus' returned '0': CMAKE_PREFIX_PATH=${CMAKE_PREFIX_PATH}:/opt/ros/humble /usr/bin/cmake --install /home/talae-ubantu/6558_6576/build/turtlesim_plus
[1.599s] Level 1:colcon.colcon_core.environment:checking '/home/talae-ubantu/6558_6576/install/turtlesim_plus' for CMake config files
[1.600s] Level 1:colcon.colcon_core.shell:create_environment_hook('turtlesim_plus', 'cmake_prefix_path')
[1.600s] INFO:colcon.colcon_core.shell:Creating environment hook '/home/talae-ubantu/6558_6576/install/turtlesim_plus/share/turtlesim_plus/hook/cmake_prefix_path.ps1'
[1.600s] INFO:colcon.colcon_core.shell:Creating environment descriptor '/home/talae-ubantu/6558_6576/install/turtlesim_plus/share/turtlesim_plus/hook/cmake_prefix_path.dsv'
[1.601s] INFO:colcon.colcon_core.shell:Creating environment hook '/home/talae-ubantu/6558_6576/install/turtlesim_plus/share/turtlesim_plus/hook/cmake_prefix_path.sh'
[1.602s] Level 1:colcon.colcon_core.environment:checking '/home/talae-ubantu/6558_6576/install/turtlesim_plus/lib'
[1.602s] Level 1:colcon.colcon_core.environment:checking '/home/talae-ubantu/6558_6576/install/turtlesim_plus/bin'
[1.602s] Level 1:colcon.colcon_core.environment:checking '/home/talae-ubantu/6558_6576/install/turtlesim_plus/lib/pkgconfig/turtlesim_plus.pc'
[1.603s] Level 1:colcon.colcon_core.environment:checking '/home/talae-ubantu/6558_6576/install/turtlesim_plus/lib/python3.10/site-packages'
[1.603s] Level 1:colcon.colcon_core.environment:checking '/home/talae-ubantu/6558_6576/install/turtlesim_plus/bin'
[1.604s] INFO:colcon.colcon_core.shell:Creating package script '/home/talae-ubantu/6558_6576/install/turtlesim_plus/share/turtlesim_plus/package.ps1'
[1.604s] INFO:colcon.colcon_core.shell:Creating package descriptor '/home/talae-ubantu/6558_6576/install/turtlesim_plus/share/turtlesim_plus/package.dsv'
[1.605s] INFO:colcon.colcon_core.shell:Creating package script '/home/talae-ubantu/6558_6576/install/turtlesim_plus/share/turtlesim_plus/package.sh'
[1.606s] INFO:colcon.colcon_core.shell:Creating package script '/home/talae-ubantu/6558_6576/install/turtlesim_plus/share/turtlesim_plus/package.bash'
[1.606s] INFO:colcon.colcon_core.shell:Creating package script '/home/talae-ubantu/6558_6576/install/turtlesim_plus/share/turtlesim_plus/package.zsh'
[1.607s] Level 1:colcon.colcon_core.environment:create_file_with_runtime_dependencies(/home/talae-ubantu/6558_6576/install/turtlesim_plus/share/colcon-core/packages/turtlesim_plus)
[1.641s] DEBUG:colcon.colcon_core.event_handler.log_command:Invoking command in '/home/talae-ubantu/6558_6576/build/turtlesim_plus_interfaces': CMAKE_PREFIX_PATH=${CMAKE_PREFIX_PATH}:/opt/ros/humble /usr/bin/cmake --install /home/talae-ubantu/6558_6576/build/turtlesim_plus_interfaces
[1.643s] Level 1:colcon.colcon_core.environment:create_environment_scripts_only(turtlesim_plus)
[1.643s] Level 1:colcon.colcon_core.environment:checking '/home/talae-ubantu/6558_6576/install/turtlesim_plus' for CMake module files
[1.644s] Level 1:colcon.colcon_core.environment:checking '/home/talae-ubantu/6558_6576/install/turtlesim_plus' for CMake config files
[1.645s] Level 1:colcon.colcon_core.shell:create_environment_hook('turtlesim_plus', 'cmake_prefix_path')
[1.645s] INFO:colcon.colcon_core.shell:Creating environment hook '/home/talae-ubantu/6558_6576/install/turtlesim_plus/share/turtlesim_plus/hook/cmake_prefix_path.ps1'
[1.645s] INFO:colcon.colcon_core.shell:Creating environment descriptor '/home/talae-ubantu/6558_6576/install/turtlesim_plus/share/turtlesim_plus/hook/cmake_prefix_path.dsv'
[1.646s] INFO:colcon.colcon_core.shell:Creating environment hook '/home/talae-ubantu/6558_6576/install/turtlesim_plus/share/turtlesim_plus/hook/cmake_prefix_path.sh'
[1.646s] Level 1:colcon.colcon_core.environment:checking '/home/talae-ubantu/6558_6576/install/turtlesim_plus/lib'
[1.646s] Level 1:colcon.colcon_core.environment:checking '/home/talae-ubantu/6558_6576/install/turtlesim_plus/bin'
[1.647s] Level 1:colcon.colcon_core.environment:checking '/home/talae-ubantu/6558_6576/install/turtlesim_plus/lib/pkgconfig/turtlesim_plus.pc'
[1.647s] Level 1:colcon.colcon_core.environment:checking '/home/talae-ubantu/6558_6576/install/turtlesim_plus/lib/python3.10/site-packages'
[1.647s] Level 1:colcon.colcon_core.environment:checking '/home/talae-ubantu/6558_6576/install/turtlesim_plus/bin'
[1.648s] INFO:colcon.colcon_core.shell:Creating package script '/home/talae-ubantu/6558_6576/install/turtlesim_plus/share/turtlesim_plus/package.ps1'
[1.648s] INFO:colcon.colcon_core.shell:Creating package descriptor '/home/talae-ubantu/6558_6576/install/turtlesim_plus/share/turtlesim_plus/package.dsv'
[1.649s] INFO:colcon.colcon_core.shell:Creating package script '/home/talae-ubantu/6558_6576/install/turtlesim_plus/share/turtlesim_plus/package.sh'
[1.649s] INFO:colcon.colcon_core.shell:Creating package script '/home/talae-ubantu/6558_6576/install/turtlesim_plus/share/turtlesim_plus/package.bash'
[1.650s] INFO:colcon.colcon_core.shell:Creating package script '/home/talae-ubantu/6558_6576/install/turtlesim_plus/share/turtlesim_plus/package.zsh'
[1.650s] Level 1:colcon.colcon_core.environment:create_file_with_runtime_dependencies(/home/talae-ubantu/6558_6576/install/turtlesim_plus/share/colcon-core/packages/turtlesim_plus)
[1.685s] DEBUG:colcon.colcon_core.event_handler.log_command:Invoking command in '/home/talae-ubantu/6558_6576/build/teleop_interfaces': CMAKE_PREFIX_PATH=${CMAKE_PREFIX_PATH}:/opt/ros/humble /usr/bin/cmake --install /home/talae-ubantu/6558_6576/build/teleop_interfaces
[1.730s] Level 1:colcon.colcon_core.environment:create_environment_scripts_only(turtlesim_plus_interfaces)
[1.730s] Level 1:colcon.colcon_core.environment:checking '/home/talae-ubantu/6558_6576/install/turtlesim_plus_interfaces' for CMake module files
[1.731s] DEBUG:colcon.colcon_core.event_handler.log_command:Invoked command in '/home/talae-ubantu/6558_6576/build/turtlesim_plus_interfaces' returned '0': CMAKE_PREFIX_PATH=${CMAKE_PREFIX_PATH}:/opt/ros/humble /usr/bin/cmake --install /home/talae-ubantu/6558_6576/build/turtlesim_plus_interfaces
[1.732s] Level 1:colcon.colcon_core.environment:checking '/home/talae-ubantu/6558_6576/install/turtlesim_plus_interfaces' for CMake config files
[1.733s] Level 1:colcon.colcon_core.shell:create_environment_hook('turtlesim_plus_interfaces', 'cmake_prefix_path')
[1.734s] INFO:colcon.colcon_core.shell:Creating environment hook '/home/talae-ubantu/6558_6576/install/turtlesim_plus_interfaces/share/turtlesim_plus_interfaces/hook/cmake_prefix_path.ps1'
[1.735s] INFO:colcon.colcon_core.shell:Creating environment descriptor '/home/talae-ubantu/6558_6576/install/turtlesim_plus_interfaces/share/turtlesim_plus_interfaces/hook/cmake_prefix_path.dsv'
[1.735s] INFO:colcon.colcon_core.shell:Creating environment hook '/home/talae-ubantu/6558_6576/install/turtlesim_plus_interfaces/share/turtlesim_plus_interfaces/hook/cmake_prefix_path.sh'
[1.736s] Level 1:colcon.colcon_core.environment:checking '/home/talae-ubantu/6558_6576/install/turtlesim_plus_interfaces/lib'
[1.736s] Level 1:colcon.colcon_core.shell:create_environment_hook('turtlesim_plus_interfaces', 'ld_library_path_lib')
[1.736s] INFO:colcon.colcon_core.shell:Creating environment hook '/home/talae-ubantu/6558_6576/install/turtlesim_plus_interfaces/share/turtlesim_plus_interfaces/hook/ld_library_path_lib.ps1'
[1.737s] INFO:colcon.colcon_core.shell:Creating environment descriptor '/home/talae-ubantu/6558_6576/install/turtlesim_plus_interfaces/share/turtlesim_plus_interfaces/hook/ld_library_path_lib.dsv'
[1.738s] INFO:colcon.colcon_core.shell:Creating environment hook '/home/talae-ubantu/6558_6576/install/turtlesim_plus_interfaces/share/turtlesim_plus_interfaces/hook/ld_library_path_lib.sh'
[1.739s] Level 1:colcon.colcon_core.environment:checking '/home/talae-ubantu/6558_6576/install/turtlesim_plus_interfaces/bin'
[1.740s] Level 1:colcon.colcon_core.environment:checking '/home/talae-ubantu/6558_6576/install/turtlesim_plus_interfaces/lib/pkgconfig/turtlesim_plus_interfaces.pc'
[1.740s] Level 1:colcon.colcon_core.environment:checking '/home/talae-ubantu/6558_6576/install/turtlesim_plus_interfaces/lib/python3.10/site-packages'
[1.740s] Level 1:colcon.colcon_core.environment:checking '/home/talae-ubantu/6558_6576/install/turtlesim_plus_interfaces/bin'
[1.741s] INFO:colcon.colcon_core.shell:Creating package script '/home/talae-ubantu/6558_6576/install/turtlesim_plus_interfaces/share/turtlesim_plus_interfaces/package.ps1'
[1.741s] INFO:colcon.colcon_core.shell:Creating package descriptor '/home/talae-ubantu/6558_6576/install/turtlesim_plus_interfaces/share/turtlesim_plus_interfaces/package.dsv'
[1.742s] INFO:colcon.colcon_core.shell:Creating package script '/home/talae-ubantu/6558_6576/install/turtlesim_plus_interfaces/share/turtlesim_plus_interfaces/package.sh'
[1.742s] INFO:colcon.colcon_core.shell:Creating package script '/home/talae-ubantu/6558_6576/install/turtlesim_plus_interfaces/share/turtlesim_plus_interfaces/package.bash'
[1.742s] INFO:colcon.colcon_core.shell:Creating package script '/home/talae-ubantu/6558_6576/install/turtlesim_plus_interfaces/share/turtlesim_plus_interfaces/package.zsh'
[1.743s] Level 1:colcon.colcon_core.environment:create_file_with_runtime_dependencies(/home/talae-ubantu/6558_6576/install/turtlesim_plus_interfaces/share/colcon-core/packages/turtlesim_plus_interfaces)
[1.770s] Level 1:colcon.colcon_core.environment:create_environment_scripts_only(teleop_interfaces)
[1.770s] Level 1:colcon.colcon_core.environment:checking '/home/talae-ubantu/6558_6576/install/teleop_interfaces' for CMake module files
[1.772s] DEBUG:colcon.colcon_core.event_handler.log_command:Invoked command in '/home/talae-ubantu/6558_6576/build/teleop_interfaces' returned '0': CMAKE_PREFIX_PATH=${CMAKE_PREFIX_PATH}:/opt/ros/humble /usr/bin/cmake --install /home/talae-ubantu/6558_6576/build/teleop_interfaces
[1.773s] Level 1:colcon.colcon_core.environment:checking '/home/talae-ubantu/6558_6576/install/teleop_interfaces' for CMake config files
[1.774s] Level 1:colcon.colcon_core.shell:create_environment_hook('teleop_interfaces', 'cmake_prefix_path')
[1.774s] INFO:colcon.colcon_core.shell:Creating environment hook '/home/talae-ubantu/6558_6576/install/teleop_interfaces/share/teleop_interfaces/hook/cmake_prefix_path.ps1'
[1.775s] INFO:colcon.colcon_core.shell:Creating environment descriptor '/home/talae-ubantu/6558_6576/install/teleop_interfaces/share/teleop_interfaces/hook/cmake_prefix_path.dsv'
[1.775s] INFO:colcon.colcon_core.shell:Creating environment hook '/home/talae-ubantu/6558_6576/install/teleop_interfaces/share/teleop_interfaces/hook/cmake_prefix_path.sh'
[1.776s] Level 1:colcon.colcon_core.environment:checking '/home/talae-ubantu/6558_6576/install/teleop_interfaces/lib'
[1.776s] Level 1:colcon.colcon_core.shell:create_environment_hook('teleop_interfaces', 'ld_library_path_lib')
[1.776s] INFO:colcon.colcon_core.shell:Creating environment hook '/home/talae-ubantu/6558_6576/install/teleop_interfaces/share/teleop_interfaces/hook/ld_library_path_lib.ps1'
[1.777s] INFO:colcon.colcon_core.shell:Creating environment descriptor '/home/talae-ubantu/6558_6576/install/teleop_interfaces/share/teleop_interfaces/hook/ld_library_path_lib.dsv'
[1.777s] INFO:colcon.colcon_core.shell:Creating environment hook '/home/talae-ubantu/6558_6576/install/teleop_interfaces/share/teleop_interfaces/hook/ld_library_path_lib.sh'
[1.778s] Level 1:colcon.colcon_core.environment:checking '/home/talae-ubantu/6558_6576/install/teleop_interfaces/bin'
[1.778s] Level 1:colcon.colcon_core.environment:checking '/home/talae-ubantu/6558_6576/install/teleop_interfaces/lib/pkgconfig/teleop_interfaces.pc'
[1.778s] Level 1:colcon.colcon_core.environment:checking '/home/talae-ubantu/6558_6576/install/teleop_interfaces/lib/python3.10/site-packages'
[1.778s] Level 1:colcon.colcon_core.environment:checking '/home/talae-ubantu/6558_6576/install/teleop_interfaces/bin'
[1.778s] INFO:colcon.colcon_core.shell:Creating package script '/home/talae-ubantu/6558_6576/install/teleop_interfaces/share/teleop_interfaces/package.ps1'
[1.779s] INFO:colcon.colcon_core.shell:Creating package descriptor '/home/talae-ubantu/6558_6576/install/teleop_interfaces/share/teleop_interfaces/package.dsv'
[1.779s] INFO:colcon.colcon_core.shell:Creating package script '/home/talae-ubantu/6558_6576/install/teleop_interfaces/share/teleop_interfaces/package.sh'
[1.780s] INFO:colcon.colcon_core.shell:Creating package script '/home/talae-ubantu/6558_6576/install/teleop_interfaces/share/teleop_interfaces/package.bash'
[1.780s] INFO:colcon.colcon_core.shell:Creating package script '/home/talae-ubantu/6558_6576/install/teleop_interfaces/share/teleop_interfaces/package.zsh'
[1.781s] Level 1:colcon.colcon_core.environment:create_file_with_runtime_dependencies(/home/talae-ubantu/6558_6576/install/teleop_interfaces/share/colcon-core/packages/teleop_interfaces)
[1.886s] Level 1:colcon.colcon_core.environment:create_environment_scripts_only(turtlesim_plus_interfaces)
[1.886s] Level 1:colcon.colcon_core.environment:checking '/home/talae-ubantu/6558_6576/install/turtlesim_plus_interfaces' for CMake module files
[1.887s] Level 1:colcon.colcon_core.environment:checking '/home/talae-ubantu/6558_6576/install/turtlesim_plus_interfaces' for CMake config files
[1.889s] Level 1:colcon.colcon_core.shell:create_environment_hook('turtlesim_plus_interfaces', 'cmake_prefix_path')
[1.890s] INFO:colcon.colcon_core.shell:Creating environment hook '/home/talae-ubantu/6558_6576/install/turtlesim_plus_interfaces/share/turtlesim_plus_interfaces/hook/cmake_prefix_path.ps1'
[1.891s] INFO:colcon.colcon_core.shell:Creating environment descriptor '/home/talae-ubantu/6558_6576/install/turtlesim_plus_interfaces/share/turtlesim_plus_interfaces/hook/cmake_prefix_path.dsv'
[1.892s] INFO:colcon.colcon_core.shell:Creating environment hook '/home/talae-ubantu/6558_6576/install/turtlesim_plus_interfaces/share/turtlesim_plus_interfaces/hook/cmake_prefix_path.sh'
[1.893s] Level 1:colcon.colcon_core.environment:checking '/home/talae-ubantu/6558_6576/install/turtlesim_plus_interfaces/lib'
[1.893s] Level 1:colcon.colcon_core.shell:create_environment_hook('turtlesim_plus_interfaces', 'ld_library_path_lib')
[1.893s] INFO:colcon.colcon_core.shell:Creating environment hook '/home/talae-ubantu/6558_6576/install/turtlesim_plus_interfaces/share/turtlesim_plus_interfaces/hook/ld_library_path_lib.ps1'
[1.894s] INFO:colcon.colcon_core.shell:Creating environment descriptor '/home/talae-ubantu/6558_6576/install/turtlesim_plus_interfaces/share/turtlesim_plus_interfaces/hook/ld_library_path_lib.dsv'
[1.894s] INFO:colcon.colcon_core.shell:Creating environment hook '/home/talae-ubantu/6558_6576/install/turtlesim_plus_interfaces/share/turtlesim_plus_interfaces/hook/ld_library_path_lib.sh'
[1.895s] Level 1:colcon.colcon_core.environment:checking '/home/talae-ubantu/6558_6576/install/turtlesim_plus_interfaces/bin'
[1.895s] Level 1:colcon.colcon_core.environment:checking '/home/talae-ubantu/6558_6576/install/turtlesim_plus_interfaces/lib/pkgconfig/turtlesim_plus_interfaces.pc'
[1.896s] Level 1:colcon.colcon_core.environment:checking '/home/talae-ubantu/6558_6576/install/turtlesim_plus_interfaces/lib/python3.10/site-packages'
[1.896s] Level 1:colcon.colcon_core.environment:checking '/home/talae-ubantu/6558_6576/install/turtlesim_plus_interfaces/bin'
[1.897s] INFO:colcon.colcon_core.shell:Creating package script '/home/talae-ubantu/6558_6576/install/turtlesim_plus_interfaces/share/turtlesim_plus_interfaces/package.ps1'
[1.898s] INFO:colcon.colcon_core.shell:Creating package descriptor '/home/talae-ubantu/6558_6576/install/turtlesim_plus_interfaces/share/turtlesim_plus_interfaces/package.dsv'
[1.899s] INFO:colcon.colcon_core.shell:Creating package script '/home/talae-ubantu/6558_6576/install/turtlesim_plus_interfaces/share/turtlesim_plus_interfaces/package.sh'
[1.900s] INFO:colcon.colcon_core.shell:Creating package script '/home/talae-ubantu/6558_6576/install/turtlesim_plus_interfaces/share/turtlesim_plus_interfaces/package.bash'
[1.900s] INFO:colcon.colcon_core.shell:Creating package script '/home/talae-ubantu/6558_6576/install/turtlesim_plus_interfaces/share/turtlesim_plus_interfaces/package.zsh'
[1.901s] Level 1:colcon.colcon_core.environment:create_file_with_runtime_dependencies(/home/talae-ubantu/6558_6576/install/turtlesim_plus_interfaces/share/colcon-core/packages/turtlesim_plus_interfaces)
[1.925s] Level 1:colcon.colcon_core.environment:create_environment_scripts_only(teleop_interfaces)
[1.925s] Level 1:colcon.colcon_core.environment:checking '/home/talae-ubantu/6558_6576/install/teleop_interfaces' for CMake module files
[1.926s] Level 1:colcon.colcon_core.environment:checking '/home/talae-ubantu/6558_6576/install/teleop_interfaces' for CMake config files
[1.926s] Level 1:colcon.colcon_core.shell:create_environment_hook('teleop_interfaces', 'cmake_prefix_path')
[1.926s] INFO:colcon.colcon_core.shell:Creating environment hook '/home/talae-ubantu/6558_6576/install/teleop_interfaces/share/teleop_interfaces/hook/cmake_prefix_path.ps1'
[1.927s] INFO:colcon.colcon_core.shell:Creating environment descriptor '/home/talae-ubantu/6558_6576/install/teleop_interfaces/share/teleop_interfaces/hook/cmake_prefix_path.dsv'
[1.927s] INFO:colcon.colcon_core.shell:Creating environment hook '/home/talae-ubantu/6558_6576/install/teleop_interfaces/share/teleop_interfaces/hook/cmake_prefix_path.sh'
[1.928s] Level 1:colcon.colcon_core.environment:checking '/home/talae-ubantu/6558_6576/install/teleop_interfaces/lib'
[1.928s] Level 1:colcon.colcon_core.shell:create_environment_hook('teleop_interfaces', 'ld_library_path_lib')
[1.928s] INFO:colcon.colcon_core.shell:Creating environment hook '/home/talae-ubantu/6558_6576/install/teleop_interfaces/share/teleop_interfaces/hook/ld_library_path_lib.ps1'
[1.928s] INFO:colcon.colcon_core.shell:Creating environment descriptor '/home/talae-ubantu/6558_6576/install/teleop_interfaces/share/teleop_interfaces/hook/ld_library_path_lib.dsv'
[1.929s] INFO:colcon.colcon_core.shell:Creating environment hook '/home/talae-ubantu/6558_6576/install/teleop_interfaces/share/teleop_interfaces/hook/ld_library_path_lib.sh'
[1.929s] Level 1:colcon.colcon_core.environment:checking '/home/talae-ubantu/6558_6576/install/teleop_interfaces/bin'
[1.929s] Level 1:colcon.colcon_core.environment:checking '/home/talae-ubantu/6558_6576/install/teleop_interfaces/lib/pkgconfig/teleop_interfaces.pc'
[1.929s] Level 1:colcon.colcon_core.environment:checking '/home/talae-ubantu/6558_6576/install/teleop_interfaces/lib/python3.10/site-packages'
[1.930s] Level 1:colcon.colcon_core.environment:checking '/home/talae-ubantu/6558_6576/install/teleop_interfaces/bin'
[1.930s] INFO:colcon.colcon_core.shell:Creating package script '/home/talae-ubantu/6558_6576/install/teleop_interfaces/share/teleop_interfaces/package.ps1'
[1.931s] INFO:colcon.colcon_core.shell:Creating package descriptor '/home/talae-ubantu/6558_6576/install/teleop_interfaces/share/teleop_interfaces/package.dsv'
[1.932s] INFO:colcon.colcon_core.shell:Creating package script '/home/talae-ubantu/6558_6576/install/teleop_interfaces/share/teleop_interfaces/package.sh'
[1.933s] INFO:colcon.colcon_core.shell:Creating package script '/home/talae-ubantu/6558_6576/install/teleop_interfaces/share/teleop_interfaces/package.bash'
[1.933s] INFO:colcon.colcon_core.shell:Creating package script '/home/talae-ubantu/6558_6576/install/teleop_interfaces/share/teleop_interfaces/package.zsh'
[1.934s] Level 1:colcon.colcon_core.environment:create_file_with_runtime_dependencies(/home/talae-ubantu/6558_6576/install/teleop_interfaces/share/colcon-core/packages/teleop_interfaces)
[1.934s] DEBUG:colcon.colcon_parallel_executor.executor.parallel:closing loop
[1.935s] DEBUG:colcon.colcon_parallel_executor.executor.parallel:loop closed
[1.935s] DEBUG:colcon.colcon_parallel_executor.executor.parallel:run_until_complete finished with '0'
[1.935s] DEBUG:colcon.colcon_core.event_reactor:joining thread
[1.942s] INFO:colcon.colcon_core.plugin_system:Skipping extension 'colcon_notification.desktop_notification.terminal_notifier': Not used on non-Darwin systems
[1.942s] INFO:colcon.colcon_core.plugin_system:Skipping extension 'colcon_notification.desktop_notification.win32': Not used on non-Windows systems
[1.942s] INFO:colcon.colcon_notification.desktop_notification:Sending desktop notification using 'notify2'
[1.953s] DEBUG:colcon.colcon_core.event_reactor:joined thread
[1.954s] INFO:colcon.colcon_core.shell:Creating prefix script '/home/talae-ubantu/6558_6576/install/local_setup.ps1'
[1.955s] INFO:colcon.colcon_core.shell:Creating prefix util module '/home/talae-ubantu/6558_6576/install/_local_setup_util_ps1.py'
[1.956s] INFO:colcon.colcon_core.shell:Creating prefix chain script '/home/talae-ubantu/6558_6576/install/setup.ps1'
[1.960s] INFO:colcon.colcon_core.shell:Creating prefix script '/home/talae-ubantu/6558_6576/install/local_setup.sh'
[1.961s] INFO:colcon.colcon_core.shell:Creating prefix util module '/home/talae-ubantu/6558_6576/install/_local_setup_util_sh.py'
[1.962s] INFO:colcon.colcon_core.shell:Creating prefix chain script '/home/talae-ubantu/6558_6576/install/setup.sh'
[1.964s] INFO:colcon.colcon_core.shell:Creating prefix script '/home/talae-ubantu/6558_6576/install/local_setup.bash'
[1.965s] INFO:colcon.colcon_core.shell:Creating prefix chain script '/home/talae-ubantu/6558_6576/install/setup.bash'
[1.966s] INFO:colcon.colcon_core.shell:Creating prefix script '/home/talae-ubantu/6558_6576/install/local_setup.zsh'
[1.967s] INFO:colcon.colcon_core.shell:Creating prefix chain script '/home/talae-ubantu/6558_6576/install/setup.zsh'
