[0.014s] Invoking command in '/home/charlottexiii/6558_6576/build/teleop_interfaces': CMAKE_PREFIX_PATH=${CMAKE_PREFIX_PATH}:/home/charlottexiii/robdev_ws/install/launch_testing_examples:/home/charlottexiii/robdev_ws/install/examples_rclpy_pointcloud_publisher:/home/charlottexiii/robdev_ws/install/examples_rclpy_minimal_subscriber:/home/charlottexiii/robdev_ws/install/examples_rclpy_minimal_service:/home/charlottexiii/robdev_ws/install/examples_rclpy_minimal_publisher:/home/charlottexiii/robdev_ws/install/examples_rclpy_minimal_client:/home/charlottexiii/robdev_ws/install/examples_rclpy_minimal_action_server:/home/charlottexiii/robdev_ws/install/examples_rclpy_minimal_action_client:/home/charlottexiii/robdev_ws/install/examples_rclpy_guard_conditions:/home/charlottexiii/robdev_ws/install/examples_rclpy_executors:/home/charlottexiii/ros2Test_ws/install/my_robot_controller:/opt/ros/humble /usr/bin/cmake /home/charlottexiii/6558_6576/src/teleop_interfaces -DCMAKE_INSTALL_PREFIX=/home/charlottexiii/6558_6576/install/teleop_interfaces
[0.066s] -- The C compiler identification is GNU 11.4.0
[0.119s] -- The CXX compiler identification is GNU 11.4.0
[0.125s] -- Detecting C compiler ABI info
[0.191s] -- Detecting C compiler ABI info - done
[0.197s] -- Check for working C compiler: /usr/bin/cc - skipped
[0.198s] -- Detecting C compile features
[0.198s] -- Detecting C compile features - done
[0.200s] -- Detecting CXX compiler ABI info
[0.280s] -- Detecting CXX compiler ABI info - done
[0.287s] -- Check for working CXX compiler: /usr/bin/c++ - skipped
[0.287s] -- Detecting CXX compile features
[0.288s] -- Detecting CXX compile features - done
[0.292s] -- Found ament_cmake: 1.3.10 (/opt/ros/humble/share/ament_cmake/cmake)
[0.453s] -- Found Python3: /usr/bin/python3 (found version "3.10.12") found components: Interpreter 
[0.562s] -- Found ament_lint_auto: 0.12.11 (/opt/ros/humble/share/ament_lint_auto/cmake)
[0.650s] -- Found std_msgs: 4.2.4 (/opt/ros/humble/share/std_msgs/cmake)
[0.691s] -- Found rosidl_generator_c: 3.1.5 (/opt/ros/humble/share/rosidl_generator_c/cmake)
[0.697s] -- Found rosidl_adapter: 3.1.5 (/opt/ros/humble/share/rosidl_adapter/cmake)
[0.705s] -- Found rosidl_generator_cpp: 3.1.5 (/opt/ros/humble/share/rosidl_generator_cpp/cmake)
[0.718s] -- Using all available rosidl_typesupport_c: rosidl_typesupport_fastrtps_c;rosidl_typesupport_introspection_c
[0.733s] -- Using all available rosidl_typesupport_cpp: rosidl_typesupport_fastrtps_cpp;rosidl_typesupport_introspection_cpp
[0.758s] -- Found rosidl_default_generators: 1.2.0 (/opt/ros/humble/share/rosidl_default_generators/cmake)
[1.016s] -- Found ament_cmake_ros: 0.10.0 (/opt/ros/humble/share/ament_cmake_ros/cmake)
[1.358s] -- Using all available rosidl_typesupport_c: rosidl_typesupport_fastrtps_c;rosidl_typesupport_introspection_c
[1.506s] -- Using all available rosidl_typesupport_cpp: rosidl_typesupport_fastrtps_cpp;rosidl_typesupport_introspection_cpp
[1.530s] -- Found PythonInterp: /usr/bin/python3 (found suitable version "3.10.12", minimum required is "3.6") 
[1.533s] -- Found python_cmake_module: 0.10.0 (/opt/ros/humble/share/python_cmake_module/cmake)
[1.562s] -- Found PythonLibs: /usr/lib/x86_64-linux-gnu/libpython3.10.so (found suitable version "3.10.12", minimum required is "3.5") 
[1.562s] -- Using PYTHON_EXECUTABLE: /usr/bin/python3
[1.562s] -- Using PYTHON_INCLUDE_DIRS: /usr/include/python3.10
[1.562s] -- Using PYTHON_LIBRARIES: /usr/lib/x86_64-linux-gnu/libpython3.10.so
[1.583s] -- Found PythonExtra: .so  
[1.635s] -- Added test 'lint_cmake' to check CMake code style
[1.636s] -- Added test 'xmllint' to check XML markup files
[1.641s] -- Configuring done
[1.665s] -- Generating done
[1.666s] -- Build files have been written to: /home/charlottexiii/6558_6576/build/teleop_interfaces
[1.675s] Invoked command in '/home/charlottexiii/6558_6576/build/teleop_interfaces' returned '0': CMAKE_PREFIX_PATH=${CMAKE_PREFIX_PATH}:/home/charlottexiii/robdev_ws/install/launch_testing_examples:/home/charlottexiii/robdev_ws/install/examples_rclpy_pointcloud_publisher:/home/charlottexiii/robdev_ws/install/examples_rclpy_minimal_subscriber:/home/charlottexiii/robdev_ws/install/examples_rclpy_minimal_service:/home/charlottexiii/robdev_ws/install/examples_rclpy_minimal_publisher:/home/charlottexiii/robdev_ws/install/examples_rclpy_minimal_client:/home/charlottexiii/robdev_ws/install/examples_rclpy_minimal_action_server:/home/charlottexiii/robdev_ws/install/examples_rclpy_minimal_action_client:/home/charlottexiii/robdev_ws/install/examples_rclpy_guard_conditions:/home/charlottexiii/robdev_ws/install/examples_rclpy_executors:/home/charlottexiii/ros2Test_ws/install/my_robot_controller:/opt/ros/humble /usr/bin/cmake /home/charlottexiii/6558_6576/src/teleop_interfaces -DCMAKE_INSTALL_PREFIX=/home/charlottexiii/6558_6576/install/teleop_interfaces
[1.678s] Invoking command in '/home/charlottexiii/6558_6576/build/teleop_interfaces': CMAKE_PREFIX_PATH=${CMAKE_PREFIX_PATH}:/home/charlottexiii/robdev_ws/install/launch_testing_examples:/home/charlottexiii/robdev_ws/install/examples_rclpy_pointcloud_publisher:/home/charlottexiii/robdev_ws/install/examples_rclpy_minimal_subscriber:/home/charlottexiii/robdev_ws/install/examples_rclpy_minimal_service:/home/charlottexiii/robdev_ws/install/examples_rclpy_minimal_publisher:/home/charlottexiii/robdev_ws/install/examples_rclpy_minimal_client:/home/charlottexiii/robdev_ws/install/examples_rclpy_minimal_action_server:/home/charlottexiii/robdev_ws/install/examples_rclpy_minimal_action_client:/home/charlottexiii/robdev_ws/install/examples_rclpy_guard_conditions:/home/charlottexiii/robdev_ws/install/examples_rclpy_executors:/home/charlottexiii/ros2Test_ws/install/my_robot_controller:/opt/ros/humble /usr/bin/cmake --build /home/charlottexiii/6558_6576/build/teleop_interfaces -- -j16 -l16
[1.721s] [  2%] [34m[1mGenerating C code for ROS interfaces[0m
[1.730s] [  4%] [34m[1mGenerating C++ code for ROS interfaces[0m
[1.739s] [  4%] Built target ament_cmake_python_copy_teleop_interfaces
[1.980s] running egg_info
[1.981s] creating teleop_interfaces.egg-info
[1.981s] writing teleop_interfaces.egg-info/PKG-INFO
[1.981s] writing dependency_links to teleop_interfaces.egg-info/dependency_links.txt
[1.981s] writing top-level names to teleop_interfaces.egg-info/top_level.txt
[1.981s] writing manifest file 'teleop_interfaces.egg-info/SOURCES.txt'
[1.983s] reading manifest file 'teleop_interfaces.egg-info/SOURCES.txt'
[1.983s] writing manifest file 'teleop_interfaces.egg-info/SOURCES.txt'
[2.014s] [  4%] Built target ament_cmake_python_build_teleop_interfaces_egg
[2.091s] [ 10%] [32mBuilding C object CMakeFiles/teleop_interfaces__rosidl_generator_c.dir/rosidl_generator_c/teleop_interfaces/srv/detail/save_path__functions.c.o[0m
[2.091s] [ 10%] [32mBuilding C object CMakeFiles/teleop_interfaces__rosidl_generator_c.dir/rosidl_generator_c/teleop_interfaces/srv/detail/clear_path__functions.c.o[0m
[2.091s] [ 10%] [32mBuilding C object CMakeFiles/teleop_interfaces__rosidl_generator_c.dir/rosidl_generator_c/teleop_interfaces/srv/detail/make_path__functions.c.o[0m
[2.143s] [ 10%] Built target teleop_interfaces__cpp
[2.150s] [ 12%] [32m[1mLinking C shared library libteleop_interfaces__rosidl_generator_c.so[0m
[2.155s] [ 17%] [34m[1mGenerating C++ introspection for ROS interfaces[0m
[2.155s] [ 17%] [34m[1mGenerating C++ type support for eProsima Fast-RTPS[0m
[2.156s] [ 19%] [34m[1mGenerating C++ type support dispatch for ROS interfaces[0m
[2.189s] [ 19%] Built target teleop_interfaces__rosidl_generator_c
[2.202s] [ 25%] [34m[1mGenerating C type support dispatch for ROS interfaces[0m
[2.202s] [ 25%] [34m[1mGenerating C introspection for ROS interfaces[0m
[2.202s] [ 25%] [34m[1mGenerating C type support for eProsima Fast-RTPS[0m
[2.442s] [ 29%] [32mBuilding CXX object CMakeFiles/teleop_interfaces__rosidl_typesupport_cpp.dir/rosidl_typesupport_cpp/teleop_interfaces/srv/make_path__type_support.cpp.o[0m
[2.442s] [ 29%] [32mBuilding CXX object CMakeFiles/teleop_interfaces__rosidl_typesupport_cpp.dir/rosidl_typesupport_cpp/teleop_interfaces/srv/clear_path__type_support.cpp.o[0m
[2.442s] [ 31%] [32mBuilding CXX object CMakeFiles/teleop_interfaces__rosidl_typesupport_cpp.dir/rosidl_typesupport_cpp/teleop_interfaces/srv/save_path__type_support.cpp.o[0m
[2.507s] [ 34%] [32mBuilding CXX object CMakeFiles/teleop_interfaces__rosidl_typesupport_introspection_cpp.dir/rosidl_typesupport_introspection_cpp/teleop_interfaces/srv/detail/save_path__type_support.cpp.o[0m
[2.508s] [ 36%] [32mBuilding CXX object CMakeFiles/teleop_interfaces__rosidl_typesupport_introspection_cpp.dir/rosidl_typesupport_introspection_cpp/teleop_interfaces/srv/detail/make_path__type_support.cpp.o[0m
[2.508s] [ 38%] [32mBuilding CXX object CMakeFiles/teleop_interfaces__rosidl_typesupport_introspection_cpp.dir/rosidl_typesupport_introspection_cpp/teleop_interfaces/srv/detail/clear_path__type_support.cpp.o[0m
[2.524s] [ 42%] [32mBuilding CXX object CMakeFiles/teleop_interfaces__rosidl_typesupport_c.dir/rosidl_typesupport_c/teleop_interfaces/srv/clear_path__type_support.cpp.o[0m
[2.529s] [ 44%] [32mBuilding CXX object CMakeFiles/teleop_interfaces__rosidl_typesupport_c.dir/rosidl_typesupport_c/teleop_interfaces/srv/save_path__type_support.cpp.o[0m
[2.530s] [ 44%] [32mBuilding CXX object CMakeFiles/teleop_interfaces__rosidl_typesupport_c.dir/rosidl_typesupport_c/teleop_interfaces/srv/make_path__type_support.cpp.o[0m
[2.605s] [ 48%] [32mBuilding CXX object CMakeFiles/teleop_interfaces__rosidl_typesupport_fastrtps_cpp.dir/rosidl_typesupport_fastrtps_cpp/teleop_interfaces/srv/detail/dds_fastrtps/clear_path__type_support.cpp.o[0m
[2.607s] [ 51%] [32mBuilding CXX object CMakeFiles/teleop_interfaces__rosidl_typesupport_fastrtps_cpp.dir/rosidl_typesupport_fastrtps_cpp/teleop_interfaces/srv/detail/dds_fastrtps/make_path__type_support.cpp.o[0m
[2.608s] [ 48%] [32mBuilding CXX object CMakeFiles/teleop_interfaces__rosidl_typesupport_fastrtps_cpp.dir/rosidl_typesupport_fastrtps_cpp/teleop_interfaces/srv/detail/dds_fastrtps/save_path__type_support.cpp.o[0m
[2.620s] [ 53%] [32m[1mLinking CXX shared library libteleop_interfaces__rosidl_typesupport_c.so[0m
[2.729s] [ 55%] [32mBuilding CXX object CMakeFiles/teleop_interfaces__rosidl_typesupport_fastrtps_c.dir/rosidl_typesupport_fastrtps_c/teleop_interfaces/srv/detail/save_path__type_support_c.cpp.o[0m
[2.742s] [ 57%] [32mBuilding CXX object CMakeFiles/teleop_interfaces__rosidl_typesupport_fastrtps_c.dir/rosidl_typesupport_fastrtps_c/teleop_interfaces/srv/detail/clear_path__type_support_c.cpp.o[0m
[2.750s] [ 59%] [32mBuilding CXX object CMakeFiles/teleop_interfaces__rosidl_typesupport_fastrtps_c.dir/rosidl_typesupport_fastrtps_c/teleop_interfaces/srv/detail/make_path__type_support_c.cpp.o[0m
[2.760s] [ 61%] [32mBuilding C object CMakeFiles/teleop_interfaces__rosidl_typesupport_introspection_c.dir/rosidl_typesupport_introspection_c/teleop_interfaces/srv/detail/save_path__type_support.c.o[0m
[2.774s] [ 63%] [32mBuilding C object CMakeFiles/teleop_interfaces__rosidl_typesupport_introspection_c.dir/rosidl_typesupport_introspection_c/teleop_interfaces/srv/detail/make_path__type_support.c.o[0m
[2.777s] [ 65%] [32mBuilding C object CMakeFiles/teleop_interfaces__rosidl_typesupport_introspection_c.dir/rosidl_typesupport_introspection_c/teleop_interfaces/srv/detail/clear_path__type_support.c.o[0m
[2.803s] [ 65%] Built target teleop_interfaces__rosidl_typesupport_c
[2.844s] [ 68%] [32m[1mLinking C shared library libteleop_interfaces__rosidl_typesupport_introspection_c.so[0m
[2.986s] [ 68%] Built target teleop_interfaces__rosidl_typesupport_introspection_c
[3.016s] [ 70%] [32m[1mLinking CXX shared library libteleop_interfaces__rosidl_typesupport_cpp.so[0m
[3.118s] [ 70%] Built target teleop_interfaces__rosidl_typesupport_cpp
[3.245s] [ 72%] [32m[1mLinking CXX shared library libteleop_interfaces__rosidl_typesupport_introspection_cpp.so[0m
[3.332s] [ 74%] [32m[1mLinking CXX shared library libteleop_interfaces__rosidl_typesupport_fastrtps_c.so[0m
[3.333s] [ 76%] [32m[1mLinking CXX shared library libteleop_interfaces__rosidl_typesupport_fastrtps_cpp.so[0m
[3.335s] [ 76%] Built target teleop_interfaces__rosidl_typesupport_introspection_cpp
[3.441s] [ 76%] Built target teleop_interfaces__rosidl_typesupport_fastrtps_cpp
[3.443s] [ 76%] Built target teleop_interfaces__rosidl_typesupport_fastrtps_c
[3.466s] [ 76%] Built target teleop_interfaces
[3.487s] [ 78%] [34m[1mGenerating Python code for ROS interfaces[0m
[4.003s] [ 78%] Built target teleop_interfaces__py
[4.025s] [ 85%] [32mBuilding C object CMakeFiles/teleop_interfaces__rosidl_generator_py.dir/rosidl_generator_py/teleop_interfaces/srv/_save_path_s.c.o[0m
[4.025s] [ 85%] [32mBuilding C object CMakeFiles/teleop_interfaces__rosidl_generator_py.dir/rosidl_generator_py/teleop_interfaces/srv/_clear_path_s.c.o[0m
[4.025s] [ 85%] [32mBuilding C object CMakeFiles/teleop_interfaces__rosidl_generator_py.dir/rosidl_generator_py/teleop_interfaces/srv/_make_path_s.c.o[0m
[4.120s] [ 87%] [32m[1mLinking C shared library rosidl_generator_py/teleop_interfaces/libteleop_interfaces__rosidl_generator_py.so[0m
[4.161s] [ 87%] Built target teleop_interfaces__rosidl_generator_py
[4.183s] [ 93%] [32mBuilding C object CMakeFiles/teleop_interfaces__rosidl_typesupport_introspection_c__pyext.dir/rosidl_generator_py/teleop_interfaces/_teleop_interfaces_s.ep.rosidl_typesupport_introspection_c.c.o[0m
[4.183s] [ 93%] [32mBuilding C object CMakeFiles/teleop_interfaces__rosidl_typesupport_c__pyext.dir/rosidl_generator_py/teleop_interfaces/_teleop_interfaces_s.ep.rosidl_typesupport_c.c.o[0m
[4.183s] [ 93%] [32mBuilding C object CMakeFiles/teleop_interfaces__rosidl_typesupport_fastrtps_c__pyext.dir/rosidl_generator_py/teleop_interfaces/_teleop_interfaces_s.ep.rosidl_typesupport_fastrtps_c.c.o[0m
[4.274s] [100%] [32m[1mLinking C shared library rosidl_generator_py/teleop_interfaces/teleop_interfaces_s__rosidl_typesupport_introspection_c.cpython-310-x86_64-linux-gnu.so[0m
[4.274s] [100%] [32m[1mLinking C shared library rosidl_generator_py/teleop_interfaces/teleop_interfaces_s__rosidl_typesupport_fastrtps_c.cpython-310-x86_64-linux-gnu.so[0m
[4.274s] [100%] [32m[1mLinking C shared library rosidl_generator_py/teleop_interfaces/teleop_interfaces_s__rosidl_typesupport_c.cpython-310-x86_64-linux-gnu.so[0m
[4.310s] [100%] Built target teleop_interfaces__rosidl_typesupport_fastrtps_c__pyext
[4.310s] [100%] Built target teleop_interfaces__rosidl_typesupport_introspection_c__pyext
[4.310s] [100%] Built target teleop_interfaces__rosidl_typesupport_c__pyext
[4.323s] Invoked command in '/home/charlottexiii/6558_6576/build/teleop_interfaces' returned '0': CMAKE_PREFIX_PATH=${CMAKE_PREFIX_PATH}:/home/charlottexiii/robdev_ws/install/launch_testing_examples:/home/charlottexiii/robdev_ws/install/examples_rclpy_pointcloud_publisher:/home/charlottexiii/robdev_ws/install/examples_rclpy_minimal_subscriber:/home/charlottexiii/robdev_ws/install/examples_rclpy_minimal_service:/home/charlottexiii/robdev_ws/install/examples_rclpy_minimal_publisher:/home/charlottexiii/robdev_ws/install/examples_rclpy_minimal_client:/home/charlottexiii/robdev_ws/install/examples_rclpy_minimal_action_server:/home/charlottexiii/robdev_ws/install/examples_rclpy_minimal_action_client:/home/charlottexiii/robdev_ws/install/examples_rclpy_guard_conditions:/home/charlottexiii/robdev_ws/install/examples_rclpy_executors:/home/charlottexiii/ros2Test_ws/install/my_robot_controller:/opt/ros/humble /usr/bin/cmake --build /home/charlottexiii/6558_6576/build/teleop_interfaces -- -j16 -l16
[4.409s] Invoking command in '/home/charlottexiii/6558_6576/build/teleop_interfaces': CMAKE_PREFIX_PATH=${CMAKE_PREFIX_PATH}:/home/charlottexiii/robdev_ws/install/launch_testing_examples:/home/charlottexiii/robdev_ws/install/examples_rclpy_pointcloud_publisher:/home/charlottexiii/robdev_ws/install/examples_rclpy_minimal_subscriber:/home/charlottexiii/robdev_ws/install/examples_rclpy_minimal_service:/home/charlottexiii/robdev_ws/install/examples_rclpy_minimal_publisher:/home/charlottexiii/robdev_ws/install/examples_rclpy_minimal_client:/home/charlottexiii/robdev_ws/install/examples_rclpy_minimal_action_server:/home/charlottexiii/robdev_ws/install/examples_rclpy_minimal_action_client:/home/charlottexiii/robdev_ws/install/examples_rclpy_guard_conditions:/home/charlottexiii/robdev_ws/install/examples_rclpy_executors:/home/charlottexiii/ros2Test_ws/install/my_robot_controller:/opt/ros/humble /usr/bin/cmake --install /home/charlottexiii/6558_6576/build/teleop_interfaces
[4.416s] -- Install configuration: ""
[4.416s] -- Installing: /home/charlottexiii/6558_6576/install/teleop_interfaces/share/ament_index/resource_index/rosidl_interfaces/teleop_interfaces
[4.416s] -- Installing: /home/charlottexiii/6558_6576/install/teleop_interfaces/include/teleop_interfaces/teleop_interfaces
[4.416s] -- Installing: /home/charlottexiii/6558_6576/install/teleop_interfaces/include/teleop_interfaces/teleop_interfaces/msg
[4.416s] -- Installing: /home/charlottexiii/6558_6576/install/teleop_interfaces/include/teleop_interfaces/teleop_interfaces/msg/rosidl_generator_c__visibility_control.h
[4.416s] -- Installing: /home/charlottexiii/6558_6576/install/teleop_interfaces/include/teleop_interfaces/teleop_interfaces/srv
[4.417s] -- Installing: /home/charlottexiii/6558_6576/install/teleop_interfaces/include/teleop_interfaces/teleop_interfaces/srv/detail
[4.417s] -- Installing: /home/charlottexiii/6558_6576/install/teleop_interfaces/include/teleop_interfaces/teleop_interfaces/srv/detail/make_path__functions.h
[4.417s] -- Installing: /home/charlottexiii/6558_6576/install/teleop_interfaces/include/teleop_interfaces/teleop_interfaces/srv/detail/save_path__type_support.h
[4.417s] -- Installing: /home/charlottexiii/6558_6576/install/teleop_interfaces/include/teleop_interfaces/teleop_interfaces/srv/detail/clear_path__functions.h
[4.417s] -- Installing: /home/charlottexiii/6558_6576/install/teleop_interfaces/include/teleop_interfaces/teleop_interfaces/srv/detail/save_path__functions.h
[4.417s] -- Installing: /home/charlottexiii/6558_6576/install/teleop_interfaces/include/teleop_interfaces/teleop_interfaces/srv/detail/make_path__functions.c
[4.417s] -- Installing: /home/charlottexiii/6558_6576/install/teleop_interfaces/include/teleop_interfaces/teleop_interfaces/srv/detail/save_path__struct.h
[4.417s] -- Installing: /home/charlottexiii/6558_6576/install/teleop_interfaces/include/teleop_interfaces/teleop_interfaces/srv/detail/clear_path__functions.c
[4.417s] -- Installing: /home/charlottexiii/6558_6576/install/teleop_interfaces/include/teleop_interfaces/teleop_interfaces/srv/detail/save_path__functions.c
[4.417s] -- Installing: /home/charlottexiii/6558_6576/install/teleop_interfaces/include/teleop_interfaces/teleop_interfaces/srv/detail/make_path__type_support.h
[4.417s] -- Installing: /home/charlottexiii/6558_6576/install/teleop_interfaces/include/teleop_interfaces/teleop_interfaces/srv/detail/clear_path__struct.h
[4.417s] -- Installing: /home/charlottexiii/6558_6576/install/teleop_interfaces/include/teleop_interfaces/teleop_interfaces/srv/detail/clear_path__type_support.h
[4.417s] -- Installing: /home/charlottexiii/6558_6576/install/teleop_interfaces/include/teleop_interfaces/teleop_interfaces/srv/detail/make_path__struct.h
[4.417s] -- Installing: /home/charlottexiii/6558_6576/install/teleop_interfaces/include/teleop_interfaces/teleop_interfaces/srv/make_path.h
[4.417s] -- Installing: /home/charlottexiii/6558_6576/install/teleop_interfaces/include/teleop_interfaces/teleop_interfaces/srv/clear_path.h
[4.417s] -- Installing: /home/charlottexiii/6558_6576/install/teleop_interfaces/include/teleop_interfaces/teleop_interfaces/srv/save_path.h
[4.417s] -- Installing: /home/charlottexiii/6558_6576/install/teleop_interfaces/share/teleop_interfaces/environment/library_path.sh
[4.417s] -- Installing: /home/charlottexiii/6558_6576/install/teleop_interfaces/share/teleop_interfaces/environment/library_path.dsv
[4.418s] -- Installing: /home/charlottexiii/6558_6576/install/teleop_interfaces/lib/libteleop_interfaces__rosidl_generator_c.so
[4.418s] -- Set runtime path of "/home/charlottexiii/6558_6576/install/teleop_interfaces/lib/libteleop_interfaces__rosidl_generator_c.so" to ""
[4.418s] -- Up-to-date: /home/charlottexiii/6558_6576/install/teleop_interfaces/include/teleop_interfaces/teleop_interfaces
[4.418s] -- Up-to-date: /home/charlottexiii/6558_6576/install/teleop_interfaces/include/teleop_interfaces/teleop_interfaces/msg
[4.418s] -- Installing: /home/charlottexiii/6558_6576/install/teleop_interfaces/include/teleop_interfaces/teleop_interfaces/msg/rosidl_typesupport_fastrtps_c__visibility_control.h
[4.418s] -- Up-to-date: /home/charlottexiii/6558_6576/install/teleop_interfaces/include/teleop_interfaces/teleop_interfaces/srv
[4.418s] -- Up-to-date: /home/charlottexiii/6558_6576/install/teleop_interfaces/include/teleop_interfaces/teleop_interfaces/srv/detail
[4.418s] -- Installing: /home/charlottexiii/6558_6576/install/teleop_interfaces/include/teleop_interfaces/teleop_interfaces/srv/detail/save_path__rosidl_typesupport_fastrtps_c.h
[4.418s] -- Installing: /home/charlottexiii/6558_6576/install/teleop_interfaces/include/teleop_interfaces/teleop_interfaces/srv/detail/make_path__rosidl_typesupport_fastrtps_c.h
[4.418s] -- Installing: /home/charlottexiii/6558_6576/install/teleop_interfaces/include/teleop_interfaces/teleop_interfaces/srv/detail/clear_path__rosidl_typesupport_fastrtps_c.h
[4.418s] -- Installing: /home/charlottexiii/6558_6576/install/teleop_interfaces/lib/libteleop_interfaces__rosidl_typesupport_fastrtps_c.so
[4.419s] -- Set runtime path of "/home/charlottexiii/6558_6576/install/teleop_interfaces/lib/libteleop_interfaces__rosidl_typesupport_fastrtps_c.so" to ""
[4.419s] -- Up-to-date: /home/charlottexiii/6558_6576/install/teleop_interfaces/include/teleop_interfaces/teleop_interfaces
[4.419s] -- Up-to-date: /home/charlottexiii/6558_6576/install/teleop_interfaces/include/teleop_interfaces/teleop_interfaces/srv
[4.419s] -- Up-to-date: /home/charlottexiii/6558_6576/install/teleop_interfaces/include/teleop_interfaces/teleop_interfaces/srv/detail
[4.419s] -- Installing: /home/charlottexiii/6558_6576/install/teleop_interfaces/include/teleop_interfaces/teleop_interfaces/srv/detail/make_path__struct.hpp
[4.419s] -- Installing: /home/charlottexiii/6558_6576/install/teleop_interfaces/include/teleop_interfaces/teleop_interfaces/srv/detail/make_path__builder.hpp
[4.419s] -- Installing: /home/charlottexiii/6558_6576/install/teleop_interfaces/include/teleop_interfaces/teleop_interfaces/srv/detail/save_path__traits.hpp
[4.419s] -- Installing: /home/charlottexiii/6558_6576/install/teleop_interfaces/include/teleop_interfaces/teleop_interfaces/srv/detail/clear_path__builder.hpp
[4.419s] -- Installing: /home/charlottexiii/6558_6576/install/teleop_interfaces/include/teleop_interfaces/teleop_interfaces/srv/detail/save_path__builder.hpp
[4.419s] -- Installing: /home/charlottexiii/6558_6576/install/teleop_interfaces/include/teleop_interfaces/teleop_interfaces/srv/detail/clear_path__struct.hpp
[4.419s] -- Installing: /home/charlottexiii/6558_6576/install/teleop_interfaces/include/teleop_interfaces/teleop_interfaces/srv/detail/clear_path__traits.hpp
[4.419s] -- Installing: /home/charlottexiii/6558_6576/install/teleop_interfaces/include/teleop_interfaces/teleop_interfaces/srv/detail/save_path__struct.hpp
[4.419s] -- Installing: /home/charlottexiii/6558_6576/install/teleop_interfaces/include/teleop_interfaces/teleop_interfaces/srv/detail/make_path__traits.hpp
[4.419s] -- Installing: /home/charlottexiii/6558_6576/install/teleop_interfaces/include/teleop_interfaces/teleop_interfaces/srv/clear_path.hpp
[4.419s] -- Installing: /home/charlottexiii/6558_6576/install/teleop_interfaces/include/teleop_interfaces/teleop_interfaces/srv/make_path.hpp
[4.419s] -- Installing: /home/charlottexiii/6558_6576/install/teleop_interfaces/include/teleop_interfaces/teleop_interfaces/srv/save_path.hpp
[4.419s] -- Up-to-date: /home/charlottexiii/6558_6576/install/teleop_interfaces/include/teleop_interfaces/teleop_interfaces
[4.419s] -- Up-to-date: /home/charlottexiii/6558_6576/install/teleop_interfaces/include/teleop_interfaces/teleop_interfaces/msg
[4.419s] -- Installing: /home/charlottexiii/6558_6576/install/teleop_interfaces/include/teleop_interfaces/teleop_interfaces/msg/rosidl_typesupport_fastrtps_cpp__visibility_control.h
[4.419s] -- Up-to-date: /home/charlottexiii/6558_6576/install/teleop_interfaces/include/teleop_interfaces/teleop_interfaces/srv
[4.419s] -- Up-to-date: /home/charlottexiii/6558_6576/install/teleop_interfaces/include/teleop_interfaces/teleop_interfaces/srv/detail
[4.420s] -- Installing: /home/charlottexiii/6558_6576/install/teleop_interfaces/include/teleop_interfaces/teleop_interfaces/srv/detail/save_path__rosidl_typesupport_fastrtps_cpp.hpp
[4.420s] -- Installing: /home/charlottexiii/6558_6576/install/teleop_interfaces/include/teleop_interfaces/teleop_interfaces/srv/detail/make_path__rosidl_typesupport_fastrtps_cpp.hpp
[4.420s] -- Installing: /home/charlottexiii/6558_6576/install/teleop_interfaces/include/teleop_interfaces/teleop_interfaces/srv/detail/clear_path__rosidl_typesupport_fastrtps_cpp.hpp
[4.420s] -- Installing: /home/charlottexiii/6558_6576/install/teleop_interfaces/include/teleop_interfaces/teleop_interfaces/srv/detail/dds_fastrtps
[4.420s] -- Installing: /home/charlottexiii/6558_6576/install/teleop_interfaces/lib/libteleop_interfaces__rosidl_typesupport_fastrtps_cpp.so
[4.420s] -- Set runtime path of "/home/charlottexiii/6558_6576/install/teleop_interfaces/lib/libteleop_interfaces__rosidl_typesupport_fastrtps_cpp.so" to ""
[4.420s] -- Up-to-date: /home/charlottexiii/6558_6576/install/teleop_interfaces/include/teleop_interfaces/teleop_interfaces
[4.420s] -- Up-to-date: /home/charlottexiii/6558_6576/install/teleop_interfaces/include/teleop_interfaces/teleop_interfaces/msg
[4.420s] -- Installing: /home/charlottexiii/6558_6576/install/teleop_interfaces/include/teleop_interfaces/teleop_interfaces/msg/rosidl_typesupport_introspection_c__visibility_control.h
[4.420s] -- Up-to-date: /home/charlottexiii/6558_6576/install/teleop_interfaces/include/teleop_interfaces/teleop_interfaces/srv
[4.420s] -- Up-to-date: /home/charlottexiii/6558_6576/install/teleop_interfaces/include/teleop_interfaces/teleop_interfaces/srv/detail
[4.420s] -- Installing: /home/charlottexiii/6558_6576/install/teleop_interfaces/include/teleop_interfaces/teleop_interfaces/srv/detail/save_path__rosidl_typesupport_introspection_c.h
[4.420s] -- Installing: /home/charlottexiii/6558_6576/install/teleop_interfaces/include/teleop_interfaces/teleop_interfaces/srv/detail/make_path__type_support.c
[4.420s] -- Installing: /home/charlottexiii/6558_6576/install/teleop_interfaces/include/teleop_interfaces/teleop_interfaces/srv/detail/clear_path__type_support.c
[4.420s] -- Installing: /home/charlottexiii/6558_6576/install/teleop_interfaces/include/teleop_interfaces/teleop_interfaces/srv/detail/make_path__rosidl_typesupport_introspection_c.h
[4.420s] -- Installing: /home/charlottexiii/6558_6576/install/teleop_interfaces/include/teleop_interfaces/teleop_interfaces/srv/detail/save_path__type_support.c
[4.420s] -- Installing: /home/charlottexiii/6558_6576/install/teleop_interfaces/include/teleop_interfaces/teleop_interfaces/srv/detail/clear_path__rosidl_typesupport_introspection_c.h
[4.421s] -- Installing: /home/charlottexiii/6558_6576/install/teleop_interfaces/lib/libteleop_interfaces__rosidl_typesupport_introspection_c.so
[4.421s] -- Set runtime path of "/home/charlottexiii/6558_6576/install/teleop_interfaces/lib/libteleop_interfaces__rosidl_typesupport_introspection_c.so" to ""
[4.421s] -- Installing: /home/charlottexiii/6558_6576/install/teleop_interfaces/lib/libteleop_interfaces__rosidl_typesupport_c.so
[4.421s] -- Set runtime path of "/home/charlottexiii/6558_6576/install/teleop_interfaces/lib/libteleop_interfaces__rosidl_typesupport_c.so" to ""
[4.421s] -- Up-to-date: /home/charlottexiii/6558_6576/install/teleop_interfaces/include/teleop_interfaces/teleop_interfaces
[4.421s] -- Up-to-date: /home/charlottexiii/6558_6576/install/teleop_interfaces/include/teleop_interfaces/teleop_interfaces/srv
[4.421s] -- Up-to-date: /home/charlottexiii/6558_6576/install/teleop_interfaces/include/teleop_interfaces/teleop_interfaces/srv/detail
[4.421s] -- Installing: /home/charlottexiii/6558_6576/install/teleop_interfaces/include/teleop_interfaces/teleop_interfaces/srv/detail/save_path__type_support.cpp
[4.421s] -- Installing: /home/charlottexiii/6558_6576/install/teleop_interfaces/include/teleop_interfaces/teleop_interfaces/srv/detail/clear_path__rosidl_typesupport_introspection_cpp.hpp
[4.421s] -- Installing: /home/charlottexiii/6558_6576/install/teleop_interfaces/include/teleop_interfaces/teleop_interfaces/srv/detail/clear_path__type_support.cpp
[4.421s] -- Installing: /home/charlottexiii/6558_6576/install/teleop_interfaces/include/teleop_interfaces/teleop_interfaces/srv/detail/make_path__rosidl_typesupport_introspection_cpp.hpp
[4.421s] -- Installing: /home/charlottexiii/6558_6576/install/teleop_interfaces/include/teleop_interfaces/teleop_interfaces/srv/detail/make_path__type_support.cpp
[4.421s] -- Installing: /home/charlottexiii/6558_6576/install/teleop_interfaces/include/teleop_interfaces/teleop_interfaces/srv/detail/save_path__rosidl_typesupport_introspection_cpp.hpp
[4.421s] -- Installing: /home/charlottexiii/6558_6576/install/teleop_interfaces/lib/libteleop_interfaces__rosidl_typesupport_introspection_cpp.so
[4.421s] -- Set runtime path of "/home/charlottexiii/6558_6576/install/teleop_interfaces/lib/libteleop_interfaces__rosidl_typesupport_introspection_cpp.so" to ""
[4.422s] -- Installing: /home/charlottexiii/6558_6576/install/teleop_interfaces/lib/libteleop_interfaces__rosidl_typesupport_cpp.so
[4.422s] -- Set runtime path of "/home/charlottexiii/6558_6576/install/teleop_interfaces/lib/libteleop_interfaces__rosidl_typesupport_cpp.so" to ""
[4.422s] -- Installing: /home/charlottexiii/6558_6576/install/teleop_interfaces/share/teleop_interfaces/environment/pythonpath.sh
[4.422s] -- Installing: /home/charlottexiii/6558_6576/install/teleop_interfaces/share/teleop_interfaces/environment/pythonpath.dsv
[4.422s] -- Installing: /home/charlottexiii/6558_6576/install/teleop_interfaces/local/lib/python3.10/dist-packages/teleop_interfaces-0.0.0-py3.10.egg-info
[4.422s] -- Installing: /home/charlottexiii/6558_6576/install/teleop_interfaces/local/lib/python3.10/dist-packages/teleop_interfaces-0.0.0-py3.10.egg-info/SOURCES.txt
[4.422s] -- Installing: /home/charlottexiii/6558_6576/install/teleop_interfaces/local/lib/python3.10/dist-packages/teleop_interfaces-0.0.0-py3.10.egg-info/top_level.txt
[4.422s] -- Installing: /home/charlottexiii/6558_6576/install/teleop_interfaces/local/lib/python3.10/dist-packages/teleop_interfaces-0.0.0-py3.10.egg-info/dependency_links.txt
[4.422s] -- Installing: /home/charlottexiii/6558_6576/install/teleop_interfaces/local/lib/python3.10/dist-packages/teleop_interfaces-0.0.0-py3.10.egg-info/PKG-INFO
[4.422s] -- Installing: /home/charlottexiii/6558_6576/install/teleop_interfaces/local/lib/python3.10/dist-packages/teleop_interfaces
[4.422s] -- Installing: /home/charlottexiii/6558_6576/install/teleop_interfaces/local/lib/python3.10/dist-packages/teleop_interfaces/_teleop_interfaces_s.ep.rosidl_typesupport_introspection_c.c
[4.422s] -- Installing: /home/charlottexiii/6558_6576/install/teleop_interfaces/local/lib/python3.10/dist-packages/teleop_interfaces/teleop_interfaces_s__rosidl_typesupport_fastrtps_c.cpython-310-x86_64-linux-gnu.so
[4.422s] -- Installing: /home/charlottexiii/6558_6576/install/teleop_interfaces/local/lib/python3.10/dist-packages/teleop_interfaces/teleop_interfaces_s__rosidl_typesupport_introspection_c.cpython-310-x86_64-linux-gnu.so
[4.422s] -- Installing: /home/charlottexiii/6558_6576/install/teleop_interfaces/local/lib/python3.10/dist-packages/teleop_interfaces/_teleop_interfaces_s.ep.rosidl_typesupport_c.c
[4.422s] -- Installing: /home/charlottexiii/6558_6576/install/teleop_interfaces/local/lib/python3.10/dist-packages/teleop_interfaces/_teleop_interfaces_s.ep.rosidl_typesupport_fastrtps_c.c
[4.423s] -- Installing: /home/charlottexiii/6558_6576/install/teleop_interfaces/local/lib/python3.10/dist-packages/teleop_interfaces/teleop_interfaces_s__rosidl_typesupport_c.cpython-310-x86_64-linux-gnu.so
[4.423s] -- Installing: /home/charlottexiii/6558_6576/install/teleop_interfaces/local/lib/python3.10/dist-packages/teleop_interfaces/srv
[4.423s] -- Installing: /home/charlottexiii/6558_6576/install/teleop_interfaces/local/lib/python3.10/dist-packages/teleop_interfaces/srv/_save_path_s.c
[4.423s] -- Installing: /home/charlottexiii/6558_6576/install/teleop_interfaces/local/lib/python3.10/dist-packages/teleop_interfaces/srv/_clear_path_s.c
[4.423s] -- Installing: /home/charlottexiii/6558_6576/install/teleop_interfaces/local/lib/python3.10/dist-packages/teleop_interfaces/srv/_make_path.py
[4.423s] -- Installing: /home/charlottexiii/6558_6576/install/teleop_interfaces/local/lib/python3.10/dist-packages/teleop_interfaces/srv/_clear_path.py
[4.423s] -- Installing: /home/charlottexiii/6558_6576/install/teleop_interfaces/local/lib/python3.10/dist-packages/teleop_interfaces/srv/_make_path_s.c
[4.423s] -- Installing: /home/charlottexiii/6558_6576/install/teleop_interfaces/local/lib/python3.10/dist-packages/teleop_interfaces/srv/_save_path.py
[4.423s] -- Installing: /home/charlottexiii/6558_6576/install/teleop_interfaces/local/lib/python3.10/dist-packages/teleop_interfaces/srv/__init__.py
[4.423s] -- Installing: /home/charlottexiii/6558_6576/install/teleop_interfaces/local/lib/python3.10/dist-packages/teleop_interfaces/libteleop_interfaces__rosidl_generator_py.so
[4.423s] -- Installing: /home/charlottexiii/6558_6576/install/teleop_interfaces/local/lib/python3.10/dist-packages/teleop_interfaces/__init__.py
[4.460s] Listing '/home/charlottexiii/6558_6576/install/teleop_interfaces/local/lib/python3.10/dist-packages/teleop_interfaces'...
[4.460s] Compiling '/home/charlottexiii/6558_6576/install/teleop_interfaces/local/lib/python3.10/dist-packages/teleop_interfaces/__init__.py'...
[4.460s] Listing '/home/charlottexiii/6558_6576/install/teleop_interfaces/local/lib/python3.10/dist-packages/teleop_interfaces/srv'...
[4.460s] Compiling '/home/charlottexiii/6558_6576/install/teleop_interfaces/local/lib/python3.10/dist-packages/teleop_interfaces/srv/__init__.py'...
[4.460s] Compiling '/home/charlottexiii/6558_6576/install/teleop_interfaces/local/lib/python3.10/dist-packages/teleop_interfaces/srv/_clear_path.py'...
[4.460s] Compiling '/home/charlottexiii/6558_6576/install/teleop_interfaces/local/lib/python3.10/dist-packages/teleop_interfaces/srv/_make_path.py'...
[4.460s] Compiling '/home/charlottexiii/6558_6576/install/teleop_interfaces/local/lib/python3.10/dist-packages/teleop_interfaces/srv/_save_path.py'...
[4.465s] -- Installing: /home/charlottexiii/6558_6576/install/teleop_interfaces/local/lib/python3.10/dist-packages/teleop_interfaces/teleop_interfaces_s__rosidl_typesupport_fastrtps_c.cpython-310-x86_64-linux-gnu.so
[4.465s] -- Set runtime path of "/home/charlottexiii/6558_6576/install/teleop_interfaces/local/lib/python3.10/dist-packages/teleop_interfaces/teleop_interfaces_s__rosidl_typesupport_fastrtps_c.cpython-310-x86_64-linux-gnu.so" to ""
[4.465s] -- Installing: /home/charlottexiii/6558_6576/install/teleop_interfaces/local/lib/python3.10/dist-packages/teleop_interfaces/teleop_interfaces_s__rosidl_typesupport_introspection_c.cpython-310-x86_64-linux-gnu.so
[4.465s] -- Set runtime path of "/home/charlottexiii/6558_6576/install/teleop_interfaces/local/lib/python3.10/dist-packages/teleop_interfaces/teleop_interfaces_s__rosidl_typesupport_introspection_c.cpython-310-x86_64-linux-gnu.so" to ""
[4.465s] -- Installing: /home/charlottexiii/6558_6576/install/teleop_interfaces/local/lib/python3.10/dist-packages/teleop_interfaces/teleop_interfaces_s__rosidl_typesupport_c.cpython-310-x86_64-linux-gnu.so
[4.466s] -- Set runtime path of "/home/charlottexiii/6558_6576/install/teleop_interfaces/local/lib/python3.10/dist-packages/teleop_interfaces/teleop_interfaces_s__rosidl_typesupport_c.cpython-310-x86_64-linux-gnu.so" to ""
[4.466s] -- Installing: /home/charlottexiii/6558_6576/install/teleop_interfaces/lib/libteleop_interfaces__rosidl_generator_py.so
[4.466s] -- Set runtime path of "/home/charlottexiii/6558_6576/install/teleop_interfaces/lib/libteleop_interfaces__rosidl_generator_py.so" to ""
[4.466s] -- Installing: /home/charlottexiii/6558_6576/install/teleop_interfaces/share/teleop_interfaces/srv/MakePath.idl
[4.466s] -- Installing: /home/charlottexiii/6558_6576/install/teleop_interfaces/share/teleop_interfaces/srv/SavePath.idl
[4.466s] -- Installing: /home/charlottexiii/6558_6576/install/teleop_interfaces/share/teleop_interfaces/srv/ClearPath.idl
[4.466s] -- Installing: /home/charlottexiii/6558_6576/install/teleop_interfaces/share/teleop_interfaces/srv/MakePath.srv
[4.466s] -- Installing: /home/charlottexiii/6558_6576/install/teleop_interfaces/share/teleop_interfaces/srv/MakePath_Request.msg
[4.466s] -- Installing: /home/charlottexiii/6558_6576/install/teleop_interfaces/share/teleop_interfaces/srv/MakePath_Response.msg
[4.466s] -- Installing: /home/charlottexiii/6558_6576/install/teleop_interfaces/share/teleop_interfaces/srv/SavePath.srv
[4.466s] -- Installing: /home/charlottexiii/6558_6576/install/teleop_interfaces/share/teleop_interfaces/srv/SavePath_Request.msg
[4.466s] -- Installing: /home/charlottexiii/6558_6576/install/teleop_interfaces/share/teleop_interfaces/srv/SavePath_Response.msg
[4.466s] -- Installing: /home/charlottexiii/6558_6576/install/teleop_interfaces/share/teleop_interfaces/srv/ClearPath.srv
[4.466s] -- Installing: /home/charlottexiii/6558_6576/install/teleop_interfaces/share/teleop_interfaces/srv/ClearPath_Request.msg
[4.467s] -- Installing: /home/charlottexiii/6558_6576/install/teleop_interfaces/share/teleop_interfaces/srv/ClearPath_Response.msg
[4.467s] -- Installing: /home/charlottexiii/6558_6576/install/teleop_interfaces/share/ament_index/resource_index/package_run_dependencies/teleop_interfaces
[4.467s] -- Installing: /home/charlottexiii/6558_6576/install/teleop_interfaces/share/ament_index/resource_index/parent_prefix_path/teleop_interfaces
[4.467s] -- Installing: /home/charlottexiii/6558_6576/install/teleop_interfaces/share/teleop_interfaces/environment/ament_prefix_path.sh
[4.467s] -- Installing: /home/charlottexiii/6558_6576/install/teleop_interfaces/share/teleop_interfaces/environment/ament_prefix_path.dsv
[4.467s] -- Installing: /home/charlottexiii/6558_6576/install/teleop_interfaces/share/teleop_interfaces/environment/path.sh
[4.467s] -- Installing: /home/charlottexiii/6558_6576/install/teleop_interfaces/share/teleop_interfaces/environment/path.dsv
[4.467s] -- Installing: /home/charlottexiii/6558_6576/install/teleop_interfaces/share/teleop_interfaces/local_setup.bash
[4.467s] -- Installing: /home/charlottexiii/6558_6576/install/teleop_interfaces/share/teleop_interfaces/local_setup.sh
[4.467s] -- Installing: /home/charlottexiii/6558_6576/install/teleop_interfaces/share/teleop_interfaces/local_setup.zsh
[4.467s] -- Installing: /home/charlottexiii/6558_6576/install/teleop_interfaces/share/teleop_interfaces/local_setup.dsv
[4.467s] -- Installing: /home/charlottexiii/6558_6576/install/teleop_interfaces/share/teleop_interfaces/package.dsv
[4.467s] -- Installing: /home/charlottexiii/6558_6576/install/teleop_interfaces/share/ament_index/resource_index/packages/teleop_interfaces
[4.468s] -- Installing: /home/charlottexiii/6558_6576/install/teleop_interfaces/share/teleop_interfaces/cmake/export_teleop_interfaces__rosidl_generator_cExport.cmake
[4.468s] -- Installing: /home/charlottexiii/6558_6576/install/teleop_interfaces/share/teleop_interfaces/cmake/export_teleop_interfaces__rosidl_generator_cExport-noconfig.cmake
[4.468s] -- Installing: /home/charlottexiii/6558_6576/install/teleop_interfaces/share/teleop_interfaces/cmake/export_teleop_interfaces__rosidl_typesupport_fastrtps_cExport.cmake
[4.468s] -- Installing: /home/charlottexiii/6558_6576/install/teleop_interfaces/share/teleop_interfaces/cmake/export_teleop_interfaces__rosidl_typesupport_fastrtps_cExport-noconfig.cmake
[4.468s] -- Installing: /home/charlottexiii/6558_6576/install/teleop_interfaces/share/teleop_interfaces/cmake/export_teleop_interfaces__rosidl_generator_cppExport.cmake
[4.468s] -- Installing: /home/charlottexiii/6558_6576/install/teleop_interfaces/share/teleop_interfaces/cmake/export_teleop_interfaces__rosidl_typesupport_fastrtps_cppExport.cmake
[4.468s] -- Installing: /home/charlottexiii/6558_6576/install/teleop_interfaces/share/teleop_interfaces/cmake/export_teleop_interfaces__rosidl_typesupport_fastrtps_cppExport-noconfig.cmake
[4.468s] -- Installing: /home/charlottexiii/6558_6576/install/teleop_interfaces/share/teleop_interfaces/cmake/teleop_interfaces__rosidl_typesupport_introspection_cExport.cmake
[4.468s] -- Installing: /home/charlottexiii/6558_6576/install/teleop_interfaces/share/teleop_interfaces/cmake/teleop_interfaces__rosidl_typesupport_introspection_cExport-noconfig.cmake
[4.468s] -- Installing: /home/charlottexiii/6558_6576/install/teleop_interfaces/share/teleop_interfaces/cmake/teleop_interfaces__rosidl_typesupport_cExport.cmake
[4.468s] -- Installing: /home/charlottexiii/6558_6576/install/teleop_interfaces/share/teleop_interfaces/cmake/teleop_interfaces__rosidl_typesupport_cExport-noconfig.cmake
[4.468s] -- Installing: /home/charlottexiii/6558_6576/install/teleop_interfaces/share/teleop_interfaces/cmake/teleop_interfaces__rosidl_typesupport_introspection_cppExport.cmake
[4.469s] -- Installing: /home/charlottexiii/6558_6576/install/teleop_interfaces/share/teleop_interfaces/cmake/teleop_interfaces__rosidl_typesupport_introspection_cppExport-noconfig.cmake
[4.469s] -- Installing: /home/charlottexiii/6558_6576/install/teleop_interfaces/share/teleop_interfaces/cmake/teleop_interfaces__rosidl_typesupport_cppExport.cmake
[4.469s] -- Installing: /home/charlottexiii/6558_6576/install/teleop_interfaces/share/teleop_interfaces/cmake/teleop_interfaces__rosidl_typesupport_cppExport-noconfig.cmake
[4.469s] -- Installing: /home/charlottexiii/6558_6576/install/teleop_interfaces/share/teleop_interfaces/cmake/export_teleop_interfaces__rosidl_generator_pyExport.cmake
[4.469s] -- Installing: /home/charlottexiii/6558_6576/install/teleop_interfaces/share/teleop_interfaces/cmake/export_teleop_interfaces__rosidl_generator_pyExport-noconfig.cmake
[4.469s] -- Installing: /home/charlottexiii/6558_6576/install/teleop_interfaces/share/teleop_interfaces/cmake/rosidl_cmake-extras.cmake
[4.469s] -- Installing: /home/charlottexiii/6558_6576/install/teleop_interfaces/share/teleop_interfaces/cmake/ament_cmake_export_dependencies-extras.cmake
[4.469s] -- Installing: /home/charlottexiii/6558_6576/install/teleop_interfaces/share/teleop_interfaces/cmake/ament_cmake_export_include_directories-extras.cmake
[4.469s] -- Installing: /home/charlottexiii/6558_6576/install/teleop_interfaces/share/teleop_interfaces/cmake/ament_cmake_export_libraries-extras.cmake
[4.469s] -- Installing: /home/charlottexiii/6558_6576/install/teleop_interfaces/share/teleop_interfaces/cmake/ament_cmake_export_targets-extras.cmake
[4.469s] -- Installing: /home/charlottexiii/6558_6576/install/teleop_interfaces/share/teleop_interfaces/cmake/rosidl_cmake_export_typesupport_targets-extras.cmake
[4.469s] -- Installing: /home/charlottexiii/6558_6576/install/teleop_interfaces/share/teleop_interfaces/cmake/rosidl_cmake_export_typesupport_libraries-extras.cmake
[4.469s] -- Installing: /home/charlottexiii/6558_6576/install/teleop_interfaces/share/teleop_interfaces/cmake/teleop_interfacesConfig.cmake
[4.469s] -- Installing: /home/charlottexiii/6558_6576/install/teleop_interfaces/share/teleop_interfaces/cmake/teleop_interfacesConfig-version.cmake
[4.470s] -- Installing: /home/charlottexiii/6558_6576/install/teleop_interfaces/share/teleop_interfaces/package.xml
[4.472s] Invoked command in '/home/charlottexiii/6558_6576/build/teleop_interfaces' returned '0': CMAKE_PREFIX_PATH=${CMAKE_PREFIX_PATH}:/home/charlottexiii/robdev_ws/install/launch_testing_examples:/home/charlottexiii/robdev_ws/install/examples_rclpy_pointcloud_publisher:/home/charlottexiii/robdev_ws/install/examples_rclpy_minimal_subscriber:/home/charlottexiii/robdev_ws/install/examples_rclpy_minimal_service:/home/charlottexiii/robdev_ws/install/examples_rclpy_minimal_publisher:/home/charlottexiii/robdev_ws/install/examples_rclpy_minimal_client:/home/charlottexiii/robdev_ws/install/examples_rclpy_minimal_action_server:/home/charlottexiii/robdev_ws/install/examples_rclpy_minimal_action_client:/home/charlottexiii/robdev_ws/install/examples_rclpy_guard_conditions:/home/charlottexiii/robdev_ws/install/examples_rclpy_executors:/home/charlottexiii/ros2Test_ws/install/my_robot_controller:/opt/ros/humble /usr/bin/cmake --install /home/charlottexiii/6558_6576/build/teleop_interfaces
