[0.026s] Invoking command in '/home/talae-ubantu/6558_6576/build/teleop_interfaces': CMAKE_PREFIX_PATH=${CMAKE_PREFIX_PATH}:/opt/ros/humble /usr/bin/cmake --build /home/talae-ubantu/6558_6576/build/teleop_interfaces -- -j4 -l4
[0.068s] -- Found ament_cmake: 1.3.10 (/opt/ros/humble/share/ament_cmake/cmake)
[0.435s] -- Found ament_lint_auto: 0.12.11 (/opt/ros/humble/share/ament_lint_auto/cmake)
[0.603s] -- Found std_msgs: 4.2.4 (/opt/ros/humble/share/std_msgs/cmake)
[0.645s] -- Found rosidl_generator_c: 3.1.5 (/opt/ros/humble/share/rosidl_generator_c/cmake)
[0.651s] -- Found rosidl_adapter: 3.1.5 (/opt/ros/humble/share/rosidl_adapter/cmake)
[0.664s] -- Found rosidl_generator_cpp: 3.1.5 (/opt/ros/humble/share/rosidl_generator_cpp/cmake)
[0.682s] -- Using all available rosidl_typesupport_c: rosidl_typesupport_fastrtps_c;rosidl_typesupport_introspection_c
[0.710s] -- Using all available rosidl_typesupport_cpp: rosidl_typesupport_fastrtps_cpp;rosidl_typesupport_introspection_cpp
[0.756s] -- Found rosidl_default_generators: 1.2.0 (/opt/ros/humble/share/rosidl_default_generators/cmake)
[1.170s] -- Found ament_cmake_ros: 0.10.0 (/opt/ros/humble/share/ament_cmake_ros/cmake)
[1.569s] -- Using all available rosidl_typesupport_c: rosidl_typesupport_fastrtps_c;rosidl_typesupport_introspection_c
[1.729s] -- Using all available rosidl_typesupport_cpp: rosidl_typesupport_fastrtps_cpp;rosidl_typesupport_introspection_cpp
[1.766s] -- Found python_cmake_module: 0.10.0 (/opt/ros/humble/share/python_cmake_module/cmake)
[1.802s] -- Using PYTHON_EXECUTABLE: /usr/bin/python3
[1.802s] -- Using PYTHON_INCLUDE_DIRS: /usr/include/python3.10
[1.802s] -- Using PYTHON_LIBRARIES: /usr/lib/x86_64-linux-gnu/libpython3.10.so
[1.839s] -- Added test 'lint_cmake' to check CMake code style
[1.840s] -- Added test 'xmllint' to check XML markup files
[1.844s] -- Configuring done
[1.884s] -- Generating done
[1.888s] -- Build files have been written to: /home/talae-ubantu/6558_6576/build/teleop_interfaces
[1.917s] [  1%] [34m[1mGenerating C code for ROS interfaces[0m
[1.932s] [  3%] [34m[1mGenerating C++ code for ROS interfaces[0m
[1.951s] [  3%] Built target ament_cmake_python_copy_teleop_interfaces
[2.400s] running egg_info
[2.401s] writing teleop_interfaces.egg-info/PKG-INFO
[2.401s] writing dependency_links to teleop_interfaces.egg-info/dependency_links.txt
[2.401s] writing top-level names to teleop_interfaces.egg-info/top_level.txt
[2.405s] reading manifest file 'teleop_interfaces.egg-info/SOURCES.txt'
[2.406s] writing manifest file 'teleop_interfaces.egg-info/SOURCES.txt'
[2.455s] [  3%] Built target ament_cmake_python_build_teleop_interfaces_egg
[2.512s] [  3%] Built target teleop_interfaces__cpp
[2.529s] [  7%] [34m[1mGenerating C++ type support for eProsima Fast-RTPS[0m
[2.529s] [  7%] [34m[1mGenerating C++ introspection for ROS interfaces[0m
[2.529s] [  9%] [34m[1mGenerating C++ type support dispatch for ROS interfaces[0m
[3.064s] [35m[1mConsolidate compiler generated dependencies of target teleop_interfaces__rosidl_generator_c[0m
[3.083s] [ 10%] [32mBuilding C object CMakeFiles/teleop_interfaces__rosidl_generator_c.dir/rosidl_generator_c/teleop_interfaces/srv/detail/make_path__functions.c.o[0m
[3.170s] [35m[1mConsolidate compiler generated dependencies of target teleop_interfaces__rosidl_typesupport_cpp[0m
[3.173s] [ 12%] [32mBuilding C object CMakeFiles/teleop_interfaces__rosidl_generator_c.dir/rosidl_generator_c/teleop_interfaces/srv/detail/save_path__functions.c.o[0m
[3.190s] [ 14%] [32mBuilding CXX object CMakeFiles/teleop_interfaces__rosidl_typesupport_cpp.dir/rosidl_typesupport_cpp/teleop_interfaces/srv/make_path__type_support.cpp.o[0m
[3.263s] [ 16%] [32mBuilding C object CMakeFiles/teleop_interfaces__rosidl_generator_c.dir/rosidl_generator_c/teleop_interfaces/srv/detail/clear_path__functions.c.o[0m
[3.361s] [ 18%] [32mBuilding C object CMakeFiles/teleop_interfaces__rosidl_generator_c.dir/rosidl_generator_c/teleop_interfaces/srv/detail/give_position__functions.c.o[0m
[3.401s] [35m[1mConsolidate compiler generated dependencies of target teleop_interfaces__rosidl_typesupport_introspection_cpp[0m
[3.423s] [ 20%] [32mBuilding CXX object CMakeFiles/teleop_interfaces__rosidl_typesupport_introspection_cpp.dir/rosidl_typesupport_introspection_cpp/teleop_interfaces/srv/detail/make_path__type_support.cpp.o[0m
[3.459s] [ 21%] [32m[1mLinking C shared library libteleop_interfaces__rosidl_generator_c.so[0m
[3.477s] [35m[1mConsolidate compiler generated dependencies of target teleop_interfaces__rosidl_typesupport_fastrtps_cpp[0m
[3.502s] [ 23%] [32mBuilding CXX object CMakeFiles/teleop_interfaces__rosidl_typesupport_fastrtps_cpp.dir/rosidl_typesupport_fastrtps_cpp/teleop_interfaces/srv/detail/dds_fastrtps/make_path__type_support.cpp.o[0m
[3.522s] [ 23%] Built target teleop_interfaces__rosidl_generator_c
[3.536s] [ 25%] [32mBuilding CXX object CMakeFiles/teleop_interfaces__rosidl_typesupport_fastrtps_cpp.dir/rosidl_typesupport_fastrtps_cpp/teleop_interfaces/srv/detail/dds_fastrtps/save_path__type_support.cpp.o[0m
[3.658s] [ 27%] [32mBuilding CXX object CMakeFiles/teleop_interfaces__rosidl_typesupport_cpp.dir/rosidl_typesupport_cpp/teleop_interfaces/srv/save_path__type_support.cpp.o[0m
[4.099s] [ 29%] [32mBuilding CXX object CMakeFiles/teleop_interfaces__rosidl_typesupport_introspection_cpp.dir/rosidl_typesupport_introspection_cpp/teleop_interfaces/srv/detail/save_path__type_support.cpp.o[0m
[4.139s] [ 30%] [32mBuilding CXX object CMakeFiles/teleop_interfaces__rosidl_typesupport_cpp.dir/rosidl_typesupport_cpp/teleop_interfaces/srv/clear_path__type_support.cpp.o[0m
[4.240s] [ 32%] [32mBuilding CXX object CMakeFiles/teleop_interfaces__rosidl_typesupport_introspection_cpp.dir/rosidl_typesupport_introspection_cpp/teleop_interfaces/srv/detail/clear_path__type_support.cpp.o[0m
[4.283s] [ 34%] [32mBuilding CXX object CMakeFiles/teleop_interfaces__rosidl_typesupport_fastrtps_cpp.dir/rosidl_typesupport_fastrtps_cpp/teleop_interfaces/srv/detail/dds_fastrtps/clear_path__type_support.cpp.o[0m
[4.745s] [ 36%] [32mBuilding CXX object CMakeFiles/teleop_interfaces__rosidl_typesupport_cpp.dir/rosidl_typesupport_cpp/teleop_interfaces/srv/give_position__type_support.cpp.o[0m
[4.957s] [ 38%] [34m[1mGenerating C type support for eProsima Fast-RTPS[0m
[5.078s] [ 40%] [32mBuilding CXX object CMakeFiles/teleop_interfaces__rosidl_typesupport_introspection_cpp.dir/rosidl_typesupport_introspection_cpp/teleop_interfaces/srv/detail/give_position__type_support.cpp.o[0m
[5.181s] [ 41%] [32mBuilding CXX object CMakeFiles/teleop_interfaces__rosidl_typesupport_fastrtps_cpp.dir/rosidl_typesupport_fastrtps_cpp/teleop_interfaces/srv/detail/dds_fastrtps/give_position__type_support.cpp.o[0m
[5.340s] [ 43%] [32m[1mLinking CXX shared library libteleop_interfaces__rosidl_typesupport_cpp.so[0m
[5.423s] [ 43%] Built target teleop_interfaces__rosidl_typesupport_cpp
[5.443s] [ 45%] [34m[1mGenerating C introspection for ROS interfaces[0m
[5.891s] [ 47%] [32m[1mLinking CXX shared library libteleop_interfaces__rosidl_typesupport_introspection_cpp.so[0m
[6.025s] [ 47%] Built target teleop_interfaces__rosidl_typesupport_introspection_cpp
[6.050s] [ 49%] [34m[1mGenerating C type support dispatch for ROS interfaces[0m
[6.064s] [ 50%] [32m[1mLinking CXX shared library libteleop_interfaces__rosidl_typesupport_fastrtps_cpp.so[0m
[6.137s] [35m[1mConsolidate compiler generated dependencies of target teleop_interfaces__rosidl_typesupport_fastrtps_c[0m
[6.168s] [ 52%] [32mBuilding CXX object CMakeFiles/teleop_interfaces__rosidl_typesupport_fastrtps_c.dir/rosidl_typesupport_fastrtps_c/teleop_interfaces/srv/detail/make_path__type_support_c.cpp.o[0m
[6.234s] [ 52%] Built target teleop_interfaces__rosidl_typesupport_fastrtps_cpp
[6.254s] [ 54%] [32mBuilding CXX object CMakeFiles/teleop_interfaces__rosidl_typesupport_fastrtps_c.dir/rosidl_typesupport_fastrtps_c/teleop_interfaces/srv/detail/save_path__type_support_c.cpp.o[0m
[6.506s] [35m[1mConsolidate compiler generated dependencies of target teleop_interfaces__rosidl_typesupport_introspection_c[0m
[6.527s] [ 56%] [32mBuilding C object CMakeFiles/teleop_interfaces__rosidl_typesupport_introspection_c.dir/rosidl_typesupport_introspection_c/teleop_interfaces/srv/detail/make_path__type_support.c.o[0m
[6.585s] [ 58%] [32mBuilding C object CMakeFiles/teleop_interfaces__rosidl_typesupport_introspection_c.dir/rosidl_typesupport_introspection_c/teleop_interfaces/srv/detail/save_path__type_support.c.o[0m
[6.644s] [ 60%] [32mBuilding C object CMakeFiles/teleop_interfaces__rosidl_typesupport_introspection_c.dir/rosidl_typesupport_introspection_c/teleop_interfaces/srv/detail/clear_path__type_support.c.o[0m
[6.705s] [ 61%] [32mBuilding C object CMakeFiles/teleop_interfaces__rosidl_typesupport_introspection_c.dir/rosidl_typesupport_introspection_c/teleop_interfaces/srv/detail/give_position__type_support.c.o[0m
[6.762s] [35m[1mConsolidate compiler generated dependencies of target teleop_interfaces__rosidl_typesupport_c[0m
[6.765s] [ 63%] [32m[1mLinking C shared library libteleop_interfaces__rosidl_typesupport_introspection_c.so[0m
[6.781s] [ 65%] [32mBuilding CXX object CMakeFiles/teleop_interfaces__rosidl_typesupport_c.dir/rosidl_typesupport_c/teleop_interfaces/srv/make_path__type_support.cpp.o[0m
[6.798s] [ 67%] [32mBuilding CXX object CMakeFiles/teleop_interfaces__rosidl_typesupport_fastrtps_c.dir/rosidl_typesupport_fastrtps_c/teleop_interfaces/srv/detail/clear_path__type_support_c.cpp.o[0m
[6.816s] [ 67%] Built target teleop_interfaces__rosidl_typesupport_introspection_c
[6.830s] [ 69%] [32mBuilding CXX object CMakeFiles/teleop_interfaces__rosidl_typesupport_fastrtps_c.dir/rosidl_typesupport_fastrtps_c/teleop_interfaces/srv/detail/give_position__type_support_c.cpp.o[0m
[6.834s] [ 70%] [32mBuilding CXX object CMakeFiles/teleop_interfaces__rosidl_typesupport_c.dir/rosidl_typesupport_c/teleop_interfaces/srv/save_path__type_support.cpp.o[0m
[6.879s] [ 72%] [32mBuilding CXX object CMakeFiles/teleop_interfaces__rosidl_typesupport_c.dir/rosidl_typesupport_c/teleop_interfaces/srv/clear_path__type_support.cpp.o[0m
[6.889s] [ 74%] [32mBuilding CXX object CMakeFiles/teleop_interfaces__rosidl_typesupport_c.dir/rosidl_typesupport_c/teleop_interfaces/srv/give_position__type_support.cpp.o[0m
[6.939s] [ 76%] [32m[1mLinking CXX shared library libteleop_interfaces__rosidl_typesupport_c.so[0m
[7.008s] [ 76%] Built target teleop_interfaces__rosidl_typesupport_c
[7.246s] [ 78%] [32m[1mLinking CXX shared library libteleop_interfaces__rosidl_typesupport_fastrtps_c.so[0m
[7.341s] [ 78%] Built target teleop_interfaces__rosidl_typesupport_fastrtps_c
[7.363s] [ 78%] Built target teleop_interfaces
[7.385s] [ 80%] [34m[1mGenerating Python code for ROS interfaces[0m
[8.215s] [ 80%] Built target teleop_interfaces__py
[8.226s] [35m[1mConsolidate compiler generated dependencies of target teleop_interfaces__rosidl_generator_py[0m
[8.245s] [ 85%] [32mBuilding C object CMakeFiles/teleop_interfaces__rosidl_generator_py.dir/rosidl_generator_py/teleop_interfaces/srv/_make_path_s.c.o[0m
[8.245s] [ 85%] [32mBuilding C object CMakeFiles/teleop_interfaces__rosidl_generator_py.dir/rosidl_generator_py/teleop_interfaces/srv/_clear_path_s.c.o[0m
[8.245s] [ 85%] [32mBuilding C object CMakeFiles/teleop_interfaces__rosidl_generator_py.dir/rosidl_generator_py/teleop_interfaces/srv/_save_path_s.c.o[0m
[8.245s] [ 87%] [32mBuilding C object CMakeFiles/teleop_interfaces__rosidl_generator_py.dir/rosidl_generator_py/teleop_interfaces/srv/_give_position_s.c.o[0m
[8.435s] [ 89%] [32m[1mLinking C shared library rosidl_generator_py/teleop_interfaces/libteleop_interfaces__rosidl_generator_py.so[0m
[8.479s] [ 89%] Built target teleop_interfaces__rosidl_generator_py
[8.491s] [35m[1mConsolidate compiler generated dependencies of target teleop_interfaces__rosidl_typesupport_introspection_c__pyext[0m
[8.494s] [35m[1mConsolidate compiler generated dependencies of target teleop_interfaces__rosidl_typesupport_fastrtps_c__pyext[0m
[8.495s] [35m[1mConsolidate compiler generated dependencies of target teleop_interfaces__rosidl_typesupport_c__pyext[0m
[8.505s] [ 90%] [32mBuilding C object CMakeFiles/teleop_interfaces__rosidl_typesupport_introspection_c__pyext.dir/rosidl_generator_py/teleop_interfaces/_teleop_interfaces_s.ep.rosidl_typesupport_introspection_c.c.o[0m
[8.514s] [ 92%] [32mBuilding C object CMakeFiles/teleop_interfaces__rosidl_typesupport_c__pyext.dir/rosidl_generator_py/teleop_interfaces/_teleop_interfaces_s.ep.rosidl_typesupport_c.c.o[0m
[8.514s] [ 94%] [32mBuilding C object CMakeFiles/teleop_interfaces__rosidl_typesupport_fastrtps_c__pyext.dir/rosidl_generator_py/teleop_interfaces/_teleop_interfaces_s.ep.rosidl_typesupport_fastrtps_c.c.o[0m
[8.664s] [ 96%] [32m[1mLinking C shared library rosidl_generator_py/teleop_interfaces/teleop_interfaces_s__rosidl_typesupport_fastrtps_c.cpython-310-x86_64-linux-gnu.so[0m
[8.699s] [ 98%] [32m[1mLinking C shared library rosidl_generator_py/teleop_interfaces/teleop_interfaces_s__rosidl_typesupport_introspection_c.cpython-310-x86_64-linux-gnu.so[0m
[8.716s] [ 98%] Built target teleop_interfaces__rosidl_typesupport_fastrtps_c__pyext
[8.724s] [100%] [32m[1mLinking C shared library rosidl_generator_py/teleop_interfaces/teleop_interfaces_s__rosidl_typesupport_c.cpython-310-x86_64-linux-gnu.so[0m
[8.747s] [100%] Built target teleop_interfaces__rosidl_typesupport_introspection_c__pyext
[8.770s] [100%] Built target teleop_interfaces__rosidl_typesupport_c__pyext
[8.783s] Invoked command in '/home/talae-ubantu/6558_6576/build/teleop_interfaces' returned '0': CMAKE_PREFIX_PATH=${CMAKE_PREFIX_PATH}:/opt/ros/humble /usr/bin/cmake --build /home/talae-ubantu/6558_6576/build/teleop_interfaces -- -j4 -l4
[8.905s] Invoking command in '/home/talae-ubantu/6558_6576/build/teleop_interfaces': CMAKE_PREFIX_PATH=${CMAKE_PREFIX_PATH}:/opt/ros/humble /usr/bin/cmake --install /home/talae-ubantu/6558_6576/build/teleop_interfaces
[8.914s] -- Install configuration: ""
[8.914s] -- Installing: /home/talae-ubantu/6558_6576/install/teleop_interfaces/share/ament_index/resource_index/rosidl_interfaces/teleop_interfaces
[8.914s] -- Up-to-date: /home/talae-ubantu/6558_6576/install/teleop_interfaces/include/teleop_interfaces/teleop_interfaces
[8.915s] -- Up-to-date: /home/talae-ubantu/6558_6576/install/teleop_interfaces/include/teleop_interfaces/teleop_interfaces/srv
[8.915s] -- Installing: /home/talae-ubantu/6558_6576/install/teleop_interfaces/include/teleop_interfaces/teleop_interfaces/srv/make_path.h
[8.915s] -- Installing: /home/talae-ubantu/6558_6576/install/teleop_interfaces/include/teleop_interfaces/teleop_interfaces/srv/save_path.h
[8.915s] -- Up-to-date: /home/talae-ubantu/6558_6576/install/teleop_interfaces/include/teleop_interfaces/teleop_interfaces/srv/detail
[8.915s] -- Installing: /home/talae-ubantu/6558_6576/install/teleop_interfaces/include/teleop_interfaces/teleop_interfaces/srv/detail/give_position__functions.h
[8.915s] -- Installing: /home/talae-ubantu/6558_6576/install/teleop_interfaces/include/teleop_interfaces/teleop_interfaces/srv/detail/make_path__struct.h
[8.915s] -- Installing: /home/talae-ubantu/6558_6576/install/teleop_interfaces/include/teleop_interfaces/teleop_interfaces/srv/detail/give_position__type_support.h
[8.915s] -- Installing: /home/talae-ubantu/6558_6576/install/teleop_interfaces/include/teleop_interfaces/teleop_interfaces/srv/detail/clear_path__functions.c
[8.916s] -- Installing: /home/talae-ubantu/6558_6576/install/teleop_interfaces/include/teleop_interfaces/teleop_interfaces/srv/detail/make_path__functions.h
[8.916s] -- Installing: /home/talae-ubantu/6558_6576/install/teleop_interfaces/include/teleop_interfaces/teleop_interfaces/srv/detail/clear_path__type_support.h
[8.916s] -- Installing: /home/talae-ubantu/6558_6576/install/teleop_interfaces/include/teleop_interfaces/teleop_interfaces/srv/detail/give_position__functions.c
[8.916s] -- Installing: /home/talae-ubantu/6558_6576/install/teleop_interfaces/include/teleop_interfaces/teleop_interfaces/srv/detail/save_path__type_support.h
[8.916s] -- Installing: /home/talae-ubantu/6558_6576/install/teleop_interfaces/include/teleop_interfaces/teleop_interfaces/srv/detail/make_path__functions.c
[8.916s] -- Installing: /home/talae-ubantu/6558_6576/install/teleop_interfaces/include/teleop_interfaces/teleop_interfaces/srv/detail/clear_path__functions.h
[8.917s] -- Installing: /home/talae-ubantu/6558_6576/install/teleop_interfaces/include/teleop_interfaces/teleop_interfaces/srv/detail/save_path__functions.h
[8.917s] -- Installing: /home/talae-ubantu/6558_6576/install/teleop_interfaces/include/teleop_interfaces/teleop_interfaces/srv/detail/give_position__struct.h
[8.917s] -- Installing: /home/talae-ubantu/6558_6576/install/teleop_interfaces/include/teleop_interfaces/teleop_interfaces/srv/detail/clear_path__struct.h
[8.917s] -- Installing: /home/talae-ubantu/6558_6576/install/teleop_interfaces/include/teleop_interfaces/teleop_interfaces/srv/detail/make_path__type_support.h
[8.917s] -- Installing: /home/talae-ubantu/6558_6576/install/teleop_interfaces/include/teleop_interfaces/teleop_interfaces/srv/detail/save_path__struct.h
[8.917s] -- Installing: /home/talae-ubantu/6558_6576/install/teleop_interfaces/include/teleop_interfaces/teleop_interfaces/srv/detail/save_path__functions.c
[8.917s] -- Installing: /home/talae-ubantu/6558_6576/install/teleop_interfaces/include/teleop_interfaces/teleop_interfaces/srv/clear_path.h
[8.918s] -- Installing: /home/talae-ubantu/6558_6576/install/teleop_interfaces/include/teleop_interfaces/teleop_interfaces/srv/give_position.h
[8.918s] -- Up-to-date: /home/talae-ubantu/6558_6576/install/teleop_interfaces/include/teleop_interfaces/teleop_interfaces/msg
[8.918s] -- Up-to-date: /home/talae-ubantu/6558_6576/install/teleop_interfaces/include/teleop_interfaces/teleop_interfaces/msg/rosidl_generator_c__visibility_control.h
[8.918s] -- Up-to-date: /home/talae-ubantu/6558_6576/install/teleop_interfaces/share/teleop_interfaces/environment/library_path.sh
[8.918s] -- Installing: /home/talae-ubantu/6558_6576/install/teleop_interfaces/share/teleop_interfaces/environment/library_path.dsv
[8.918s] -- Installing: /home/talae-ubantu/6558_6576/install/teleop_interfaces/lib/libteleop_interfaces__rosidl_generator_c.so
[8.919s] -- Set runtime path of "/home/talae-ubantu/6558_6576/install/teleop_interfaces/lib/libteleop_interfaces__rosidl_generator_c.so" to ""
[8.919s] -- Up-to-date: /home/talae-ubantu/6558_6576/install/teleop_interfaces/include/teleop_interfaces/teleop_interfaces
[8.919s] -- Up-to-date: /home/talae-ubantu/6558_6576/install/teleop_interfaces/include/teleop_interfaces/teleop_interfaces/srv
[8.919s] -- Up-to-date: /home/talae-ubantu/6558_6576/install/teleop_interfaces/include/teleop_interfaces/teleop_interfaces/srv/detail
[8.919s] -- Installing: /home/talae-ubantu/6558_6576/install/teleop_interfaces/include/teleop_interfaces/teleop_interfaces/srv/detail/make_path__rosidl_typesupport_fastrtps_c.h
[8.920s] -- Installing: /home/talae-ubantu/6558_6576/install/teleop_interfaces/include/teleop_interfaces/teleop_interfaces/srv/detail/save_path__rosidl_typesupport_fastrtps_c.h
[8.920s] -- Installing: /home/talae-ubantu/6558_6576/install/teleop_interfaces/include/teleop_interfaces/teleop_interfaces/srv/detail/give_position__rosidl_typesupport_fastrtps_c.h
[8.920s] -- Installing: /home/talae-ubantu/6558_6576/install/teleop_interfaces/include/teleop_interfaces/teleop_interfaces/srv/detail/clear_path__rosidl_typesupport_fastrtps_c.h
[8.920s] -- Up-to-date: /home/talae-ubantu/6558_6576/install/teleop_interfaces/include/teleop_interfaces/teleop_interfaces/msg
[8.920s] -- Up-to-date: /home/talae-ubantu/6558_6576/install/teleop_interfaces/include/teleop_interfaces/teleop_interfaces/msg/rosidl_typesupport_fastrtps_c__visibility_control.h
[8.920s] -- Installing: /home/talae-ubantu/6558_6576/install/teleop_interfaces/lib/libteleop_interfaces__rosidl_typesupport_fastrtps_c.so
[8.920s] -- Set runtime path of "/home/talae-ubantu/6558_6576/install/teleop_interfaces/lib/libteleop_interfaces__rosidl_typesupport_fastrtps_c.so" to ""
[8.921s] -- Up-to-date: /home/talae-ubantu/6558_6576/install/teleop_interfaces/include/teleop_interfaces/teleop_interfaces
[8.921s] -- Up-to-date: /home/talae-ubantu/6558_6576/install/teleop_interfaces/include/teleop_interfaces/teleop_interfaces/srv
[8.921s] -- Installing: /home/talae-ubantu/6558_6576/install/teleop_interfaces/include/teleop_interfaces/teleop_interfaces/srv/save_path.hpp
[8.921s] -- Installing: /home/talae-ubantu/6558_6576/install/teleop_interfaces/include/teleop_interfaces/teleop_interfaces/srv/clear_path.hpp
[8.921s] -- Installing: /home/talae-ubantu/6558_6576/install/teleop_interfaces/include/teleop_interfaces/teleop_interfaces/srv/make_path.hpp
[8.921s] -- Up-to-date: /home/talae-ubantu/6558_6576/install/teleop_interfaces/include/teleop_interfaces/teleop_interfaces/srv/detail
[8.921s] -- Installing: /home/talae-ubantu/6558_6576/install/teleop_interfaces/include/teleop_interfaces/teleop_interfaces/srv/detail/make_path__builder.hpp
[8.921s] -- Installing: /home/talae-ubantu/6558_6576/install/teleop_interfaces/include/teleop_interfaces/teleop_interfaces/srv/detail/make_path__struct.hpp
[8.922s] -- Installing: /home/talae-ubantu/6558_6576/install/teleop_interfaces/include/teleop_interfaces/teleop_interfaces/srv/detail/give_position__traits.hpp
[8.922s] -- Installing: /home/talae-ubantu/6558_6576/install/teleop_interfaces/include/teleop_interfaces/teleop_interfaces/srv/detail/clear_path__struct.hpp
[8.922s] -- Installing: /home/talae-ubantu/6558_6576/install/teleop_interfaces/include/teleop_interfaces/teleop_interfaces/srv/detail/give_position__struct.hpp
[8.922s] -- Installing: /home/talae-ubantu/6558_6576/install/teleop_interfaces/include/teleop_interfaces/teleop_interfaces/srv/detail/save_path__builder.hpp
[8.922s] -- Installing: /home/talae-ubantu/6558_6576/install/teleop_interfaces/include/teleop_interfaces/teleop_interfaces/srv/detail/save_path__traits.hpp
[8.922s] -- Installing: /home/talae-ubantu/6558_6576/install/teleop_interfaces/include/teleop_interfaces/teleop_interfaces/srv/detail/clear_path__traits.hpp
[8.922s] -- Installing: /home/talae-ubantu/6558_6576/install/teleop_interfaces/include/teleop_interfaces/teleop_interfaces/srv/detail/make_path__traits.hpp
[8.922s] -- Installing: /home/talae-ubantu/6558_6576/install/teleop_interfaces/include/teleop_interfaces/teleop_interfaces/srv/detail/save_path__struct.hpp
[8.923s] -- Installing: /home/talae-ubantu/6558_6576/install/teleop_interfaces/include/teleop_interfaces/teleop_interfaces/srv/detail/clear_path__builder.hpp
[8.923s] -- Installing: /home/talae-ubantu/6558_6576/install/teleop_interfaces/include/teleop_interfaces/teleop_interfaces/srv/detail/give_position__builder.hpp
[8.923s] -- Installing: /home/talae-ubantu/6558_6576/install/teleop_interfaces/include/teleop_interfaces/teleop_interfaces/srv/give_position.hpp
[8.923s] -- Up-to-date: /home/talae-ubantu/6558_6576/install/teleop_interfaces/include/teleop_interfaces/teleop_interfaces
[8.923s] -- Up-to-date: /home/talae-ubantu/6558_6576/install/teleop_interfaces/include/teleop_interfaces/teleop_interfaces/srv
[8.923s] -- Up-to-date: /home/talae-ubantu/6558_6576/install/teleop_interfaces/include/teleop_interfaces/teleop_interfaces/srv/detail
[8.923s] -- Installing: /home/talae-ubantu/6558_6576/install/teleop_interfaces/include/teleop_interfaces/teleop_interfaces/srv/detail/clear_path__rosidl_typesupport_fastrtps_cpp.hpp
[8.923s] -- Installing: /home/talae-ubantu/6558_6576/install/teleop_interfaces/include/teleop_interfaces/teleop_interfaces/srv/detail/give_position__rosidl_typesupport_fastrtps_cpp.hpp
[8.924s] -- Installing: /home/talae-ubantu/6558_6576/install/teleop_interfaces/include/teleop_interfaces/teleop_interfaces/srv/detail/make_path__rosidl_typesupport_fastrtps_cpp.hpp
[8.924s] -- Up-to-date: /home/talae-ubantu/6558_6576/install/teleop_interfaces/include/teleop_interfaces/teleop_interfaces/srv/detail/dds_fastrtps
[8.924s] -- Installing: /home/talae-ubantu/6558_6576/install/teleop_interfaces/include/teleop_interfaces/teleop_interfaces/srv/detail/save_path__rosidl_typesupport_fastrtps_cpp.hpp
[8.924s] -- Up-to-date: /home/talae-ubantu/6558_6576/install/teleop_interfaces/include/teleop_interfaces/teleop_interfaces/msg
[8.924s] -- Up-to-date: /home/talae-ubantu/6558_6576/install/teleop_interfaces/include/teleop_interfaces/teleop_interfaces/msg/rosidl_typesupport_fastrtps_cpp__visibility_control.h
[8.924s] -- Installing: /home/talae-ubantu/6558_6576/install/teleop_interfaces/lib/libteleop_interfaces__rosidl_typesupport_fastrtps_cpp.so
[8.924s] -- Set runtime path of "/home/talae-ubantu/6558_6576/install/teleop_interfaces/lib/libteleop_interfaces__rosidl_typesupport_fastrtps_cpp.so" to ""
[8.925s] -- Up-to-date: /home/talae-ubantu/6558_6576/install/teleop_interfaces/include/teleop_interfaces/teleop_interfaces
[8.925s] -- Up-to-date: /home/talae-ubantu/6558_6576/install/teleop_interfaces/include/teleop_interfaces/teleop_interfaces/srv
[8.925s] -- Up-to-date: /home/talae-ubantu/6558_6576/install/teleop_interfaces/include/teleop_interfaces/teleop_interfaces/srv/detail
[8.925s] -- Installing: /home/talae-ubantu/6558_6576/install/teleop_interfaces/include/teleop_interfaces/teleop_interfaces/srv/detail/make_path__rosidl_typesupport_introspection_c.h
[8.925s] -- Installing: /home/talae-ubantu/6558_6576/install/teleop_interfaces/include/teleop_interfaces/teleop_interfaces/srv/detail/make_path__type_support.c
[8.925s] -- Installing: /home/talae-ubantu/6558_6576/install/teleop_interfaces/include/teleop_interfaces/teleop_interfaces/srv/detail/give_position__rosidl_typesupport_introspection_c.h
[8.925s] -- Installing: /home/talae-ubantu/6558_6576/install/teleop_interfaces/include/teleop_interfaces/teleop_interfaces/srv/detail/clear_path__type_support.c
[8.925s] -- Installing: /home/talae-ubantu/6558_6576/install/teleop_interfaces/include/teleop_interfaces/teleop_interfaces/srv/detail/clear_path__rosidl_typesupport_introspection_c.h
[8.926s] -- Installing: /home/talae-ubantu/6558_6576/install/teleop_interfaces/include/teleop_interfaces/teleop_interfaces/srv/detail/save_path__type_support.c
[8.926s] -- Installing: /home/talae-ubantu/6558_6576/install/teleop_interfaces/include/teleop_interfaces/teleop_interfaces/srv/detail/give_position__type_support.c
[8.926s] -- Installing: /home/talae-ubantu/6558_6576/install/teleop_interfaces/include/teleop_interfaces/teleop_interfaces/srv/detail/save_path__rosidl_typesupport_introspection_c.h
[8.926s] -- Up-to-date: /home/talae-ubantu/6558_6576/install/teleop_interfaces/include/teleop_interfaces/teleop_interfaces/msg
[8.926s] -- Up-to-date: /home/talae-ubantu/6558_6576/install/teleop_interfaces/include/teleop_interfaces/teleop_interfaces/msg/rosidl_typesupport_introspection_c__visibility_control.h
[8.926s] -- Installing: /home/talae-ubantu/6558_6576/install/teleop_interfaces/lib/libteleop_interfaces__rosidl_typesupport_introspection_c.so
[8.926s] -- Set runtime path of "/home/talae-ubantu/6558_6576/install/teleop_interfaces/lib/libteleop_interfaces__rosidl_typesupport_introspection_c.so" to ""
[8.927s] -- Installing: /home/talae-ubantu/6558_6576/install/teleop_interfaces/lib/libteleop_interfaces__rosidl_typesupport_c.so
[8.927s] -- Set runtime path of "/home/talae-ubantu/6558_6576/install/teleop_interfaces/lib/libteleop_interfaces__rosidl_typesupport_c.so" to ""
[8.927s] -- Up-to-date: /home/talae-ubantu/6558_6576/install/teleop_interfaces/include/teleop_interfaces/teleop_interfaces
[8.927s] -- Up-to-date: /home/talae-ubantu/6558_6576/install/teleop_interfaces/include/teleop_interfaces/teleop_interfaces/srv
[8.927s] -- Up-to-date: /home/talae-ubantu/6558_6576/install/teleop_interfaces/include/teleop_interfaces/teleop_interfaces/srv/detail
[8.927s] -- Installing: /home/talae-ubantu/6558_6576/install/teleop_interfaces/include/teleop_interfaces/teleop_interfaces/srv/detail/save_path__type_support.cpp
[8.928s] -- Installing: /home/talae-ubantu/6558_6576/install/teleop_interfaces/include/teleop_interfaces/teleop_interfaces/srv/detail/make_path__rosidl_typesupport_introspection_cpp.hpp
[8.928s] -- Installing: /home/talae-ubantu/6558_6576/install/teleop_interfaces/include/teleop_interfaces/teleop_interfaces/srv/detail/make_path__type_support.cpp
[8.928s] -- Installing: /home/talae-ubantu/6558_6576/install/teleop_interfaces/include/teleop_interfaces/teleop_interfaces/srv/detail/give_position__rosidl_typesupport_introspection_cpp.hpp
[8.928s] -- Installing: /home/talae-ubantu/6558_6576/install/teleop_interfaces/include/teleop_interfaces/teleop_interfaces/srv/detail/give_position__type_support.cpp
[8.928s] -- Installing: /home/talae-ubantu/6558_6576/install/teleop_interfaces/include/teleop_interfaces/teleop_interfaces/srv/detail/save_path__rosidl_typesupport_introspection_cpp.hpp
[8.928s] -- Installing: /home/talae-ubantu/6558_6576/install/teleop_interfaces/include/teleop_interfaces/teleop_interfaces/srv/detail/clear_path__rosidl_typesupport_introspection_cpp.hpp
[8.929s] -- Installing: /home/talae-ubantu/6558_6576/install/teleop_interfaces/include/teleop_interfaces/teleop_interfaces/srv/detail/clear_path__type_support.cpp
[8.929s] -- Installing: /home/talae-ubantu/6558_6576/install/teleop_interfaces/lib/libteleop_interfaces__rosidl_typesupport_introspection_cpp.so
[8.929s] -- Set runtime path of "/home/talae-ubantu/6558_6576/install/teleop_interfaces/lib/libteleop_interfaces__rosidl_typesupport_introspection_cpp.so" to ""
[8.930s] -- Installing: /home/talae-ubantu/6558_6576/install/teleop_interfaces/lib/libteleop_interfaces__rosidl_typesupport_cpp.so
[8.930s] -- Set runtime path of "/home/talae-ubantu/6558_6576/install/teleop_interfaces/lib/libteleop_interfaces__rosidl_typesupport_cpp.so" to ""
[8.930s] -- Up-to-date: /home/talae-ubantu/6558_6576/install/teleop_interfaces/share/teleop_interfaces/environment/pythonpath.sh
[8.930s] -- Installing: /home/talae-ubantu/6558_6576/install/teleop_interfaces/share/teleop_interfaces/environment/pythonpath.dsv
[8.931s] -- Up-to-date: /home/talae-ubantu/6558_6576/install/teleop_interfaces/local/lib/python3.10/dist-packages/teleop_interfaces-0.0.0-py3.10.egg-info
[8.931s] -- Installing: /home/talae-ubantu/6558_6576/install/teleop_interfaces/local/lib/python3.10/dist-packages/teleop_interfaces-0.0.0-py3.10.egg-info/PKG-INFO
[8.931s] -- Installing: /home/talae-ubantu/6558_6576/install/teleop_interfaces/local/lib/python3.10/dist-packages/teleop_interfaces-0.0.0-py3.10.egg-info/top_level.txt
[8.931s] -- Installing: /home/talae-ubantu/6558_6576/install/teleop_interfaces/local/lib/python3.10/dist-packages/teleop_interfaces-0.0.0-py3.10.egg-info/SOURCES.txt
[8.931s] -- Installing: /home/talae-ubantu/6558_6576/install/teleop_interfaces/local/lib/python3.10/dist-packages/teleop_interfaces-0.0.0-py3.10.egg-info/dependency_links.txt
[8.931s] -- Up-to-date: /home/talae-ubantu/6558_6576/install/teleop_interfaces/local/lib/python3.10/dist-packages/teleop_interfaces
[8.931s] -- Installing: /home/talae-ubantu/6558_6576/install/teleop_interfaces/local/lib/python3.10/dist-packages/teleop_interfaces/__init__.py
[8.931s] -- Installing: /home/talae-ubantu/6558_6576/install/teleop_interfaces/local/lib/python3.10/dist-packages/teleop_interfaces/_teleop_interfaces_s.ep.rosidl_typesupport_c.c
[8.931s] -- Installing: /home/talae-ubantu/6558_6576/install/teleop_interfaces/local/lib/python3.10/dist-packages/teleop_interfaces/_teleop_interfaces_s.ep.rosidl_typesupport_fastrtps_c.c
[8.932s] -- Installing: /home/talae-ubantu/6558_6576/install/teleop_interfaces/local/lib/python3.10/dist-packages/teleop_interfaces/libteleop_interfaces__rosidl_generator_py.so
[8.932s] -- Installing: /home/talae-ubantu/6558_6576/install/teleop_interfaces/local/lib/python3.10/dist-packages/teleop_interfaces/_teleop_interfaces_s.ep.rosidl_typesupport_introspection_c.c
[8.932s] -- Installing: /home/talae-ubantu/6558_6576/install/teleop_interfaces/local/lib/python3.10/dist-packages/teleop_interfaces/teleop_interfaces_s__rosidl_typesupport_fastrtps_c.cpython-310-x86_64-linux-gnu.so
[8.932s] -- Installing: /home/talae-ubantu/6558_6576/install/teleop_interfaces/local/lib/python3.10/dist-packages/teleop_interfaces/teleop_interfaces_s__rosidl_typesupport_introspection_c.cpython-310-x86_64-linux-gnu.so
[8.932s] -- Installing: /home/talae-ubantu/6558_6576/install/teleop_interfaces/local/lib/python3.10/dist-packages/teleop_interfaces/teleop_interfaces_s__rosidl_typesupport_c.cpython-310-x86_64-linux-gnu.so
[8.933s] -- Up-to-date: /home/talae-ubantu/6558_6576/install/teleop_interfaces/local/lib/python3.10/dist-packages/teleop_interfaces/srv
[8.933s] -- Installing: /home/talae-ubantu/6558_6576/install/teleop_interfaces/local/lib/python3.10/dist-packages/teleop_interfaces/srv/__init__.py
[8.933s] -- Installing: /home/talae-ubantu/6558_6576/install/teleop_interfaces/local/lib/python3.10/dist-packages/teleop_interfaces/srv/_give_position_s.c
[8.933s] -- Installing: /home/talae-ubantu/6558_6576/install/teleop_interfaces/local/lib/python3.10/dist-packages/teleop_interfaces/srv/_clear_path_s.c
[8.933s] -- Installing: /home/talae-ubantu/6558_6576/install/teleop_interfaces/local/lib/python3.10/dist-packages/teleop_interfaces/srv/_make_path_s.c
[8.933s] -- Installing: /home/talae-ubantu/6558_6576/install/teleop_interfaces/local/lib/python3.10/dist-packages/teleop_interfaces/srv/_give_position.py
[8.933s] -- Installing: /home/talae-ubantu/6558_6576/install/teleop_interfaces/local/lib/python3.10/dist-packages/teleop_interfaces/srv/_clear_path.py
[8.933s] -- Installing: /home/talae-ubantu/6558_6576/install/teleop_interfaces/local/lib/python3.10/dist-packages/teleop_interfaces/srv/_save_path.py
[8.934s] -- Installing: /home/talae-ubantu/6558_6576/install/teleop_interfaces/local/lib/python3.10/dist-packages/teleop_interfaces/srv/_save_path_s.c
[8.934s] -- Installing: /home/talae-ubantu/6558_6576/install/teleop_interfaces/local/lib/python3.10/dist-packages/teleop_interfaces/srv/_make_path.py
[8.976s] Listing '/home/talae-ubantu/6558_6576/install/teleop_interfaces/local/lib/python3.10/dist-packages/teleop_interfaces'...
[8.976s] Compiling '/home/talae-ubantu/6558_6576/install/teleop_interfaces/local/lib/python3.10/dist-packages/teleop_interfaces/__init__.py'...
[8.976s] Listing '/home/talae-ubantu/6558_6576/install/teleop_interfaces/local/lib/python3.10/dist-packages/teleop_interfaces/srv'...
[8.976s] Compiling '/home/talae-ubantu/6558_6576/install/teleop_interfaces/local/lib/python3.10/dist-packages/teleop_interfaces/srv/__init__.py'...
[8.976s] Compiling '/home/talae-ubantu/6558_6576/install/teleop_interfaces/local/lib/python3.10/dist-packages/teleop_interfaces/srv/_clear_path.py'...
[8.976s] Compiling '/home/talae-ubantu/6558_6576/install/teleop_interfaces/local/lib/python3.10/dist-packages/teleop_interfaces/srv/_give_position.py'...
[8.976s] Compiling '/home/talae-ubantu/6558_6576/install/teleop_interfaces/local/lib/python3.10/dist-packages/teleop_interfaces/srv/_make_path.py'...
[8.977s] Compiling '/home/talae-ubantu/6558_6576/install/teleop_interfaces/local/lib/python3.10/dist-packages/teleop_interfaces/srv/_save_path.py'...
[8.982s] -- Installing: /home/talae-ubantu/6558_6576/install/teleop_interfaces/local/lib/python3.10/dist-packages/teleop_interfaces/teleop_interfaces_s__rosidl_typesupport_fastrtps_c.cpython-310-x86_64-linux-gnu.so
[8.982s] -- Set runtime path of "/home/talae-ubantu/6558_6576/install/teleop_interfaces/local/lib/python3.10/dist-packages/teleop_interfaces/teleop_interfaces_s__rosidl_typesupport_fastrtps_c.cpython-310-x86_64-linux-gnu.so" to ""
[8.982s] -- Installing: /home/talae-ubantu/6558_6576/install/teleop_interfaces/local/lib/python3.10/dist-packages/teleop_interfaces/teleop_interfaces_s__rosidl_typesupport_introspection_c.cpython-310-x86_64-linux-gnu.so
[8.983s] -- Set runtime path of "/home/talae-ubantu/6558_6576/install/teleop_interfaces/local/lib/python3.10/dist-packages/teleop_interfaces/teleop_interfaces_s__rosidl_typesupport_introspection_c.cpython-310-x86_64-linux-gnu.so" to ""
[8.983s] -- Installing: /home/talae-ubantu/6558_6576/install/teleop_interfaces/local/lib/python3.10/dist-packages/teleop_interfaces/teleop_interfaces_s__rosidl_typesupport_c.cpython-310-x86_64-linux-gnu.so
[8.983s] -- Set runtime path of "/home/talae-ubantu/6558_6576/install/teleop_interfaces/local/lib/python3.10/dist-packages/teleop_interfaces/teleop_interfaces_s__rosidl_typesupport_c.cpython-310-x86_64-linux-gnu.so" to ""
[8.983s] -- Installing: /home/talae-ubantu/6558_6576/install/teleop_interfaces/lib/libteleop_interfaces__rosidl_generator_py.so
[8.984s] -- Set runtime path of "/home/talae-ubantu/6558_6576/install/teleop_interfaces/lib/libteleop_interfaces__rosidl_generator_py.so" to ""
[8.984s] -- Up-to-date: /home/talae-ubantu/6558_6576/install/teleop_interfaces/share/teleop_interfaces/srv/MakePath.idl
[8.984s] -- Up-to-date: /home/talae-ubantu/6558_6576/install/teleop_interfaces/share/teleop_interfaces/srv/SavePath.idl
[8.984s] -- Up-to-date: /home/talae-ubantu/6558_6576/install/teleop_interfaces/share/teleop_interfaces/srv/ClearPath.idl
[8.984s] -- Installing: /home/talae-ubantu/6558_6576/install/teleop_interfaces/share/teleop_interfaces/srv/GivePosition.idl
[8.985s] -- Up-to-date: /home/talae-ubantu/6558_6576/install/teleop_interfaces/share/teleop_interfaces/srv/MakePath.srv
[8.985s] -- Up-to-date: /home/talae-ubantu/6558_6576/install/teleop_interfaces/share/teleop_interfaces/srv/MakePath_Request.msg
[8.985s] -- Up-to-date: /home/talae-ubantu/6558_6576/install/teleop_interfaces/share/teleop_interfaces/srv/MakePath_Response.msg
[8.985s] -- Up-to-date: /home/talae-ubantu/6558_6576/install/teleop_interfaces/share/teleop_interfaces/srv/SavePath.srv
[8.985s] -- Up-to-date: /home/talae-ubantu/6558_6576/install/teleop_interfaces/share/teleop_interfaces/srv/SavePath_Request.msg
[8.985s] -- Up-to-date: /home/talae-ubantu/6558_6576/install/teleop_interfaces/share/teleop_interfaces/srv/SavePath_Response.msg
[8.985s] -- Up-to-date: /home/talae-ubantu/6558_6576/install/teleop_interfaces/share/teleop_interfaces/srv/ClearPath.srv
[8.986s] -- Up-to-date: /home/talae-ubantu/6558_6576/install/teleop_interfaces/share/teleop_interfaces/srv/ClearPath_Request.msg
[8.986s] -- Up-to-date: /home/talae-ubantu/6558_6576/install/teleop_interfaces/share/teleop_interfaces/srv/ClearPath_Response.msg
[8.986s] -- Installing: /home/talae-ubantu/6558_6576/install/teleop_interfaces/share/teleop_interfaces/srv/GivePosition.srv
[8.986s] -- Installing: /home/talae-ubantu/6558_6576/install/teleop_interfaces/share/teleop_interfaces/srv/GivePosition_Request.msg
[8.986s] -- Installing: /home/talae-ubantu/6558_6576/install/teleop_interfaces/share/teleop_interfaces/srv/GivePosition_Response.msg
[8.986s] -- Up-to-date: /home/talae-ubantu/6558_6576/install/teleop_interfaces/share/ament_index/resource_index/package_run_dependencies/teleop_interfaces
[8.986s] -- Up-to-date: /home/talae-ubantu/6558_6576/install/teleop_interfaces/share/ament_index/resource_index/parent_prefix_path/teleop_interfaces
[8.986s] -- Up-to-date: /home/talae-ubantu/6558_6576/install/teleop_interfaces/share/teleop_interfaces/environment/ament_prefix_path.sh
[8.987s] -- Installing: /home/talae-ubantu/6558_6576/install/teleop_interfaces/share/teleop_interfaces/environment/ament_prefix_path.dsv
[8.987s] -- Up-to-date: /home/talae-ubantu/6558_6576/install/teleop_interfaces/share/teleop_interfaces/environment/path.sh
[8.987s] -- Installing: /home/talae-ubantu/6558_6576/install/teleop_interfaces/share/teleop_interfaces/environment/path.dsv
[8.987s] -- Up-to-date: /home/talae-ubantu/6558_6576/install/teleop_interfaces/share/teleop_interfaces/local_setup.bash
[8.987s] -- Up-to-date: /home/talae-ubantu/6558_6576/install/teleop_interfaces/share/teleop_interfaces/local_setup.sh
[8.987s] -- Up-to-date: /home/talae-ubantu/6558_6576/install/teleop_interfaces/share/teleop_interfaces/local_setup.zsh
[8.987s] -- Installing: /home/talae-ubantu/6558_6576/install/teleop_interfaces/share/teleop_interfaces/local_setup.dsv
[8.987s] -- Installing: /home/talae-ubantu/6558_6576/install/teleop_interfaces/share/teleop_interfaces/package.dsv
[8.988s] -- Up-to-date: /home/talae-ubantu/6558_6576/install/teleop_interfaces/share/ament_index/resource_index/packages/teleop_interfaces
[8.988s] -- Up-to-date: /home/talae-ubantu/6558_6576/install/teleop_interfaces/share/teleop_interfaces/cmake/export_teleop_interfaces__rosidl_generator_cExport.cmake
[8.988s] -- Up-to-date: /home/talae-ubantu/6558_6576/install/teleop_interfaces/share/teleop_interfaces/cmake/export_teleop_interfaces__rosidl_generator_cExport-noconfig.cmake
[8.988s] -- Up-to-date: /home/talae-ubantu/6558_6576/install/teleop_interfaces/share/teleop_interfaces/cmake/export_teleop_interfaces__rosidl_typesupport_fastrtps_cExport.cmake
[8.988s] -- Up-to-date: /home/talae-ubantu/6558_6576/install/teleop_interfaces/share/teleop_interfaces/cmake/export_teleop_interfaces__rosidl_typesupport_fastrtps_cExport-noconfig.cmake
[8.988s] -- Up-to-date: /home/talae-ubantu/6558_6576/install/teleop_interfaces/share/teleop_interfaces/cmake/export_teleop_interfaces__rosidl_generator_cppExport.cmake
[8.988s] -- Up-to-date: /home/talae-ubantu/6558_6576/install/teleop_interfaces/share/teleop_interfaces/cmake/export_teleop_interfaces__rosidl_typesupport_fastrtps_cppExport.cmake
[8.988s] -- Up-to-date: /home/talae-ubantu/6558_6576/install/teleop_interfaces/share/teleop_interfaces/cmake/export_teleop_interfaces__rosidl_typesupport_fastrtps_cppExport-noconfig.cmake
[8.988s] -- Up-to-date: /home/talae-ubantu/6558_6576/install/teleop_interfaces/share/teleop_interfaces/cmake/teleop_interfaces__rosidl_typesupport_introspection_cExport.cmake
[8.989s] -- Up-to-date: /home/talae-ubantu/6558_6576/install/teleop_interfaces/share/teleop_interfaces/cmake/teleop_interfaces__rosidl_typesupport_introspection_cExport-noconfig.cmake
[8.989s] -- Up-to-date: /home/talae-ubantu/6558_6576/install/teleop_interfaces/share/teleop_interfaces/cmake/teleop_interfaces__rosidl_typesupport_cExport.cmake
[8.989s] -- Up-to-date: /home/talae-ubantu/6558_6576/install/teleop_interfaces/share/teleop_interfaces/cmake/teleop_interfaces__rosidl_typesupport_cExport-noconfig.cmake
[8.989s] -- Up-to-date: /home/talae-ubantu/6558_6576/install/teleop_interfaces/share/teleop_interfaces/cmake/teleop_interfaces__rosidl_typesupport_introspection_cppExport.cmake
[8.989s] -- Up-to-date: /home/talae-ubantu/6558_6576/install/teleop_interfaces/share/teleop_interfaces/cmake/teleop_interfaces__rosidl_typesupport_introspection_cppExport-noconfig.cmake
[8.989s] -- Up-to-date: /home/talae-ubantu/6558_6576/install/teleop_interfaces/share/teleop_interfaces/cmake/teleop_interfaces__rosidl_typesupport_cppExport.cmake
[8.989s] -- Up-to-date: /home/talae-ubantu/6558_6576/install/teleop_interfaces/share/teleop_interfaces/cmake/teleop_interfaces__rosidl_typesupport_cppExport-noconfig.cmake
[8.989s] -- Up-to-date: /home/talae-ubantu/6558_6576/install/teleop_interfaces/share/teleop_interfaces/cmake/export_teleop_interfaces__rosidl_generator_pyExport.cmake
[8.989s] -- Up-to-date: /home/talae-ubantu/6558_6576/install/teleop_interfaces/share/teleop_interfaces/cmake/export_teleop_interfaces__rosidl_generator_pyExport-noconfig.cmake
[8.990s] -- Installing: /home/talae-ubantu/6558_6576/install/teleop_interfaces/share/teleop_interfaces/cmake/rosidl_cmake-extras.cmake
[8.990s] -- Up-to-date: /home/talae-ubantu/6558_6576/install/teleop_interfaces/share/teleop_interfaces/cmake/ament_cmake_export_dependencies-extras.cmake
[8.990s] -- Up-to-date: /home/talae-ubantu/6558_6576/install/teleop_interfaces/share/teleop_interfaces/cmake/ament_cmake_export_include_directories-extras.cmake
[8.990s] -- Up-to-date: /home/talae-ubantu/6558_6576/install/teleop_interfaces/share/teleop_interfaces/cmake/ament_cmake_export_libraries-extras.cmake
[8.990s] -- Up-to-date: /home/talae-ubantu/6558_6576/install/teleop_interfaces/share/teleop_interfaces/cmake/ament_cmake_export_targets-extras.cmake
[8.990s] -- Up-to-date: /home/talae-ubantu/6558_6576/install/teleop_interfaces/share/teleop_interfaces/cmake/rosidl_cmake_export_typesupport_targets-extras.cmake
[8.990s] -- Up-to-date: /home/talae-ubantu/6558_6576/install/teleop_interfaces/share/teleop_interfaces/cmake/rosidl_cmake_export_typesupport_libraries-extras.cmake
[8.990s] -- Up-to-date: /home/talae-ubantu/6558_6576/install/teleop_interfaces/share/teleop_interfaces/cmake/teleop_interfacesConfig.cmake
[8.990s] -- Up-to-date: /home/talae-ubantu/6558_6576/install/teleop_interfaces/share/teleop_interfaces/cmake/teleop_interfacesConfig-version.cmake
[8.990s] -- Up-to-date: /home/talae-ubantu/6558_6576/install/teleop_interfaces/share/teleop_interfaces/package.xml
[8.992s] Invoked command in '/home/talae-ubantu/6558_6576/build/teleop_interfaces' returned '0': CMAKE_PREFIX_PATH=${CMAKE_PREFIX_PATH}:/opt/ros/humble /usr/bin/cmake --install /home/talae-ubantu/6558_6576/build/teleop_interfaces
