[0.023s] Invoking command in '/home/talae-ubantu/6558_6576/build/teleop_interfaces': CMAKE_PREFIX_PATH=${CMAKE_PREFIX_PATH}:/opt/ros/humble /usr/bin/cmake --build /home/talae-ubantu/6558_6576/build/teleop_interfaces -- -j4 -l4
[0.064s] -- Found ament_cmake: 1.3.10 (/opt/ros/humble/share/ament_cmake/cmake)
[0.386s] -- Found ament_lint_auto: 0.12.11 (/opt/ros/humble/share/ament_lint_auto/cmake)
[0.514s] -- Found std_msgs: 4.2.4 (/opt/ros/humble/share/std_msgs/cmake)
[0.571s] -- Found rosidl_generator_c: 3.1.5 (/opt/ros/humble/share/rosidl_generator_c/cmake)
[0.577s] -- Found rosidl_adapter: 3.1.5 (/opt/ros/humble/share/rosidl_adapter/cmake)
[0.589s] -- Found rosidl_generator_cpp: 3.1.5 (/opt/ros/humble/share/rosidl_generator_cpp/cmake)
[0.607s] -- Using all available rosidl_typesupport_c: rosidl_typesupport_fastrtps_c;rosidl_typesupport_introspection_c
[0.634s] -- Using all available rosidl_typesupport_cpp: rosidl_typesupport_fastrtps_cpp;rosidl_typesupport_introspection_cpp
[0.681s] -- Found rosidl_default_generators: 1.2.0 (/opt/ros/humble/share/rosidl_default_generators/cmake)
[1.139s] -- Found ament_cmake_ros: 0.10.0 (/opt/ros/humble/share/ament_cmake_ros/cmake)
[1.547s] -- Using all available rosidl_typesupport_c: rosidl_typesupport_fastrtps_c;rosidl_typesupport_introspection_c
[1.697s] -- Using all available rosidl_typesupport_cpp: rosidl_typesupport_fastrtps_cpp;rosidl_typesupport_introspection_cpp
[1.721s] -- Found python_cmake_module: 0.10.0 (/opt/ros/humble/share/python_cmake_module/cmake)
[1.746s] -- Using PYTHON_EXECUTABLE: /usr/bin/python3
[1.746s] -- Using PYTHON_INCLUDE_DIRS: /usr/include/python3.10
[1.746s] -- Using PYTHON_LIBRARIES: /usr/lib/x86_64-linux-gnu/libpython3.10.so
[1.777s] -- Added test 'lint_cmake' to check CMake code style
[1.778s] -- Added test 'xmllint' to check XML markup files
[1.781s] -- Configuring done
[1.822s] -- Generating done
[1.826s] -- Build files have been written to: /home/talae-ubantu/6558_6576/build/teleop_interfaces
[1.853s] [  1%] [34m[1mGenerating C code for ROS interfaces[0m
[1.871s] [  3%] [34m[1mGenerating C++ code for ROS interfaces[0m
[1.881s] [  3%] Built target ament_cmake_python_copy_teleop_interfaces
[2.331s] running egg_info
[2.333s] writing teleop_interfaces.egg-info/PKG-INFO
[2.333s] writing dependency_links to teleop_interfaces.egg-info/dependency_links.txt
[2.333s] writing top-level names to teleop_interfaces.egg-info/top_level.txt
[2.337s] reading manifest file 'teleop_interfaces.egg-info/SOURCES.txt'
[2.338s] writing manifest file 'teleop_interfaces.egg-info/SOURCES.txt'
[2.387s] [  3%] Built target ament_cmake_python_build_teleop_interfaces_egg
[2.467s] [35m[1mConsolidate compiler generated dependencies of target teleop_interfaces__rosidl_generator_c[0m
[2.483s] [  5%] [32mBuilding C object CMakeFiles/teleop_interfaces__rosidl_generator_c.dir/rosidl_generator_c/teleop_interfaces/srv/detail/save_path__functions.c.o[0m
[2.483s] [  7%] [32mBuilding C object CMakeFiles/teleop_interfaces__rosidl_generator_c.dir/rosidl_generator_c/teleop_interfaces/srv/detail/make_path__functions.c.o[0m
[2.483s] [  9%] [32mBuilding C object CMakeFiles/teleop_interfaces__rosidl_generator_c.dir/rosidl_generator_c/teleop_interfaces/srv/detail/clear_path__functions.c.o[0m
[2.570s] [ 10%] [32mBuilding C object CMakeFiles/teleop_interfaces__rosidl_generator_c.dir/rosidl_generator_c/teleop_interfaces/srv/detail/give_position__functions.c.o[0m
[2.631s] [ 12%] [32m[1mLinking C shared library libteleop_interfaces__rosidl_generator_c.so[0m
[2.677s] [ 12%] Built target teleop_interfaces__rosidl_generator_c
[2.692s] [ 14%] [34m[1mGenerating C type support for eProsima Fast-RTPS[0m
[2.703s] [ 16%] [34m[1mGenerating C introspection for ROS interfaces[0m
[2.705s] [ 18%] [34m[1mGenerating C type support dispatch for ROS interfaces[0m
[2.814s] [ 18%] Built target teleop_interfaces__cpp
[2.827s] [ 20%] [34m[1mGenerating C++ type support dispatch for ROS interfaces[0m
[3.344s] [35m[1mConsolidate compiler generated dependencies of target teleop_interfaces__rosidl_typesupport_c[0m
[3.361s] [ 21%] [32mBuilding CXX object CMakeFiles/teleop_interfaces__rosidl_typesupport_c.dir/rosidl_typesupport_c/teleop_interfaces/srv/make_path__type_support.cpp.o[0m
[3.412s] [ 23%] [32mBuilding CXX object CMakeFiles/teleop_interfaces__rosidl_typesupport_c.dir/rosidl_typesupport_c/teleop_interfaces/srv/save_path__type_support.cpp.o[0m
[3.463s] [ 25%] [32mBuilding CXX object CMakeFiles/teleop_interfaces__rosidl_typesupport_c.dir/rosidl_typesupport_c/teleop_interfaces/srv/clear_path__type_support.cpp.o[0m
[3.478s] [35m[1mConsolidate compiler generated dependencies of target teleop_interfaces__rosidl_typesupport_cpp[0m
[3.501s] [ 27%] [32mBuilding CXX object CMakeFiles/teleop_interfaces__rosidl_typesupport_cpp.dir/rosidl_typesupport_cpp/teleop_interfaces/srv/make_path__type_support.cpp.o[0m
[3.516s] [ 29%] [32mBuilding CXX object CMakeFiles/teleop_interfaces__rosidl_typesupport_c.dir/rosidl_typesupport_c/teleop_interfaces/srv/give_position__type_support.cpp.o[0m
[3.545s] [35m[1mConsolidate compiler generated dependencies of target teleop_interfaces__rosidl_typesupport_introspection_c[0m
[3.565s] [ 30%] [32mBuilding C object CMakeFiles/teleop_interfaces__rosidl_typesupport_introspection_c.dir/rosidl_typesupport_introspection_c/teleop_interfaces/srv/detail/make_path__type_support.c.o[0m
[3.575s] [ 32%] [32m[1mLinking CXX shared library libteleop_interfaces__rosidl_typesupport_c.so[0m
[3.583s] [35m[1mConsolidate compiler generated dependencies of target teleop_interfaces__rosidl_typesupport_fastrtps_c[0m
[3.615s] [ 34%] [32mBuilding CXX object CMakeFiles/teleop_interfaces__rosidl_typesupport_fastrtps_c.dir/rosidl_typesupport_fastrtps_c/teleop_interfaces/srv/detail/make_path__type_support_c.cpp.o[0m
[3.647s] [ 36%] [32mBuilding C object CMakeFiles/teleop_interfaces__rosidl_typesupport_introspection_c.dir/rosidl_typesupport_introspection_c/teleop_interfaces/srv/detail/save_path__type_support.c.o[0m
[3.670s] [ 36%] Built target teleop_interfaces__rosidl_typesupport_c
[3.686s] [ 38%] [32mBuilding C object CMakeFiles/teleop_interfaces__rosidl_typesupport_introspection_c.dir/rosidl_typesupport_introspection_c/teleop_interfaces/srv/detail/clear_path__type_support.c.o[0m
[3.719s] [ 40%] [32mBuilding CXX object CMakeFiles/teleop_interfaces__rosidl_typesupport_fastrtps_c.dir/rosidl_typesupport_fastrtps_c/teleop_interfaces/srv/detail/save_path__type_support_c.cpp.o[0m
[3.767s] [ 41%] [32mBuilding C object CMakeFiles/teleop_interfaces__rosidl_typesupport_introspection_c.dir/rosidl_typesupport_introspection_c/teleop_interfaces/srv/detail/give_position__type_support.c.o[0m
[3.852s] [ 43%] [32m[1mLinking C shared library libteleop_interfaces__rosidl_typesupport_introspection_c.so[0m
[3.917s] [ 43%] Built target teleop_interfaces__rosidl_typesupport_introspection_c
[3.933s] [ 45%] [32mBuilding CXX object CMakeFiles/teleop_interfaces__rosidl_typesupport_fastrtps_c.dir/rosidl_typesupport_fastrtps_c/teleop_interfaces/srv/detail/clear_path__type_support_c.cpp.o[0m
[4.088s] [ 47%] [32mBuilding CXX object CMakeFiles/teleop_interfaces__rosidl_typesupport_cpp.dir/rosidl_typesupport_cpp/teleop_interfaces/srv/save_path__type_support.cpp.o[0m
[4.382s] [ 49%] [32mBuilding CXX object CMakeFiles/teleop_interfaces__rosidl_typesupport_cpp.dir/rosidl_typesupport_cpp/teleop_interfaces/srv/clear_path__type_support.cpp.o[0m
[4.475s] [ 50%] [34m[1mGenerating C++ type support for eProsima Fast-RTPS[0m
[4.677s] [ 52%] [34m[1mGenerating C++ introspection for ROS interfaces[0m
[4.704s] [ 54%] [32mBuilding CXX object CMakeFiles/teleop_interfaces__rosidl_typesupport_fastrtps_c.dir/rosidl_typesupport_fastrtps_c/teleop_interfaces/srv/detail/give_position__type_support_c.cpp.o[0m
[4.971s] [ 56%] [32mBuilding CXX object CMakeFiles/teleop_interfaces__rosidl_typesupport_cpp.dir/rosidl_typesupport_cpp/teleop_interfaces/srv/give_position__type_support.cpp.o[0m
[5.452s] [ 58%] [32m[1mLinking CXX shared library libteleop_interfaces__rosidl_typesupport_fastrtps_c.so[0m
[5.569s] [ 60%] [32m[1mLinking CXX shared library libteleop_interfaces__rosidl_typesupport_cpp.so[0m
[5.628s] [ 60%] Built target teleop_interfaces__rosidl_typesupport_fastrtps_c
[5.657s] [ 60%] Built target teleop_interfaces__rosidl_typesupport_cpp
[5.662s] [35m[1mConsolidate compiler generated dependencies of target teleop_interfaces__rosidl_typesupport_fastrtps_cpp[0m
[5.672s] [35m[1mConsolidate compiler generated dependencies of target teleop_interfaces__rosidl_typesupport_introspection_cpp[0m
[5.688s] [ 61%] [32mBuilding CXX object CMakeFiles/teleop_interfaces__rosidl_typesupport_fastrtps_cpp.dir/rosidl_typesupport_fastrtps_cpp/teleop_interfaces/srv/detail/dds_fastrtps/save_path__type_support.cpp.o[0m
[5.690s] [ 63%] [32mBuilding CXX object CMakeFiles/teleop_interfaces__rosidl_typesupport_fastrtps_cpp.dir/rosidl_typesupport_fastrtps_cpp/teleop_interfaces/srv/detail/dds_fastrtps/make_path__type_support.cpp.o[0m
[5.690s] [ 65%] [32mBuilding CXX object CMakeFiles/teleop_interfaces__rosidl_typesupport_fastrtps_cpp.dir/rosidl_typesupport_fastrtps_cpp/teleop_interfaces/srv/detail/dds_fastrtps/clear_path__type_support.cpp.o[0m
[5.701s] [ 67%] [32mBuilding CXX object CMakeFiles/teleop_interfaces__rosidl_typesupport_introspection_cpp.dir/rosidl_typesupport_introspection_cpp/teleop_interfaces/srv/detail/make_path__type_support.cpp.o[0m
[6.399s] [ 69%] [32mBuilding CXX object CMakeFiles/teleop_interfaces__rosidl_typesupport_introspection_cpp.dir/rosidl_typesupport_introspection_cpp/teleop_interfaces/srv/detail/save_path__type_support.cpp.o[0m
[6.405s] [ 70%] [32mBuilding CXX object CMakeFiles/teleop_interfaces__rosidl_typesupport_introspection_cpp.dir/rosidl_typesupport_introspection_cpp/teleop_interfaces/srv/detail/clear_path__type_support.cpp.o[0m
[6.429s] [ 72%] [32mBuilding CXX object CMakeFiles/teleop_interfaces__rosidl_typesupport_introspection_cpp.dir/rosidl_typesupport_introspection_cpp/teleop_interfaces/srv/detail/give_position__type_support.cpp.o[0m
[6.450s] [ 74%] [32mBuilding CXX object CMakeFiles/teleop_interfaces__rosidl_typesupport_fastrtps_cpp.dir/rosidl_typesupport_fastrtps_cpp/teleop_interfaces/srv/detail/dds_fastrtps/give_position__type_support.cpp.o[0m
[7.065s] [ 76%] [32m[1mLinking CXX shared library libteleop_interfaces__rosidl_typesupport_introspection_cpp.so[0m
[7.114s] [ 78%] [32m[1mLinking CXX shared library libteleop_interfaces__rosidl_typesupport_fastrtps_cpp.so[0m
[7.144s] [ 78%] Built target teleop_interfaces__rosidl_typesupport_introspection_cpp
[7.213s] [ 78%] Built target teleop_interfaces__rosidl_typesupport_fastrtps_cpp
[7.235s] [ 78%] Built target teleop_interfaces
[7.257s] [ 80%] [34m[1mGenerating Python code for ROS interfaces[0m
[8.079s] [ 80%] Built target teleop_interfaces__py
[8.090s] [35m[1mConsolidate compiler generated dependencies of target teleop_interfaces__rosidl_generator_py[0m
[8.108s] [ 85%] [32mBuilding C object CMakeFiles/teleop_interfaces__rosidl_generator_py.dir/rosidl_generator_py/teleop_interfaces/srv/_make_path_s.c.o[0m
[8.108s] [ 85%] [32mBuilding C object CMakeFiles/teleop_interfaces__rosidl_generator_py.dir/rosidl_generator_py/teleop_interfaces/srv/_save_path_s.c.o[0m
[8.109s] [ 87%] [32mBuilding C object CMakeFiles/teleop_interfaces__rosidl_generator_py.dir/rosidl_generator_py/teleop_interfaces/srv/_give_position_s.c.o[0m
[8.109s] [ 85%] [32mBuilding C object CMakeFiles/teleop_interfaces__rosidl_generator_py.dir/rosidl_generator_py/teleop_interfaces/srv/_clear_path_s.c.o[0m
[8.295s] [ 89%] [32m[1mLinking C shared library rosidl_generator_py/teleop_interfaces/libteleop_interfaces__rosidl_generator_py.so[0m
[8.338s] [ 89%] Built target teleop_interfaces__rosidl_generator_py
[8.350s] [35m[1mConsolidate compiler generated dependencies of target teleop_interfaces__rosidl_typesupport_c__pyext[0m
[8.353s] [35m[1mConsolidate compiler generated dependencies of target teleop_interfaces__rosidl_typesupport_introspection_c__pyext[0m
[8.353s] [35m[1mConsolidate compiler generated dependencies of target teleop_interfaces__rosidl_typesupport_fastrtps_c__pyext[0m
[8.366s] [ 90%] [32mBuilding C object CMakeFiles/teleop_interfaces__rosidl_typesupport_c__pyext.dir/rosidl_generator_py/teleop_interfaces/_teleop_interfaces_s.ep.rosidl_typesupport_c.c.o[0m
[8.371s] [ 92%] [32mBuilding C object CMakeFiles/teleop_interfaces__rosidl_typesupport_introspection_c__pyext.dir/rosidl_generator_py/teleop_interfaces/_teleop_interfaces_s.ep.rosidl_typesupport_introspection_c.c.o[0m
[8.372s] [ 94%] [32mBuilding C object CMakeFiles/teleop_interfaces__rosidl_typesupport_fastrtps_c__pyext.dir/rosidl_generator_py/teleop_interfaces/_teleop_interfaces_s.ep.rosidl_typesupport_fastrtps_c.c.o[0m
[8.504s] [ 96%] [32m[1mLinking C shared library rosidl_generator_py/teleop_interfaces/teleop_interfaces_s__rosidl_typesupport_c.cpython-310-x86_64-linux-gnu.so[0m
[8.546s] [ 96%] Built target teleop_interfaces__rosidl_typesupport_c__pyext
[8.582s] [100%] [32m[1mLinking C shared library rosidl_generator_py/teleop_interfaces/teleop_interfaces_s__rosidl_typesupport_fastrtps_c.cpython-310-x86_64-linux-gnu.so[0m
[8.583s] [100%] [32m[1mLinking C shared library rosidl_generator_py/teleop_interfaces/teleop_interfaces_s__rosidl_typesupport_introspection_c.cpython-310-x86_64-linux-gnu.so[0m
[8.623s] [100%] Built target teleop_interfaces__rosidl_typesupport_fastrtps_c__pyext
[8.624s] [100%] Built target teleop_interfaces__rosidl_typesupport_introspection_c__pyext
[8.636s] Invoked command in '/home/talae-ubantu/6558_6576/build/teleop_interfaces' returned '0': CMAKE_PREFIX_PATH=${CMAKE_PREFIX_PATH}:/opt/ros/humble /usr/bin/cmake --build /home/talae-ubantu/6558_6576/build/teleop_interfaces -- -j4 -l4
[8.763s] Invoking command in '/home/talae-ubantu/6558_6576/build/teleop_interfaces': CMAKE_PREFIX_PATH=${CMAKE_PREFIX_PATH}:/opt/ros/humble /usr/bin/cmake --install /home/talae-ubantu/6558_6576/build/teleop_interfaces
[8.771s] -- Install configuration: ""
[8.771s] -- Up-to-date: /home/talae-ubantu/6558_6576/install/teleop_interfaces/share/ament_index/resource_index/rosidl_interfaces/teleop_interfaces
[8.772s] -- Up-to-date: /home/talae-ubantu/6558_6576/install/teleop_interfaces/include/teleop_interfaces/teleop_interfaces
[8.772s] -- Up-to-date: /home/talae-ubantu/6558_6576/install/teleop_interfaces/include/teleop_interfaces/teleop_interfaces/srv
[8.772s] -- Installing: /home/talae-ubantu/6558_6576/install/teleop_interfaces/include/teleop_interfaces/teleop_interfaces/srv/make_path.h
[8.772s] -- Installing: /home/talae-ubantu/6558_6576/install/teleop_interfaces/include/teleop_interfaces/teleop_interfaces/srv/save_path.h
[8.772s] -- Up-to-date: /home/talae-ubantu/6558_6576/install/teleop_interfaces/include/teleop_interfaces/teleop_interfaces/srv/detail
[8.772s] -- Installing: /home/talae-ubantu/6558_6576/install/teleop_interfaces/include/teleop_interfaces/teleop_interfaces/srv/detail/give_position__functions.h
[8.772s] -- Installing: /home/talae-ubantu/6558_6576/install/teleop_interfaces/include/teleop_interfaces/teleop_interfaces/srv/detail/make_path__struct.h
[8.773s] -- Installing: /home/talae-ubantu/6558_6576/install/teleop_interfaces/include/teleop_interfaces/teleop_interfaces/srv/detail/give_position__type_support.h
[8.773s] -- Installing: /home/talae-ubantu/6558_6576/install/teleop_interfaces/include/teleop_interfaces/teleop_interfaces/srv/detail/clear_path__functions.c
[8.773s] -- Installing: /home/talae-ubantu/6558_6576/install/teleop_interfaces/include/teleop_interfaces/teleop_interfaces/srv/detail/make_path__functions.h
[8.773s] -- Installing: /home/talae-ubantu/6558_6576/install/teleop_interfaces/include/teleop_interfaces/teleop_interfaces/srv/detail/clear_path__type_support.h
[8.773s] -- Installing: /home/talae-ubantu/6558_6576/install/teleop_interfaces/include/teleop_interfaces/teleop_interfaces/srv/detail/give_position__functions.c
[8.773s] -- Installing: /home/talae-ubantu/6558_6576/install/teleop_interfaces/include/teleop_interfaces/teleop_interfaces/srv/detail/save_path__type_support.h
[8.773s] -- Installing: /home/talae-ubantu/6558_6576/install/teleop_interfaces/include/teleop_interfaces/teleop_interfaces/srv/detail/make_path__functions.c
[8.773s] -- Installing: /home/talae-ubantu/6558_6576/install/teleop_interfaces/include/teleop_interfaces/teleop_interfaces/srv/detail/clear_path__functions.h
[8.774s] -- Installing: /home/talae-ubantu/6558_6576/install/teleop_interfaces/include/teleop_interfaces/teleop_interfaces/srv/detail/save_path__functions.h
[8.774s] -- Installing: /home/talae-ubantu/6558_6576/install/teleop_interfaces/include/teleop_interfaces/teleop_interfaces/srv/detail/give_position__struct.h
[8.774s] -- Installing: /home/talae-ubantu/6558_6576/install/teleop_interfaces/include/teleop_interfaces/teleop_interfaces/srv/detail/clear_path__struct.h
[8.774s] -- Installing: /home/talae-ubantu/6558_6576/install/teleop_interfaces/include/teleop_interfaces/teleop_interfaces/srv/detail/make_path__type_support.h
[8.774s] -- Installing: /home/talae-ubantu/6558_6576/install/teleop_interfaces/include/teleop_interfaces/teleop_interfaces/srv/detail/save_path__struct.h
[8.774s] -- Installing: /home/talae-ubantu/6558_6576/install/teleop_interfaces/include/teleop_interfaces/teleop_interfaces/srv/detail/save_path__functions.c
[8.774s] -- Installing: /home/talae-ubantu/6558_6576/install/teleop_interfaces/include/teleop_interfaces/teleop_interfaces/srv/clear_path.h
[8.775s] -- Installing: /home/talae-ubantu/6558_6576/install/teleop_interfaces/include/teleop_interfaces/teleop_interfaces/srv/give_position.h
[8.775s] -- Up-to-date: /home/talae-ubantu/6558_6576/install/teleop_interfaces/include/teleop_interfaces/teleop_interfaces/msg
[8.775s] -- Up-to-date: /home/talae-ubantu/6558_6576/install/teleop_interfaces/include/teleop_interfaces/teleop_interfaces/msg/rosidl_generator_c__visibility_control.h
[8.775s] -- Up-to-date: /home/talae-ubantu/6558_6576/install/teleop_interfaces/share/teleop_interfaces/environment/library_path.sh
[8.775s] -- Installing: /home/talae-ubantu/6558_6576/install/teleop_interfaces/share/teleop_interfaces/environment/library_path.dsv
[8.775s] -- Installing: /home/talae-ubantu/6558_6576/install/teleop_interfaces/lib/libteleop_interfaces__rosidl_generator_c.so
[8.776s] -- Set runtime path of "/home/talae-ubantu/6558_6576/install/teleop_interfaces/lib/libteleop_interfaces__rosidl_generator_c.so" to ""
[8.776s] -- Up-to-date: /home/talae-ubantu/6558_6576/install/teleop_interfaces/include/teleop_interfaces/teleop_interfaces
[8.776s] -- Up-to-date: /home/talae-ubantu/6558_6576/install/teleop_interfaces/include/teleop_interfaces/teleop_interfaces/srv
[8.776s] -- Up-to-date: /home/talae-ubantu/6558_6576/install/teleop_interfaces/include/teleop_interfaces/teleop_interfaces/srv/detail
[8.776s] -- Installing: /home/talae-ubantu/6558_6576/install/teleop_interfaces/include/teleop_interfaces/teleop_interfaces/srv/detail/make_path__rosidl_typesupport_fastrtps_c.h
[8.776s] -- Installing: /home/talae-ubantu/6558_6576/install/teleop_interfaces/include/teleop_interfaces/teleop_interfaces/srv/detail/save_path__rosidl_typesupport_fastrtps_c.h
[8.776s] -- Installing: /home/talae-ubantu/6558_6576/install/teleop_interfaces/include/teleop_interfaces/teleop_interfaces/srv/detail/give_position__rosidl_typesupport_fastrtps_c.h
[8.776s] -- Installing: /home/talae-ubantu/6558_6576/install/teleop_interfaces/include/teleop_interfaces/teleop_interfaces/srv/detail/clear_path__rosidl_typesupport_fastrtps_c.h
[8.777s] -- Up-to-date: /home/talae-ubantu/6558_6576/install/teleop_interfaces/include/teleop_interfaces/teleop_interfaces/msg
[8.777s] -- Up-to-date: /home/talae-ubantu/6558_6576/install/teleop_interfaces/include/teleop_interfaces/teleop_interfaces/msg/rosidl_typesupport_fastrtps_c__visibility_control.h
[8.777s] -- Installing: /home/talae-ubantu/6558_6576/install/teleop_interfaces/lib/libteleop_interfaces__rosidl_typesupport_fastrtps_c.so
[8.777s] -- Set runtime path of "/home/talae-ubantu/6558_6576/install/teleop_interfaces/lib/libteleop_interfaces__rosidl_typesupport_fastrtps_c.so" to ""
[8.777s] -- Up-to-date: /home/talae-ubantu/6558_6576/install/teleop_interfaces/include/teleop_interfaces/teleop_interfaces
[8.777s] -- Up-to-date: /home/talae-ubantu/6558_6576/install/teleop_interfaces/include/teleop_interfaces/teleop_interfaces/srv
[8.778s] -- Installing: /home/talae-ubantu/6558_6576/install/teleop_interfaces/include/teleop_interfaces/teleop_interfaces/srv/save_path.hpp
[8.778s] -- Installing: /home/talae-ubantu/6558_6576/install/teleop_interfaces/include/teleop_interfaces/teleop_interfaces/srv/clear_path.hpp
[8.778s] -- Installing: /home/talae-ubantu/6558_6576/install/teleop_interfaces/include/teleop_interfaces/teleop_interfaces/srv/make_path.hpp
[8.778s] -- Up-to-date: /home/talae-ubantu/6558_6576/install/teleop_interfaces/include/teleop_interfaces/teleop_interfaces/srv/detail
[8.778s] -- Installing: /home/talae-ubantu/6558_6576/install/teleop_interfaces/include/teleop_interfaces/teleop_interfaces/srv/detail/make_path__builder.hpp
[8.778s] -- Installing: /home/talae-ubantu/6558_6576/install/teleop_interfaces/include/teleop_interfaces/teleop_interfaces/srv/detail/make_path__struct.hpp
[8.778s] -- Installing: /home/talae-ubantu/6558_6576/install/teleop_interfaces/include/teleop_interfaces/teleop_interfaces/srv/detail/give_position__traits.hpp
[8.778s] -- Installing: /home/talae-ubantu/6558_6576/install/teleop_interfaces/include/teleop_interfaces/teleop_interfaces/srv/detail/clear_path__struct.hpp
[8.779s] -- Installing: /home/talae-ubantu/6558_6576/install/teleop_interfaces/include/teleop_interfaces/teleop_interfaces/srv/detail/give_position__struct.hpp
[8.779s] -- Installing: /home/talae-ubantu/6558_6576/install/teleop_interfaces/include/teleop_interfaces/teleop_interfaces/srv/detail/save_path__builder.hpp
[8.779s] -- Installing: /home/talae-ubantu/6558_6576/install/teleop_interfaces/include/teleop_interfaces/teleop_interfaces/srv/detail/save_path__traits.hpp
[8.779s] -- Installing: /home/talae-ubantu/6558_6576/install/teleop_interfaces/include/teleop_interfaces/teleop_interfaces/srv/detail/clear_path__traits.hpp
[8.779s] -- Installing: /home/talae-ubantu/6558_6576/install/teleop_interfaces/include/teleop_interfaces/teleop_interfaces/srv/detail/make_path__traits.hpp
[8.779s] -- Installing: /home/talae-ubantu/6558_6576/install/teleop_interfaces/include/teleop_interfaces/teleop_interfaces/srv/detail/save_path__struct.hpp
[8.779s] -- Installing: /home/talae-ubantu/6558_6576/install/teleop_interfaces/include/teleop_interfaces/teleop_interfaces/srv/detail/clear_path__builder.hpp
[8.779s] -- Installing: /home/talae-ubantu/6558_6576/install/teleop_interfaces/include/teleop_interfaces/teleop_interfaces/srv/detail/give_position__builder.hpp
[8.780s] -- Installing: /home/talae-ubantu/6558_6576/install/teleop_interfaces/include/teleop_interfaces/teleop_interfaces/srv/give_position.hpp
[8.780s] -- Up-to-date: /home/talae-ubantu/6558_6576/install/teleop_interfaces/include/teleop_interfaces/teleop_interfaces
[8.780s] -- Up-to-date: /home/talae-ubantu/6558_6576/install/teleop_interfaces/include/teleop_interfaces/teleop_interfaces/srv
[8.780s] -- Up-to-date: /home/talae-ubantu/6558_6576/install/teleop_interfaces/include/teleop_interfaces/teleop_interfaces/srv/detail
[8.780s] -- Installing: /home/talae-ubantu/6558_6576/install/teleop_interfaces/include/teleop_interfaces/teleop_interfaces/srv/detail/clear_path__rosidl_typesupport_fastrtps_cpp.hpp
[8.780s] -- Installing: /home/talae-ubantu/6558_6576/install/teleop_interfaces/include/teleop_interfaces/teleop_interfaces/srv/detail/give_position__rosidl_typesupport_fastrtps_cpp.hpp
[8.780s] -- Installing: /home/talae-ubantu/6558_6576/install/teleop_interfaces/include/teleop_interfaces/teleop_interfaces/srv/detail/make_path__rosidl_typesupport_fastrtps_cpp.hpp
[8.781s] -- Up-to-date: /home/talae-ubantu/6558_6576/install/teleop_interfaces/include/teleop_interfaces/teleop_interfaces/srv/detail/dds_fastrtps
[8.781s] -- Installing: /home/talae-ubantu/6558_6576/install/teleop_interfaces/include/teleop_interfaces/teleop_interfaces/srv/detail/save_path__rosidl_typesupport_fastrtps_cpp.hpp
[8.781s] -- Up-to-date: /home/talae-ubantu/6558_6576/install/teleop_interfaces/include/teleop_interfaces/teleop_interfaces/msg
[8.781s] -- Up-to-date: /home/talae-ubantu/6558_6576/install/teleop_interfaces/include/teleop_interfaces/teleop_interfaces/msg/rosidl_typesupport_fastrtps_cpp__visibility_control.h
[8.781s] -- Installing: /home/talae-ubantu/6558_6576/install/teleop_interfaces/lib/libteleop_interfaces__rosidl_typesupport_fastrtps_cpp.so
[8.781s] -- Set runtime path of "/home/talae-ubantu/6558_6576/install/teleop_interfaces/lib/libteleop_interfaces__rosidl_typesupport_fastrtps_cpp.so" to ""
[8.781s] -- Up-to-date: /home/talae-ubantu/6558_6576/install/teleop_interfaces/include/teleop_interfaces/teleop_interfaces
[8.781s] -- Up-to-date: /home/talae-ubantu/6558_6576/install/teleop_interfaces/include/teleop_interfaces/teleop_interfaces/srv
[8.782s] -- Up-to-date: /home/talae-ubantu/6558_6576/install/teleop_interfaces/include/teleop_interfaces/teleop_interfaces/srv/detail
[8.782s] -- Installing: /home/talae-ubantu/6558_6576/install/teleop_interfaces/include/teleop_interfaces/teleop_interfaces/srv/detail/make_path__rosidl_typesupport_introspection_c.h
[8.782s] -- Installing: /home/talae-ubantu/6558_6576/install/teleop_interfaces/include/teleop_interfaces/teleop_interfaces/srv/detail/make_path__type_support.c
[8.782s] -- Installing: /home/talae-ubantu/6558_6576/install/teleop_interfaces/include/teleop_interfaces/teleop_interfaces/srv/detail/give_position__rosidl_typesupport_introspection_c.h
[8.782s] -- Installing: /home/talae-ubantu/6558_6576/install/teleop_interfaces/include/teleop_interfaces/teleop_interfaces/srv/detail/clear_path__type_support.c
[8.782s] -- Installing: /home/talae-ubantu/6558_6576/install/teleop_interfaces/include/teleop_interfaces/teleop_interfaces/srv/detail/clear_path__rosidl_typesupport_introspection_c.h
[8.782s] -- Installing: /home/talae-ubantu/6558_6576/install/teleop_interfaces/include/teleop_interfaces/teleop_interfaces/srv/detail/save_path__type_support.c
[8.783s] -- Installing: /home/talae-ubantu/6558_6576/install/teleop_interfaces/include/teleop_interfaces/teleop_interfaces/srv/detail/give_position__type_support.c
[8.783s] -- Installing: /home/talae-ubantu/6558_6576/install/teleop_interfaces/include/teleop_interfaces/teleop_interfaces/srv/detail/save_path__rosidl_typesupport_introspection_c.h
[8.783s] -- Up-to-date: /home/talae-ubantu/6558_6576/install/teleop_interfaces/include/teleop_interfaces/teleop_interfaces/msg
[8.783s] -- Up-to-date: /home/talae-ubantu/6558_6576/install/teleop_interfaces/include/teleop_interfaces/teleop_interfaces/msg/rosidl_typesupport_introspection_c__visibility_control.h
[8.783s] -- Installing: /home/talae-ubantu/6558_6576/install/teleop_interfaces/lib/libteleop_interfaces__rosidl_typesupport_introspection_c.so
[8.783s] -- Set runtime path of "/home/talae-ubantu/6558_6576/install/teleop_interfaces/lib/libteleop_interfaces__rosidl_typesupport_introspection_c.so" to ""
[8.783s] -- Installing: /home/talae-ubantu/6558_6576/install/teleop_interfaces/lib/libteleop_interfaces__rosidl_typesupport_c.so
[8.784s] -- Set runtime path of "/home/talae-ubantu/6558_6576/install/teleop_interfaces/lib/libteleop_interfaces__rosidl_typesupport_c.so" to ""
[8.784s] -- Up-to-date: /home/talae-ubantu/6558_6576/install/teleop_interfaces/include/teleop_interfaces/teleop_interfaces
[8.784s] -- Up-to-date: /home/talae-ubantu/6558_6576/install/teleop_interfaces/include/teleop_interfaces/teleop_interfaces/srv
[8.784s] -- Up-to-date: /home/talae-ubantu/6558_6576/install/teleop_interfaces/include/teleop_interfaces/teleop_interfaces/srv/detail
[8.784s] -- Installing: /home/talae-ubantu/6558_6576/install/teleop_interfaces/include/teleop_interfaces/teleop_interfaces/srv/detail/save_path__type_support.cpp
[8.784s] -- Installing: /home/talae-ubantu/6558_6576/install/teleop_interfaces/include/teleop_interfaces/teleop_interfaces/srv/detail/make_path__rosidl_typesupport_introspection_cpp.hpp
[8.784s] -- Installing: /home/talae-ubantu/6558_6576/install/teleop_interfaces/include/teleop_interfaces/teleop_interfaces/srv/detail/make_path__type_support.cpp
[8.785s] -- Installing: /home/talae-ubantu/6558_6576/install/teleop_interfaces/include/teleop_interfaces/teleop_interfaces/srv/detail/give_position__rosidl_typesupport_introspection_cpp.hpp
[8.785s] -- Installing: /home/talae-ubantu/6558_6576/install/teleop_interfaces/include/teleop_interfaces/teleop_interfaces/srv/detail/give_position__type_support.cpp
[8.785s] -- Installing: /home/talae-ubantu/6558_6576/install/teleop_interfaces/include/teleop_interfaces/teleop_interfaces/srv/detail/save_path__rosidl_typesupport_introspection_cpp.hpp
[8.785s] -- Installing: /home/talae-ubantu/6558_6576/install/teleop_interfaces/include/teleop_interfaces/teleop_interfaces/srv/detail/clear_path__rosidl_typesupport_introspection_cpp.hpp
[8.785s] -- Installing: /home/talae-ubantu/6558_6576/install/teleop_interfaces/include/teleop_interfaces/teleop_interfaces/srv/detail/clear_path__type_support.cpp
[8.785s] -- Installing: /home/talae-ubantu/6558_6576/install/teleop_interfaces/lib/libteleop_interfaces__rosidl_typesupport_introspection_cpp.so
[8.786s] -- Set runtime path of "/home/talae-ubantu/6558_6576/install/teleop_interfaces/lib/libteleop_interfaces__rosidl_typesupport_introspection_cpp.so" to ""
[8.786s] -- Installing: /home/talae-ubantu/6558_6576/install/teleop_interfaces/lib/libteleop_interfaces__rosidl_typesupport_cpp.so
[8.786s] -- Set runtime path of "/home/talae-ubantu/6558_6576/install/teleop_interfaces/lib/libteleop_interfaces__rosidl_typesupport_cpp.so" to ""
[8.787s] -- Up-to-date: /home/talae-ubantu/6558_6576/install/teleop_interfaces/share/teleop_interfaces/environment/pythonpath.sh
[8.787s] -- Installing: /home/talae-ubantu/6558_6576/install/teleop_interfaces/share/teleop_interfaces/environment/pythonpath.dsv
[8.787s] -- Up-to-date: /home/talae-ubantu/6558_6576/install/teleop_interfaces/local/lib/python3.10/dist-packages/teleop_interfaces-0.0.0-py3.10.egg-info
[8.787s] -- Installing: /home/talae-ubantu/6558_6576/install/teleop_interfaces/local/lib/python3.10/dist-packages/teleop_interfaces-0.0.0-py3.10.egg-info/PKG-INFO
[8.787s] -- Installing: /home/talae-ubantu/6558_6576/install/teleop_interfaces/local/lib/python3.10/dist-packages/teleop_interfaces-0.0.0-py3.10.egg-info/top_level.txt
[8.787s] -- Installing: /home/talae-ubantu/6558_6576/install/teleop_interfaces/local/lib/python3.10/dist-packages/teleop_interfaces-0.0.0-py3.10.egg-info/SOURCES.txt
[8.787s] -- Installing: /home/talae-ubantu/6558_6576/install/teleop_interfaces/local/lib/python3.10/dist-packages/teleop_interfaces-0.0.0-py3.10.egg-info/dependency_links.txt
[8.788s] -- Up-to-date: /home/talae-ubantu/6558_6576/install/teleop_interfaces/local/lib/python3.10/dist-packages/teleop_interfaces
[8.788s] -- Installing: /home/talae-ubantu/6558_6576/install/teleop_interfaces/local/lib/python3.10/dist-packages/teleop_interfaces/__init__.py
[8.788s] -- Installing: /home/talae-ubantu/6558_6576/install/teleop_interfaces/local/lib/python3.10/dist-packages/teleop_interfaces/_teleop_interfaces_s.ep.rosidl_typesupport_c.c
[8.788s] -- Installing: /home/talae-ubantu/6558_6576/install/teleop_interfaces/local/lib/python3.10/dist-packages/teleop_interfaces/_teleop_interfaces_s.ep.rosidl_typesupport_fastrtps_c.c
[8.788s] -- Installing: /home/talae-ubantu/6558_6576/install/teleop_interfaces/local/lib/python3.10/dist-packages/teleop_interfaces/libteleop_interfaces__rosidl_generator_py.so
[8.788s] -- Installing: /home/talae-ubantu/6558_6576/install/teleop_interfaces/local/lib/python3.10/dist-packages/teleop_interfaces/_teleop_interfaces_s.ep.rosidl_typesupport_introspection_c.c
[8.788s] -- Installing: /home/talae-ubantu/6558_6576/install/teleop_interfaces/local/lib/python3.10/dist-packages/teleop_interfaces/teleop_interfaces_s__rosidl_typesupport_fastrtps_c.cpython-310-x86_64-linux-gnu.so
[8.789s] -- Installing: /home/talae-ubantu/6558_6576/install/teleop_interfaces/local/lib/python3.10/dist-packages/teleop_interfaces/teleop_interfaces_s__rosidl_typesupport_introspection_c.cpython-310-x86_64-linux-gnu.so
[8.789s] -- Installing: /home/talae-ubantu/6558_6576/install/teleop_interfaces/local/lib/python3.10/dist-packages/teleop_interfaces/teleop_interfaces_s__rosidl_typesupport_c.cpython-310-x86_64-linux-gnu.so
[8.789s] -- Up-to-date: /home/talae-ubantu/6558_6576/install/teleop_interfaces/local/lib/python3.10/dist-packages/teleop_interfaces/srv
[8.789s] -- Installing: /home/talae-ubantu/6558_6576/install/teleop_interfaces/local/lib/python3.10/dist-packages/teleop_interfaces/srv/__init__.py
[8.789s] -- Installing: /home/talae-ubantu/6558_6576/install/teleop_interfaces/local/lib/python3.10/dist-packages/teleop_interfaces/srv/_give_position_s.c
[8.789s] -- Installing: /home/talae-ubantu/6558_6576/install/teleop_interfaces/local/lib/python3.10/dist-packages/teleop_interfaces/srv/_clear_path_s.c
[8.789s] -- Installing: /home/talae-ubantu/6558_6576/install/teleop_interfaces/local/lib/python3.10/dist-packages/teleop_interfaces/srv/_make_path_s.c
[8.790s] -- Installing: /home/talae-ubantu/6558_6576/install/teleop_interfaces/local/lib/python3.10/dist-packages/teleop_interfaces/srv/_give_position.py
[8.790s] -- Installing: /home/talae-ubantu/6558_6576/install/teleop_interfaces/local/lib/python3.10/dist-packages/teleop_interfaces/srv/_clear_path.py
[8.790s] -- Installing: /home/talae-ubantu/6558_6576/install/teleop_interfaces/local/lib/python3.10/dist-packages/teleop_interfaces/srv/_save_path.py
[8.790s] -- Installing: /home/talae-ubantu/6558_6576/install/teleop_interfaces/local/lib/python3.10/dist-packages/teleop_interfaces/srv/_save_path_s.c
[8.790s] -- Installing: /home/talae-ubantu/6558_6576/install/teleop_interfaces/local/lib/python3.10/dist-packages/teleop_interfaces/srv/_make_path.py
[8.831s] Listing '/home/talae-ubantu/6558_6576/install/teleop_interfaces/local/lib/python3.10/dist-packages/teleop_interfaces'...
[8.831s] Compiling '/home/talae-ubantu/6558_6576/install/teleop_interfaces/local/lib/python3.10/dist-packages/teleop_interfaces/__init__.py'...
[8.831s] Listing '/home/talae-ubantu/6558_6576/install/teleop_interfaces/local/lib/python3.10/dist-packages/teleop_interfaces/srv'...
[8.831s] Compiling '/home/talae-ubantu/6558_6576/install/teleop_interfaces/local/lib/python3.10/dist-packages/teleop_interfaces/srv/__init__.py'...
[8.831s] Compiling '/home/talae-ubantu/6558_6576/install/teleop_interfaces/local/lib/python3.10/dist-packages/teleop_interfaces/srv/_clear_path.py'...
[8.831s] Compiling '/home/talae-ubantu/6558_6576/install/teleop_interfaces/local/lib/python3.10/dist-packages/teleop_interfaces/srv/_give_position.py'...
[8.831s] Compiling '/home/talae-ubantu/6558_6576/install/teleop_interfaces/local/lib/python3.10/dist-packages/teleop_interfaces/srv/_make_path.py'...
[8.831s] Compiling '/home/talae-ubantu/6558_6576/install/teleop_interfaces/local/lib/python3.10/dist-packages/teleop_interfaces/srv/_save_path.py'...
[8.836s] -- Installing: /home/talae-ubantu/6558_6576/install/teleop_interfaces/local/lib/python3.10/dist-packages/teleop_interfaces/teleop_interfaces_s__rosidl_typesupport_fastrtps_c.cpython-310-x86_64-linux-gnu.so
[8.836s] -- Set runtime path of "/home/talae-ubantu/6558_6576/install/teleop_interfaces/local/lib/python3.10/dist-packages/teleop_interfaces/teleop_interfaces_s__rosidl_typesupport_fastrtps_c.cpython-310-x86_64-linux-gnu.so" to ""
[8.837s] -- Installing: /home/talae-ubantu/6558_6576/install/teleop_interfaces/local/lib/python3.10/dist-packages/teleop_interfaces/teleop_interfaces_s__rosidl_typesupport_introspection_c.cpython-310-x86_64-linux-gnu.so
[8.837s] -- Set runtime path of "/home/talae-ubantu/6558_6576/install/teleop_interfaces/local/lib/python3.10/dist-packages/teleop_interfaces/teleop_interfaces_s__rosidl_typesupport_introspection_c.cpython-310-x86_64-linux-gnu.so" to ""
[8.837s] -- Installing: /home/talae-ubantu/6558_6576/install/teleop_interfaces/local/lib/python3.10/dist-packages/teleop_interfaces/teleop_interfaces_s__rosidl_typesupport_c.cpython-310-x86_64-linux-gnu.so
[8.838s] -- Set runtime path of "/home/talae-ubantu/6558_6576/install/teleop_interfaces/local/lib/python3.10/dist-packages/teleop_interfaces/teleop_interfaces_s__rosidl_typesupport_c.cpython-310-x86_64-linux-gnu.so" to ""
[8.838s] -- Installing: /home/talae-ubantu/6558_6576/install/teleop_interfaces/lib/libteleop_interfaces__rosidl_generator_py.so
[8.838s] -- Set runtime path of "/home/talae-ubantu/6558_6576/install/teleop_interfaces/lib/libteleop_interfaces__rosidl_generator_py.so" to ""
[8.839s] -- Up-to-date: /home/talae-ubantu/6558_6576/install/teleop_interfaces/share/teleop_interfaces/srv/MakePath.idl
[8.839s] -- Up-to-date: /home/talae-ubantu/6558_6576/install/teleop_interfaces/share/teleop_interfaces/srv/SavePath.idl
[8.839s] -- Up-to-date: /home/talae-ubantu/6558_6576/install/teleop_interfaces/share/teleop_interfaces/srv/ClearPath.idl
[8.839s] -- Installing: /home/talae-ubantu/6558_6576/install/teleop_interfaces/share/teleop_interfaces/srv/GivePosition.idl
[8.839s] -- Up-to-date: /home/talae-ubantu/6558_6576/install/teleop_interfaces/share/teleop_interfaces/srv/MakePath.srv
[8.839s] -- Up-to-date: /home/talae-ubantu/6558_6576/install/teleop_interfaces/share/teleop_interfaces/srv/MakePath_Request.msg
[8.839s] -- Up-to-date: /home/talae-ubantu/6558_6576/install/teleop_interfaces/share/teleop_interfaces/srv/MakePath_Response.msg
[8.839s] -- Up-to-date: /home/talae-ubantu/6558_6576/install/teleop_interfaces/share/teleop_interfaces/srv/SavePath.srv
[8.839s] -- Up-to-date: /home/talae-ubantu/6558_6576/install/teleop_interfaces/share/teleop_interfaces/srv/SavePath_Request.msg
[8.840s] -- Up-to-date: /home/talae-ubantu/6558_6576/install/teleop_interfaces/share/teleop_interfaces/srv/SavePath_Response.msg
[8.840s] -- Up-to-date: /home/talae-ubantu/6558_6576/install/teleop_interfaces/share/teleop_interfaces/srv/ClearPath.srv
[8.840s] -- Up-to-date: /home/talae-ubantu/6558_6576/install/teleop_interfaces/share/teleop_interfaces/srv/ClearPath_Request.msg
[8.840s] -- Up-to-date: /home/talae-ubantu/6558_6576/install/teleop_interfaces/share/teleop_interfaces/srv/ClearPath_Response.msg
[8.840s] -- Installing: /home/talae-ubantu/6558_6576/install/teleop_interfaces/share/teleop_interfaces/srv/GivePosition.srv
[8.840s] -- Installing: /home/talae-ubantu/6558_6576/install/teleop_interfaces/share/teleop_interfaces/srv/GivePosition_Request.msg
[8.840s] -- Up-to-date: /home/talae-ubantu/6558_6576/install/teleop_interfaces/share/teleop_interfaces/srv/GivePosition_Response.msg
[8.840s] -- Up-to-date: /home/talae-ubantu/6558_6576/install/teleop_interfaces/share/ament_index/resource_index/package_run_dependencies/teleop_interfaces
[8.841s] -- Up-to-date: /home/talae-ubantu/6558_6576/install/teleop_interfaces/share/ament_index/resource_index/parent_prefix_path/teleop_interfaces
[8.841s] -- Up-to-date: /home/talae-ubantu/6558_6576/install/teleop_interfaces/share/teleop_interfaces/environment/ament_prefix_path.sh
[8.841s] -- Installing: /home/talae-ubantu/6558_6576/install/teleop_interfaces/share/teleop_interfaces/environment/ament_prefix_path.dsv
[8.841s] -- Up-to-date: /home/talae-ubantu/6558_6576/install/teleop_interfaces/share/teleop_interfaces/environment/path.sh
[8.841s] -- Installing: /home/talae-ubantu/6558_6576/install/teleop_interfaces/share/teleop_interfaces/environment/path.dsv
[8.841s] -- Up-to-date: /home/talae-ubantu/6558_6576/install/teleop_interfaces/share/teleop_interfaces/local_setup.bash
[8.841s] -- Up-to-date: /home/talae-ubantu/6558_6576/install/teleop_interfaces/share/teleop_interfaces/local_setup.sh
[8.842s] -- Up-to-date: /home/talae-ubantu/6558_6576/install/teleop_interfaces/share/teleop_interfaces/local_setup.zsh
[8.842s] -- Installing: /home/talae-ubantu/6558_6576/install/teleop_interfaces/share/teleop_interfaces/local_setup.dsv
[8.842s] -- Installing: /home/talae-ubantu/6558_6576/install/teleop_interfaces/share/teleop_interfaces/package.dsv
[8.842s] -- Up-to-date: /home/talae-ubantu/6558_6576/install/teleop_interfaces/share/ament_index/resource_index/packages/teleop_interfaces
[8.842s] -- Up-to-date: /home/talae-ubantu/6558_6576/install/teleop_interfaces/share/teleop_interfaces/cmake/export_teleop_interfaces__rosidl_generator_cExport.cmake
[8.842s] -- Up-to-date: /home/talae-ubantu/6558_6576/install/teleop_interfaces/share/teleop_interfaces/cmake/export_teleop_interfaces__rosidl_generator_cExport-noconfig.cmake
[8.842s] -- Up-to-date: /home/talae-ubantu/6558_6576/install/teleop_interfaces/share/teleop_interfaces/cmake/export_teleop_interfaces__rosidl_typesupport_fastrtps_cExport.cmake
[8.842s] -- Up-to-date: /home/talae-ubantu/6558_6576/install/teleop_interfaces/share/teleop_interfaces/cmake/export_teleop_interfaces__rosidl_typesupport_fastrtps_cExport-noconfig.cmake
[8.843s] -- Up-to-date: /home/talae-ubantu/6558_6576/install/teleop_interfaces/share/teleop_interfaces/cmake/export_teleop_interfaces__rosidl_generator_cppExport.cmake
[8.843s] -- Up-to-date: /home/talae-ubantu/6558_6576/install/teleop_interfaces/share/teleop_interfaces/cmake/export_teleop_interfaces__rosidl_typesupport_fastrtps_cppExport.cmake
[8.843s] -- Up-to-date: /home/talae-ubantu/6558_6576/install/teleop_interfaces/share/teleop_interfaces/cmake/export_teleop_interfaces__rosidl_typesupport_fastrtps_cppExport-noconfig.cmake
[8.843s] -- Up-to-date: /home/talae-ubantu/6558_6576/install/teleop_interfaces/share/teleop_interfaces/cmake/teleop_interfaces__rosidl_typesupport_introspection_cExport.cmake
[8.843s] -- Up-to-date: /home/talae-ubantu/6558_6576/install/teleop_interfaces/share/teleop_interfaces/cmake/teleop_interfaces__rosidl_typesupport_introspection_cExport-noconfig.cmake
[8.843s] -- Up-to-date: /home/talae-ubantu/6558_6576/install/teleop_interfaces/share/teleop_interfaces/cmake/teleop_interfaces__rosidl_typesupport_cExport.cmake
[8.843s] -- Up-to-date: /home/talae-ubantu/6558_6576/install/teleop_interfaces/share/teleop_interfaces/cmake/teleop_interfaces__rosidl_typesupport_cExport-noconfig.cmake
[8.843s] -- Up-to-date: /home/talae-ubantu/6558_6576/install/teleop_interfaces/share/teleop_interfaces/cmake/teleop_interfaces__rosidl_typesupport_introspection_cppExport.cmake
[8.844s] -- Up-to-date: /home/talae-ubantu/6558_6576/install/teleop_interfaces/share/teleop_interfaces/cmake/teleop_interfaces__rosidl_typesupport_introspection_cppExport-noconfig.cmake
[8.844s] -- Up-to-date: /home/talae-ubantu/6558_6576/install/teleop_interfaces/share/teleop_interfaces/cmake/teleop_interfaces__rosidl_typesupport_cppExport.cmake
[8.844s] -- Up-to-date: /home/talae-ubantu/6558_6576/install/teleop_interfaces/share/teleop_interfaces/cmake/teleop_interfaces__rosidl_typesupport_cppExport-noconfig.cmake
[8.844s] -- Up-to-date: /home/talae-ubantu/6558_6576/install/teleop_interfaces/share/teleop_interfaces/cmake/export_teleop_interfaces__rosidl_generator_pyExport.cmake
[8.844s] -- Up-to-date: /home/talae-ubantu/6558_6576/install/teleop_interfaces/share/teleop_interfaces/cmake/export_teleop_interfaces__rosidl_generator_pyExport-noconfig.cmake
[8.844s] -- Up-to-date: /home/talae-ubantu/6558_6576/install/teleop_interfaces/share/teleop_interfaces/cmake/rosidl_cmake-extras.cmake
[8.844s] -- Up-to-date: /home/talae-ubantu/6558_6576/install/teleop_interfaces/share/teleop_interfaces/cmake/ament_cmake_export_dependencies-extras.cmake
[8.844s] -- Up-to-date: /home/talae-ubantu/6558_6576/install/teleop_interfaces/share/teleop_interfaces/cmake/ament_cmake_export_include_directories-extras.cmake
[8.844s] -- Up-to-date: /home/talae-ubantu/6558_6576/install/teleop_interfaces/share/teleop_interfaces/cmake/ament_cmake_export_libraries-extras.cmake
[8.845s] -- Up-to-date: /home/talae-ubantu/6558_6576/install/teleop_interfaces/share/teleop_interfaces/cmake/ament_cmake_export_targets-extras.cmake
[8.845s] -- Up-to-date: /home/talae-ubantu/6558_6576/install/teleop_interfaces/share/teleop_interfaces/cmake/rosidl_cmake_export_typesupport_targets-extras.cmake
[8.845s] -- Up-to-date: /home/talae-ubantu/6558_6576/install/teleop_interfaces/share/teleop_interfaces/cmake/rosidl_cmake_export_typesupport_libraries-extras.cmake
[8.845s] -- Up-to-date: /home/talae-ubantu/6558_6576/install/teleop_interfaces/share/teleop_interfaces/cmake/teleop_interfacesConfig.cmake
[8.845s] -- Up-to-date: /home/talae-ubantu/6558_6576/install/teleop_interfaces/share/teleop_interfaces/cmake/teleop_interfacesConfig-version.cmake
[8.845s] -- Up-to-date: /home/talae-ubantu/6558_6576/install/teleop_interfaces/share/teleop_interfaces/package.xml
[8.847s] Invoked command in '/home/talae-ubantu/6558_6576/build/teleop_interfaces' returned '0': CMAKE_PREFIX_PATH=${CMAKE_PREFIX_PATH}:/opt/ros/humble /usr/bin/cmake --install /home/talae-ubantu/6558_6576/build/teleop_interfaces
