[0.166s] DEBUG:colcon:Command line arguments: ['/usr/bin/colcon', 'build']
[0.167s] DEBUG:colcon:Parsed command line arguments: Namespace(log_base=None, log_level=None, verb_name='build', build_base='build', install_base='install', merge_install=False, symlink_install=False, test_result_base=None, continue_on_error=False, executor='parallel', parallel_workers=4, event_handlers=None, ignore_user_meta=False, metas=['./colcon.meta'], base_paths=['.'], packages_ignore=None, packages_ignore_regex=None, paths=None, packages_up_to=None, packages_up_to_regex=None, packages_above=None, packages_above_and_dependencies=None, packages_above_depth=None, packages_select_by_dep=None, packages_skip_by_dep=None, packages_skip_up_to=None, packages_select_build_failed=False, packages_skip_build_finished=False, packages_select_test_failures=False, packages_skip_test_passed=False, packages_select=None, packages_skip=None, packages_select_regex=None, packages_skip_regex=None, packages_start=None, packages_end=None, allow_overriding=[], cmake_args=None, cmake_target=None, cmake_target_skip_unavailable=False, cmake_clean_cache=False, cmake_clean_first=False, cmake_force_configure=False, ament_cmake_args=None, catkin_cmake_args=None, catkin_skip_building_tests=False, verb_parser=<colcon_defaults.argument_parser.defaults.DefaultArgumentsDecorator object at 0x7900c3746620>, verb_extension=<colcon_core.verb.build.BuildVerb object at 0x7900c3746020>, main=<bound method BuildVerb.main of <colcon_core.verb.build.BuildVerb object at 0x7900c3746020>>)
[0.445s] Level 1:colcon.colcon_core.package_discovery:discover_packages(colcon_meta) check parameters
[0.445s] Level 1:colcon.colcon_core.package_discovery:discover_packages(recursive) check parameters
[0.445s] Level 1:colcon.colcon_core.package_discovery:discover_packages(ignore) check parameters
[0.445s] Level 1:colcon.colcon_core.package_discovery:discover_packages(path) check parameters
[0.445s] Level 1:colcon.colcon_core.package_discovery:discover_packages(colcon_meta) discover
[0.445s] Level 1:colcon.colcon_core.package_discovery:discover_packages(recursive) discover
[0.445s] INFO:colcon.colcon_core.package_discovery:Crawling recursively for packages in '/home/talae-ubantu/6558_6576'
[0.445s] Level 1:colcon.colcon_core.package_identification:_identify(.) by extensions ['ignore', 'ignore_ament_install']
[0.446s] Level 1:colcon.colcon_core.package_identification:_identify(.) by extension 'ignore'
[0.446s] Level 1:colcon.colcon_core.package_identification:_identify(.) by extension 'ignore_ament_install'
[0.446s] Level 1:colcon.colcon_core.package_identification:_identify(.) by extensions ['colcon_pkg']
[0.446s] Level 1:colcon.colcon_core.package_identification:_identify(.) by extension 'colcon_pkg'
[0.446s] Level 1:colcon.colcon_core.package_identification:_identify(.) by extensions ['colcon_meta']
[0.446s] Level 1:colcon.colcon_core.package_identification:_identify(.) by extension 'colcon_meta'
[0.446s] Level 1:colcon.colcon_core.package_identification:_identify(.) by extensions ['ros']
[0.446s] Level 1:colcon.colcon_core.package_identification:_identify(.) by extension 'ros'
[0.464s] Level 1:colcon.colcon_core.package_identification:_identify(.) by extensions ['cmake', 'python']
[0.464s] Level 1:colcon.colcon_core.package_identification:_identify(.) by extension 'cmake'
[0.464s] Level 1:colcon.colcon_core.package_identification:_identify(.) by extension 'python'
[0.464s] Level 1:colcon.colcon_core.package_identification:_identify(.) by extensions ['python_setup_py']
[0.464s] Level 1:colcon.colcon_core.package_identification:_identify(.) by extension 'python_setup_py'
[0.465s] Level 1:colcon.colcon_core.package_identification:_identify(build) by extensions ['ignore', 'ignore_ament_install']
[0.465s] Level 1:colcon.colcon_core.package_identification:_identify(build) by extension 'ignore'
[0.465s] Level 1:colcon.colcon_core.package_identification:_identify(build) ignored
[0.465s] Level 1:colcon.colcon_core.package_identification:_identify(install) by extensions ['ignore', 'ignore_ament_install']
[0.465s] Level 1:colcon.colcon_core.package_identification:_identify(install) by extension 'ignore'
[0.465s] Level 1:colcon.colcon_core.package_identification:_identify(install) ignored
[0.465s] Level 1:colcon.colcon_core.package_identification:_identify(log) by extensions ['ignore', 'ignore_ament_install']
[0.465s] Level 1:colcon.colcon_core.package_identification:_identify(log) by extension 'ignore'
[0.465s] Level 1:colcon.colcon_core.package_identification:_identify(log) ignored
[0.465s] Level 1:colcon.colcon_core.package_identification:_identify(src) by extensions ['ignore', 'ignore_ament_install']
[0.466s] Level 1:colcon.colcon_core.package_identification:_identify(src) by extension 'ignore'
[0.466s] Level 1:colcon.colcon_core.package_identification:_identify(src) by extension 'ignore_ament_install'
[0.466s] Level 1:colcon.colcon_core.package_identification:_identify(src) by extensions ['colcon_pkg']
[0.466s] Level 1:colcon.colcon_core.package_identification:_identify(src) by extension 'colcon_pkg'
[0.466s] Level 1:colcon.colcon_core.package_identification:_identify(src) by extensions ['colcon_meta']
[0.466s] Level 1:colcon.colcon_core.package_identification:_identify(src) by extension 'colcon_meta'
[0.466s] Level 1:colcon.colcon_core.package_identification:_identify(src) by extensions ['ros']
[0.466s] Level 1:colcon.colcon_core.package_identification:_identify(src) by extension 'ros'
[0.466s] Level 1:colcon.colcon_core.package_identification:_identify(src) by extensions ['cmake', 'python']
[0.466s] Level 1:colcon.colcon_core.package_identification:_identify(src) by extension 'cmake'
[0.466s] Level 1:colcon.colcon_core.package_identification:_identify(src) by extension 'python'
[0.466s] Level 1:colcon.colcon_core.package_identification:_identify(src) by extensions ['python_setup_py']
[0.466s] Level 1:colcon.colcon_core.package_identification:_identify(src) by extension 'python_setup_py'
[0.466s] Level 1:colcon.colcon_core.package_identification:_identify(src/funny_turtleplus) by extensions ['ignore', 'ignore_ament_install']
[0.466s] Level 1:colcon.colcon_core.package_identification:_identify(src/funny_turtleplus) by extension 'ignore'
[0.466s] Level 1:colcon.colcon_core.package_identification:_identify(src/funny_turtleplus) by extension 'ignore_ament_install'
[0.466s] Level 1:colcon.colcon_core.package_identification:_identify(src/funny_turtleplus) by extensions ['colcon_pkg']
[0.466s] Level 1:colcon.colcon_core.package_identification:_identify(src/funny_turtleplus) by extension 'colcon_pkg'
[0.466s] Level 1:colcon.colcon_core.package_identification:_identify(src/funny_turtleplus) by extensions ['colcon_meta']
[0.466s] Level 1:colcon.colcon_core.package_identification:_identify(src/funny_turtleplus) by extension 'colcon_meta'
[0.466s] Level 1:colcon.colcon_core.package_identification:_identify(src/funny_turtleplus) by extensions ['ros']
[0.466s] Level 1:colcon.colcon_core.package_identification:_identify(src/funny_turtleplus) by extension 'ros'
[0.472s] DEBUG:colcon.colcon_core.package_identification:Package 'src/funny_turtleplus' with type 'ros.ament_cmake' and name 'funny_turtleplus'
[0.473s] Level 1:colcon.colcon_core.package_identification:_identify(src/teleop_interfaces) by extensions ['ignore', 'ignore_ament_install']
[0.473s] Level 1:colcon.colcon_core.package_identification:_identify(src/teleop_interfaces) by extension 'ignore'
[0.473s] Level 1:colcon.colcon_core.package_identification:_identify(src/teleop_interfaces) by extension 'ignore_ament_install'
[0.473s] Level 1:colcon.colcon_core.package_identification:_identify(src/teleop_interfaces) by extensions ['colcon_pkg']
[0.473s] Level 1:colcon.colcon_core.package_identification:_identify(src/teleop_interfaces) by extension 'colcon_pkg'
[0.473s] Level 1:colcon.colcon_core.package_identification:_identify(src/teleop_interfaces) by extensions ['colcon_meta']
[0.474s] Level 1:colcon.colcon_core.package_identification:_identify(src/teleop_interfaces) by extension 'colcon_meta'
[0.474s] Level 1:colcon.colcon_core.package_identification:_identify(src/teleop_interfaces) by extensions ['ros']
[0.474s] Level 1:colcon.colcon_core.package_identification:_identify(src/teleop_interfaces) by extension 'ros'
[0.476s] DEBUG:colcon.colcon_core.package_identification:Package 'src/teleop_interfaces' with type 'ros.ament_cmake' and name 'teleop_interfaces'
[0.476s] Level 1:colcon.colcon_core.package_identification:_identify(src/turtlesim_plus) by extensions ['ignore', 'ignore_ament_install']
[0.476s] Level 1:colcon.colcon_core.package_identification:_identify(src/turtlesim_plus) by extension 'ignore'
[0.477s] Level 1:colcon.colcon_core.package_identification:_identify(src/turtlesim_plus) by extension 'ignore_ament_install'
[0.477s] Level 1:colcon.colcon_core.package_identification:_identify(src/turtlesim_plus) by extensions ['colcon_pkg']
[0.477s] Level 1:colcon.colcon_core.package_identification:_identify(src/turtlesim_plus) by extension 'colcon_pkg'
[0.477s] Level 1:colcon.colcon_core.package_identification:_identify(src/turtlesim_plus) by extensions ['colcon_meta']
[0.477s] Level 1:colcon.colcon_core.package_identification:_identify(src/turtlesim_plus) by extension 'colcon_meta'
[0.477s] Level 1:colcon.colcon_core.package_identification:_identify(src/turtlesim_plus) by extensions ['ros']
[0.477s] Level 1:colcon.colcon_core.package_identification:_identify(src/turtlesim_plus) by extension 'ros'
[0.477s] Level 1:colcon.colcon_core.package_identification:_identify(src/turtlesim_plus) by extensions ['cmake', 'python']
[0.477s] Level 1:colcon.colcon_core.package_identification:_identify(src/turtlesim_plus) by extension 'cmake'
[0.477s] Level 1:colcon.colcon_core.package_identification:_identify(src/turtlesim_plus) by extension 'python'
[0.477s] Level 1:colcon.colcon_core.package_identification:_identify(src/turtlesim_plus) by extensions ['python_setup_py']
[0.477s] Level 1:colcon.colcon_core.package_identification:_identify(src/turtlesim_plus) by extension 'python_setup_py'
[0.477s] Level 1:colcon.colcon_core.package_identification:_identify(src/turtlesim_plus/turtlesim_plus) by extensions ['ignore', 'ignore_ament_install']
[0.477s] Level 1:colcon.colcon_core.package_identification:_identify(src/turtlesim_plus/turtlesim_plus) by extension 'ignore'
[0.477s] Level 1:colcon.colcon_core.package_identification:_identify(src/turtlesim_plus/turtlesim_plus) by extension 'ignore_ament_install'
[0.477s] Level 1:colcon.colcon_core.package_identification:_identify(src/turtlesim_plus/turtlesim_plus) by extensions ['colcon_pkg']
[0.477s] Level 1:colcon.colcon_core.package_identification:_identify(src/turtlesim_plus/turtlesim_plus) by extension 'colcon_pkg'
[0.477s] Level 1:colcon.colcon_core.package_identification:_identify(src/turtlesim_plus/turtlesim_plus) by extensions ['colcon_meta']
[0.477s] Level 1:colcon.colcon_core.package_identification:_identify(src/turtlesim_plus/turtlesim_plus) by extension 'colcon_meta'
[0.477s] Level 1:colcon.colcon_core.package_identification:_identify(src/turtlesim_plus/turtlesim_plus) by extensions ['ros']
[0.478s] Level 1:colcon.colcon_core.package_identification:_identify(src/turtlesim_plus/turtlesim_plus) by extension 'ros'
[0.479s] DEBUG:colcon.colcon_core.package_identification:Package 'src/turtlesim_plus/turtlesim_plus' with type 'ros.ament_cmake' and name 'turtlesim_plus'
[0.479s] Level 1:colcon.colcon_core.package_identification:_identify(src/turtlesim_plus/turtlesim_plus_interfaces) by extensions ['ignore', 'ignore_ament_install']
[0.479s] Level 1:colcon.colcon_core.package_identification:_identify(src/turtlesim_plus/turtlesim_plus_interfaces) by extension 'ignore'
[0.479s] Level 1:colcon.colcon_core.package_identification:_identify(src/turtlesim_plus/turtlesim_plus_interfaces) by extension 'ignore_ament_install'
[0.479s] Level 1:colcon.colcon_core.package_identification:_identify(src/turtlesim_plus/turtlesim_plus_interfaces) by extensions ['colcon_pkg']
[0.479s] Level 1:colcon.colcon_core.package_identification:_identify(src/turtlesim_plus/turtlesim_plus_interfaces) by extension 'colcon_pkg'
[0.479s] Level 1:colcon.colcon_core.package_identification:_identify(src/turtlesim_plus/turtlesim_plus_interfaces) by extensions ['colcon_meta']
[0.479s] Level 1:colcon.colcon_core.package_identification:_identify(src/turtlesim_plus/turtlesim_plus_interfaces) by extension 'colcon_meta'
[0.479s] Level 1:colcon.colcon_core.package_identification:_identify(src/turtlesim_plus/turtlesim_plus_interfaces) by extensions ['ros']
[0.479s] Level 1:colcon.colcon_core.package_identification:_identify(src/turtlesim_plus/turtlesim_plus_interfaces) by extension 'ros'
[0.480s] DEBUG:colcon.colcon_core.package_identification:Package 'src/turtlesim_plus/turtlesim_plus_interfaces' with type 'ros.ament_cmake' and name 'turtlesim_plus_interfaces'
[0.480s] Level 1:colcon.colcon_core.package_discovery:discover_packages(recursive) using defaults
[0.480s] Level 1:colcon.colcon_core.package_discovery:discover_packages(ignore) discover
[0.480s] Level 1:colcon.colcon_core.package_discovery:discover_packages(ignore) using defaults
[0.480s] Level 1:colcon.colcon_core.package_discovery:discover_packages(path) discover
[0.480s] Level 1:colcon.colcon_core.package_discovery:discover_packages(path) using defaults
[0.529s] Level 1:colcon.colcon_core.package_discovery:discover_packages(prefix_path) check parameters
[0.529s] Level 1:colcon.colcon_core.package_discovery:discover_packages(prefix_path) discover
[0.532s] DEBUG:colcon.colcon_installed_package_information.package_discovery:Found 4 installed packages in /home/talae-ubantu/fun2_ws/install
[0.532s] DEBUG:colcon.colcon_installed_package_information.package_discovery:Found 4 installed packages in /home/talae-ubantu/6558_6576/install
[0.534s] DEBUG:colcon.colcon_installed_package_information.package_discovery:Found 313 installed packages in /opt/ros/humble
[0.539s] Level 1:colcon.colcon_core.package_discovery:discover_packages(prefix_path) using defaults
[0.601s] Level 5:colcon.colcon_core.verb:set package 'funny_turtleplus' build argument 'cmake_args' from command line to 'None'
[0.601s] Level 5:colcon.colcon_core.verb:set package 'funny_turtleplus' build argument 'cmake_target' from command line to 'None'
[0.601s] Level 5:colcon.colcon_core.verb:set package 'funny_turtleplus' build argument 'cmake_target_skip_unavailable' from command line to 'False'
[0.601s] Level 5:colcon.colcon_core.verb:set package 'funny_turtleplus' build argument 'cmake_clean_cache' from command line to 'False'
[0.601s] Level 5:colcon.colcon_core.verb:set package 'funny_turtleplus' build argument 'cmake_clean_first' from command line to 'False'
[0.601s] Level 5:colcon.colcon_core.verb:set package 'funny_turtleplus' build argument 'cmake_force_configure' from command line to 'False'
[0.601s] Level 5:colcon.colcon_core.verb:set package 'funny_turtleplus' build argument 'ament_cmake_args' from command line to 'None'
[0.601s] Level 5:colcon.colcon_core.verb:set package 'funny_turtleplus' build argument 'catkin_cmake_args' from command line to 'None'
[0.601s] Level 5:colcon.colcon_core.verb:set package 'funny_turtleplus' build argument 'catkin_skip_building_tests' from command line to 'False'
[0.601s] DEBUG:colcon.colcon_core.verb:Building package 'funny_turtleplus' with the following arguments: {'ament_cmake_args': None, 'build_base': '/home/talae-ubantu/6558_6576/build/funny_turtleplus', 'catkin_cmake_args': None, 'catkin_skip_building_tests': False, 'cmake_args': None, 'cmake_clean_cache': False, 'cmake_clean_first': False, 'cmake_force_configure': False, 'cmake_target': None, 'cmake_target_skip_unavailable': False, 'install_base': '/home/talae-ubantu/6558_6576/install/funny_turtleplus', 'merge_install': False, 'path': '/home/talae-ubantu/6558_6576/src/funny_turtleplus', 'symlink_install': False, 'test_result_base': None}
[0.601s] Level 5:colcon.colcon_core.verb:set package 'teleop_interfaces' build argument 'cmake_args' from command line to 'None'
[0.602s] Level 5:colcon.colcon_core.verb:set package 'teleop_interfaces' build argument 'cmake_target' from command line to 'None'
[0.602s] Level 5:colcon.colcon_core.verb:set package 'teleop_interfaces' build argument 'cmake_target_skip_unavailable' from command line to 'False'
[0.602s] Level 5:colcon.colcon_core.verb:set package 'teleop_interfaces' build argument 'cmake_clean_cache' from command line to 'False'
[0.602s] Level 5:colcon.colcon_core.verb:set package 'teleop_interfaces' build argument 'cmake_clean_first' from command line to 'False'
[0.602s] Level 5:colcon.colcon_core.verb:set package 'teleop_interfaces' build argument 'cmake_force_configure' from command line to 'False'
[0.602s] Level 5:colcon.colcon_core.verb:set package 'teleop_interfaces' build argument 'ament_cmake_args' from command line to 'None'
[0.602s] Level 5:colcon.colcon_core.verb:set package 'teleop_interfaces' build argument 'catkin_cmake_args' from command line to 'None'
[0.602s] Level 5:colcon.colcon_core.verb:set package 'teleop_interfaces' build argument 'catkin_skip_building_tests' from command line to 'False'
[0.602s] DEBUG:colcon.colcon_core.verb:Building package 'teleop_interfaces' with the following arguments: {'ament_cmake_args': None, 'build_base': '/home/talae-ubantu/6558_6576/build/teleop_interfaces', 'catkin_cmake_args': None, 'catkin_skip_building_tests': False, 'cmake_args': None, 'cmake_clean_cache': False, 'cmake_clean_first': False, 'cmake_force_configure': False, 'cmake_target': None, 'cmake_target_skip_unavailable': False, 'install_base': '/home/talae-ubantu/6558_6576/install/teleop_interfaces', 'merge_install': False, 'path': '/home/talae-ubantu/6558_6576/src/teleop_interfaces', 'symlink_install': False, 'test_result_base': None}
[0.602s] Level 5:colcon.colcon_core.verb:set package 'turtlesim_plus' build argument 'cmake_args' from command line to 'None'
[0.602s] Level 5:colcon.colcon_core.verb:set package 'turtlesim_plus' build argument 'cmake_target' from command line to 'None'
[0.602s] Level 5:colcon.colcon_core.verb:set package 'turtlesim_plus' build argument 'cmake_target_skip_unavailable' from command line to 'False'
[0.603s] Level 5:colcon.colcon_core.verb:set package 'turtlesim_plus' build argument 'cmake_clean_cache' from command line to 'False'
[0.603s] Level 5:colcon.colcon_core.verb:set package 'turtlesim_plus' build argument 'cmake_clean_first' from command line to 'False'
[0.603s] Level 5:colcon.colcon_core.verb:set package 'turtlesim_plus' build argument 'cmake_force_configure' from command line to 'False'
[0.603s] Level 5:colcon.colcon_core.verb:set package 'turtlesim_plus' build argument 'ament_cmake_args' from command line to 'None'
[0.603s] Level 5:colcon.colcon_core.verb:set package 'turtlesim_plus' build argument 'catkin_cmake_args' from command line to 'None'
[0.603s] Level 5:colcon.colcon_core.verb:set package 'turtlesim_plus' build argument 'catkin_skip_building_tests' from command line to 'False'
[0.603s] DEBUG:colcon.colcon_core.verb:Building package 'turtlesim_plus' with the following arguments: {'ament_cmake_args': None, 'build_base': '/home/talae-ubantu/6558_6576/build/turtlesim_plus', 'catkin_cmake_args': None, 'catkin_skip_building_tests': False, 'cmake_args': None, 'cmake_clean_cache': False, 'cmake_clean_first': False, 'cmake_force_configure': False, 'cmake_target': None, 'cmake_target_skip_unavailable': False, 'install_base': '/home/talae-ubantu/6558_6576/install/turtlesim_plus', 'merge_install': False, 'path': '/home/talae-ubantu/6558_6576/src/turtlesim_plus/turtlesim_plus', 'symlink_install': False, 'test_result_base': None}
[0.604s] Level 5:colcon.colcon_core.verb:set package 'turtlesim_plus_interfaces' build argument 'cmake_args' from command line to 'None'
[0.605s] Level 5:colcon.colcon_core.verb:set package 'turtlesim_plus_interfaces' build argument 'cmake_target' from command line to 'None'
[0.605s] Level 5:colcon.colcon_core.verb:set package 'turtlesim_plus_interfaces' build argument 'cmake_target_skip_unavailable' from command line to 'False'
[0.606s] Level 5:colcon.colcon_core.verb:set package 'turtlesim_plus_interfaces' build argument 'cmake_clean_cache' from command line to 'False'
[0.606s] Level 5:colcon.colcon_core.verb:set package 'turtlesim_plus_interfaces' build argument 'cmake_clean_first' from command line to 'False'
[0.606s] Level 5:colcon.colcon_core.verb:set package 'turtlesim_plus_interfaces' build argument 'cmake_force_configure' from command line to 'False'
[0.606s] Level 5:colcon.colcon_core.verb:set package 'turtlesim_plus_interfaces' build argument 'ament_cmake_args' from command line to 'None'
[0.606s] Level 5:colcon.colcon_core.verb:set package 'turtlesim_plus_interfaces' build argument 'catkin_cmake_args' from command line to 'None'
[0.606s] Level 5:colcon.colcon_core.verb:set package 'turtlesim_plus_interfaces' build argument 'catkin_skip_building_tests' from command line to 'False'
[0.606s] DEBUG:colcon.colcon_core.verb:Building package 'turtlesim_plus_interfaces' with the following arguments: {'ament_cmake_args': None, 'build_base': '/home/talae-ubantu/6558_6576/build/turtlesim_plus_interfaces', 'catkin_cmake_args': None, 'catkin_skip_building_tests': False, 'cmake_args': None, 'cmake_clean_cache': False, 'cmake_clean_first': False, 'cmake_force_configure': False, 'cmake_target': None, 'cmake_target_skip_unavailable': False, 'install_base': '/home/talae-ubantu/6558_6576/install/turtlesim_plus_interfaces', 'merge_install': False, 'path': '/home/talae-ubantu/6558_6576/src/turtlesim_plus/turtlesim_plus_interfaces', 'symlink_install': False, 'test_result_base': None}
[0.607s] INFO:colcon.colcon_core.executor:Executing jobs using 'parallel' executor
[0.609s] DEBUG:colcon.colcon_parallel_executor.executor.parallel:run_until_complete
[0.610s] INFO:colcon.colcon_ros.task.ament_cmake.build:Building ROS package in '/home/talae-ubantu/6558_6576/src/funny_turtleplus' with build type 'ament_cmake'
[0.610s] INFO:colcon.colcon_cmake.task.cmake.build:Building CMake package in '/home/talae-ubantu/6558_6576/src/funny_turtleplus'
[0.614s] INFO:colcon.colcon_core.plugin_system:Skipping extension 'colcon_core.shell.bat': Not used on non-Windows systems
[0.614s] INFO:colcon.colcon_core.shell:Skip shell extension 'powershell' for command environment: Not usable outside of PowerShell
[0.614s] DEBUG:colcon.colcon_core.shell:Skip shell extension 'dsv' for command environment
[0.620s] INFO:colcon.colcon_ros.task.ament_cmake.build:Building ROS package in '/home/talae-ubantu/6558_6576/src/teleop_interfaces' with build type 'ament_cmake'
[0.620s] INFO:colcon.colcon_cmake.task.cmake.build:Building CMake package in '/home/talae-ubantu/6558_6576/src/teleop_interfaces'
[0.623s] INFO:colcon.colcon_core.shell:Skip shell extension 'powershell' for command environment: Not usable outside of PowerShell
[0.623s] DEBUG:colcon.colcon_core.shell:Skip shell extension 'dsv' for command environment
[0.632s] INFO:colcon.colcon_ros.task.ament_cmake.build:Building ROS package in '/home/talae-ubantu/6558_6576/src/turtlesim_plus/turtlesim_plus' with build type 'ament_cmake'
[0.632s] INFO:colcon.colcon_cmake.task.cmake.build:Building CMake package in '/home/talae-ubantu/6558_6576/src/turtlesim_plus/turtlesim_plus'
[0.633s] INFO:colcon.colcon_core.shell:Skip shell extension 'powershell' for command environment: Not usable outside of PowerShell
[0.633s] DEBUG:colcon.colcon_core.shell:Skip shell extension 'dsv' for command environment
[0.641s] INFO:colcon.colcon_ros.task.ament_cmake.build:Building ROS package in '/home/talae-ubantu/6558_6576/src/turtlesim_plus/turtlesim_plus_interfaces' with build type 'ament_cmake'
[0.641s] INFO:colcon.colcon_cmake.task.cmake.build:Building CMake package in '/home/talae-ubantu/6558_6576/src/turtlesim_plus/turtlesim_plus_interfaces'
[0.642s] INFO:colcon.colcon_core.shell:Skip shell extension 'powershell' for command environment: Not usable outside of PowerShell
[0.642s] DEBUG:colcon.colcon_core.shell:Skip shell extension 'dsv' for command environment
[0.662s] DEBUG:colcon.colcon_core.event_handler.log_command:Invoking command in '/home/talae-ubantu/6558_6576/build/funny_turtleplus': CMAKE_PREFIX_PATH=${CMAKE_PREFIX_PATH}:/opt/ros/humble /usr/bin/cmake --build /home/talae-ubantu/6558_6576/build/funny_turtleplus -- -j4 -l4
[0.668s] DEBUG:colcon.colcon_core.event_handler.log_command:Invoking command in '/home/talae-ubantu/6558_6576/build/teleop_interfaces': CMAKE_PREFIX_PATH=${CMAKE_PREFIX_PATH}:/opt/ros/humble /usr/bin/cmake --build /home/talae-ubantu/6558_6576/build/teleop_interfaces -- -j4 -l4
[0.694s] DEBUG:colcon.colcon_core.event_handler.log_command:Invoking command in '/home/talae-ubantu/6558_6576/build/turtlesim_plus': CMAKE_PREFIX_PATH=${CMAKE_PREFIX_PATH}:/opt/ros/humble /usr/bin/cmake --build /home/talae-ubantu/6558_6576/build/turtlesim_plus -- -j4 -l4
[0.702s] DEBUG:colcon.colcon_core.event_handler.log_command:Invoking command in '/home/talae-ubantu/6558_6576/build/turtlesim_plus_interfaces': CMAKE_PREFIX_PATH=${CMAKE_PREFIX_PATH}:/opt/ros/humble /usr/bin/cmake --build /home/talae-ubantu/6558_6576/build/turtlesim_plus_interfaces -- -j4 -l4
[1.830s] DEBUG:colcon.colcon_core.event_handler.log_command:Invoked command in '/home/talae-ubantu/6558_6576/build/turtlesim_plus' returned '0': CMAKE_PREFIX_PATH=${CMAKE_PREFIX_PATH}:/opt/ros/humble /usr/bin/cmake --build /home/talae-ubantu/6558_6576/build/turtlesim_plus -- -j4 -l4
[1.947s] DEBUG:colcon.colcon_core.event_handler.log_command:Invoking command in '/home/talae-ubantu/6558_6576/build/turtlesim_plus': CMAKE_PREFIX_PATH=${CMAKE_PREFIX_PATH}:/opt/ros/humble /usr/bin/cmake --install /home/talae-ubantu/6558_6576/build/turtlesim_plus
[2.006s] DEBUG:colcon.colcon_core.event_handler.log_command:Invoked command in '/home/talae-ubantu/6558_6576/build/funny_turtleplus' returned '0': CMAKE_PREFIX_PATH=${CMAKE_PREFIX_PATH}:/opt/ros/humble /usr/bin/cmake --build /home/talae-ubantu/6558_6576/build/funny_turtleplus -- -j4 -l4
[2.101s] DEBUG:colcon.colcon_core.event_handler.log_command:Invoking command in '/home/talae-ubantu/6558_6576/build/funny_turtleplus': CMAKE_PREFIX_PATH=${CMAKE_PREFIX_PATH}:/opt/ros/humble /usr/bin/cmake --install /home/talae-ubantu/6558_6576/build/funny_turtleplus
[2.119s] Level 1:colcon.colcon_core.environment:create_environment_scripts_only(turtlesim_plus)
[2.122s] DEBUG:colcon.colcon_core.event_handler.log_command:Invoked command in '/home/talae-ubantu/6558_6576/build/turtlesim_plus' returned '0': CMAKE_PREFIX_PATH=${CMAKE_PREFIX_PATH}:/opt/ros/humble /usr/bin/cmake --install /home/talae-ubantu/6558_6576/build/turtlesim_plus
[2.130s] Level 1:colcon.colcon_core.environment:checking '/home/talae-ubantu/6558_6576/install/turtlesim_plus' for CMake module files
[2.131s] Level 1:colcon.colcon_core.environment:checking '/home/talae-ubantu/6558_6576/install/turtlesim_plus' for CMake config files
[2.132s] Level 1:colcon.colcon_core.shell:create_environment_hook('turtlesim_plus', 'cmake_prefix_path')
[2.134s] INFO:colcon.colcon_core.shell:Creating environment hook '/home/talae-ubantu/6558_6576/install/turtlesim_plus/share/turtlesim_plus/hook/cmake_prefix_path.ps1'
[2.137s] INFO:colcon.colcon_core.shell:Creating environment descriptor '/home/talae-ubantu/6558_6576/install/turtlesim_plus/share/turtlesim_plus/hook/cmake_prefix_path.dsv'
[2.141s] INFO:colcon.colcon_core.shell:Creating environment hook '/home/talae-ubantu/6558_6576/install/turtlesim_plus/share/turtlesim_plus/hook/cmake_prefix_path.sh'
[2.147s] Level 1:colcon.colcon_core.environment:checking '/home/talae-ubantu/6558_6576/install/turtlesim_plus/lib'
[2.148s] Level 1:colcon.colcon_core.environment:checking '/home/talae-ubantu/6558_6576/install/turtlesim_plus/bin'
[2.148s] Level 1:colcon.colcon_core.environment:checking '/home/talae-ubantu/6558_6576/install/turtlesim_plus/lib/pkgconfig/turtlesim_plus.pc'
[2.149s] Level 1:colcon.colcon_core.environment:checking '/home/talae-ubantu/6558_6576/install/turtlesim_plus/lib/python3.10/site-packages'
[2.149s] Level 1:colcon.colcon_core.environment:checking '/home/talae-ubantu/6558_6576/install/turtlesim_plus/bin'
[2.150s] INFO:colcon.colcon_core.shell:Creating package script '/home/talae-ubantu/6558_6576/install/turtlesim_plus/share/turtlesim_plus/package.ps1'
[2.152s] INFO:colcon.colcon_core.shell:Creating package descriptor '/home/talae-ubantu/6558_6576/install/turtlesim_plus/share/turtlesim_plus/package.dsv'
[2.154s] INFO:colcon.colcon_core.shell:Creating package script '/home/talae-ubantu/6558_6576/install/turtlesim_plus/share/turtlesim_plus/package.sh'
[2.157s] INFO:colcon.colcon_core.shell:Creating package script '/home/talae-ubantu/6558_6576/install/turtlesim_plus/share/turtlesim_plus/package.bash'
[2.160s] INFO:colcon.colcon_core.shell:Creating package script '/home/talae-ubantu/6558_6576/install/turtlesim_plus/share/turtlesim_plus/package.zsh'
[2.161s] Level 1:colcon.colcon_core.environment:create_file_with_runtime_dependencies(/home/talae-ubantu/6558_6576/install/turtlesim_plus/share/colcon-core/packages/turtlesim_plus)
[2.244s] Level 1:colcon.colcon_core.environment:create_environment_scripts_only(turtlesim_plus)
[2.244s] Level 1:colcon.colcon_core.environment:checking '/home/talae-ubantu/6558_6576/install/turtlesim_plus' for CMake module files
[2.246s] Level 1:colcon.colcon_core.environment:checking '/home/talae-ubantu/6558_6576/install/turtlesim_plus' for CMake config files
[2.247s] Level 1:colcon.colcon_core.shell:create_environment_hook('turtlesim_plus', 'cmake_prefix_path')
[2.248s] INFO:colcon.colcon_core.shell:Creating environment hook '/home/talae-ubantu/6558_6576/install/turtlesim_plus/share/turtlesim_plus/hook/cmake_prefix_path.ps1'
[2.250s] INFO:colcon.colcon_core.shell:Creating environment descriptor '/home/talae-ubantu/6558_6576/install/turtlesim_plus/share/turtlesim_plus/hook/cmake_prefix_path.dsv'
[2.251s] INFO:colcon.colcon_core.shell:Creating environment hook '/home/talae-ubantu/6558_6576/install/turtlesim_plus/share/turtlesim_plus/hook/cmake_prefix_path.sh'
[2.259s] Level 1:colcon.colcon_core.environment:checking '/home/talae-ubantu/6558_6576/install/turtlesim_plus/lib'
[2.260s] Level 1:colcon.colcon_core.environment:checking '/home/talae-ubantu/6558_6576/install/turtlesim_plus/bin'
[2.260s] Level 1:colcon.colcon_core.environment:checking '/home/talae-ubantu/6558_6576/install/turtlesim_plus/lib/pkgconfig/turtlesim_plus.pc'
[2.261s] Level 1:colcon.colcon_core.environment:checking '/home/talae-ubantu/6558_6576/install/turtlesim_plus/lib/python3.10/site-packages'
[2.262s] Level 1:colcon.colcon_core.environment:checking '/home/talae-ubantu/6558_6576/install/turtlesim_plus/bin'
[2.263s] INFO:colcon.colcon_core.shell:Creating package script '/home/talae-ubantu/6558_6576/install/turtlesim_plus/share/turtlesim_plus/package.ps1'
[2.264s] INFO:colcon.colcon_core.shell:Creating package descriptor '/home/talae-ubantu/6558_6576/install/turtlesim_plus/share/turtlesim_plus/package.dsv'
[2.266s] INFO:colcon.colcon_core.shell:Creating package script '/home/talae-ubantu/6558_6576/install/turtlesim_plus/share/turtlesim_plus/package.sh'
[2.267s] INFO:colcon.colcon_core.shell:Creating package script '/home/talae-ubantu/6558_6576/install/turtlesim_plus/share/turtlesim_plus/package.bash'
[2.268s] INFO:colcon.colcon_core.shell:Creating package script '/home/talae-ubantu/6558_6576/install/turtlesim_plus/share/turtlesim_plus/package.zsh'
[2.271s] Level 1:colcon.colcon_core.environment:create_file_with_runtime_dependencies(/home/talae-ubantu/6558_6576/install/turtlesim_plus/share/colcon-core/packages/turtlesim_plus)
[2.299s] Level 1:colcon.colcon_core.environment:create_environment_scripts_only(funny_turtleplus)
[2.300s] Level 1:colcon.colcon_core.environment:checking '/home/talae-ubantu/6558_6576/install/funny_turtleplus' for CMake module files
[2.301s] DEBUG:colcon.colcon_core.event_handler.log_command:Invoked command in '/home/talae-ubantu/6558_6576/build/funny_turtleplus' returned '0': CMAKE_PREFIX_PATH=${CMAKE_PREFIX_PATH}:/opt/ros/humble /usr/bin/cmake --install /home/talae-ubantu/6558_6576/build/funny_turtleplus
[2.303s] Level 1:colcon.colcon_core.environment:checking '/home/talae-ubantu/6558_6576/install/funny_turtleplus' for CMake config files
[2.307s] Level 1:colcon.colcon_core.shell:create_environment_hook('funny_turtleplus', 'cmake_prefix_path')
[2.309s] INFO:colcon.colcon_core.shell:Creating environment hook '/home/talae-ubantu/6558_6576/install/funny_turtleplus/share/funny_turtleplus/hook/cmake_prefix_path.ps1'
[2.310s] INFO:colcon.colcon_core.shell:Creating environment descriptor '/home/talae-ubantu/6558_6576/install/funny_turtleplus/share/funny_turtleplus/hook/cmake_prefix_path.dsv'
[2.314s] INFO:colcon.colcon_core.shell:Creating environment hook '/home/talae-ubantu/6558_6576/install/funny_turtleplus/share/funny_turtleplus/hook/cmake_prefix_path.sh'
[2.314s] Level 1:colcon.colcon_core.environment:checking '/home/talae-ubantu/6558_6576/install/funny_turtleplus/lib'
[2.315s] Level 1:colcon.colcon_core.environment:checking '/home/talae-ubantu/6558_6576/install/funny_turtleplus/bin'
[2.315s] Level 1:colcon.colcon_core.environment:checking '/home/talae-ubantu/6558_6576/install/funny_turtleplus/lib/pkgconfig/funny_turtleplus.pc'
[2.315s] Level 1:colcon.colcon_core.environment:checking '/home/talae-ubantu/6558_6576/install/funny_turtleplus/lib/python3.10/site-packages'
[2.315s] Level 1:colcon.colcon_core.environment:checking '/home/talae-ubantu/6558_6576/install/funny_turtleplus/bin'
[2.316s] INFO:colcon.colcon_core.shell:Creating package script '/home/talae-ubantu/6558_6576/install/funny_turtleplus/share/funny_turtleplus/package.ps1'
[2.316s] INFO:colcon.colcon_core.shell:Creating package descriptor '/home/talae-ubantu/6558_6576/install/funny_turtleplus/share/funny_turtleplus/package.dsv'
[2.317s] INFO:colcon.colcon_core.shell:Creating package script '/home/talae-ubantu/6558_6576/install/funny_turtleplus/share/funny_turtleplus/package.sh'
[2.317s] INFO:colcon.colcon_core.shell:Creating package script '/home/talae-ubantu/6558_6576/install/funny_turtleplus/share/funny_turtleplus/package.bash'
[2.318s] INFO:colcon.colcon_core.shell:Creating package script '/home/talae-ubantu/6558_6576/install/funny_turtleplus/share/funny_turtleplus/package.zsh'
[2.318s] Level 1:colcon.colcon_core.environment:create_file_with_runtime_dependencies(/home/talae-ubantu/6558_6576/install/funny_turtleplus/share/colcon-core/packages/funny_turtleplus)
[2.411s] Level 1:colcon.colcon_core.environment:create_environment_scripts_only(funny_turtleplus)
[2.412s] Level 1:colcon.colcon_core.environment:checking '/home/talae-ubantu/6558_6576/install/funny_turtleplus' for CMake module files
[2.413s] Level 1:colcon.colcon_core.environment:checking '/home/talae-ubantu/6558_6576/install/funny_turtleplus' for CMake config files
[2.414s] Level 1:colcon.colcon_core.shell:create_environment_hook('funny_turtleplus', 'cmake_prefix_path')
[2.414s] INFO:colcon.colcon_core.shell:Creating environment hook '/home/talae-ubantu/6558_6576/install/funny_turtleplus/share/funny_turtleplus/hook/cmake_prefix_path.ps1'
[2.415s] INFO:colcon.colcon_core.shell:Creating environment descriptor '/home/talae-ubantu/6558_6576/install/funny_turtleplus/share/funny_turtleplus/hook/cmake_prefix_path.dsv'
[2.416s] INFO:colcon.colcon_core.shell:Creating environment hook '/home/talae-ubantu/6558_6576/install/funny_turtleplus/share/funny_turtleplus/hook/cmake_prefix_path.sh'
[2.417s] Level 1:colcon.colcon_core.environment:checking '/home/talae-ubantu/6558_6576/install/funny_turtleplus/lib'
[2.417s] Level 1:colcon.colcon_core.environment:checking '/home/talae-ubantu/6558_6576/install/funny_turtleplus/bin'
[2.417s] Level 1:colcon.colcon_core.environment:checking '/home/talae-ubantu/6558_6576/install/funny_turtleplus/lib/pkgconfig/funny_turtleplus.pc'
[2.418s] Level 1:colcon.colcon_core.environment:checking '/home/talae-ubantu/6558_6576/install/funny_turtleplus/lib/python3.10/site-packages'
[2.418s] Level 1:colcon.colcon_core.environment:checking '/home/talae-ubantu/6558_6576/install/funny_turtleplus/bin'
[2.420s] INFO:colcon.colcon_core.shell:Creating package script '/home/talae-ubantu/6558_6576/install/funny_turtleplus/share/funny_turtleplus/package.ps1'
[2.424s] INFO:colcon.colcon_core.shell:Creating package descriptor '/home/talae-ubantu/6558_6576/install/funny_turtleplus/share/funny_turtleplus/package.dsv'
[2.427s] INFO:colcon.colcon_core.shell:Creating package script '/home/talae-ubantu/6558_6576/install/funny_turtleplus/share/funny_turtleplus/package.sh'
[2.428s] INFO:colcon.colcon_core.shell:Creating package script '/home/talae-ubantu/6558_6576/install/funny_turtleplus/share/funny_turtleplus/package.bash'
[2.429s] INFO:colcon.colcon_core.shell:Creating package script '/home/talae-ubantu/6558_6576/install/funny_turtleplus/share/funny_turtleplus/package.zsh'
[2.430s] Level 1:colcon.colcon_core.environment:create_file_with_runtime_dependencies(/home/talae-ubantu/6558_6576/install/funny_turtleplus/share/colcon-core/packages/funny_turtleplus)
[2.623s] DEBUG:colcon.colcon_core.event_handler.log_command:Invoked command in '/home/talae-ubantu/6558_6576/build/teleop_interfaces' returned '0': CMAKE_PREFIX_PATH=${CMAKE_PREFIX_PATH}:/opt/ros/humble /usr/bin/cmake --build /home/talae-ubantu/6558_6576/build/teleop_interfaces -- -j4 -l4
[2.676s] DEBUG:colcon.colcon_core.event_handler.log_command:Invoked command in '/home/talae-ubantu/6558_6576/build/turtlesim_plus_interfaces' returned '0': CMAKE_PREFIX_PATH=${CMAKE_PREFIX_PATH}:/opt/ros/humble /usr/bin/cmake --build /home/talae-ubantu/6558_6576/build/turtlesim_plus_interfaces -- -j4 -l4
[2.898s] DEBUG:colcon.colcon_core.event_handler.log_command:Invoking command in '/home/talae-ubantu/6558_6576/build/teleop_interfaces': CMAKE_PREFIX_PATH=${CMAKE_PREFIX_PATH}:/opt/ros/humble /usr/bin/cmake --install /home/talae-ubantu/6558_6576/build/teleop_interfaces
[2.961s] DEBUG:colcon.colcon_core.event_handler.log_command:Invoking command in '/home/talae-ubantu/6558_6576/build/turtlesim_plus_interfaces': CMAKE_PREFIX_PATH=${CMAKE_PREFIX_PATH}:/opt/ros/humble /usr/bin/cmake --install /home/talae-ubantu/6558_6576/build/turtlesim_plus_interfaces
[3.063s] Level 1:colcon.colcon_core.environment:create_environment_scripts_only(teleop_interfaces)
[3.064s] Level 1:colcon.colcon_core.environment:checking '/home/talae-ubantu/6558_6576/install/teleop_interfaces' for CMake module files
[3.066s] Level 1:colcon.colcon_core.environment:checking '/home/talae-ubantu/6558_6576/install/teleop_interfaces' for CMake config files
[3.070s] DEBUG:colcon.colcon_core.event_handler.log_command:Invoked command in '/home/talae-ubantu/6558_6576/build/teleop_interfaces' returned '0': CMAKE_PREFIX_PATH=${CMAKE_PREFIX_PATH}:/opt/ros/humble /usr/bin/cmake --install /home/talae-ubantu/6558_6576/build/teleop_interfaces
[3.073s] Level 1:colcon.colcon_core.shell:create_environment_hook('teleop_interfaces', 'cmake_prefix_path')
[3.074s] INFO:colcon.colcon_core.shell:Creating environment hook '/home/talae-ubantu/6558_6576/install/teleop_interfaces/share/teleop_interfaces/hook/cmake_prefix_path.ps1'
[3.075s] INFO:colcon.colcon_core.shell:Creating environment descriptor '/home/talae-ubantu/6558_6576/install/teleop_interfaces/share/teleop_interfaces/hook/cmake_prefix_path.dsv'
[3.077s] INFO:colcon.colcon_core.shell:Creating environment hook '/home/talae-ubantu/6558_6576/install/teleop_interfaces/share/teleop_interfaces/hook/cmake_prefix_path.sh'
[3.079s] Level 1:colcon.colcon_core.environment:checking '/home/talae-ubantu/6558_6576/install/teleop_interfaces/lib'
[3.079s] Level 1:colcon.colcon_core.shell:create_environment_hook('teleop_interfaces', 'ld_library_path_lib')
[3.079s] INFO:colcon.colcon_core.shell:Creating environment hook '/home/talae-ubantu/6558_6576/install/teleop_interfaces/share/teleop_interfaces/hook/ld_library_path_lib.ps1'
[3.080s] INFO:colcon.colcon_core.shell:Creating environment descriptor '/home/talae-ubantu/6558_6576/install/teleop_interfaces/share/teleop_interfaces/hook/ld_library_path_lib.dsv'
[3.080s] INFO:colcon.colcon_core.shell:Creating environment hook '/home/talae-ubantu/6558_6576/install/teleop_interfaces/share/teleop_interfaces/hook/ld_library_path_lib.sh'
[3.081s] Level 1:colcon.colcon_core.environment:checking '/home/talae-ubantu/6558_6576/install/teleop_interfaces/bin'
[3.081s] Level 1:colcon.colcon_core.environment:checking '/home/talae-ubantu/6558_6576/install/teleop_interfaces/lib/pkgconfig/teleop_interfaces.pc'
[3.081s] Level 1:colcon.colcon_core.environment:checking '/home/talae-ubantu/6558_6576/install/teleop_interfaces/lib/python3.10/site-packages'
[3.081s] Level 1:colcon.colcon_core.environment:checking '/home/talae-ubantu/6558_6576/install/teleop_interfaces/bin'
[3.082s] INFO:colcon.colcon_core.shell:Creating package script '/home/talae-ubantu/6558_6576/install/teleop_interfaces/share/teleop_interfaces/package.ps1'
[3.082s] INFO:colcon.colcon_core.shell:Creating package descriptor '/home/talae-ubantu/6558_6576/install/teleop_interfaces/share/teleop_interfaces/package.dsv'
[3.083s] INFO:colcon.colcon_core.shell:Creating package script '/home/talae-ubantu/6558_6576/install/teleop_interfaces/share/teleop_interfaces/package.sh'
[3.084s] INFO:colcon.colcon_core.shell:Creating package script '/home/talae-ubantu/6558_6576/install/teleop_interfaces/share/teleop_interfaces/package.bash'
[3.084s] INFO:colcon.colcon_core.shell:Creating package script '/home/talae-ubantu/6558_6576/install/teleop_interfaces/share/teleop_interfaces/package.zsh'
[3.084s] Level 1:colcon.colcon_core.environment:create_file_with_runtime_dependencies(/home/talae-ubantu/6558_6576/install/teleop_interfaces/share/colcon-core/packages/teleop_interfaces)
[3.123s] Level 1:colcon.colcon_core.environment:create_environment_scripts_only(turtlesim_plus_interfaces)
[3.124s] Level 1:colcon.colcon_core.environment:checking '/home/talae-ubantu/6558_6576/install/turtlesim_plus_interfaces' for CMake module files
[3.126s] DEBUG:colcon.colcon_core.event_handler.log_command:Invoked command in '/home/talae-ubantu/6558_6576/build/turtlesim_plus_interfaces' returned '0': CMAKE_PREFIX_PATH=${CMAKE_PREFIX_PATH}:/opt/ros/humble /usr/bin/cmake --install /home/talae-ubantu/6558_6576/build/turtlesim_plus_interfaces
[3.127s] Level 1:colcon.colcon_core.environment:checking '/home/talae-ubantu/6558_6576/install/turtlesim_plus_interfaces' for CMake config files
[3.129s] Level 1:colcon.colcon_core.shell:create_environment_hook('turtlesim_plus_interfaces', 'cmake_prefix_path')
[3.129s] INFO:colcon.colcon_core.shell:Creating environment hook '/home/talae-ubantu/6558_6576/install/turtlesim_plus_interfaces/share/turtlesim_plus_interfaces/hook/cmake_prefix_path.ps1'
[3.130s] INFO:colcon.colcon_core.shell:Creating environment descriptor '/home/talae-ubantu/6558_6576/install/turtlesim_plus_interfaces/share/turtlesim_plus_interfaces/hook/cmake_prefix_path.dsv'
[3.130s] INFO:colcon.colcon_core.shell:Creating environment hook '/home/talae-ubantu/6558_6576/install/turtlesim_plus_interfaces/share/turtlesim_plus_interfaces/hook/cmake_prefix_path.sh'
[3.131s] Level 1:colcon.colcon_core.environment:checking '/home/talae-ubantu/6558_6576/install/turtlesim_plus_interfaces/lib'
[3.131s] Level 1:colcon.colcon_core.shell:create_environment_hook('turtlesim_plus_interfaces', 'ld_library_path_lib')
[3.132s] INFO:colcon.colcon_core.shell:Creating environment hook '/home/talae-ubantu/6558_6576/install/turtlesim_plus_interfaces/share/turtlesim_plus_interfaces/hook/ld_library_path_lib.ps1'
[3.132s] INFO:colcon.colcon_core.shell:Creating environment descriptor '/home/talae-ubantu/6558_6576/install/turtlesim_plus_interfaces/share/turtlesim_plus_interfaces/hook/ld_library_path_lib.dsv'
[3.133s] INFO:colcon.colcon_core.shell:Creating environment hook '/home/talae-ubantu/6558_6576/install/turtlesim_plus_interfaces/share/turtlesim_plus_interfaces/hook/ld_library_path_lib.sh'
[3.133s] Level 1:colcon.colcon_core.environment:checking '/home/talae-ubantu/6558_6576/install/turtlesim_plus_interfaces/bin'
[3.133s] Level 1:colcon.colcon_core.environment:checking '/home/talae-ubantu/6558_6576/install/turtlesim_plus_interfaces/lib/pkgconfig/turtlesim_plus_interfaces.pc'
[3.134s] Level 1:colcon.colcon_core.environment:checking '/home/talae-ubantu/6558_6576/install/turtlesim_plus_interfaces/lib/python3.10/site-packages'
[3.134s] Level 1:colcon.colcon_core.environment:checking '/home/talae-ubantu/6558_6576/install/turtlesim_plus_interfaces/bin'
[3.134s] INFO:colcon.colcon_core.shell:Creating package script '/home/talae-ubantu/6558_6576/install/turtlesim_plus_interfaces/share/turtlesim_plus_interfaces/package.ps1'
[3.137s] INFO:colcon.colcon_core.shell:Creating package descriptor '/home/talae-ubantu/6558_6576/install/turtlesim_plus_interfaces/share/turtlesim_plus_interfaces/package.dsv'
[3.141s] INFO:colcon.colcon_core.shell:Creating package script '/home/talae-ubantu/6558_6576/install/turtlesim_plus_interfaces/share/turtlesim_plus_interfaces/package.sh'
[3.143s] INFO:colcon.colcon_core.shell:Creating package script '/home/talae-ubantu/6558_6576/install/turtlesim_plus_interfaces/share/turtlesim_plus_interfaces/package.bash'
[3.144s] INFO:colcon.colcon_core.shell:Creating package script '/home/talae-ubantu/6558_6576/install/turtlesim_plus_interfaces/share/turtlesim_plus_interfaces/package.zsh'
[3.145s] Level 1:colcon.colcon_core.environment:create_file_with_runtime_dependencies(/home/talae-ubantu/6558_6576/install/turtlesim_plus_interfaces/share/colcon-core/packages/turtlesim_plus_interfaces)
[3.367s] Level 1:colcon.colcon_core.environment:create_environment_scripts_only(teleop_interfaces)
[3.367s] Level 1:colcon.colcon_core.environment:checking '/home/talae-ubantu/6558_6576/install/teleop_interfaces' for CMake module files
[3.369s] Level 1:colcon.colcon_core.environment:checking '/home/talae-ubantu/6558_6576/install/teleop_interfaces' for CMake config files
[3.371s] Level 1:colcon.colcon_core.shell:create_environment_hook('teleop_interfaces', 'cmake_prefix_path')
[3.373s] INFO:colcon.colcon_core.shell:Creating environment hook '/home/talae-ubantu/6558_6576/install/teleop_interfaces/share/teleop_interfaces/hook/cmake_prefix_path.ps1'
[3.374s] INFO:colcon.colcon_core.shell:Creating environment descriptor '/home/talae-ubantu/6558_6576/install/teleop_interfaces/share/teleop_interfaces/hook/cmake_prefix_path.dsv'
[3.375s] INFO:colcon.colcon_core.shell:Creating environment hook '/home/talae-ubantu/6558_6576/install/teleop_interfaces/share/teleop_interfaces/hook/cmake_prefix_path.sh'
[3.378s] Level 1:colcon.colcon_core.environment:checking '/home/talae-ubantu/6558_6576/install/teleop_interfaces/lib'
[3.378s] Level 1:colcon.colcon_core.shell:create_environment_hook('teleop_interfaces', 'ld_library_path_lib')
[3.379s] INFO:colcon.colcon_core.shell:Creating environment hook '/home/talae-ubantu/6558_6576/install/teleop_interfaces/share/teleop_interfaces/hook/ld_library_path_lib.ps1'
[3.380s] INFO:colcon.colcon_core.shell:Creating environment descriptor '/home/talae-ubantu/6558_6576/install/teleop_interfaces/share/teleop_interfaces/hook/ld_library_path_lib.dsv'
[3.380s] INFO:colcon.colcon_core.shell:Creating environment hook '/home/talae-ubantu/6558_6576/install/teleop_interfaces/share/teleop_interfaces/hook/ld_library_path_lib.sh'
[3.381s] Level 1:colcon.colcon_core.environment:checking '/home/talae-ubantu/6558_6576/install/teleop_interfaces/bin'
[3.381s] Level 1:colcon.colcon_core.environment:checking '/home/talae-ubantu/6558_6576/install/teleop_interfaces/lib/pkgconfig/teleop_interfaces.pc'
[3.381s] Level 1:colcon.colcon_core.environment:checking '/home/talae-ubantu/6558_6576/install/teleop_interfaces/lib/python3.10/site-packages'
[3.381s] Level 1:colcon.colcon_core.environment:checking '/home/talae-ubantu/6558_6576/install/teleop_interfaces/bin'
[3.382s] INFO:colcon.colcon_core.shell:Creating package script '/home/talae-ubantu/6558_6576/install/teleop_interfaces/share/teleop_interfaces/package.ps1'
[3.383s] INFO:colcon.colcon_core.shell:Creating package descriptor '/home/talae-ubantu/6558_6576/install/teleop_interfaces/share/teleop_interfaces/package.dsv'
[3.384s] INFO:colcon.colcon_core.shell:Creating package script '/home/talae-ubantu/6558_6576/install/teleop_interfaces/share/teleop_interfaces/package.sh'
[3.384s] INFO:colcon.colcon_core.shell:Creating package script '/home/talae-ubantu/6558_6576/install/teleop_interfaces/share/teleop_interfaces/package.bash'
[3.385s] INFO:colcon.colcon_core.shell:Creating package script '/home/talae-ubantu/6558_6576/install/teleop_interfaces/share/teleop_interfaces/package.zsh'
[3.387s] Level 1:colcon.colcon_core.environment:create_file_with_runtime_dependencies(/home/talae-ubantu/6558_6576/install/teleop_interfaces/share/colcon-core/packages/teleop_interfaces)
[3.426s] Level 1:colcon.colcon_core.environment:create_environment_scripts_only(turtlesim_plus_interfaces)
[3.426s] Level 1:colcon.colcon_core.environment:checking '/home/talae-ubantu/6558_6576/install/turtlesim_plus_interfaces' for CMake module files
[3.430s] Level 1:colcon.colcon_core.environment:checking '/home/talae-ubantu/6558_6576/install/turtlesim_plus_interfaces' for CMake config files
[3.433s] Level 1:colcon.colcon_core.shell:create_environment_hook('turtlesim_plus_interfaces', 'cmake_prefix_path')
[3.434s] INFO:colcon.colcon_core.shell:Creating environment hook '/home/talae-ubantu/6558_6576/install/turtlesim_plus_interfaces/share/turtlesim_plus_interfaces/hook/cmake_prefix_path.ps1'
[3.435s] INFO:colcon.colcon_core.shell:Creating environment descriptor '/home/talae-ubantu/6558_6576/install/turtlesim_plus_interfaces/share/turtlesim_plus_interfaces/hook/cmake_prefix_path.dsv'
[3.440s] INFO:colcon.colcon_core.shell:Creating environment hook '/home/talae-ubantu/6558_6576/install/turtlesim_plus_interfaces/share/turtlesim_plus_interfaces/hook/cmake_prefix_path.sh'
[3.442s] Level 1:colcon.colcon_core.environment:checking '/home/talae-ubantu/6558_6576/install/turtlesim_plus_interfaces/lib'
[3.443s] Level 1:colcon.colcon_core.shell:create_environment_hook('turtlesim_plus_interfaces', 'ld_library_path_lib')
[3.445s] INFO:colcon.colcon_core.shell:Creating environment hook '/home/talae-ubantu/6558_6576/install/turtlesim_plus_interfaces/share/turtlesim_plus_interfaces/hook/ld_library_path_lib.ps1'
[3.446s] INFO:colcon.colcon_core.shell:Creating environment descriptor '/home/talae-ubantu/6558_6576/install/turtlesim_plus_interfaces/share/turtlesim_plus_interfaces/hook/ld_library_path_lib.dsv'
[3.446s] INFO:colcon.colcon_core.shell:Creating environment hook '/home/talae-ubantu/6558_6576/install/turtlesim_plus_interfaces/share/turtlesim_plus_interfaces/hook/ld_library_path_lib.sh'
[3.447s] Level 1:colcon.colcon_core.environment:checking '/home/talae-ubantu/6558_6576/install/turtlesim_plus_interfaces/bin'
[3.448s] Level 1:colcon.colcon_core.environment:checking '/home/talae-ubantu/6558_6576/install/turtlesim_plus_interfaces/lib/pkgconfig/turtlesim_plus_interfaces.pc'
[3.449s] Level 1:colcon.colcon_core.environment:checking '/home/talae-ubantu/6558_6576/install/turtlesim_plus_interfaces/lib/python3.10/site-packages'
[3.450s] Level 1:colcon.colcon_core.environment:checking '/home/talae-ubantu/6558_6576/install/turtlesim_plus_interfaces/bin'
[3.451s] INFO:colcon.colcon_core.shell:Creating package script '/home/talae-ubantu/6558_6576/install/turtlesim_plus_interfaces/share/turtlesim_plus_interfaces/package.ps1'
[3.454s] INFO:colcon.colcon_core.shell:Creating package descriptor '/home/talae-ubantu/6558_6576/install/turtlesim_plus_interfaces/share/turtlesim_plus_interfaces/package.dsv'
[3.457s] INFO:colcon.colcon_core.shell:Creating package script '/home/talae-ubantu/6558_6576/install/turtlesim_plus_interfaces/share/turtlesim_plus_interfaces/package.sh'
[3.458s] INFO:colcon.colcon_core.shell:Creating package script '/home/talae-ubantu/6558_6576/install/turtlesim_plus_interfaces/share/turtlesim_plus_interfaces/package.bash'
[3.459s] INFO:colcon.colcon_core.shell:Creating package script '/home/talae-ubantu/6558_6576/install/turtlesim_plus_interfaces/share/turtlesim_plus_interfaces/package.zsh'
[3.460s] Level 1:colcon.colcon_core.environment:create_file_with_runtime_dependencies(/home/talae-ubantu/6558_6576/install/turtlesim_plus_interfaces/share/colcon-core/packages/turtlesim_plus_interfaces)
[3.462s] DEBUG:colcon.colcon_parallel_executor.executor.parallel:closing loop
[3.462s] DEBUG:colcon.colcon_parallel_executor.executor.parallel:loop closed
[3.462s] DEBUG:colcon.colcon_parallel_executor.executor.parallel:run_until_complete finished with '0'
[3.462s] DEBUG:colcon.colcon_core.event_reactor:joining thread
[3.493s] INFO:colcon.colcon_core.plugin_system:Skipping extension 'colcon_notification.desktop_notification.terminal_notifier': Not used on non-Darwin systems
[3.493s] INFO:colcon.colcon_core.plugin_system:Skipping extension 'colcon_notification.desktop_notification.win32': Not used on non-Windows systems
[3.493s] INFO:colcon.colcon_notification.desktop_notification:Sending desktop notification using 'notify2'
[3.532s] DEBUG:colcon.colcon_core.event_reactor:joined thread
[3.533s] INFO:colcon.colcon_core.shell:Creating prefix script '/home/talae-ubantu/6558_6576/install/local_setup.ps1'
[3.536s] INFO:colcon.colcon_core.shell:Creating prefix util module '/home/talae-ubantu/6558_6576/install/_local_setup_util_ps1.py'
[3.544s] INFO:colcon.colcon_core.shell:Creating prefix chain script '/home/talae-ubantu/6558_6576/install/setup.ps1'
[3.548s] INFO:colcon.colcon_core.shell:Creating prefix script '/home/talae-ubantu/6558_6576/install/local_setup.sh'
[3.549s] INFO:colcon.colcon_core.shell:Creating prefix util module '/home/talae-ubantu/6558_6576/install/_local_setup_util_sh.py'
[3.551s] INFO:colcon.colcon_core.shell:Creating prefix chain script '/home/talae-ubantu/6558_6576/install/setup.sh'
[3.560s] INFO:colcon.colcon_core.shell:Creating prefix script '/home/talae-ubantu/6558_6576/install/local_setup.bash'
[3.562s] INFO:colcon.colcon_core.shell:Creating prefix chain script '/home/talae-ubantu/6558_6576/install/setup.bash'
[3.565s] INFO:colcon.colcon_core.shell:Creating prefix script '/home/talae-ubantu/6558_6576/install/local_setup.zsh'
[3.567s] INFO:colcon.colcon_core.shell:Creating prefix chain script '/home/talae-ubantu/6558_6576/install/setup.zsh'
