[0.014s] Invoking command in '/home/charlottexiii/6558_6576/build/teleop_interfaces': CMAKE_PREFIX_PATH=${CMAKE_PREFIX_PATH}:/home/charlottexiii/robdev_ws/install/launch_testing_examples:/home/charlottexiii/robdev_ws/install/examples_rclpy_pointcloud_publisher:/home/charlottexiii/robdev_ws/install/examples_rclpy_minimal_subscriber:/home/charlottexiii/robdev_ws/install/examples_rclpy_minimal_service:/home/charlottexiii/robdev_ws/install/examples_rclpy_minimal_publisher:/home/charlottexiii/robdev_ws/install/examples_rclpy_minimal_client:/home/charlottexiii/robdev_ws/install/examples_rclpy_minimal_action_server:/home/charlottexiii/robdev_ws/install/examples_rclpy_minimal_action_client:/home/charlottexiii/robdev_ws/install/examples_rclpy_guard_conditions:/home/charlottexiii/robdev_ws/install/examples_rclpy_executors:/home/charlottexiii/ros2Test_ws/install/my_robot_controller:/opt/ros/humble /usr/bin/cmake --build /home/charlottexiii/6558_6576/build/teleop_interfaces -- -j16 -l16
[0.072s] [ 10%] Built target teleop_interfaces__rosidl_generator_c
[0.072s] [ 12%] Built target teleop_interfaces__cpp
[0.086s] [ 12%] Built target ament_cmake_python_copy_teleop_interfaces
[0.099s] [ 34%] Built target teleop_interfaces__rosidl_typesupport_introspection_c
[0.100s] [ 34%] Built target teleop_interfaces__rosidl_typesupport_c
[0.101s] [ 65%] Built target teleop_interfaces__rosidl_typesupport_fastrtps_cpp
[0.101s] [ 65%] Built target teleop_interfaces__rosidl_typesupport_fastrtps_c
[0.101s] [ 65%] Built target teleop_interfaces__rosidl_typesupport_introspection_cpp
[0.101s] [ 76%] Built target teleop_interfaces__rosidl_typesupport_cpp
[0.135s] [ 76%] Built target teleop_interfaces
[0.166s] [ 78%] Built target teleop_interfaces__py
[0.199s] [ 87%] Built target teleop_interfaces__rosidl_generator_py
[0.227s] [100%] Built target teleop_interfaces__rosidl_typesupport_fastrtps_c__pyext
[0.227s] [100%] Built target teleop_interfaces__rosidl_typesupport_introspection_c__pyext
[0.227s] [100%] Built target teleop_interfaces__rosidl_typesupport_c__pyext
[0.356s] running egg_info
[0.356s] writing teleop_interfaces.egg-info/PKG-INFO
[0.357s] writing dependency_links to teleop_interfaces.egg-info/dependency_links.txt
[0.357s] writing top-level names to teleop_interfaces.egg-info/top_level.txt
[0.359s] reading manifest file 'teleop_interfaces.egg-info/SOURCES.txt'
[0.360s] writing manifest file 'teleop_interfaces.egg-info/SOURCES.txt'
[0.397s] [100%] Built target ament_cmake_python_build_teleop_interfaces_egg
[0.415s] Invoked command in '/home/charlottexiii/6558_6576/build/teleop_interfaces' returned '0': CMAKE_PREFIX_PATH=${CMAKE_PREFIX_PATH}:/home/charlottexiii/robdev_ws/install/launch_testing_examples:/home/charlottexiii/robdev_ws/install/examples_rclpy_pointcloud_publisher:/home/charlottexiii/robdev_ws/install/examples_rclpy_minimal_subscriber:/home/charlottexiii/robdev_ws/install/examples_rclpy_minimal_service:/home/charlottexiii/robdev_ws/install/examples_rclpy_minimal_publisher:/home/charlottexiii/robdev_ws/install/examples_rclpy_minimal_client:/home/charlottexiii/robdev_ws/install/examples_rclpy_minimal_action_server:/home/charlottexiii/robdev_ws/install/examples_rclpy_minimal_action_client:/home/charlottexiii/robdev_ws/install/examples_rclpy_guard_conditions:/home/charlottexiii/robdev_ws/install/examples_rclpy_executors:/home/charlottexiii/ros2Test_ws/install/my_robot_controller:/opt/ros/humble /usr/bin/cmake --build /home/charlottexiii/6558_6576/build/teleop_interfaces -- -j16 -l16
[0.503s] Invoking command in '/home/charlottexiii/6558_6576/build/teleop_interfaces': CMAKE_PREFIX_PATH=${CMAKE_PREFIX_PATH}:/home/charlottexiii/robdev_ws/install/launch_testing_examples:/home/charlottexiii/robdev_ws/install/examples_rclpy_pointcloud_publisher:/home/charlottexiii/robdev_ws/install/examples_rclpy_minimal_subscriber:/home/charlottexiii/robdev_ws/install/examples_rclpy_minimal_service:/home/charlottexiii/robdev_ws/install/examples_rclpy_minimal_publisher:/home/charlottexiii/robdev_ws/install/examples_rclpy_minimal_client:/home/charlottexiii/robdev_ws/install/examples_rclpy_minimal_action_server:/home/charlottexiii/robdev_ws/install/examples_rclpy_minimal_action_client:/home/charlottexiii/robdev_ws/install/examples_rclpy_guard_conditions:/home/charlottexiii/robdev_ws/install/examples_rclpy_executors:/home/charlottexiii/ros2Test_ws/install/my_robot_controller:/opt/ros/humble /usr/bin/cmake --install /home/charlottexiii/6558_6576/build/teleop_interfaces
[0.512s] -- Install configuration: ""
[0.512s] -- Up-to-date: /home/charlottexiii/6558_6576/install/teleop_interfaces/share/ament_index/resource_index/rosidl_interfaces/teleop_interfaces
[0.512s] -- Up-to-date: /home/charlottexiii/6558_6576/install/teleop_interfaces/include/teleop_interfaces/teleop_interfaces
[0.512s] -- Up-to-date: /home/charlottexiii/6558_6576/install/teleop_interfaces/include/teleop_interfaces/teleop_interfaces/msg
[0.512s] -- Up-to-date: /home/charlottexiii/6558_6576/install/teleop_interfaces/include/teleop_interfaces/teleop_interfaces/msg/rosidl_generator_c__visibility_control.h
[0.512s] -- Up-to-date: /home/charlottexiii/6558_6576/install/teleop_interfaces/include/teleop_interfaces/teleop_interfaces/srv
[0.512s] -- Up-to-date: /home/charlottexiii/6558_6576/install/teleop_interfaces/include/teleop_interfaces/teleop_interfaces/srv/detail
[0.512s] -- Up-to-date: /home/charlottexiii/6558_6576/install/teleop_interfaces/include/teleop_interfaces/teleop_interfaces/srv/detail/make_path__functions.h
[0.512s] -- Up-to-date: /home/charlottexiii/6558_6576/install/teleop_interfaces/include/teleop_interfaces/teleop_interfaces/srv/detail/save_path__type_support.h
[0.512s] -- Up-to-date: /home/charlottexiii/6558_6576/install/teleop_interfaces/include/teleop_interfaces/teleop_interfaces/srv/detail/clear_path__functions.h
[0.512s] -- Up-to-date: /home/charlottexiii/6558_6576/install/teleop_interfaces/include/teleop_interfaces/teleop_interfaces/srv/detail/save_path__functions.h
[0.512s] -- Up-to-date: /home/charlottexiii/6558_6576/install/teleop_interfaces/include/teleop_interfaces/teleop_interfaces/srv/detail/make_path__functions.c
[0.512s] -- Up-to-date: /home/charlottexiii/6558_6576/install/teleop_interfaces/include/teleop_interfaces/teleop_interfaces/srv/detail/save_path__struct.h
[0.512s] -- Up-to-date: /home/charlottexiii/6558_6576/install/teleop_interfaces/include/teleop_interfaces/teleop_interfaces/srv/detail/clear_path__functions.c
[0.512s] -- Up-to-date: /home/charlottexiii/6558_6576/install/teleop_interfaces/include/teleop_interfaces/teleop_interfaces/srv/detail/save_path__functions.c
[0.512s] -- Up-to-date: /home/charlottexiii/6558_6576/install/teleop_interfaces/include/teleop_interfaces/teleop_interfaces/srv/detail/make_path__type_support.h
[0.513s] -- Up-to-date: /home/charlottexiii/6558_6576/install/teleop_interfaces/include/teleop_interfaces/teleop_interfaces/srv/detail/clear_path__struct.h
[0.513s] -- Up-to-date: /home/charlottexiii/6558_6576/install/teleop_interfaces/include/teleop_interfaces/teleop_interfaces/srv/detail/clear_path__type_support.h
[0.513s] -- Up-to-date: /home/charlottexiii/6558_6576/install/teleop_interfaces/include/teleop_interfaces/teleop_interfaces/srv/detail/make_path__struct.h
[0.513s] -- Up-to-date: /home/charlottexiii/6558_6576/install/teleop_interfaces/include/teleop_interfaces/teleop_interfaces/srv/make_path.h
[0.513s] -- Up-to-date: /home/charlottexiii/6558_6576/install/teleop_interfaces/include/teleop_interfaces/teleop_interfaces/srv/clear_path.h
[0.513s] -- Up-to-date: /home/charlottexiii/6558_6576/install/teleop_interfaces/include/teleop_interfaces/teleop_interfaces/srv/save_path.h
[0.513s] -- Up-to-date: /home/charlottexiii/6558_6576/install/teleop_interfaces/share/teleop_interfaces/environment/library_path.sh
[0.513s] -- Up-to-date: /home/charlottexiii/6558_6576/install/teleop_interfaces/share/teleop_interfaces/environment/library_path.dsv
[0.513s] -- Up-to-date: /home/charlottexiii/6558_6576/install/teleop_interfaces/lib/libteleop_interfaces__rosidl_generator_c.so
[0.513s] -- Up-to-date: /home/charlottexiii/6558_6576/install/teleop_interfaces/include/teleop_interfaces/teleop_interfaces
[0.513s] -- Up-to-date: /home/charlottexiii/6558_6576/install/teleop_interfaces/include/teleop_interfaces/teleop_interfaces/msg
[0.513s] -- Up-to-date: /home/charlottexiii/6558_6576/install/teleop_interfaces/include/teleop_interfaces/teleop_interfaces/msg/rosidl_typesupport_fastrtps_c__visibility_control.h
[0.513s] -- Up-to-date: /home/charlottexiii/6558_6576/install/teleop_interfaces/include/teleop_interfaces/teleop_interfaces/srv
[0.513s] -- Up-to-date: /home/charlottexiii/6558_6576/install/teleop_interfaces/include/teleop_interfaces/teleop_interfaces/srv/detail
[0.513s] -- Up-to-date: /home/charlottexiii/6558_6576/install/teleop_interfaces/include/teleop_interfaces/teleop_interfaces/srv/detail/save_path__rosidl_typesupport_fastrtps_c.h
[0.514s] -- Up-to-date: /home/charlottexiii/6558_6576/install/teleop_interfaces/include/teleop_interfaces/teleop_interfaces/srv/detail/make_path__rosidl_typesupport_fastrtps_c.h
[0.514s] -- Up-to-date: /home/charlottexiii/6558_6576/install/teleop_interfaces/include/teleop_interfaces/teleop_interfaces/srv/detail/clear_path__rosidl_typesupport_fastrtps_c.h
[0.514s] -- Up-to-date: /home/charlottexiii/6558_6576/install/teleop_interfaces/lib/libteleop_interfaces__rosidl_typesupport_fastrtps_c.so
[0.514s] -- Up-to-date: /home/charlottexiii/6558_6576/install/teleop_interfaces/include/teleop_interfaces/teleop_interfaces
[0.514s] -- Up-to-date: /home/charlottexiii/6558_6576/install/teleop_interfaces/include/teleop_interfaces/teleop_interfaces/srv
[0.514s] -- Up-to-date: /home/charlottexiii/6558_6576/install/teleop_interfaces/include/teleop_interfaces/teleop_interfaces/srv/detail
[0.514s] -- Up-to-date: /home/charlottexiii/6558_6576/install/teleop_interfaces/include/teleop_interfaces/teleop_interfaces/srv/detail/make_path__struct.hpp
[0.514s] -- Up-to-date: /home/charlottexiii/6558_6576/install/teleop_interfaces/include/teleop_interfaces/teleop_interfaces/srv/detail/make_path__builder.hpp
[0.514s] -- Up-to-date: /home/charlottexiii/6558_6576/install/teleop_interfaces/include/teleop_interfaces/teleop_interfaces/srv/detail/save_path__traits.hpp
[0.514s] -- Up-to-date: /home/charlottexiii/6558_6576/install/teleop_interfaces/include/teleop_interfaces/teleop_interfaces/srv/detail/clear_path__builder.hpp
[0.514s] -- Up-to-date: /home/charlottexiii/6558_6576/install/teleop_interfaces/include/teleop_interfaces/teleop_interfaces/srv/detail/save_path__builder.hpp
[0.515s] -- Up-to-date: /home/charlottexiii/6558_6576/install/teleop_interfaces/include/teleop_interfaces/teleop_interfaces/srv/detail/clear_path__struct.hpp
[0.515s] -- Up-to-date: /home/charlottexiii/6558_6576/install/teleop_interfaces/include/teleop_interfaces/teleop_interfaces/srv/detail/clear_path__traits.hpp
[0.515s] -- Up-to-date: /home/charlottexiii/6558_6576/install/teleop_interfaces/include/teleop_interfaces/teleop_interfaces/srv/detail/save_path__struct.hpp
[0.515s] -- Up-to-date: /home/charlottexiii/6558_6576/install/teleop_interfaces/include/teleop_interfaces/teleop_interfaces/srv/detail/make_path__traits.hpp
[0.515s] -- Up-to-date: /home/charlottexiii/6558_6576/install/teleop_interfaces/include/teleop_interfaces/teleop_interfaces/srv/clear_path.hpp
[0.515s] -- Up-to-date: /home/charlottexiii/6558_6576/install/teleop_interfaces/include/teleop_interfaces/teleop_interfaces/srv/make_path.hpp
[0.515s] -- Up-to-date: /home/charlottexiii/6558_6576/install/teleop_interfaces/include/teleop_interfaces/teleop_interfaces/srv/save_path.hpp
[0.515s] -- Up-to-date: /home/charlottexiii/6558_6576/install/teleop_interfaces/include/teleop_interfaces/teleop_interfaces
[0.515s] -- Up-to-date: /home/charlottexiii/6558_6576/install/teleop_interfaces/include/teleop_interfaces/teleop_interfaces/msg
[0.515s] -- Up-to-date: /home/charlottexiii/6558_6576/install/teleop_interfaces/include/teleop_interfaces/teleop_interfaces/msg/rosidl_typesupport_fastrtps_cpp__visibility_control.h
[0.515s] -- Up-to-date: /home/charlottexiii/6558_6576/install/teleop_interfaces/include/teleop_interfaces/teleop_interfaces/srv
[0.515s] -- Up-to-date: /home/charlottexiii/6558_6576/install/teleop_interfaces/include/teleop_interfaces/teleop_interfaces/srv/detail
[0.515s] -- Up-to-date: /home/charlottexiii/6558_6576/install/teleop_interfaces/include/teleop_interfaces/teleop_interfaces/srv/detail/save_path__rosidl_typesupport_fastrtps_cpp.hpp
[0.515s] -- Up-to-date: /home/charlottexiii/6558_6576/install/teleop_interfaces/include/teleop_interfaces/teleop_interfaces/srv/detail/make_path__rosidl_typesupport_fastrtps_cpp.hpp
[0.515s] -- Up-to-date: /home/charlottexiii/6558_6576/install/teleop_interfaces/include/teleop_interfaces/teleop_interfaces/srv/detail/clear_path__rosidl_typesupport_fastrtps_cpp.hpp
[0.515s] -- Up-to-date: /home/charlottexiii/6558_6576/install/teleop_interfaces/include/teleop_interfaces/teleop_interfaces/srv/detail/dds_fastrtps
[0.515s] -- Up-to-date: /home/charlottexiii/6558_6576/install/teleop_interfaces/lib/libteleop_interfaces__rosidl_typesupport_fastrtps_cpp.so
[0.515s] -- Up-to-date: /home/charlottexiii/6558_6576/install/teleop_interfaces/include/teleop_interfaces/teleop_interfaces
[0.515s] -- Up-to-date: /home/charlottexiii/6558_6576/install/teleop_interfaces/include/teleop_interfaces/teleop_interfaces/msg
[0.515s] -- Up-to-date: /home/charlottexiii/6558_6576/install/teleop_interfaces/include/teleop_interfaces/teleop_interfaces/msg/rosidl_typesupport_introspection_c__visibility_control.h
[0.515s] -- Up-to-date: /home/charlottexiii/6558_6576/install/teleop_interfaces/include/teleop_interfaces/teleop_interfaces/srv
[0.515s] -- Up-to-date: /home/charlottexiii/6558_6576/install/teleop_interfaces/include/teleop_interfaces/teleop_interfaces/srv/detail
[0.516s] -- Up-to-date: /home/charlottexiii/6558_6576/install/teleop_interfaces/include/teleop_interfaces/teleop_interfaces/srv/detail/save_path__rosidl_typesupport_introspection_c.h
[0.516s] -- Up-to-date: /home/charlottexiii/6558_6576/install/teleop_interfaces/include/teleop_interfaces/teleop_interfaces/srv/detail/make_path__type_support.c
[0.516s] -- Up-to-date: /home/charlottexiii/6558_6576/install/teleop_interfaces/include/teleop_interfaces/teleop_interfaces/srv/detail/clear_path__type_support.c
[0.516s] -- Up-to-date: /home/charlottexiii/6558_6576/install/teleop_interfaces/include/teleop_interfaces/teleop_interfaces/srv/detail/make_path__rosidl_typesupport_introspection_c.h
[0.516s] -- Up-to-date: /home/charlottexiii/6558_6576/install/teleop_interfaces/include/teleop_interfaces/teleop_interfaces/srv/detail/save_path__type_support.c
[0.516s] -- Up-to-date: /home/charlottexiii/6558_6576/install/teleop_interfaces/include/teleop_interfaces/teleop_interfaces/srv/detail/clear_path__rosidl_typesupport_introspection_c.h
[0.516s] -- Up-to-date: /home/charlottexiii/6558_6576/install/teleop_interfaces/lib/libteleop_interfaces__rosidl_typesupport_introspection_c.so
[0.516s] -- Up-to-date: /home/charlottexiii/6558_6576/install/teleop_interfaces/lib/libteleop_interfaces__rosidl_typesupport_c.so
[0.516s] -- Up-to-date: /home/charlottexiii/6558_6576/install/teleop_interfaces/include/teleop_interfaces/teleop_interfaces
[0.516s] -- Up-to-date: /home/charlottexiii/6558_6576/install/teleop_interfaces/include/teleop_interfaces/teleop_interfaces/srv
[0.516s] -- Up-to-date: /home/charlottexiii/6558_6576/install/teleop_interfaces/include/teleop_interfaces/teleop_interfaces/srv/detail
[0.517s] -- Up-to-date: /home/charlottexiii/6558_6576/install/teleop_interfaces/include/teleop_interfaces/teleop_interfaces/srv/detail/save_path__type_support.cpp
[0.517s] -- Up-to-date: /home/charlottexiii/6558_6576/install/teleop_interfaces/include/teleop_interfaces/teleop_interfaces/srv/detail/clear_path__rosidl_typesupport_introspection_cpp.hpp
[0.517s] -- Up-to-date: /home/charlottexiii/6558_6576/install/teleop_interfaces/include/teleop_interfaces/teleop_interfaces/srv/detail/clear_path__type_support.cpp
[0.517s] -- Up-to-date: /home/charlottexiii/6558_6576/install/teleop_interfaces/include/teleop_interfaces/teleop_interfaces/srv/detail/make_path__rosidl_typesupport_introspection_cpp.hpp
[0.517s] -- Up-to-date: /home/charlottexiii/6558_6576/install/teleop_interfaces/include/teleop_interfaces/teleop_interfaces/srv/detail/make_path__type_support.cpp
[0.517s] -- Up-to-date: /home/charlottexiii/6558_6576/install/teleop_interfaces/include/teleop_interfaces/teleop_interfaces/srv/detail/save_path__rosidl_typesupport_introspection_cpp.hpp
[0.517s] -- Up-to-date: /home/charlottexiii/6558_6576/install/teleop_interfaces/lib/libteleop_interfaces__rosidl_typesupport_introspection_cpp.so
[0.517s] -- Up-to-date: /home/charlottexiii/6558_6576/install/teleop_interfaces/lib/libteleop_interfaces__rosidl_typesupport_cpp.so
[0.517s] -- Up-to-date: /home/charlottexiii/6558_6576/install/teleop_interfaces/share/teleop_interfaces/environment/pythonpath.sh
[0.517s] -- Up-to-date: /home/charlottexiii/6558_6576/install/teleop_interfaces/share/teleop_interfaces/environment/pythonpath.dsv
[0.517s] -- Up-to-date: /home/charlottexiii/6558_6576/install/teleop_interfaces/local/lib/python3.10/dist-packages/teleop_interfaces-0.0.0-py3.10.egg-info
[0.517s] -- Installing: /home/charlottexiii/6558_6576/install/teleop_interfaces/local/lib/python3.10/dist-packages/teleop_interfaces-0.0.0-py3.10.egg-info/SOURCES.txt
[0.517s] -- Installing: /home/charlottexiii/6558_6576/install/teleop_interfaces/local/lib/python3.10/dist-packages/teleop_interfaces-0.0.0-py3.10.egg-info/top_level.txt
[0.517s] -- Installing: /home/charlottexiii/6558_6576/install/teleop_interfaces/local/lib/python3.10/dist-packages/teleop_interfaces-0.0.0-py3.10.egg-info/dependency_links.txt
[0.517s] -- Installing: /home/charlottexiii/6558_6576/install/teleop_interfaces/local/lib/python3.10/dist-packages/teleop_interfaces-0.0.0-py3.10.egg-info/PKG-INFO
[0.517s] -- Up-to-date: /home/charlottexiii/6558_6576/install/teleop_interfaces/local/lib/python3.10/dist-packages/teleop_interfaces
[0.517s] -- Up-to-date: /home/charlottexiii/6558_6576/install/teleop_interfaces/local/lib/python3.10/dist-packages/teleop_interfaces/_teleop_interfaces_s.ep.rosidl_typesupport_introspection_c.c
[0.517s] -- Up-to-date: /home/charlottexiii/6558_6576/install/teleop_interfaces/local/lib/python3.10/dist-packages/teleop_interfaces/teleop_interfaces_s__rosidl_typesupport_fastrtps_c.cpython-310-x86_64-linux-gnu.so
[0.517s] -- Up-to-date: /home/charlottexiii/6558_6576/install/teleop_interfaces/local/lib/python3.10/dist-packages/teleop_interfaces/teleop_interfaces_s__rosidl_typesupport_introspection_c.cpython-310-x86_64-linux-gnu.so
[0.517s] -- Up-to-date: /home/charlottexiii/6558_6576/install/teleop_interfaces/local/lib/python3.10/dist-packages/teleop_interfaces/_teleop_interfaces_s.ep.rosidl_typesupport_c.c
[0.517s] -- Up-to-date: /home/charlottexiii/6558_6576/install/teleop_interfaces/local/lib/python3.10/dist-packages/teleop_interfaces/_teleop_interfaces_s.ep.rosidl_typesupport_fastrtps_c.c
[0.517s] -- Up-to-date: /home/charlottexiii/6558_6576/install/teleop_interfaces/local/lib/python3.10/dist-packages/teleop_interfaces/teleop_interfaces_s__rosidl_typesupport_c.cpython-310-x86_64-linux-gnu.so
[0.517s] -- Up-to-date: /home/charlottexiii/6558_6576/install/teleop_interfaces/local/lib/python3.10/dist-packages/teleop_interfaces/srv
[0.517s] -- Up-to-date: /home/charlottexiii/6558_6576/install/teleop_interfaces/local/lib/python3.10/dist-packages/teleop_interfaces/srv/_save_path_s.c
[0.518s] -- Up-to-date: /home/charlottexiii/6558_6576/install/teleop_interfaces/local/lib/python3.10/dist-packages/teleop_interfaces/srv/_clear_path_s.c
[0.518s] -- Up-to-date: /home/charlottexiii/6558_6576/install/teleop_interfaces/local/lib/python3.10/dist-packages/teleop_interfaces/srv/_make_path.py
[0.518s] -- Up-to-date: /home/charlottexiii/6558_6576/install/teleop_interfaces/local/lib/python3.10/dist-packages/teleop_interfaces/srv/_clear_path.py
[0.518s] -- Up-to-date: /home/charlottexiii/6558_6576/install/teleop_interfaces/local/lib/python3.10/dist-packages/teleop_interfaces/srv/_make_path_s.c
[0.518s] -- Up-to-date: /home/charlottexiii/6558_6576/install/teleop_interfaces/local/lib/python3.10/dist-packages/teleop_interfaces/srv/_save_path.py
[0.518s] -- Up-to-date: /home/charlottexiii/6558_6576/install/teleop_interfaces/local/lib/python3.10/dist-packages/teleop_interfaces/srv/__init__.py
[0.518s] -- Up-to-date: /home/charlottexiii/6558_6576/install/teleop_interfaces/local/lib/python3.10/dist-packages/teleop_interfaces/libteleop_interfaces__rosidl_generator_py.so
[0.518s] -- Up-to-date: /home/charlottexiii/6558_6576/install/teleop_interfaces/local/lib/python3.10/dist-packages/teleop_interfaces/__init__.py
[0.550s] Listing '/home/charlottexiii/6558_6576/install/teleop_interfaces/local/lib/python3.10/dist-packages/teleop_interfaces'...
[0.550s] Listing '/home/charlottexiii/6558_6576/install/teleop_interfaces/local/lib/python3.10/dist-packages/teleop_interfaces/srv'...
[0.553s] -- Up-to-date: /home/charlottexiii/6558_6576/install/teleop_interfaces/local/lib/python3.10/dist-packages/teleop_interfaces/teleop_interfaces_s__rosidl_typesupport_fastrtps_c.cpython-310-x86_64-linux-gnu.so
[0.554s] -- Up-to-date: /home/charlottexiii/6558_6576/install/teleop_interfaces/local/lib/python3.10/dist-packages/teleop_interfaces/teleop_interfaces_s__rosidl_typesupport_introspection_c.cpython-310-x86_64-linux-gnu.so
[0.554s] -- Up-to-date: /home/charlottexiii/6558_6576/install/teleop_interfaces/local/lib/python3.10/dist-packages/teleop_interfaces/teleop_interfaces_s__rosidl_typesupport_c.cpython-310-x86_64-linux-gnu.so
[0.554s] -- Up-to-date: /home/charlottexiii/6558_6576/install/teleop_interfaces/lib/libteleop_interfaces__rosidl_generator_py.so
[0.554s] -- Up-to-date: /home/charlottexiii/6558_6576/install/teleop_interfaces/share/teleop_interfaces/srv/MakePath.idl
[0.554s] -- Up-to-date: /home/charlottexiii/6558_6576/install/teleop_interfaces/share/teleop_interfaces/srv/SavePath.idl
[0.554s] -- Up-to-date: /home/charlottexiii/6558_6576/install/teleop_interfaces/share/teleop_interfaces/srv/ClearPath.idl
[0.554s] -- Up-to-date: /home/charlottexiii/6558_6576/install/teleop_interfaces/share/teleop_interfaces/srv/MakePath.srv
[0.554s] -- Up-to-date: /home/charlottexiii/6558_6576/install/teleop_interfaces/share/teleop_interfaces/srv/MakePath_Request.msg
[0.554s] -- Up-to-date: /home/charlottexiii/6558_6576/install/teleop_interfaces/share/teleop_interfaces/srv/MakePath_Response.msg
[0.554s] -- Up-to-date: /home/charlottexiii/6558_6576/install/teleop_interfaces/share/teleop_interfaces/srv/SavePath.srv
[0.554s] -- Up-to-date: /home/charlottexiii/6558_6576/install/teleop_interfaces/share/teleop_interfaces/srv/SavePath_Request.msg
[0.554s] -- Up-to-date: /home/charlottexiii/6558_6576/install/teleop_interfaces/share/teleop_interfaces/srv/SavePath_Response.msg
[0.554s] -- Up-to-date: /home/charlottexiii/6558_6576/install/teleop_interfaces/share/teleop_interfaces/srv/ClearPath.srv
[0.554s] -- Up-to-date: /home/charlottexiii/6558_6576/install/teleop_interfaces/share/teleop_interfaces/srv/ClearPath_Request.msg
[0.554s] -- Up-to-date: /home/charlottexiii/6558_6576/install/teleop_interfaces/share/teleop_interfaces/srv/ClearPath_Response.msg
[0.554s] -- Up-to-date: /home/charlottexiii/6558_6576/install/teleop_interfaces/share/ament_index/resource_index/package_run_dependencies/teleop_interfaces
[0.554s] -- Up-to-date: /home/charlottexiii/6558_6576/install/teleop_interfaces/share/ament_index/resource_index/parent_prefix_path/teleop_interfaces
[0.555s] -- Up-to-date: /home/charlottexiii/6558_6576/install/teleop_interfaces/share/teleop_interfaces/environment/ament_prefix_path.sh
[0.555s] -- Up-to-date: /home/charlottexiii/6558_6576/install/teleop_interfaces/share/teleop_interfaces/environment/ament_prefix_path.dsv
[0.555s] -- Up-to-date: /home/charlottexiii/6558_6576/install/teleop_interfaces/share/teleop_interfaces/environment/path.sh
[0.555s] -- Up-to-date: /home/charlottexiii/6558_6576/install/teleop_interfaces/share/teleop_interfaces/environment/path.dsv
[0.556s] -- Up-to-date: /home/charlottexiii/6558_6576/install/teleop_interfaces/share/teleop_interfaces/local_setup.bash
[0.556s] -- Up-to-date: /home/charlottexiii/6558_6576/install/teleop_interfaces/share/teleop_interfaces/local_setup.sh
[0.556s] -- Up-to-date: /home/charlottexiii/6558_6576/install/teleop_interfaces/share/teleop_interfaces/local_setup.zsh
[0.556s] -- Up-to-date: /home/charlottexiii/6558_6576/install/teleop_interfaces/share/teleop_interfaces/local_setup.dsv
[0.556s] -- Installing: /home/charlottexiii/6558_6576/install/teleop_interfaces/share/teleop_interfaces/package.dsv
[0.556s] -- Up-to-date: /home/charlottexiii/6558_6576/install/teleop_interfaces/share/ament_index/resource_index/packages/teleop_interfaces
[0.556s] -- Up-to-date: /home/charlottexiii/6558_6576/install/teleop_interfaces/share/teleop_interfaces/cmake/export_teleop_interfaces__rosidl_generator_cExport.cmake
[0.556s] -- Up-to-date: /home/charlottexiii/6558_6576/install/teleop_interfaces/share/teleop_interfaces/cmake/export_teleop_interfaces__rosidl_generator_cExport-noconfig.cmake
[0.556s] -- Up-to-date: /home/charlottexiii/6558_6576/install/teleop_interfaces/share/teleop_interfaces/cmake/export_teleop_interfaces__rosidl_typesupport_fastrtps_cExport.cmake
[0.556s] -- Up-to-date: /home/charlottexiii/6558_6576/install/teleop_interfaces/share/teleop_interfaces/cmake/export_teleop_interfaces__rosidl_typesupport_fastrtps_cExport-noconfig.cmake
[0.556s] -- Up-to-date: /home/charlottexiii/6558_6576/install/teleop_interfaces/share/teleop_interfaces/cmake/export_teleop_interfaces__rosidl_generator_cppExport.cmake
[0.556s] -- Up-to-date: /home/charlottexiii/6558_6576/install/teleop_interfaces/share/teleop_interfaces/cmake/export_teleop_interfaces__rosidl_typesupport_fastrtps_cppExport.cmake
[0.556s] -- Up-to-date: /home/charlottexiii/6558_6576/install/teleop_interfaces/share/teleop_interfaces/cmake/export_teleop_interfaces__rosidl_typesupport_fastrtps_cppExport-noconfig.cmake
[0.556s] -- Up-to-date: /home/charlottexiii/6558_6576/install/teleop_interfaces/share/teleop_interfaces/cmake/teleop_interfaces__rosidl_typesupport_introspection_cExport.cmake
[0.556s] -- Up-to-date: /home/charlottexiii/6558_6576/install/teleop_interfaces/share/teleop_interfaces/cmake/teleop_interfaces__rosidl_typesupport_introspection_cExport-noconfig.cmake
[0.556s] -- Up-to-date: /home/charlottexiii/6558_6576/install/teleop_interfaces/share/teleop_interfaces/cmake/teleop_interfaces__rosidl_typesupport_cExport.cmake
[0.556s] -- Up-to-date: /home/charlottexiii/6558_6576/install/teleop_interfaces/share/teleop_interfaces/cmake/teleop_interfaces__rosidl_typesupport_cExport-noconfig.cmake
[0.556s] -- Up-to-date: /home/charlottexiii/6558_6576/install/teleop_interfaces/share/teleop_interfaces/cmake/teleop_interfaces__rosidl_typesupport_introspection_cppExport.cmake
[0.556s] -- Up-to-date: /home/charlottexiii/6558_6576/install/teleop_interfaces/share/teleop_interfaces/cmake/teleop_interfaces__rosidl_typesupport_introspection_cppExport-noconfig.cmake
[0.556s] -- Up-to-date: /home/charlottexiii/6558_6576/install/teleop_interfaces/share/teleop_interfaces/cmake/teleop_interfaces__rosidl_typesupport_cppExport.cmake
[0.556s] -- Up-to-date: /home/charlottexiii/6558_6576/install/teleop_interfaces/share/teleop_interfaces/cmake/teleop_interfaces__rosidl_typesupport_cppExport-noconfig.cmake
[0.556s] -- Up-to-date: /home/charlottexiii/6558_6576/install/teleop_interfaces/share/teleop_interfaces/cmake/export_teleop_interfaces__rosidl_generator_pyExport.cmake
[0.556s] -- Up-to-date: /home/charlottexiii/6558_6576/install/teleop_interfaces/share/teleop_interfaces/cmake/export_teleop_interfaces__rosidl_generator_pyExport-noconfig.cmake
[0.556s] -- Up-to-date: /home/charlottexiii/6558_6576/install/teleop_interfaces/share/teleop_interfaces/cmake/rosidl_cmake-extras.cmake
[0.556s] -- Up-to-date: /home/charlottexiii/6558_6576/install/teleop_interfaces/share/teleop_interfaces/cmake/ament_cmake_export_dependencies-extras.cmake
[0.557s] -- Up-to-date: /home/charlottexiii/6558_6576/install/teleop_interfaces/share/teleop_interfaces/cmake/ament_cmake_export_include_directories-extras.cmake
[0.557s] -- Up-to-date: /home/charlottexiii/6558_6576/install/teleop_interfaces/share/teleop_interfaces/cmake/ament_cmake_export_libraries-extras.cmake
[0.557s] -- Up-to-date: /home/charlottexiii/6558_6576/install/teleop_interfaces/share/teleop_interfaces/cmake/ament_cmake_export_targets-extras.cmake
[0.557s] -- Up-to-date: /home/charlottexiii/6558_6576/install/teleop_interfaces/share/teleop_interfaces/cmake/rosidl_cmake_export_typesupport_targets-extras.cmake
[0.557s] -- Up-to-date: /home/charlottexiii/6558_6576/install/teleop_interfaces/share/teleop_interfaces/cmake/rosidl_cmake_export_typesupport_libraries-extras.cmake
[0.557s] -- Up-to-date: /home/charlottexiii/6558_6576/install/teleop_interfaces/share/teleop_interfaces/cmake/teleop_interfacesConfig.cmake
[0.557s] -- Up-to-date: /home/charlottexiii/6558_6576/install/teleop_interfaces/share/teleop_interfaces/cmake/teleop_interfacesConfig-version.cmake
[0.557s] -- Up-to-date: /home/charlottexiii/6558_6576/install/teleop_interfaces/share/teleop_interfaces/package.xml
[0.564s] Invoked command in '/home/charlottexiii/6558_6576/build/teleop_interfaces' returned '0': CMAKE_PREFIX_PATH=${CMAKE_PREFIX_PATH}:/home/charlottexiii/robdev_ws/install/launch_testing_examples:/home/charlottexiii/robdev_ws/install/examples_rclpy_pointcloud_publisher:/home/charlottexiii/robdev_ws/install/examples_rclpy_minimal_subscriber:/home/charlottexiii/robdev_ws/install/examples_rclpy_minimal_service:/home/charlottexiii/robdev_ws/install/examples_rclpy_minimal_publisher:/home/charlottexiii/robdev_ws/install/examples_rclpy_minimal_client:/home/charlottexiii/robdev_ws/install/examples_rclpy_minimal_action_server:/home/charlottexiii/robdev_ws/install/examples_rclpy_minimal_action_client:/home/charlottexiii/robdev_ws/install/examples_rclpy_guard_conditions:/home/charlottexiii/robdev_ws/install/examples_rclpy_executors:/home/charlottexiii/ros2Test_ws/install/my_robot_controller:/opt/ros/humble /usr/bin/cmake --install /home/charlottexiii/6558_6576/build/teleop_interfaces
