[0.045s] Invoking command in '/home/talae-ubantu/6558_6576/build/turtlesim_plus': CMAKE_PREFIX_PATH=${CMAKE_PREFIX_PATH}:/opt/ros/humble /usr/bin/cmake --build /home/talae-ubantu/6558_6576/build/turtlesim_plus -- -j4 -l4
[0.223s] Built target ament_cmake_python_copy_turtlesim_plus
[1.229s] running egg_info
[1.234s] writing turtlesim_plus.egg-info/PKG-INFO
[1.234s] writing dependency_links to turtlesim_plus.egg-info/dependency_links.txt
[1.234s] writing top-level names to turtlesim_plus.egg-info/top_level.txt
[1.249s] reading manifest file 'turtlesim_plus.egg-info/SOURCES.txt'
[1.250s] writing manifest file 'turtlesim_plus.egg-info/SOURCES.txt'
[1.356s] Built target ament_cmake_python_build_turtlesim_plus_egg
[1.393s] Invoked command in '/home/talae-ubantu/6558_6576/build/turtlesim_plus' returned '0': CMAKE_PREFIX_PATH=${CMAKE_PREFIX_PATH}:/opt/ros/humble /usr/bin/cmake --build /home/talae-ubantu/6558_6576/build/turtlesim_plus -- -j4 -l4
[1.500s] Invoking command in '/home/talae-ubantu/6558_6576/build/turtlesim_plus': CMAKE_PREFIX_PATH=${CMAKE_PREFIX_PATH}:/opt/ros/humble /usr/bin/cmake --install /home/talae-ubantu/6558_6576/build/turtlesim_plus
[1.517s] -- Install configuration: ""
[1.518s] -- Up-to-date: /home/talae-ubantu/6558_6576/install/turtlesim_plus/share/turtlesim_plus/environment/pythonpath.sh
[1.518s] -- Up-to-date: /home/talae-ubantu/6558_6576/install/turtlesim_plus/share/turtlesim_plus/environment/pythonpath.dsv
[1.520s] -- Up-to-date: /home/talae-ubantu/6558_6576/install/turtlesim_plus/local/lib/python3.10/dist-packages/turtlesim_plus-1.0.0-py3.10.egg-info
[1.520s] -- Installing: /home/talae-ubantu/6558_6576/install/turtlesim_plus/local/lib/python3.10/dist-packages/turtlesim_plus-1.0.0-py3.10.egg-info/PKG-INFO
[1.521s] -- Installing: /home/talae-ubantu/6558_6576/install/turtlesim_plus/local/lib/python3.10/dist-packages/turtlesim_plus-1.0.0-py3.10.egg-info/top_level.txt
[1.521s] -- Installing: /home/talae-ubantu/6558_6576/install/turtlesim_plus/local/lib/python3.10/dist-packages/turtlesim_plus-1.0.0-py3.10.egg-info/SOURCES.txt
[1.528s] -- Installing: /home/talae-ubantu/6558_6576/install/turtlesim_plus/local/lib/python3.10/dist-packages/turtlesim_plus-1.0.0-py3.10.egg-info/dependency_links.txt
[1.529s] -- Up-to-date: /home/talae-ubantu/6558_6576/install/turtlesim_plus/local/lib/python3.10/dist-packages/turtlesim_plus
[1.529s] -- Up-to-date: /home/talae-ubantu/6558_6576/install/turtlesim_plus/local/lib/python3.10/dist-packages/turtlesim_plus/__init__.py
[1.529s] -- Up-to-date: /home/talae-ubantu/6558_6576/install/turtlesim_plus/local/lib/python3.10/dist-packages/turtlesim_plus/image
[1.529s] -- Up-to-date: /home/talae-ubantu/6558_6576/install/turtlesim_plus/local/lib/python3.10/dist-packages/turtlesim_plus/image/object
[1.530s] -- Up-to-date: /home/talae-ubantu/6558_6576/install/turtlesim_plus/local/lib/python3.10/dist-packages/turtlesim_plus/image/object/pizza.png
[1.530s] -- Up-to-date: /home/talae-ubantu/6558_6576/install/turtlesim_plus/local/lib/python3.10/dist-packages/turtlesim_plus/image/object/parcel.png
[1.530s] -- Up-to-date: /home/talae-ubantu/6558_6576/install/turtlesim_plus/local/lib/python3.10/dist-packages/turtlesim_plus/image/map
[1.530s] -- Up-to-date: /home/talae-ubantu/6558_6576/install/turtlesim_plus/local/lib/python3.10/dist-packages/turtlesim_plus/image/map/map.png
[1.530s] -- Up-to-date: /home/talae-ubantu/6558_6576/install/turtlesim_plus/local/lib/python3.10/dist-packages/turtlesim_plus/image/turtle
[1.531s] -- Up-to-date: /home/talae-ubantu/6558_6576/install/turtlesim_plus/local/lib/python3.10/dist-packages/turtlesim_plus/image/turtle/bouncy.png
[1.535s] -- Up-to-date: /home/talae-ubantu/6558_6576/install/turtlesim_plus/local/lib/python3.10/dist-packages/turtlesim_plus/image/turtle/foxy.png
[1.535s] -- Up-to-date: /home/talae-ubantu/6558_6576/install/turtlesim_plus/local/lib/python3.10/dist-packages/turtlesim_plus/image/turtle/humble.png
[1.536s] -- Up-to-date: /home/talae-ubantu/6558_6576/install/turtlesim_plus/local/lib/python3.10/dist-packages/turtlesim_plus/image/turtle/galactic.png
[1.536s] -- Up-to-date: /home/talae-ubantu/6558_6576/install/turtlesim_plus/local/lib/python3.10/dist-packages/turtlesim_plus/image/turtle/dashing.png
[1.536s] -- Up-to-date: /home/talae-ubantu/6558_6576/install/turtlesim_plus/local/lib/python3.10/dist-packages/turtlesim_plus/image/turtle/ardent.png
[1.536s] -- Up-to-date: /home/talae-ubantu/6558_6576/install/turtlesim_plus/local/lib/python3.10/dist-packages/turtlesim_plus/image/turtle/rolling.png
[1.536s] -- Up-to-date: /home/talae-ubantu/6558_6576/install/turtlesim_plus/local/lib/python3.10/dist-packages/turtlesim_plus/image/turtle/crystal.png
[1.537s] -- Up-to-date: /home/talae-ubantu/6558_6576/install/turtlesim_plus/local/lib/python3.10/dist-packages/turtlesim_plus/image/turtle/otto.png
[1.538s] -- Up-to-date: /home/talae-ubantu/6558_6576/install/turtlesim_plus/local/lib/python3.10/dist-packages/turtlesim_plus/image/turtle/eloquent.png
[1.538s] -- Up-to-date: /home/talae-ubantu/6558_6576/install/turtlesim_plus/local/lib/python3.10/dist-packages/turtlesim_plus/ros2_plugins.py
[1.538s] -- Up-to-date: /home/talae-ubantu/6558_6576/install/turtlesim_plus/local/lib/python3.10/dist-packages/turtlesim_plus/entity.py
[1.653s] Listing '/home/talae-ubantu/6558_6576/install/turtlesim_plus/local/lib/python3.10/dist-packages/turtlesim_plus'...
[1.654s] Listing '/home/talae-ubantu/6558_6576/install/turtlesim_plus/local/lib/python3.10/dist-packages/turtlesim_plus/image'...
[1.654s] Listing '/home/talae-ubantu/6558_6576/install/turtlesim_plus/local/lib/python3.10/dist-packages/turtlesim_plus/image/map'...
[1.654s] Listing '/home/talae-ubantu/6558_6576/install/turtlesim_plus/local/lib/python3.10/dist-packages/turtlesim_plus/image/object'...
[1.654s] Listing '/home/talae-ubantu/6558_6576/install/turtlesim_plus/local/lib/python3.10/dist-packages/turtlesim_plus/image/turtle'...
[1.672s] -- Up-to-date: /home/talae-ubantu/6558_6576/install/turtlesim_plus/lib/turtlesim_plus/turtlesim_plus_node.py
[1.672s] -- Up-to-date: /home/talae-ubantu/6558_6576/install/turtlesim_plus/lib/turtlesim_plus/pizza_on_click.py
[1.674s] -- Up-to-date: /home/talae-ubantu/6558_6576/install/turtlesim_plus/share/turtlesim_plus
[1.674s] -- Up-to-date: /home/talae-ubantu/6558_6576/install/turtlesim_plus/share/ament_index/resource_index/package_run_dependencies/turtlesim_plus
[1.674s] -- Up-to-date: /home/talae-ubantu/6558_6576/install/turtlesim_plus/share/ament_index/resource_index/parent_prefix_path/turtlesim_plus
[1.674s] -- Up-to-date: /home/talae-ubantu/6558_6576/install/turtlesim_plus/share/turtlesim_plus/environment/ament_prefix_path.sh
[1.674s] -- Up-to-date: /home/talae-ubantu/6558_6576/install/turtlesim_plus/share/turtlesim_plus/environment/ament_prefix_path.dsv
[1.675s] -- Up-to-date: /home/talae-ubantu/6558_6576/install/turtlesim_plus/share/turtlesim_plus/environment/path.sh
[1.675s] -- Up-to-date: /home/talae-ubantu/6558_6576/install/turtlesim_plus/share/turtlesim_plus/environment/path.dsv
[1.676s] -- Up-to-date: /home/talae-ubantu/6558_6576/install/turtlesim_plus/share/turtlesim_plus/local_setup.bash
[1.677s] -- Up-to-date: /home/talae-ubantu/6558_6576/install/turtlesim_plus/share/turtlesim_plus/local_setup.sh
[1.677s] -- Up-to-date: /home/talae-ubantu/6558_6576/install/turtlesim_plus/share/turtlesim_plus/local_setup.zsh
[1.677s] -- Up-to-date: /home/talae-ubantu/6558_6576/install/turtlesim_plus/share/turtlesim_plus/local_setup.dsv
[1.677s] -- Installing: /home/talae-ubantu/6558_6576/install/turtlesim_plus/share/turtlesim_plus/package.dsv
[1.677s] -- Up-to-date: /home/talae-ubantu/6558_6576/install/turtlesim_plus/share/ament_index/resource_index/packages/turtlesim_plus
[1.678s] -- Up-to-date: /home/talae-ubantu/6558_6576/install/turtlesim_plus/share/turtlesim_plus/cmake/turtlesim_plusConfig.cmake
[1.678s] -- Up-to-date: /home/talae-ubantu/6558_6576/install/turtlesim_plus/share/turtlesim_plus/cmake/turtlesim_plusConfig-version.cmake
[1.678s] -- Up-to-date: /home/talae-ubantu/6558_6576/install/turtlesim_plus/share/turtlesim_plus/package.xml
[1.685s] Invoked command in '/home/talae-ubantu/6558_6576/build/turtlesim_plus' returned '0': CMAKE_PREFIX_PATH=${CMAKE_PREFIX_PATH}:/opt/ros/humble /usr/bin/cmake --install /home/talae-ubantu/6558_6576/build/turtlesim_plus
