[0.040s] Invoking command in '/home/talae-ubantu/6558_6576/build/turtlesim_plus_interfaces': CMAKE_PREFIX_PATH=${CMAKE_PREFIX_PATH}:/opt/ros/humble /usr/bin/cmake --build /home/talae-ubantu/6558_6576/build/turtlesim_plus_interfaces -- -j4 -l4
[0.212s] [ 10%] Built target turtlesim_plus_interfaces__rosidl_generator_c
[0.213s] [ 12%] Built target turtlesim_plus_interfaces__cpp
[0.261s] [ 12%] Built target ament_cmake_python_copy_turtlesim_plus_interfaces
[0.327s] [ 23%] Built target turtlesim_plus_interfaces__rosidl_typesupport_fastrtps_c
[0.336s] [ 34%] Built target turtlesim_plus_interfaces__rosidl_typesupport_introspection_c
[0.340s] [ 45%] Built target turtlesim_plus_interfaces__rosidl_typesupport_c
[0.381s] [ 56%] Built target turtlesim_plus_interfaces__rosidl_typesupport_fastrtps_cpp
[0.430s] [ 67%] Built target turtlesim_plus_interfaces__rosidl_typesupport_introspection_cpp
[0.445s] [ 78%] Built target turtlesim_plus_interfaces__rosidl_typesupport_cpp
[0.534s] [ 78%] Built target turtlesim_plus_interfaces
[0.632s] [ 80%] Built target turtlesim_plus_interfaces__py
[0.781s] [ 89%] Built target turtlesim_plus_interfaces__rosidl_generator_py
[0.906s] [ 92%] Built target turtlesim_plus_interfaces__rosidl_typesupport_c__pyext
[0.917s] [ 96%] Built target turtlesim_plus_interfaces__rosidl_typesupport_introspection_c__pyext
[0.922s] [100%] Built target turtlesim_plus_interfaces__rosidl_typesupport_fastrtps_c__pyext
[1.325s] running egg_info
[1.325s] writing turtlesim_plus_interfaces.egg-info/PKG-INFO
[1.326s] writing dependency_links to turtlesim_plus_interfaces.egg-info/dependency_links.txt
[1.326s] writing top-level names to turtlesim_plus_interfaces.egg-info/top_level.txt
[1.331s] reading manifest file 'turtlesim_plus_interfaces.egg-info/SOURCES.txt'
[1.333s] writing manifest file 'turtlesim_plus_interfaces.egg-info/SOURCES.txt'
[1.404s] [100%] Built target ament_cmake_python_build_turtlesim_plus_interfaces_egg
[1.431s] Invoked command in '/home/talae-ubantu/6558_6576/build/turtlesim_plus_interfaces' returned '0': CMAKE_PREFIX_PATH=${CMAKE_PREFIX_PATH}:/opt/ros/humble /usr/bin/cmake --build /home/talae-ubantu/6558_6576/build/turtlesim_plus_interfaces -- -j4 -l4
[1.684s] Invoking command in '/home/talae-ubantu/6558_6576/build/turtlesim_plus_interfaces': CMAKE_PREFIX_PATH=${CMAKE_PREFIX_PATH}:/opt/ros/humble /usr/bin/cmake --install /home/talae-ubantu/6558_6576/build/turtlesim_plus_interfaces
[1.699s] -- Install configuration: ""
[1.699s] -- Up-to-date: /home/talae-ubantu/6558_6576/install/turtlesim_plus_interfaces/share/ament_index/resource_index/rosidl_interfaces/turtlesim_plus_interfaces
[1.699s] -- Up-to-date: /home/talae-ubantu/6558_6576/install/turtlesim_plus_interfaces/include/turtlesim_plus_interfaces/turtlesim_plus_interfaces
[1.700s] -- Up-to-date: /home/talae-ubantu/6558_6576/install/turtlesim_plus_interfaces/include/turtlesim_plus_interfaces/turtlesim_plus_interfaces/action
[1.700s] -- Up-to-date: /home/talae-ubantu/6558_6576/install/turtlesim_plus_interfaces/include/turtlesim_plus_interfaces/turtlesim_plus_interfaces/action/detail
[1.700s] -- Up-to-date: /home/talae-ubantu/6558_6576/install/turtlesim_plus_interfaces/include/turtlesim_plus_interfaces/turtlesim_plus_interfaces/action/detail/get_data__functions.h
[1.700s] -- Up-to-date: /home/talae-ubantu/6558_6576/install/turtlesim_plus_interfaces/include/turtlesim_plus_interfaces/turtlesim_plus_interfaces/action/detail/get_data__struct.h
[1.700s] -- Up-to-date: /home/talae-ubantu/6558_6576/install/turtlesim_plus_interfaces/include/turtlesim_plus_interfaces/turtlesim_plus_interfaces/action/detail/get_data__type_support.h
[1.700s] -- Up-to-date: /home/talae-ubantu/6558_6576/install/turtlesim_plus_interfaces/include/turtlesim_plus_interfaces/turtlesim_plus_interfaces/action/detail/get_data__functions.c
[1.700s] -- Up-to-date: /home/talae-ubantu/6558_6576/install/turtlesim_plus_interfaces/include/turtlesim_plus_interfaces/turtlesim_plus_interfaces/action/get_data.h
[1.701s] -- Up-to-date: /home/talae-ubantu/6558_6576/install/turtlesim_plus_interfaces/include/turtlesim_plus_interfaces/turtlesim_plus_interfaces/srv
[1.701s] -- Up-to-date: /home/talae-ubantu/6558_6576/install/turtlesim_plus_interfaces/include/turtlesim_plus_interfaces/turtlesim_plus_interfaces/srv/detail
[1.701s] -- Up-to-date: /home/talae-ubantu/6558_6576/install/turtlesim_plus_interfaces/include/turtlesim_plus_interfaces/turtlesim_plus_interfaces/srv/detail/give_position__functions.h
[1.701s] -- Up-to-date: /home/talae-ubantu/6558_6576/install/turtlesim_plus_interfaces/include/turtlesim_plus_interfaces/turtlesim_plus_interfaces/srv/detail/give_position__type_support.h
[1.701s] -- Up-to-date: /home/talae-ubantu/6558_6576/install/turtlesim_plus_interfaces/include/turtlesim_plus_interfaces/turtlesim_plus_interfaces/srv/detail/give_position__functions.c
[1.701s] -- Up-to-date: /home/talae-ubantu/6558_6576/install/turtlesim_plus_interfaces/include/turtlesim_plus_interfaces/turtlesim_plus_interfaces/srv/detail/give_position__struct.h
[1.701s] -- Up-to-date: /home/talae-ubantu/6558_6576/install/turtlesim_plus_interfaces/include/turtlesim_plus_interfaces/turtlesim_plus_interfaces/srv/give_position.h
[1.701s] -- Up-to-date: /home/talae-ubantu/6558_6576/install/turtlesim_plus_interfaces/include/turtlesim_plus_interfaces/turtlesim_plus_interfaces/msg
[1.702s] -- Up-to-date: /home/talae-ubantu/6558_6576/install/turtlesim_plus_interfaces/include/turtlesim_plus_interfaces/turtlesim_plus_interfaces/msg/rosidl_generator_c__visibility_control.h
[1.702s] -- Up-to-date: /home/talae-ubantu/6558_6576/install/turtlesim_plus_interfaces/include/turtlesim_plus_interfaces/turtlesim_plus_interfaces/msg/scanner_data_array.h
[1.702s] -- Up-to-date: /home/talae-ubantu/6558_6576/install/turtlesim_plus_interfaces/include/turtlesim_plus_interfaces/turtlesim_plus_interfaces/msg/detail
[1.702s] -- Up-to-date: /home/talae-ubantu/6558_6576/install/turtlesim_plus_interfaces/include/turtlesim_plus_interfaces/turtlesim_plus_interfaces/msg/detail/scanner_data__type_support.h
[1.702s] -- Up-to-date: /home/talae-ubantu/6558_6576/install/turtlesim_plus_interfaces/include/turtlesim_plus_interfaces/turtlesim_plus_interfaces/msg/detail/scanner_data_array__struct.h
[1.703s] -- Up-to-date: /home/talae-ubantu/6558_6576/install/turtlesim_plus_interfaces/include/turtlesim_plus_interfaces/turtlesim_plus_interfaces/msg/detail/scanner_data_array__type_support.h
[1.703s] -- Up-to-date: /home/talae-ubantu/6558_6576/install/turtlesim_plus_interfaces/include/turtlesim_plus_interfaces/turtlesim_plus_interfaces/msg/detail/scanner_data__functions.h
[1.703s] -- Up-to-date: /home/talae-ubantu/6558_6576/install/turtlesim_plus_interfaces/include/turtlesim_plus_interfaces/turtlesim_plus_interfaces/msg/detail/scanner_data_array__functions.c
[1.703s] -- Up-to-date: /home/talae-ubantu/6558_6576/install/turtlesim_plus_interfaces/include/turtlesim_plus_interfaces/turtlesim_plus_interfaces/msg/detail/scanner_data__struct.h
[1.703s] -- Up-to-date: /home/talae-ubantu/6558_6576/install/turtlesim_plus_interfaces/include/turtlesim_plus_interfaces/turtlesim_plus_interfaces/msg/detail/scanner_data__functions.c
[1.703s] -- Up-to-date: /home/talae-ubantu/6558_6576/install/turtlesim_plus_interfaces/include/turtlesim_plus_interfaces/turtlesim_plus_interfaces/msg/detail/scanner_data_array__functions.h
[1.704s] -- Up-to-date: /home/talae-ubantu/6558_6576/install/turtlesim_plus_interfaces/include/turtlesim_plus_interfaces/turtlesim_plus_interfaces/msg/scanner_data.h
[1.704s] -- Up-to-date: /home/talae-ubantu/6558_6576/install/turtlesim_plus_interfaces/share/turtlesim_plus_interfaces/environment/library_path.sh
[1.704s] -- Up-to-date: /home/talae-ubantu/6558_6576/install/turtlesim_plus_interfaces/share/turtlesim_plus_interfaces/environment/library_path.dsv
[1.704s] -- Up-to-date: /home/talae-ubantu/6558_6576/install/turtlesim_plus_interfaces/lib/libturtlesim_plus_interfaces__rosidl_generator_c.so
[1.705s] -- Up-to-date: /home/talae-ubantu/6558_6576/install/turtlesim_plus_interfaces/include/turtlesim_plus_interfaces/turtlesim_plus_interfaces
[1.705s] -- Up-to-date: /home/talae-ubantu/6558_6576/install/turtlesim_plus_interfaces/include/turtlesim_plus_interfaces/turtlesim_plus_interfaces/action
[1.706s] -- Up-to-date: /home/talae-ubantu/6558_6576/install/turtlesim_plus_interfaces/include/turtlesim_plus_interfaces/turtlesim_plus_interfaces/action/detail
[1.706s] -- Up-to-date: /home/talae-ubantu/6558_6576/install/turtlesim_plus_interfaces/include/turtlesim_plus_interfaces/turtlesim_plus_interfaces/action/detail/get_data__rosidl_typesupport_fastrtps_c.h
[1.706s] -- Up-to-date: /home/talae-ubantu/6558_6576/install/turtlesim_plus_interfaces/include/turtlesim_plus_interfaces/turtlesim_plus_interfaces/srv
[1.707s] -- Up-to-date: /home/talae-ubantu/6558_6576/install/turtlesim_plus_interfaces/include/turtlesim_plus_interfaces/turtlesim_plus_interfaces/srv/detail
[1.707s] -- Up-to-date: /home/talae-ubantu/6558_6576/install/turtlesim_plus_interfaces/include/turtlesim_plus_interfaces/turtlesim_plus_interfaces/srv/detail/give_position__rosidl_typesupport_fastrtps_c.h
[1.707s] -- Up-to-date: /home/talae-ubantu/6558_6576/install/turtlesim_plus_interfaces/include/turtlesim_plus_interfaces/turtlesim_plus_interfaces/msg
[1.707s] -- Up-to-date: /home/talae-ubantu/6558_6576/install/turtlesim_plus_interfaces/include/turtlesim_plus_interfaces/turtlesim_plus_interfaces/msg/rosidl_typesupport_fastrtps_c__visibility_control.h
[1.708s] -- Up-to-date: /home/talae-ubantu/6558_6576/install/turtlesim_plus_interfaces/include/turtlesim_plus_interfaces/turtlesim_plus_interfaces/msg/detail
[1.708s] -- Up-to-date: /home/talae-ubantu/6558_6576/install/turtlesim_plus_interfaces/include/turtlesim_plus_interfaces/turtlesim_plus_interfaces/msg/detail/scanner_data__rosidl_typesupport_fastrtps_c.h
[1.708s] -- Up-to-date: /home/talae-ubantu/6558_6576/install/turtlesim_plus_interfaces/include/turtlesim_plus_interfaces/turtlesim_plus_interfaces/msg/detail/scanner_data_array__rosidl_typesupport_fastrtps_c.h
[1.710s] -- Up-to-date: /home/talae-ubantu/6558_6576/install/turtlesim_plus_interfaces/lib/libturtlesim_plus_interfaces__rosidl_typesupport_fastrtps_c.so
[1.710s] -- Up-to-date: /home/talae-ubantu/6558_6576/install/turtlesim_plus_interfaces/include/turtlesim_plus_interfaces/turtlesim_plus_interfaces
[1.711s] -- Up-to-date: /home/talae-ubantu/6558_6576/install/turtlesim_plus_interfaces/include/turtlesim_plus_interfaces/turtlesim_plus_interfaces/action
[1.711s] -- Up-to-date: /home/talae-ubantu/6558_6576/install/turtlesim_plus_interfaces/include/turtlesim_plus_interfaces/turtlesim_plus_interfaces/action/detail
[1.712s] -- Up-to-date: /home/talae-ubantu/6558_6576/install/turtlesim_plus_interfaces/include/turtlesim_plus_interfaces/turtlesim_plus_interfaces/action/detail/get_data__type_support.c
[1.712s] -- Up-to-date: /home/talae-ubantu/6558_6576/install/turtlesim_plus_interfaces/include/turtlesim_plus_interfaces/turtlesim_plus_interfaces/action/detail/get_data__rosidl_typesupport_introspection_c.h
[1.712s] -- Up-to-date: /home/talae-ubantu/6558_6576/install/turtlesim_plus_interfaces/include/turtlesim_plus_interfaces/turtlesim_plus_interfaces/srv
[1.712s] -- Up-to-date: /home/talae-ubantu/6558_6576/install/turtlesim_plus_interfaces/include/turtlesim_plus_interfaces/turtlesim_plus_interfaces/srv/detail
[1.712s] -- Up-to-date: /home/talae-ubantu/6558_6576/install/turtlesim_plus_interfaces/include/turtlesim_plus_interfaces/turtlesim_plus_interfaces/srv/detail/give_position__rosidl_typesupport_introspection_c.h
[1.713s] -- Up-to-date: /home/talae-ubantu/6558_6576/install/turtlesim_plus_interfaces/include/turtlesim_plus_interfaces/turtlesim_plus_interfaces/srv/detail/give_position__type_support.c
[1.713s] -- Up-to-date: /home/talae-ubantu/6558_6576/install/turtlesim_plus_interfaces/include/turtlesim_plus_interfaces/turtlesim_plus_interfaces/msg
[1.713s] -- Up-to-date: /home/talae-ubantu/6558_6576/install/turtlesim_plus_interfaces/include/turtlesim_plus_interfaces/turtlesim_plus_interfaces/msg/rosidl_typesupport_introspection_c__visibility_control.h
[1.713s] -- Up-to-date: /home/talae-ubantu/6558_6576/install/turtlesim_plus_interfaces/include/turtlesim_plus_interfaces/turtlesim_plus_interfaces/msg/detail
[1.713s] -- Up-to-date: /home/talae-ubantu/6558_6576/install/turtlesim_plus_interfaces/include/turtlesim_plus_interfaces/turtlesim_plus_interfaces/msg/detail/scanner_data_array__type_support.c
[1.713s] -- Up-to-date: /home/talae-ubantu/6558_6576/install/turtlesim_plus_interfaces/include/turtlesim_plus_interfaces/turtlesim_plus_interfaces/msg/detail/scanner_data__rosidl_typesupport_introspection_c.h
[1.713s] -- Up-to-date: /home/talae-ubantu/6558_6576/install/turtlesim_plus_interfaces/include/turtlesim_plus_interfaces/turtlesim_plus_interfaces/msg/detail/scanner_data_array__rosidl_typesupport_introspection_c.h
[1.714s] -- Up-to-date: /home/talae-ubantu/6558_6576/install/turtlesim_plus_interfaces/include/turtlesim_plus_interfaces/turtlesim_plus_interfaces/msg/detail/scanner_data__type_support.c
[1.714s] -- Up-to-date: /home/talae-ubantu/6558_6576/install/turtlesim_plus_interfaces/lib/libturtlesim_plus_interfaces__rosidl_typesupport_introspection_c.so
[1.714s] -- Up-to-date: /home/talae-ubantu/6558_6576/install/turtlesim_plus_interfaces/lib/libturtlesim_plus_interfaces__rosidl_typesupport_c.so
[1.714s] -- Up-to-date: /home/talae-ubantu/6558_6576/install/turtlesim_plus_interfaces/include/turtlesim_plus_interfaces/turtlesim_plus_interfaces
[1.714s] -- Up-to-date: /home/talae-ubantu/6558_6576/install/turtlesim_plus_interfaces/include/turtlesim_plus_interfaces/turtlesim_plus_interfaces/action
[1.714s] -- Up-to-date: /home/talae-ubantu/6558_6576/install/turtlesim_plus_interfaces/include/turtlesim_plus_interfaces/turtlesim_plus_interfaces/action/get_data.hpp
[1.715s] -- Up-to-date: /home/talae-ubantu/6558_6576/install/turtlesim_plus_interfaces/include/turtlesim_plus_interfaces/turtlesim_plus_interfaces/action/detail
[1.715s] -- Up-to-date: /home/talae-ubantu/6558_6576/install/turtlesim_plus_interfaces/include/turtlesim_plus_interfaces/turtlesim_plus_interfaces/action/detail/get_data__traits.hpp
[1.715s] -- Up-to-date: /home/talae-ubantu/6558_6576/install/turtlesim_plus_interfaces/include/turtlesim_plus_interfaces/turtlesim_plus_interfaces/action/detail/get_data__builder.hpp
[1.715s] -- Up-to-date: /home/talae-ubantu/6558_6576/install/turtlesim_plus_interfaces/include/turtlesim_plus_interfaces/turtlesim_plus_interfaces/action/detail/get_data__struct.hpp
[1.715s] -- Up-to-date: /home/talae-ubantu/6558_6576/install/turtlesim_plus_interfaces/include/turtlesim_plus_interfaces/turtlesim_plus_interfaces/srv
[1.715s] -- Up-to-date: /home/talae-ubantu/6558_6576/install/turtlesim_plus_interfaces/include/turtlesim_plus_interfaces/turtlesim_plus_interfaces/srv/detail
[1.715s] -- Up-to-date: /home/talae-ubantu/6558_6576/install/turtlesim_plus_interfaces/include/turtlesim_plus_interfaces/turtlesim_plus_interfaces/srv/detail/give_position__traits.hpp
[1.716s] -- Up-to-date: /home/talae-ubantu/6558_6576/install/turtlesim_plus_interfaces/include/turtlesim_plus_interfaces/turtlesim_plus_interfaces/srv/detail/give_position__struct.hpp
[1.716s] -- Up-to-date: /home/talae-ubantu/6558_6576/install/turtlesim_plus_interfaces/include/turtlesim_plus_interfaces/turtlesim_plus_interfaces/srv/detail/give_position__builder.hpp
[1.716s] -- Up-to-date: /home/talae-ubantu/6558_6576/install/turtlesim_plus_interfaces/include/turtlesim_plus_interfaces/turtlesim_plus_interfaces/srv/give_position.hpp
[1.716s] -- Up-to-date: /home/talae-ubantu/6558_6576/install/turtlesim_plus_interfaces/include/turtlesim_plus_interfaces/turtlesim_plus_interfaces/msg
[1.716s] -- Up-to-date: /home/talae-ubantu/6558_6576/install/turtlesim_plus_interfaces/include/turtlesim_plus_interfaces/turtlesim_plus_interfaces/msg/scanner_data.hpp
[1.716s] -- Up-to-date: /home/talae-ubantu/6558_6576/install/turtlesim_plus_interfaces/include/turtlesim_plus_interfaces/turtlesim_plus_interfaces/msg/scanner_data_array.hpp
[1.717s] -- Up-to-date: /home/talae-ubantu/6558_6576/install/turtlesim_plus_interfaces/include/turtlesim_plus_interfaces/turtlesim_plus_interfaces/msg/detail
[1.717s] -- Up-to-date: /home/talae-ubantu/6558_6576/install/turtlesim_plus_interfaces/include/turtlesim_plus_interfaces/turtlesim_plus_interfaces/msg/detail/scanner_data__struct.hpp
[1.717s] -- Up-to-date: /home/talae-ubantu/6558_6576/install/turtlesim_plus_interfaces/include/turtlesim_plus_interfaces/turtlesim_plus_interfaces/msg/detail/scanner_data__builder.hpp
[1.717s] -- Up-to-date: /home/talae-ubantu/6558_6576/install/turtlesim_plus_interfaces/include/turtlesim_plus_interfaces/turtlesim_plus_interfaces/msg/detail/scanner_data_array__builder.hpp
[1.717s] -- Up-to-date: /home/talae-ubantu/6558_6576/install/turtlesim_plus_interfaces/include/turtlesim_plus_interfaces/turtlesim_plus_interfaces/msg/detail/scanner_data_array__struct.hpp
[1.717s] -- Up-to-date: /home/talae-ubantu/6558_6576/install/turtlesim_plus_interfaces/include/turtlesim_plus_interfaces/turtlesim_plus_interfaces/msg/detail/scanner_data_array__traits.hpp
[1.717s] -- Up-to-date: /home/talae-ubantu/6558_6576/install/turtlesim_plus_interfaces/include/turtlesim_plus_interfaces/turtlesim_plus_interfaces/msg/detail/scanner_data__traits.hpp
[1.718s] -- Up-to-date: /home/talae-ubantu/6558_6576/install/turtlesim_plus_interfaces/include/turtlesim_plus_interfaces/turtlesim_plus_interfaces
[1.718s] -- Up-to-date: /home/talae-ubantu/6558_6576/install/turtlesim_plus_interfaces/include/turtlesim_plus_interfaces/turtlesim_plus_interfaces/action
[1.718s] -- Up-to-date: /home/talae-ubantu/6558_6576/install/turtlesim_plus_interfaces/include/turtlesim_plus_interfaces/turtlesim_plus_interfaces/action/detail
[1.718s] -- Up-to-date: /home/talae-ubantu/6558_6576/install/turtlesim_plus_interfaces/include/turtlesim_plus_interfaces/turtlesim_plus_interfaces/action/detail/get_data__rosidl_typesupport_fastrtps_cpp.hpp
[1.718s] -- Up-to-date: /home/talae-ubantu/6558_6576/install/turtlesim_plus_interfaces/include/turtlesim_plus_interfaces/turtlesim_plus_interfaces/action/detail/dds_fastrtps
[1.719s] -- Up-to-date: /home/talae-ubantu/6558_6576/install/turtlesim_plus_interfaces/include/turtlesim_plus_interfaces/turtlesim_plus_interfaces/srv
[1.719s] -- Up-to-date: /home/talae-ubantu/6558_6576/install/turtlesim_plus_interfaces/include/turtlesim_plus_interfaces/turtlesim_plus_interfaces/srv/detail
[1.720s] -- Up-to-date: /home/talae-ubantu/6558_6576/install/turtlesim_plus_interfaces/include/turtlesim_plus_interfaces/turtlesim_plus_interfaces/srv/detail/give_position__rosidl_typesupport_fastrtps_cpp.hpp
[1.720s] -- Up-to-date: /home/talae-ubantu/6558_6576/install/turtlesim_plus_interfaces/include/turtlesim_plus_interfaces/turtlesim_plus_interfaces/srv/detail/dds_fastrtps
[1.720s] -- Up-to-date: /home/talae-ubantu/6558_6576/install/turtlesim_plus_interfaces/include/turtlesim_plus_interfaces/turtlesim_plus_interfaces/msg
[1.720s] -- Up-to-date: /home/talae-ubantu/6558_6576/install/turtlesim_plus_interfaces/include/turtlesim_plus_interfaces/turtlesim_plus_interfaces/msg/detail
[1.720s] -- Up-to-date: /home/talae-ubantu/6558_6576/install/turtlesim_plus_interfaces/include/turtlesim_plus_interfaces/turtlesim_plus_interfaces/msg/detail/scanner_data_array__rosidl_typesupport_fastrtps_cpp.hpp
[1.720s] -- Up-to-date: /home/talae-ubantu/6558_6576/install/turtlesim_plus_interfaces/include/turtlesim_plus_interfaces/turtlesim_plus_interfaces/msg/detail/dds_fastrtps
[1.720s] -- Up-to-date: /home/talae-ubantu/6558_6576/install/turtlesim_plus_interfaces/include/turtlesim_plus_interfaces/turtlesim_plus_interfaces/msg/detail/scanner_data__rosidl_typesupport_fastrtps_cpp.hpp
[1.721s] -- Up-to-date: /home/talae-ubantu/6558_6576/install/turtlesim_plus_interfaces/include/turtlesim_plus_interfaces/turtlesim_plus_interfaces/msg/rosidl_typesupport_fastrtps_cpp__visibility_control.h
[1.721s] -- Up-to-date: /home/talae-ubantu/6558_6576/install/turtlesim_plus_interfaces/lib/libturtlesim_plus_interfaces__rosidl_typesupport_fastrtps_cpp.so
[1.721s] -- Up-to-date: /home/talae-ubantu/6558_6576/install/turtlesim_plus_interfaces/include/turtlesim_plus_interfaces/turtlesim_plus_interfaces
[1.721s] -- Up-to-date: /home/talae-ubantu/6558_6576/install/turtlesim_plus_interfaces/include/turtlesim_plus_interfaces/turtlesim_plus_interfaces/action
[1.721s] -- Up-to-date: /home/talae-ubantu/6558_6576/install/turtlesim_plus_interfaces/include/turtlesim_plus_interfaces/turtlesim_plus_interfaces/action/detail
[1.721s] -- Up-to-date: /home/talae-ubantu/6558_6576/install/turtlesim_plus_interfaces/include/turtlesim_plus_interfaces/turtlesim_plus_interfaces/action/detail/get_data__type_support.cpp
[1.721s] -- Up-to-date: /home/talae-ubantu/6558_6576/install/turtlesim_plus_interfaces/include/turtlesim_plus_interfaces/turtlesim_plus_interfaces/action/detail/get_data__rosidl_typesupport_introspection_cpp.hpp
[1.722s] -- Up-to-date: /home/talae-ubantu/6558_6576/install/turtlesim_plus_interfaces/include/turtlesim_plus_interfaces/turtlesim_plus_interfaces/srv
[1.722s] -- Up-to-date: /home/talae-ubantu/6558_6576/install/turtlesim_plus_interfaces/include/turtlesim_plus_interfaces/turtlesim_plus_interfaces/srv/detail
[1.722s] -- Up-to-date: /home/talae-ubantu/6558_6576/install/turtlesim_plus_interfaces/include/turtlesim_plus_interfaces/turtlesim_plus_interfaces/srv/detail/give_position__rosidl_typesupport_introspection_cpp.hpp
[1.722s] -- Up-to-date: /home/talae-ubantu/6558_6576/install/turtlesim_plus_interfaces/include/turtlesim_plus_interfaces/turtlesim_plus_interfaces/srv/detail/give_position__type_support.cpp
[1.723s] -- Up-to-date: /home/talae-ubantu/6558_6576/install/turtlesim_plus_interfaces/include/turtlesim_plus_interfaces/turtlesim_plus_interfaces/msg
[1.724s] -- Up-to-date: /home/talae-ubantu/6558_6576/install/turtlesim_plus_interfaces/include/turtlesim_plus_interfaces/turtlesim_plus_interfaces/msg/detail
[1.724s] -- Up-to-date: /home/talae-ubantu/6558_6576/install/turtlesim_plus_interfaces/include/turtlesim_plus_interfaces/turtlesim_plus_interfaces/msg/detail/scanner_data_array__rosidl_typesupport_introspection_cpp.hpp
[1.724s] -- Up-to-date: /home/talae-ubantu/6558_6576/install/turtlesim_plus_interfaces/include/turtlesim_plus_interfaces/turtlesim_plus_interfaces/msg/detail/scanner_data__rosidl_typesupport_introspection_cpp.hpp
[1.724s] -- Up-to-date: /home/talae-ubantu/6558_6576/install/turtlesim_plus_interfaces/include/turtlesim_plus_interfaces/turtlesim_plus_interfaces/msg/detail/scanner_data_array__type_support.cpp
[1.724s] -- Up-to-date: /home/talae-ubantu/6558_6576/install/turtlesim_plus_interfaces/include/turtlesim_plus_interfaces/turtlesim_plus_interfaces/msg/detail/scanner_data__type_support.cpp
[1.724s] -- Up-to-date: /home/talae-ubantu/6558_6576/install/turtlesim_plus_interfaces/lib/libturtlesim_plus_interfaces__rosidl_typesupport_introspection_cpp.so
[1.724s] -- Up-to-date: /home/talae-ubantu/6558_6576/install/turtlesim_plus_interfaces/lib/libturtlesim_plus_interfaces__rosidl_typesupport_cpp.so
[1.724s] -- Up-to-date: /home/talae-ubantu/6558_6576/install/turtlesim_plus_interfaces/share/turtlesim_plus_interfaces/environment/pythonpath.sh
[1.725s] -- Up-to-date: /home/talae-ubantu/6558_6576/install/turtlesim_plus_interfaces/share/turtlesim_plus_interfaces/environment/pythonpath.dsv
[1.725s] -- Up-to-date: /home/talae-ubantu/6558_6576/install/turtlesim_plus_interfaces/local/lib/python3.10/dist-packages/turtlesim_plus_interfaces-0.0.0-py3.10.egg-info
[1.725s] -- Installing: /home/talae-ubantu/6558_6576/install/turtlesim_plus_interfaces/local/lib/python3.10/dist-packages/turtlesim_plus_interfaces-0.0.0-py3.10.egg-info/PKG-INFO
[1.725s] -- Installing: /home/talae-ubantu/6558_6576/install/turtlesim_plus_interfaces/local/lib/python3.10/dist-packages/turtlesim_plus_interfaces-0.0.0-py3.10.egg-info/top_level.txt
[1.725s] -- Installing: /home/talae-ubantu/6558_6576/install/turtlesim_plus_interfaces/local/lib/python3.10/dist-packages/turtlesim_plus_interfaces-0.0.0-py3.10.egg-info/SOURCES.txt
[1.725s] -- Installing: /home/talae-ubantu/6558_6576/install/turtlesim_plus_interfaces/local/lib/python3.10/dist-packages/turtlesim_plus_interfaces-0.0.0-py3.10.egg-info/dependency_links.txt
[1.725s] -- Up-to-date: /home/talae-ubantu/6558_6576/install/turtlesim_plus_interfaces/local/lib/python3.10/dist-packages/turtlesim_plus_interfaces
[1.725s] -- Up-to-date: /home/talae-ubantu/6558_6576/install/turtlesim_plus_interfaces/local/lib/python3.10/dist-packages/turtlesim_plus_interfaces/__init__.py
[1.726s] -- Up-to-date: /home/talae-ubantu/6558_6576/install/turtlesim_plus_interfaces/local/lib/python3.10/dist-packages/turtlesim_plus_interfaces/turtlesim_plus_interfaces_s__rosidl_typesupport_introspection_c.cpython-310-x86_64-linux-gnu.so
[1.726s] -- Up-to-date: /home/talae-ubantu/6558_6576/install/turtlesim_plus_interfaces/local/lib/python3.10/dist-packages/turtlesim_plus_interfaces/turtlesim_plus_interfaces_s__rosidl_typesupport_fastrtps_c.cpython-310-x86_64-linux-gnu.so
[1.726s] -- Up-to-date: /home/talae-ubantu/6558_6576/install/turtlesim_plus_interfaces/local/lib/python3.10/dist-packages/turtlesim_plus_interfaces/action
[1.726s] -- Up-to-date: /home/talae-ubantu/6558_6576/install/turtlesim_plus_interfaces/local/lib/python3.10/dist-packages/turtlesim_plus_interfaces/action/__init__.py
[1.726s] -- Up-to-date: /home/talae-ubantu/6558_6576/install/turtlesim_plus_interfaces/local/lib/python3.10/dist-packages/turtlesim_plus_interfaces/action/_get_data.py
[1.726s] -- Up-to-date: /home/talae-ubantu/6558_6576/install/turtlesim_plus_interfaces/local/lib/python3.10/dist-packages/turtlesim_plus_interfaces/action/_get_data_s.c
[1.726s] -- Up-to-date: /home/talae-ubantu/6558_6576/install/turtlesim_plus_interfaces/local/lib/python3.10/dist-packages/turtlesim_plus_interfaces/_turtlesim_plus_interfaces_s.ep.rosidl_typesupport_fastrtps_c.c
[1.727s] -- Up-to-date: /home/talae-ubantu/6558_6576/install/turtlesim_plus_interfaces/local/lib/python3.10/dist-packages/turtlesim_plus_interfaces/turtlesim_plus_interfaces_s__rosidl_typesupport_c.cpython-310-x86_64-linux-gnu.so
[1.727s] -- Up-to-date: /home/talae-ubantu/6558_6576/install/turtlesim_plus_interfaces/local/lib/python3.10/dist-packages/turtlesim_plus_interfaces/libturtlesim_plus_interfaces__rosidl_generator_py.so
[1.727s] -- Up-to-date: /home/talae-ubantu/6558_6576/install/turtlesim_plus_interfaces/local/lib/python3.10/dist-packages/turtlesim_plus_interfaces/_turtlesim_plus_interfaces_s.ep.rosidl_typesupport_c.c
[1.727s] -- Up-to-date: /home/talae-ubantu/6558_6576/install/turtlesim_plus_interfaces/local/lib/python3.10/dist-packages/turtlesim_plus_interfaces/srv
[1.727s] -- Up-to-date: /home/talae-ubantu/6558_6576/install/turtlesim_plus_interfaces/local/lib/python3.10/dist-packages/turtlesim_plus_interfaces/srv/__init__.py
[1.727s] -- Up-to-date: /home/talae-ubantu/6558_6576/install/turtlesim_plus_interfaces/local/lib/python3.10/dist-packages/turtlesim_plus_interfaces/srv/_give_position_s.c
[1.727s] -- Up-to-date: /home/talae-ubantu/6558_6576/install/turtlesim_plus_interfaces/local/lib/python3.10/dist-packages/turtlesim_plus_interfaces/srv/_give_position.py
[1.727s] -- Up-to-date: /home/talae-ubantu/6558_6576/install/turtlesim_plus_interfaces/local/lib/python3.10/dist-packages/turtlesim_plus_interfaces/_turtlesim_plus_interfaces_s.ep.rosidl_typesupport_introspection_c.c
[1.728s] -- Up-to-date: /home/talae-ubantu/6558_6576/install/turtlesim_plus_interfaces/local/lib/python3.10/dist-packages/turtlesim_plus_interfaces/msg
[1.728s] -- Up-to-date: /home/talae-ubantu/6558_6576/install/turtlesim_plus_interfaces/local/lib/python3.10/dist-packages/turtlesim_plus_interfaces/msg/__init__.py
[1.728s] -- Up-to-date: /home/talae-ubantu/6558_6576/install/turtlesim_plus_interfaces/local/lib/python3.10/dist-packages/turtlesim_plus_interfaces/msg/_scanner_data.py
[1.728s] -- Up-to-date: /home/talae-ubantu/6558_6576/install/turtlesim_plus_interfaces/local/lib/python3.10/dist-packages/turtlesim_plus_interfaces/msg/_scanner_data_array_s.c
[1.728s] -- Up-to-date: /home/talae-ubantu/6558_6576/install/turtlesim_plus_interfaces/local/lib/python3.10/dist-packages/turtlesim_plus_interfaces/msg/_scanner_data_array.py
[1.728s] -- Up-to-date: /home/talae-ubantu/6558_6576/install/turtlesim_plus_interfaces/local/lib/python3.10/dist-packages/turtlesim_plus_interfaces/msg/_scanner_data_s.c
[1.765s] Listing '/home/talae-ubantu/6558_6576/install/turtlesim_plus_interfaces/local/lib/python3.10/dist-packages/turtlesim_plus_interfaces'...
[1.765s] Listing '/home/talae-ubantu/6558_6576/install/turtlesim_plus_interfaces/local/lib/python3.10/dist-packages/turtlesim_plus_interfaces/action'...
[1.766s] Listing '/home/talae-ubantu/6558_6576/install/turtlesim_plus_interfaces/local/lib/python3.10/dist-packages/turtlesim_plus_interfaces/msg'...
[1.766s] Listing '/home/talae-ubantu/6558_6576/install/turtlesim_plus_interfaces/local/lib/python3.10/dist-packages/turtlesim_plus_interfaces/srv'...
[1.775s] -- Up-to-date: /home/talae-ubantu/6558_6576/install/turtlesim_plus_interfaces/local/lib/python3.10/dist-packages/turtlesim_plus_interfaces/turtlesim_plus_interfaces_s__rosidl_typesupport_fastrtps_c.cpython-310-x86_64-linux-gnu.so
[1.776s] -- Up-to-date: /home/talae-ubantu/6558_6576/install/turtlesim_plus_interfaces/local/lib/python3.10/dist-packages/turtlesim_plus_interfaces/turtlesim_plus_interfaces_s__rosidl_typesupport_introspection_c.cpython-310-x86_64-linux-gnu.so
[1.777s] -- Up-to-date: /home/talae-ubantu/6558_6576/install/turtlesim_plus_interfaces/local/lib/python3.10/dist-packages/turtlesim_plus_interfaces/turtlesim_plus_interfaces_s__rosidl_typesupport_c.cpython-310-x86_64-linux-gnu.so
[1.777s] -- Up-to-date: /home/talae-ubantu/6558_6576/install/turtlesim_plus_interfaces/lib/libturtlesim_plus_interfaces__rosidl_generator_py.so
[1.778s] -- Up-to-date: /home/talae-ubantu/6558_6576/install/turtlesim_plus_interfaces/share/turtlesim_plus_interfaces/msg/ScannerData.idl
[1.778s] -- Up-to-date: /home/talae-ubantu/6558_6576/install/turtlesim_plus_interfaces/share/turtlesim_plus_interfaces/msg/ScannerDataArray.idl
[1.778s] -- Up-to-date: /home/talae-ubantu/6558_6576/install/turtlesim_plus_interfaces/share/turtlesim_plus_interfaces/srv/GivePosition.idl
[1.778s] -- Up-to-date: /home/talae-ubantu/6558_6576/install/turtlesim_plus_interfaces/share/turtlesim_plus_interfaces/action/GetData.idl
[1.778s] -- Up-to-date: /home/talae-ubantu/6558_6576/install/turtlesim_plus_interfaces/share/turtlesim_plus_interfaces/msg/ScannerData.msg
[1.779s] -- Up-to-date: /home/talae-ubantu/6558_6576/install/turtlesim_plus_interfaces/share/turtlesim_plus_interfaces/msg/ScannerDataArray.msg
[1.779s] -- Up-to-date: /home/talae-ubantu/6558_6576/install/turtlesim_plus_interfaces/share/turtlesim_plus_interfaces/srv/GivePosition.srv
[1.779s] -- Up-to-date: /home/talae-ubantu/6558_6576/install/turtlesim_plus_interfaces/share/turtlesim_plus_interfaces/srv/GivePosition_Request.msg
[1.779s] -- Up-to-date: /home/talae-ubantu/6558_6576/install/turtlesim_plus_interfaces/share/turtlesim_plus_interfaces/srv/GivePosition_Response.msg
[1.779s] -- Up-to-date: /home/talae-ubantu/6558_6576/install/turtlesim_plus_interfaces/share/turtlesim_plus_interfaces/action/GetData.action
[1.780s] -- Up-to-date: /home/talae-ubantu/6558_6576/install/turtlesim_plus_interfaces/share/ament_index/resource_index/package_run_dependencies/turtlesim_plus_interfaces
[1.780s] -- Up-to-date: /home/talae-ubantu/6558_6576/install/turtlesim_plus_interfaces/share/ament_index/resource_index/parent_prefix_path/turtlesim_plus_interfaces
[1.780s] -- Up-to-date: /home/talae-ubantu/6558_6576/install/turtlesim_plus_interfaces/share/turtlesim_plus_interfaces/environment/ament_prefix_path.sh
[1.780s] -- Up-to-date: /home/talae-ubantu/6558_6576/install/turtlesim_plus_interfaces/share/turtlesim_plus_interfaces/environment/ament_prefix_path.dsv
[1.780s] -- Up-to-date: /home/talae-ubantu/6558_6576/install/turtlesim_plus_interfaces/share/turtlesim_plus_interfaces/environment/path.sh
[1.780s] -- Up-to-date: /home/talae-ubantu/6558_6576/install/turtlesim_plus_interfaces/share/turtlesim_plus_interfaces/environment/path.dsv
[1.781s] -- Up-to-date: /home/talae-ubantu/6558_6576/install/turtlesim_plus_interfaces/share/turtlesim_plus_interfaces/local_setup.bash
[1.781s] -- Up-to-date: /home/talae-ubantu/6558_6576/install/turtlesim_plus_interfaces/share/turtlesim_plus_interfaces/local_setup.sh
[1.781s] -- Up-to-date: /home/talae-ubantu/6558_6576/install/turtlesim_plus_interfaces/share/turtlesim_plus_interfaces/local_setup.zsh
[1.781s] -- Up-to-date: /home/talae-ubantu/6558_6576/install/turtlesim_plus_interfaces/share/turtlesim_plus_interfaces/local_setup.dsv
[1.781s] -- Installing: /home/talae-ubantu/6558_6576/install/turtlesim_plus_interfaces/share/turtlesim_plus_interfaces/package.dsv
[1.782s] -- Up-to-date: /home/talae-ubantu/6558_6576/install/turtlesim_plus_interfaces/share/ament_index/resource_index/packages/turtlesim_plus_interfaces
[1.782s] -- Up-to-date: /home/talae-ubantu/6558_6576/install/turtlesim_plus_interfaces/share/turtlesim_plus_interfaces/cmake/export_turtlesim_plus_interfaces__rosidl_generator_cExport.cmake
[1.782s] -- Up-to-date: /home/talae-ubantu/6558_6576/install/turtlesim_plus_interfaces/share/turtlesim_plus_interfaces/cmake/export_turtlesim_plus_interfaces__rosidl_generator_cExport-noconfig.cmake
[1.782s] -- Up-to-date: /home/talae-ubantu/6558_6576/install/turtlesim_plus_interfaces/share/turtlesim_plus_interfaces/cmake/export_turtlesim_plus_interfaces__rosidl_typesupport_fastrtps_cExport.cmake
[1.782s] -- Up-to-date: /home/talae-ubantu/6558_6576/install/turtlesim_plus_interfaces/share/turtlesim_plus_interfaces/cmake/export_turtlesim_plus_interfaces__rosidl_typesupport_fastrtps_cExport-noconfig.cmake
[1.783s] -- Up-to-date: /home/talae-ubantu/6558_6576/install/turtlesim_plus_interfaces/share/turtlesim_plus_interfaces/cmake/turtlesim_plus_interfaces__rosidl_typesupport_introspection_cExport.cmake
[1.783s] -- Up-to-date: /home/talae-ubantu/6558_6576/install/turtlesim_plus_interfaces/share/turtlesim_plus_interfaces/cmake/turtlesim_plus_interfaces__rosidl_typesupport_introspection_cExport-noconfig.cmake
[1.783s] -- Up-to-date: /home/talae-ubantu/6558_6576/install/turtlesim_plus_interfaces/share/turtlesim_plus_interfaces/cmake/turtlesim_plus_interfaces__rosidl_typesupport_cExport.cmake
[1.783s] -- Up-to-date: /home/talae-ubantu/6558_6576/install/turtlesim_plus_interfaces/share/turtlesim_plus_interfaces/cmake/turtlesim_plus_interfaces__rosidl_typesupport_cExport-noconfig.cmake
[1.783s] -- Up-to-date: /home/talae-ubantu/6558_6576/install/turtlesim_plus_interfaces/share/turtlesim_plus_interfaces/cmake/export_turtlesim_plus_interfaces__rosidl_generator_cppExport.cmake
[1.783s] -- Up-to-date: /home/talae-ubantu/6558_6576/install/turtlesim_plus_interfaces/share/turtlesim_plus_interfaces/cmake/export_turtlesim_plus_interfaces__rosidl_typesupport_fastrtps_cppExport.cmake
[1.784s] -- Up-to-date: /home/talae-ubantu/6558_6576/install/turtlesim_plus_interfaces/share/turtlesim_plus_interfaces/cmake/export_turtlesim_plus_interfaces__rosidl_typesupport_fastrtps_cppExport-noconfig.cmake
[1.784s] -- Up-to-date: /home/talae-ubantu/6558_6576/install/turtlesim_plus_interfaces/share/turtlesim_plus_interfaces/cmake/turtlesim_plus_interfaces__rosidl_typesupport_introspection_cppExport.cmake
[1.784s] -- Up-to-date: /home/talae-ubantu/6558_6576/install/turtlesim_plus_interfaces/share/turtlesim_plus_interfaces/cmake/turtlesim_plus_interfaces__rosidl_typesupport_introspection_cppExport-noconfig.cmake
[1.784s] -- Up-to-date: /home/talae-ubantu/6558_6576/install/turtlesim_plus_interfaces/share/turtlesim_plus_interfaces/cmake/turtlesim_plus_interfaces__rosidl_typesupport_cppExport.cmake
[1.784s] -- Up-to-date: /home/talae-ubantu/6558_6576/install/turtlesim_plus_interfaces/share/turtlesim_plus_interfaces/cmake/turtlesim_plus_interfaces__rosidl_typesupport_cppExport-noconfig.cmake
[1.784s] -- Up-to-date: /home/talae-ubantu/6558_6576/install/turtlesim_plus_interfaces/share/turtlesim_plus_interfaces/cmake/export_turtlesim_plus_interfaces__rosidl_generator_pyExport.cmake
[1.784s] -- Up-to-date: /home/talae-ubantu/6558_6576/install/turtlesim_plus_interfaces/share/turtlesim_plus_interfaces/cmake/export_turtlesim_plus_interfaces__rosidl_generator_pyExport-noconfig.cmake
[1.784s] -- Up-to-date: /home/talae-ubantu/6558_6576/install/turtlesim_plus_interfaces/share/turtlesim_plus_interfaces/cmake/rosidl_cmake-extras.cmake
[1.784s] -- Up-to-date: /home/talae-ubantu/6558_6576/install/turtlesim_plus_interfaces/share/turtlesim_plus_interfaces/cmake/ament_cmake_export_dependencies-extras.cmake
[1.785s] -- Up-to-date: /home/talae-ubantu/6558_6576/install/turtlesim_plus_interfaces/share/turtlesim_plus_interfaces/cmake/ament_cmake_export_include_directories-extras.cmake
[1.785s] -- Up-to-date: /home/talae-ubantu/6558_6576/install/turtlesim_plus_interfaces/share/turtlesim_plus_interfaces/cmake/ament_cmake_export_libraries-extras.cmake
[1.785s] -- Up-to-date: /home/talae-ubantu/6558_6576/install/turtlesim_plus_interfaces/share/turtlesim_plus_interfaces/cmake/ament_cmake_export_targets-extras.cmake
[1.785s] -- Up-to-date: /home/talae-ubantu/6558_6576/install/turtlesim_plus_interfaces/share/turtlesim_plus_interfaces/cmake/rosidl_cmake_export_typesupport_targets-extras.cmake
[1.786s] -- Up-to-date: /home/talae-ubantu/6558_6576/install/turtlesim_plus_interfaces/share/turtlesim_plus_interfaces/cmake/rosidl_cmake_export_typesupport_libraries-extras.cmake
[1.786s] -- Up-to-date: /home/talae-ubantu/6558_6576/install/turtlesim_plus_interfaces/share/turtlesim_plus_interfaces/cmake/turtlesim_plus_interfacesConfig.cmake
[1.786s] -- Up-to-date: /home/talae-ubantu/6558_6576/install/turtlesim_plus_interfaces/share/turtlesim_plus_interfaces/cmake/turtlesim_plus_interfacesConfig-version.cmake
[1.787s] -- Up-to-date: /home/talae-ubantu/6558_6576/install/turtlesim_plus_interfaces/share/turtlesim_plus_interfaces/package.xml
[1.789s] Invoked command in '/home/talae-ubantu/6558_6576/build/turtlesim_plus_interfaces' returned '0': CMAKE_PREFIX_PATH=${CMAKE_PREFIX_PATH}:/opt/ros/humble /usr/bin/cmake --install /home/talae-ubantu/6558_6576/build/turtlesim_plus_interfaces
