[0.010s] Invoking command in '/home/charlottexiii/6558_6576/build/funny_turtleplus': CMAKE_PREFIX_PATH=${CMAKE_PREFIX_PATH}:/home/charlottexiii/robdev_ws/install/launch_testing_examples:/home/charlottexiii/robdev_ws/install/examples_rclpy_pointcloud_publisher:/home/charlottexiii/robdev_ws/install/examples_rclpy_minimal_subscriber:/home/charlottexiii/robdev_ws/install/examples_rclpy_minimal_service:/home/charlottexiii/robdev_ws/install/examples_rclpy_minimal_publisher:/home/charlottexiii/robdev_ws/install/examples_rclpy_minimal_client:/home/charlottexiii/robdev_ws/install/examples_rclpy_minimal_action_server:/home/charlottexiii/robdev_ws/install/examples_rclpy_minimal_action_client:/home/charlottexiii/robdev_ws/install/examples_rclpy_guard_conditions:/home/charlottexiii/robdev_ws/install/examples_rclpy_executors:/home/charlottexiii/ros2Test_ws/install/my_robot_controller:/opt/ros/humble /usr/bin/cmake --build /home/charlottexiii/6558_6576/build/funny_turtleplus -- -j16 -l16
[0.050s] -- Found ament_cmake: 1.3.10 (/opt/ros/humble/share/ament_cmake/cmake)
[0.199s] -- Found rclcpp: 16.0.10 (/opt/ros/humble/share/rclcpp/cmake)
[0.226s] -- Found rosidl_generator_c: 3.1.5 (/opt/ros/humble/share/rosidl_generator_c/cmake)
[0.231s] -- Found rosidl_adapter: 3.1.5 (/opt/ros/humble/share/rosidl_adapter/cmake)
[0.240s] -- Found rosidl_generator_cpp: 3.1.5 (/opt/ros/humble/share/rosidl_generator_cpp/cmake)
[0.252s] -- Using all available rosidl_typesupport_c: rosidl_typesupport_fastrtps_c;rosidl_typesupport_introspection_c
[0.264s] -- Using all available rosidl_typesupport_cpp: rosidl_typesupport_fastrtps_cpp;rosidl_typesupport_introspection_cpp
[0.290s] -- Found rmw_implementation_cmake: 6.1.2 (/opt/ros/humble/share/rmw_implementation_cmake/cmake)
[0.292s] -- Found rmw_fastrtps_cpp: 6.2.7 (/opt/ros/humble/share/rmw_fastrtps_cpp/cmake)
[0.396s] -- Using RMW implementation 'rmw_fastrtps_cpp' as default
[0.432s] -- Found rclpy: 3.3.14 (/opt/ros/humble/share/rclpy/cmake)
[0.563s] -- Configuring done
[0.578s] -- Generating done
[0.580s] -- Build files have been written to: /home/charlottexiii/6558_6576/build/funny_turtleplus
[0.615s] [35m[1mConsolidate compiler generated dependencies of target cpp_node_test[0m
[0.626s] [100%] Built target cpp_node_test
[0.639s] [100%] Built target ament_cmake_python_copy_funny_turtleplus
[0.885s] running egg_info
[0.885s] writing funny_turtleplus.egg-info/PKG-INFO
[0.885s] writing dependency_links to funny_turtleplus.egg-info/dependency_links.txt
[0.885s] writing top-level names to funny_turtleplus.egg-info/top_level.txt
[0.887s] reading manifest file 'funny_turtleplus.egg-info/SOURCES.txt'
[0.887s] writing manifest file 'funny_turtleplus.egg-info/SOURCES.txt'
[0.917s] [100%] Built target ament_cmake_python_build_funny_turtleplus_egg
[0.933s] Invoked command in '/home/charlottexiii/6558_6576/build/funny_turtleplus' returned '0': CMAKE_PREFIX_PATH=${CMAKE_PREFIX_PATH}:/home/charlottexiii/robdev_ws/install/launch_testing_examples:/home/charlottexiii/robdev_ws/install/examples_rclpy_pointcloud_publisher:/home/charlottexiii/robdev_ws/install/examples_rclpy_minimal_subscriber:/home/charlottexiii/robdev_ws/install/examples_rclpy_minimal_service:/home/charlottexiii/robdev_ws/install/examples_rclpy_minimal_publisher:/home/charlottexiii/robdev_ws/install/examples_rclpy_minimal_client:/home/charlottexiii/robdev_ws/install/examples_rclpy_minimal_action_server:/home/charlottexiii/robdev_ws/install/examples_rclpy_minimal_action_client:/home/charlottexiii/robdev_ws/install/examples_rclpy_guard_conditions:/home/charlottexiii/robdev_ws/install/examples_rclpy_executors:/home/charlottexiii/ros2Test_ws/install/my_robot_controller:/opt/ros/humble /usr/bin/cmake --build /home/charlottexiii/6558_6576/build/funny_turtleplus -- -j16 -l16
[0.974s] Invoking command in '/home/charlottexiii/6558_6576/build/funny_turtleplus': CMAKE_PREFIX_PATH=${CMAKE_PREFIX_PATH}:/home/charlottexiii/robdev_ws/install/launch_testing_examples:/home/charlottexiii/robdev_ws/install/examples_rclpy_pointcloud_publisher:/home/charlottexiii/robdev_ws/install/examples_rclpy_minimal_subscriber:/home/charlottexiii/robdev_ws/install/examples_rclpy_minimal_service:/home/charlottexiii/robdev_ws/install/examples_rclpy_minimal_publisher:/home/charlottexiii/robdev_ws/install/examples_rclpy_minimal_client:/home/charlottexiii/robdev_ws/install/examples_rclpy_minimal_action_server:/home/charlottexiii/robdev_ws/install/examples_rclpy_minimal_action_client:/home/charlottexiii/robdev_ws/install/examples_rclpy_guard_conditions:/home/charlottexiii/robdev_ws/install/examples_rclpy_executors:/home/charlottexiii/ros2Test_ws/install/my_robot_controller:/opt/ros/humble /usr/bin/cmake --install /home/charlottexiii/6558_6576/build/funny_turtleplus
[0.985s] -- Install configuration: ""
[0.985s] -- Up-to-date: /home/charlottexiii/6558_6576/install/funny_turtleplus/share/funny_turtleplus/environment/pythonpath.sh
[0.985s] -- Installing: /home/charlottexiii/6558_6576/install/funny_turtleplus/share/funny_turtleplus/environment/pythonpath.dsv
[0.985s] -- Up-to-date: /home/charlottexiii/6558_6576/install/funny_turtleplus/local/lib/python3.10/dist-packages/funny_turtleplus-0.0.0-py3.10.egg-info
[0.985s] -- Installing: /home/charlottexiii/6558_6576/install/funny_turtleplus/local/lib/python3.10/dist-packages/funny_turtleplus-0.0.0-py3.10.egg-info/SOURCES.txt
[0.985s] -- Installing: /home/charlottexiii/6558_6576/install/funny_turtleplus/local/lib/python3.10/dist-packages/funny_turtleplus-0.0.0-py3.10.egg-info/top_level.txt
[0.985s] -- Installing: /home/charlottexiii/6558_6576/install/funny_turtleplus/local/lib/python3.10/dist-packages/funny_turtleplus-0.0.0-py3.10.egg-info/dependency_links.txt
[0.985s] -- Installing: /home/charlottexiii/6558_6576/install/funny_turtleplus/local/lib/python3.10/dist-packages/funny_turtleplus-0.0.0-py3.10.egg-info/PKG-INFO
[0.985s] -- Up-to-date: /home/charlottexiii/6558_6576/install/funny_turtleplus/local/lib/python3.10/dist-packages/funny_turtleplus
[0.985s] -- Up-to-date: /home/charlottexiii/6558_6576/install/funny_turtleplus/local/lib/python3.10/dist-packages/funny_turtleplus/dummy_module.py
[0.985s] -- Up-to-date: /home/charlottexiii/6558_6576/install/funny_turtleplus/local/lib/python3.10/dist-packages/funny_turtleplus/__init__.py
[1.018s] Listing '/home/charlottexiii/6558_6576/install/funny_turtleplus/local/lib/python3.10/dist-packages/funny_turtleplus'...
[1.020s] -- Up-to-date: /home/charlottexiii/6558_6576/install/funny_turtleplus/lib/funny_turtleplus/dummy_script.py
[1.020s] -- Installing: /home/charlottexiii/6558_6576/install/funny_turtleplus/lib/funny_turtleplus/Test_Key_Tele.py
[1.021s] -- Installing: /home/charlottexiii/6558_6576/install/funny_turtleplus/lib/funny_turtleplus/First_Trutle.py
[1.021s] -- Up-to-date: /home/charlottexiii/6558_6576/install/funny_turtleplus/lib/funny_turtleplus/cpp_node_test
[1.021s] -- Up-to-date: /home/charlottexiii/6558_6576/install/funny_turtleplus/share/funny_turtleplus
[1.021s] -- Up-to-date: /home/charlottexiii/6558_6576/install/funny_turtleplus/share/ament_index/resource_index/package_run_dependencies/funny_turtleplus
[1.021s] -- Installing: /home/charlottexiii/6558_6576/install/funny_turtleplus/share/ament_index/resource_index/parent_prefix_path/funny_turtleplus
[1.021s] -- Up-to-date: /home/charlottexiii/6558_6576/install/funny_turtleplus/share/funny_turtleplus/environment/ament_prefix_path.sh
[1.021s] -- Installing: /home/charlottexiii/6558_6576/install/funny_turtleplus/share/funny_turtleplus/environment/ament_prefix_path.dsv
[1.021s] -- Up-to-date: /home/charlottexiii/6558_6576/install/funny_turtleplus/share/funny_turtleplus/environment/path.sh
[1.021s] -- Installing: /home/charlottexiii/6558_6576/install/funny_turtleplus/share/funny_turtleplus/environment/path.dsv
[1.021s] -- Up-to-date: /home/charlottexiii/6558_6576/install/funny_turtleplus/share/funny_turtleplus/local_setup.bash
[1.021s] -- Up-to-date: /home/charlottexiii/6558_6576/install/funny_turtleplus/share/funny_turtleplus/local_setup.sh
[1.021s] -- Up-to-date: /home/charlottexiii/6558_6576/install/funny_turtleplus/share/funny_turtleplus/local_setup.zsh
[1.021s] -- Installing: /home/charlottexiii/6558_6576/install/funny_turtleplus/share/funny_turtleplus/local_setup.dsv
[1.021s] -- Installing: /home/charlottexiii/6558_6576/install/funny_turtleplus/share/funny_turtleplus/package.dsv
[1.021s] -- Up-to-date: /home/charlottexiii/6558_6576/install/funny_turtleplus/share/ament_index/resource_index/packages/funny_turtleplus
[1.021s] -- Up-to-date: /home/charlottexiii/6558_6576/install/funny_turtleplus/share/funny_turtleplus/cmake/funny_turtleplusConfig.cmake
[1.022s] -- Up-to-date: /home/charlottexiii/6558_6576/install/funny_turtleplus/share/funny_turtleplus/cmake/funny_turtleplusConfig-version.cmake
[1.022s] -- Up-to-date: /home/charlottexiii/6558_6576/install/funny_turtleplus/share/funny_turtleplus/package.xml
[1.023s] Invoked command in '/home/charlottexiii/6558_6576/build/funny_turtleplus' returned '0': CMAKE_PREFIX_PATH=${CMAKE_PREFIX_PATH}:/home/charlottexiii/robdev_ws/install/launch_testing_examples:/home/charlottexiii/robdev_ws/install/examples_rclpy_pointcloud_publisher:/home/charlottexiii/robdev_ws/install/examples_rclpy_minimal_subscriber:/home/charlottexiii/robdev_ws/install/examples_rclpy_minimal_service:/home/charlottexiii/robdev_ws/install/examples_rclpy_minimal_publisher:/home/charlottexiii/robdev_ws/install/examples_rclpy_minimal_client:/home/charlottexiii/robdev_ws/install/examples_rclpy_minimal_action_server:/home/charlottexiii/robdev_ws/install/examples_rclpy_minimal_action_client:/home/charlottexiii/robdev_ws/install/examples_rclpy_guard_conditions:/home/charlottexiii/robdev_ws/install/examples_rclpy_executors:/home/charlottexiii/ros2Test_ws/install/my_robot_controller:/opt/ros/humble /usr/bin/cmake --install /home/charlottexiii/6558_6576/build/funny_turtleplus
