[0.027s] Invoking command in '/home/talae-ubantu/6558_6576/build/teleop_interfaces': CMAKE_PREFIX_PATH=${CMAKE_PREFIX_PATH}:/opt/ros/humble /usr/bin/cmake --build /home/talae-ubantu/6558_6576/build/teleop_interfaces -- -j4 -l4
[0.143s] [  1%] Built target teleop_interfaces__cpp
[0.167s] [  1%] Built target ament_cmake_python_copy_teleop_interfaces
[0.171s] [ 12%] Built target teleop_interfaces__rosidl_generator_c
[0.216s] [ 23%] Built target teleop_interfaces__rosidl_typesupport_fastrtps_cpp
[0.217s] [ 34%] Built target teleop_interfaces__rosidl_typesupport_cpp
[0.246s] [ 45%] Built target teleop_interfaces__rosidl_typesupport_introspection_cpp
[0.305s] [ 56%] Built target teleop_interfaces__rosidl_typesupport_introspection_c
[0.320s] [ 67%] Built target teleop_interfaces__rosidl_typesupport_fastrtps_c
[0.347s] [ 78%] Built target teleop_interfaces__rosidl_typesupport_c
[0.387s] [ 78%] Built target teleop_interfaces
[0.453s] [ 80%] Built target teleop_interfaces__py
[0.533s] [ 89%] Built target teleop_interfaces__rosidl_generator_py
[0.604s] [ 92%] Built target teleop_interfaces__rosidl_typesupport_c__pyext
[0.604s] [ 96%] Built target teleop_interfaces__rosidl_typesupport_fastrtps_c__pyext
[0.612s] [100%] Built target teleop_interfaces__rosidl_typesupport_introspection_c__pyext
[0.880s] running egg_info
[0.880s] writing teleop_interfaces.egg-info/PKG-INFO
[0.881s] writing dependency_links to teleop_interfaces.egg-info/dependency_links.txt
[0.882s] writing top-level names to teleop_interfaces.egg-info/top_level.txt
[0.885s] reading manifest file 'teleop_interfaces.egg-info/SOURCES.txt'
[0.887s] writing manifest file 'teleop_interfaces.egg-info/SOURCES.txt'
[0.948s] [100%] Built target ament_cmake_python_build_teleop_interfaces_egg
[0.967s] Invoked command in '/home/talae-ubantu/6558_6576/build/teleop_interfaces' returned '0': CMAKE_PREFIX_PATH=${CMAKE_PREFIX_PATH}:/opt/ros/humble /usr/bin/cmake --build /home/talae-ubantu/6558_6576/build/teleop_interfaces -- -j4 -l4
[1.158s] Invoking command in '/home/talae-ubantu/6558_6576/build/teleop_interfaces': CMAKE_PREFIX_PATH=${CMAKE_PREFIX_PATH}:/opt/ros/humble /usr/bin/cmake --install /home/talae-ubantu/6558_6576/build/teleop_interfaces
[1.173s] -- Install configuration: ""
[1.173s] -- Up-to-date: /home/talae-ubantu/6558_6576/install/teleop_interfaces/share/ament_index/resource_index/rosidl_interfaces/teleop_interfaces
[1.174s] -- Up-to-date: /home/talae-ubantu/6558_6576/install/teleop_interfaces/include/teleop_interfaces/teleop_interfaces
[1.174s] -- Up-to-date: /home/talae-ubantu/6558_6576/install/teleop_interfaces/include/teleop_interfaces/teleop_interfaces/srv
[1.174s] -- Up-to-date: /home/talae-ubantu/6558_6576/install/teleop_interfaces/include/teleop_interfaces/teleop_interfaces/srv/make_path.h
[1.174s] -- Up-to-date: /home/talae-ubantu/6558_6576/install/teleop_interfaces/include/teleop_interfaces/teleop_interfaces/srv/save_path.h
[1.174s] -- Up-to-date: /home/talae-ubantu/6558_6576/install/teleop_interfaces/include/teleop_interfaces/teleop_interfaces/srv/detail
[1.174s] -- Up-to-date: /home/talae-ubantu/6558_6576/install/teleop_interfaces/include/teleop_interfaces/teleop_interfaces/srv/detail/give_position__functions.h
[1.174s] -- Up-to-date: /home/talae-ubantu/6558_6576/install/teleop_interfaces/include/teleop_interfaces/teleop_interfaces/srv/detail/make_path__struct.h
[1.174s] -- Up-to-date: /home/talae-ubantu/6558_6576/install/teleop_interfaces/include/teleop_interfaces/teleop_interfaces/srv/detail/give_position__type_support.h
[1.175s] -- Up-to-date: /home/talae-ubantu/6558_6576/install/teleop_interfaces/include/teleop_interfaces/teleop_interfaces/srv/detail/clear_path__functions.c
[1.175s] -- Up-to-date: /home/talae-ubantu/6558_6576/install/teleop_interfaces/include/teleop_interfaces/teleop_interfaces/srv/detail/make_path__functions.h
[1.176s] -- Up-to-date: /home/talae-ubantu/6558_6576/install/teleop_interfaces/include/teleop_interfaces/teleop_interfaces/srv/detail/clear_path__type_support.h
[1.176s] -- Up-to-date: /home/talae-ubantu/6558_6576/install/teleop_interfaces/include/teleop_interfaces/teleop_interfaces/srv/detail/give_position__functions.c
[1.176s] -- Up-to-date: /home/talae-ubantu/6558_6576/install/teleop_interfaces/include/teleop_interfaces/teleop_interfaces/srv/detail/save_path__type_support.h
[1.176s] -- Up-to-date: /home/talae-ubantu/6558_6576/install/teleop_interfaces/include/teleop_interfaces/teleop_interfaces/srv/detail/make_path__functions.c
[1.176s] -- Up-to-date: /home/talae-ubantu/6558_6576/install/teleop_interfaces/include/teleop_interfaces/teleop_interfaces/srv/detail/clear_path__functions.h
[1.176s] -- Up-to-date: /home/talae-ubantu/6558_6576/install/teleop_interfaces/include/teleop_interfaces/teleop_interfaces/srv/detail/save_path__functions.h
[1.176s] -- Up-to-date: /home/talae-ubantu/6558_6576/install/teleop_interfaces/include/teleop_interfaces/teleop_interfaces/srv/detail/give_position__struct.h
[1.177s] -- Up-to-date: /home/talae-ubantu/6558_6576/install/teleop_interfaces/include/teleop_interfaces/teleop_interfaces/srv/detail/clear_path__struct.h
[1.177s] -- Up-to-date: /home/talae-ubantu/6558_6576/install/teleop_interfaces/include/teleop_interfaces/teleop_interfaces/srv/detail/make_path__type_support.h
[1.177s] -- Up-to-date: /home/talae-ubantu/6558_6576/install/teleop_interfaces/include/teleop_interfaces/teleop_interfaces/srv/detail/save_path__struct.h
[1.177s] -- Up-to-date: /home/talae-ubantu/6558_6576/install/teleop_interfaces/include/teleop_interfaces/teleop_interfaces/srv/detail/save_path__functions.c
[1.177s] -- Up-to-date: /home/talae-ubantu/6558_6576/install/teleop_interfaces/include/teleop_interfaces/teleop_interfaces/srv/clear_path.h
[1.178s] -- Up-to-date: /home/talae-ubantu/6558_6576/install/teleop_interfaces/include/teleop_interfaces/teleop_interfaces/srv/give_position.h
[1.178s] -- Up-to-date: /home/talae-ubantu/6558_6576/install/teleop_interfaces/include/teleop_interfaces/teleop_interfaces/msg
[1.179s] -- Up-to-date: /home/talae-ubantu/6558_6576/install/teleop_interfaces/include/teleop_interfaces/teleop_interfaces/msg/rosidl_generator_c__visibility_control.h
[1.179s] -- Up-to-date: /home/talae-ubantu/6558_6576/install/teleop_interfaces/share/teleop_interfaces/environment/library_path.sh
[1.179s] -- Up-to-date: /home/talae-ubantu/6558_6576/install/teleop_interfaces/share/teleop_interfaces/environment/library_path.dsv
[1.179s] -- Up-to-date: /home/talae-ubantu/6558_6576/install/teleop_interfaces/lib/libteleop_interfaces__rosidl_generator_c.so
[1.180s] -- Up-to-date: /home/talae-ubantu/6558_6576/install/teleop_interfaces/include/teleop_interfaces/teleop_interfaces
[1.180s] -- Up-to-date: /home/talae-ubantu/6558_6576/install/teleop_interfaces/include/teleop_interfaces/teleop_interfaces/srv
[1.181s] -- Up-to-date: /home/talae-ubantu/6558_6576/install/teleop_interfaces/include/teleop_interfaces/teleop_interfaces/srv/detail
[1.181s] -- Up-to-date: /home/talae-ubantu/6558_6576/install/teleop_interfaces/include/teleop_interfaces/teleop_interfaces/srv/detail/make_path__rosidl_typesupport_fastrtps_c.h
[1.181s] -- Up-to-date: /home/talae-ubantu/6558_6576/install/teleop_interfaces/include/teleop_interfaces/teleop_interfaces/srv/detail/save_path__rosidl_typesupport_fastrtps_c.h
[1.182s] -- Up-to-date: /home/talae-ubantu/6558_6576/install/teleop_interfaces/include/teleop_interfaces/teleop_interfaces/srv/detail/give_position__rosidl_typesupport_fastrtps_c.h
[1.182s] -- Up-to-date: /home/talae-ubantu/6558_6576/install/teleop_interfaces/include/teleop_interfaces/teleop_interfaces/srv/detail/clear_path__rosidl_typesupport_fastrtps_c.h
[1.182s] -- Up-to-date: /home/talae-ubantu/6558_6576/install/teleop_interfaces/include/teleop_interfaces/teleop_interfaces/msg
[1.182s] -- Up-to-date: /home/talae-ubantu/6558_6576/install/teleop_interfaces/include/teleop_interfaces/teleop_interfaces/msg/rosidl_typesupport_fastrtps_c__visibility_control.h
[1.182s] -- Up-to-date: /home/talae-ubantu/6558_6576/install/teleop_interfaces/lib/libteleop_interfaces__rosidl_typesupport_fastrtps_c.so
[1.182s] -- Up-to-date: /home/talae-ubantu/6558_6576/install/teleop_interfaces/include/teleop_interfaces/teleop_interfaces
[1.182s] -- Up-to-date: /home/talae-ubantu/6558_6576/install/teleop_interfaces/include/teleop_interfaces/teleop_interfaces/srv
[1.183s] -- Up-to-date: /home/talae-ubantu/6558_6576/install/teleop_interfaces/include/teleop_interfaces/teleop_interfaces/srv/save_path.hpp
[1.183s] -- Up-to-date: /home/talae-ubantu/6558_6576/install/teleop_interfaces/include/teleop_interfaces/teleop_interfaces/srv/clear_path.hpp
[1.183s] -- Up-to-date: /home/talae-ubantu/6558_6576/install/teleop_interfaces/include/teleop_interfaces/teleop_interfaces/srv/make_path.hpp
[1.183s] -- Up-to-date: /home/talae-ubantu/6558_6576/install/teleop_interfaces/include/teleop_interfaces/teleop_interfaces/srv/detail
[1.183s] -- Up-to-date: /home/talae-ubantu/6558_6576/install/teleop_interfaces/include/teleop_interfaces/teleop_interfaces/srv/detail/make_path__builder.hpp
[1.183s] -- Up-to-date: /home/talae-ubantu/6558_6576/install/teleop_interfaces/include/teleop_interfaces/teleop_interfaces/srv/detail/make_path__struct.hpp
[1.183s] -- Up-to-date: /home/talae-ubantu/6558_6576/install/teleop_interfaces/include/teleop_interfaces/teleop_interfaces/srv/detail/give_position__traits.hpp
[1.184s] -- Up-to-date: /home/talae-ubantu/6558_6576/install/teleop_interfaces/include/teleop_interfaces/teleop_interfaces/srv/detail/clear_path__struct.hpp
[1.184s] -- Up-to-date: /home/talae-ubantu/6558_6576/install/teleop_interfaces/include/teleop_interfaces/teleop_interfaces/srv/detail/give_position__struct.hpp
[1.187s] -- Up-to-date: /home/talae-ubantu/6558_6576/install/teleop_interfaces/include/teleop_interfaces/teleop_interfaces/srv/detail/save_path__builder.hpp
[1.187s] -- Up-to-date: /home/talae-ubantu/6558_6576/install/teleop_interfaces/include/teleop_interfaces/teleop_interfaces/srv/detail/save_path__traits.hpp
[1.187s] -- Up-to-date: /home/talae-ubantu/6558_6576/install/teleop_interfaces/include/teleop_interfaces/teleop_interfaces/srv/detail/clear_path__traits.hpp
[1.187s] -- Up-to-date: /home/talae-ubantu/6558_6576/install/teleop_interfaces/include/teleop_interfaces/teleop_interfaces/srv/detail/make_path__traits.hpp
[1.187s] -- Up-to-date: /home/talae-ubantu/6558_6576/install/teleop_interfaces/include/teleop_interfaces/teleop_interfaces/srv/detail/save_path__struct.hpp
[1.188s] -- Up-to-date: /home/talae-ubantu/6558_6576/install/teleop_interfaces/include/teleop_interfaces/teleop_interfaces/srv/detail/clear_path__builder.hpp
[1.188s] -- Up-to-date: /home/talae-ubantu/6558_6576/install/teleop_interfaces/include/teleop_interfaces/teleop_interfaces/srv/detail/give_position__builder.hpp
[1.188s] -- Up-to-date: /home/talae-ubantu/6558_6576/install/teleop_interfaces/include/teleop_interfaces/teleop_interfaces/srv/give_position.hpp
[1.188s] -- Up-to-date: /home/talae-ubantu/6558_6576/install/teleop_interfaces/include/teleop_interfaces/teleop_interfaces
[1.188s] -- Up-to-date: /home/talae-ubantu/6558_6576/install/teleop_interfaces/include/teleop_interfaces/teleop_interfaces/srv
[1.188s] -- Up-to-date: /home/talae-ubantu/6558_6576/install/teleop_interfaces/include/teleop_interfaces/teleop_interfaces/srv/detail
[1.188s] -- Up-to-date: /home/talae-ubantu/6558_6576/install/teleop_interfaces/include/teleop_interfaces/teleop_interfaces/srv/detail/clear_path__rosidl_typesupport_fastrtps_cpp.hpp
[1.188s] -- Up-to-date: /home/talae-ubantu/6558_6576/install/teleop_interfaces/include/teleop_interfaces/teleop_interfaces/srv/detail/give_position__rosidl_typesupport_fastrtps_cpp.hpp
[1.188s] -- Up-to-date: /home/talae-ubantu/6558_6576/install/teleop_interfaces/include/teleop_interfaces/teleop_interfaces/srv/detail/make_path__rosidl_typesupport_fastrtps_cpp.hpp
[1.189s] -- Up-to-date: /home/talae-ubantu/6558_6576/install/teleop_interfaces/include/teleop_interfaces/teleop_interfaces/srv/detail/dds_fastrtps
[1.189s] -- Up-to-date: /home/talae-ubantu/6558_6576/install/teleop_interfaces/include/teleop_interfaces/teleop_interfaces/srv/detail/save_path__rosidl_typesupport_fastrtps_cpp.hpp
[1.189s] -- Up-to-date: /home/talae-ubantu/6558_6576/install/teleop_interfaces/include/teleop_interfaces/teleop_interfaces/msg
[1.189s] -- Up-to-date: /home/talae-ubantu/6558_6576/install/teleop_interfaces/include/teleop_interfaces/teleop_interfaces/msg/rosidl_typesupport_fastrtps_cpp__visibility_control.h
[1.189s] -- Up-to-date: /home/talae-ubantu/6558_6576/install/teleop_interfaces/lib/libteleop_interfaces__rosidl_typesupport_fastrtps_cpp.so
[1.189s] -- Up-to-date: /home/talae-ubantu/6558_6576/install/teleop_interfaces/include/teleop_interfaces/teleop_interfaces
[1.189s] -- Up-to-date: /home/talae-ubantu/6558_6576/install/teleop_interfaces/include/teleop_interfaces/teleop_interfaces/srv
[1.189s] -- Up-to-date: /home/talae-ubantu/6558_6576/install/teleop_interfaces/include/teleop_interfaces/teleop_interfaces/srv/detail
[1.189s] -- Up-to-date: /home/talae-ubantu/6558_6576/install/teleop_interfaces/include/teleop_interfaces/teleop_interfaces/srv/detail/make_path__rosidl_typesupport_introspection_c.h
[1.190s] -- Up-to-date: /home/talae-ubantu/6558_6576/install/teleop_interfaces/include/teleop_interfaces/teleop_interfaces/srv/detail/make_path__type_support.c
[1.190s] -- Up-to-date: /home/talae-ubantu/6558_6576/install/teleop_interfaces/include/teleop_interfaces/teleop_interfaces/srv/detail/give_position__rosidl_typesupport_introspection_c.h
[1.193s] -- Up-to-date: /home/talae-ubantu/6558_6576/install/teleop_interfaces/include/teleop_interfaces/teleop_interfaces/srv/detail/clear_path__type_support.c
[1.193s] -- Up-to-date: /home/talae-ubantu/6558_6576/install/teleop_interfaces/include/teleop_interfaces/teleop_interfaces/srv/detail/clear_path__rosidl_typesupport_introspection_c.h
[1.193s] -- Up-to-date: /home/talae-ubantu/6558_6576/install/teleop_interfaces/include/teleop_interfaces/teleop_interfaces/srv/detail/save_path__type_support.c
[1.193s] -- Up-to-date: /home/talae-ubantu/6558_6576/install/teleop_interfaces/include/teleop_interfaces/teleop_interfaces/srv/detail/give_position__type_support.c
[1.193s] -- Up-to-date: /home/talae-ubantu/6558_6576/install/teleop_interfaces/include/teleop_interfaces/teleop_interfaces/srv/detail/save_path__rosidl_typesupport_introspection_c.h
[1.193s] -- Up-to-date: /home/talae-ubantu/6558_6576/install/teleop_interfaces/include/teleop_interfaces/teleop_interfaces/msg
[1.194s] -- Up-to-date: /home/talae-ubantu/6558_6576/install/teleop_interfaces/include/teleop_interfaces/teleop_interfaces/msg/rosidl_typesupport_introspection_c__visibility_control.h
[1.194s] -- Up-to-date: /home/talae-ubantu/6558_6576/install/teleop_interfaces/lib/libteleop_interfaces__rosidl_typesupport_introspection_c.so
[1.194s] -- Up-to-date: /home/talae-ubantu/6558_6576/install/teleop_interfaces/lib/libteleop_interfaces__rosidl_typesupport_c.so
[1.194s] -- Up-to-date: /home/talae-ubantu/6558_6576/install/teleop_interfaces/include/teleop_interfaces/teleop_interfaces
[1.194s] -- Up-to-date: /home/talae-ubantu/6558_6576/install/teleop_interfaces/include/teleop_interfaces/teleop_interfaces/srv
[1.194s] -- Up-to-date: /home/talae-ubantu/6558_6576/install/teleop_interfaces/include/teleop_interfaces/teleop_interfaces/srv/detail
[1.194s] -- Up-to-date: /home/talae-ubantu/6558_6576/install/teleop_interfaces/include/teleop_interfaces/teleop_interfaces/srv/detail/save_path__type_support.cpp
[1.194s] -- Up-to-date: /home/talae-ubantu/6558_6576/install/teleop_interfaces/include/teleop_interfaces/teleop_interfaces/srv/detail/make_path__rosidl_typesupport_introspection_cpp.hpp
[1.194s] -- Up-to-date: /home/talae-ubantu/6558_6576/install/teleop_interfaces/include/teleop_interfaces/teleop_interfaces/srv/detail/make_path__type_support.cpp
[1.195s] -- Up-to-date: /home/talae-ubantu/6558_6576/install/teleop_interfaces/include/teleop_interfaces/teleop_interfaces/srv/detail/give_position__rosidl_typesupport_introspection_cpp.hpp
[1.195s] -- Up-to-date: /home/talae-ubantu/6558_6576/install/teleop_interfaces/include/teleop_interfaces/teleop_interfaces/srv/detail/give_position__type_support.cpp
[1.195s] -- Up-to-date: /home/talae-ubantu/6558_6576/install/teleop_interfaces/include/teleop_interfaces/teleop_interfaces/srv/detail/save_path__rosidl_typesupport_introspection_cpp.hpp
[1.195s] -- Up-to-date: /home/talae-ubantu/6558_6576/install/teleop_interfaces/include/teleop_interfaces/teleop_interfaces/srv/detail/clear_path__rosidl_typesupport_introspection_cpp.hpp
[1.195s] -- Up-to-date: /home/talae-ubantu/6558_6576/install/teleop_interfaces/include/teleop_interfaces/teleop_interfaces/srv/detail/clear_path__type_support.cpp
[1.195s] -- Up-to-date: /home/talae-ubantu/6558_6576/install/teleop_interfaces/lib/libteleop_interfaces__rosidl_typesupport_introspection_cpp.so
[1.195s] -- Up-to-date: /home/talae-ubantu/6558_6576/install/teleop_interfaces/lib/libteleop_interfaces__rosidl_typesupport_cpp.so
[1.195s] -- Up-to-date: /home/talae-ubantu/6558_6576/install/teleop_interfaces/share/teleop_interfaces/environment/pythonpath.sh
[1.195s] -- Up-to-date: /home/talae-ubantu/6558_6576/install/teleop_interfaces/share/teleop_interfaces/environment/pythonpath.dsv
[1.196s] -- Up-to-date: /home/talae-ubantu/6558_6576/install/teleop_interfaces/local/lib/python3.10/dist-packages/teleop_interfaces-0.0.0-py3.10.egg-info
[1.196s] -- Installing: /home/talae-ubantu/6558_6576/install/teleop_interfaces/local/lib/python3.10/dist-packages/teleop_interfaces-0.0.0-py3.10.egg-info/PKG-INFO
[1.197s] -- Installing: /home/talae-ubantu/6558_6576/install/teleop_interfaces/local/lib/python3.10/dist-packages/teleop_interfaces-0.0.0-py3.10.egg-info/top_level.txt
[1.198s] -- Installing: /home/talae-ubantu/6558_6576/install/teleop_interfaces/local/lib/python3.10/dist-packages/teleop_interfaces-0.0.0-py3.10.egg-info/SOURCES.txt
[1.198s] -- Installing: /home/talae-ubantu/6558_6576/install/teleop_interfaces/local/lib/python3.10/dist-packages/teleop_interfaces-0.0.0-py3.10.egg-info/dependency_links.txt
[1.199s] -- Up-to-date: /home/talae-ubantu/6558_6576/install/teleop_interfaces/local/lib/python3.10/dist-packages/teleop_interfaces
[1.199s] -- Up-to-date: /home/talae-ubantu/6558_6576/install/teleop_interfaces/local/lib/python3.10/dist-packages/teleop_interfaces/__init__.py
[1.199s] -- Up-to-date: /home/talae-ubantu/6558_6576/install/teleop_interfaces/local/lib/python3.10/dist-packages/teleop_interfaces/_teleop_interfaces_s.ep.rosidl_typesupport_c.c
[1.199s] -- Up-to-date: /home/talae-ubantu/6558_6576/install/teleop_interfaces/local/lib/python3.10/dist-packages/teleop_interfaces/_teleop_interfaces_s.ep.rosidl_typesupport_fastrtps_c.c
[1.200s] -- Up-to-date: /home/talae-ubantu/6558_6576/install/teleop_interfaces/local/lib/python3.10/dist-packages/teleop_interfaces/libteleop_interfaces__rosidl_generator_py.so
[1.200s] -- Up-to-date: /home/talae-ubantu/6558_6576/install/teleop_interfaces/local/lib/python3.10/dist-packages/teleop_interfaces/_teleop_interfaces_s.ep.rosidl_typesupport_introspection_c.c
[1.200s] -- Up-to-date: /home/talae-ubantu/6558_6576/install/teleop_interfaces/local/lib/python3.10/dist-packages/teleop_interfaces/teleop_interfaces_s__rosidl_typesupport_fastrtps_c.cpython-310-x86_64-linux-gnu.so
[1.200s] -- Up-to-date: /home/talae-ubantu/6558_6576/install/teleop_interfaces/local/lib/python3.10/dist-packages/teleop_interfaces/teleop_interfaces_s__rosidl_typesupport_introspection_c.cpython-310-x86_64-linux-gnu.so
[1.200s] -- Up-to-date: /home/talae-ubantu/6558_6576/install/teleop_interfaces/local/lib/python3.10/dist-packages/teleop_interfaces/teleop_interfaces_s__rosidl_typesupport_c.cpython-310-x86_64-linux-gnu.so
[1.200s] -- Up-to-date: /home/talae-ubantu/6558_6576/install/teleop_interfaces/local/lib/python3.10/dist-packages/teleop_interfaces/srv
[1.201s] -- Up-to-date: /home/talae-ubantu/6558_6576/install/teleop_interfaces/local/lib/python3.10/dist-packages/teleop_interfaces/srv/__init__.py
[1.201s] -- Up-to-date: /home/talae-ubantu/6558_6576/install/teleop_interfaces/local/lib/python3.10/dist-packages/teleop_interfaces/srv/_give_position_s.c
[1.201s] -- Up-to-date: /home/talae-ubantu/6558_6576/install/teleop_interfaces/local/lib/python3.10/dist-packages/teleop_interfaces/srv/_clear_path_s.c
[1.201s] -- Up-to-date: /home/talae-ubantu/6558_6576/install/teleop_interfaces/local/lib/python3.10/dist-packages/teleop_interfaces/srv/_make_path_s.c
[1.201s] -- Up-to-date: /home/talae-ubantu/6558_6576/install/teleop_interfaces/local/lib/python3.10/dist-packages/teleop_interfaces/srv/_give_position.py
[1.202s] -- Up-to-date: /home/talae-ubantu/6558_6576/install/teleop_interfaces/local/lib/python3.10/dist-packages/teleop_interfaces/srv/_clear_path.py
[1.202s] -- Up-to-date: /home/talae-ubantu/6558_6576/install/teleop_interfaces/local/lib/python3.10/dist-packages/teleop_interfaces/srv/_save_path.py
[1.202s] -- Up-to-date: /home/talae-ubantu/6558_6576/install/teleop_interfaces/local/lib/python3.10/dist-packages/teleop_interfaces/srv/_save_path_s.c
[1.202s] -- Up-to-date: /home/talae-ubantu/6558_6576/install/teleop_interfaces/local/lib/python3.10/dist-packages/teleop_interfaces/srv/_make_path.py
[1.238s] Listing '/home/talae-ubantu/6558_6576/install/teleop_interfaces/local/lib/python3.10/dist-packages/teleop_interfaces'...
[1.238s] Listing '/home/talae-ubantu/6558_6576/install/teleop_interfaces/local/lib/python3.10/dist-packages/teleop_interfaces/srv'...
[1.249s] -- Up-to-date: /home/talae-ubantu/6558_6576/install/teleop_interfaces/local/lib/python3.10/dist-packages/teleop_interfaces/teleop_interfaces_s__rosidl_typesupport_fastrtps_c.cpython-310-x86_64-linux-gnu.so
[1.250s] -- Up-to-date: /home/talae-ubantu/6558_6576/install/teleop_interfaces/local/lib/python3.10/dist-packages/teleop_interfaces/teleop_interfaces_s__rosidl_typesupport_introspection_c.cpython-310-x86_64-linux-gnu.so
[1.250s] -- Up-to-date: /home/talae-ubantu/6558_6576/install/teleop_interfaces/local/lib/python3.10/dist-packages/teleop_interfaces/teleop_interfaces_s__rosidl_typesupport_c.cpython-310-x86_64-linux-gnu.so
[1.253s] -- Up-to-date: /home/talae-ubantu/6558_6576/install/teleop_interfaces/lib/libteleop_interfaces__rosidl_generator_py.so
[1.253s] -- Up-to-date: /home/talae-ubantu/6558_6576/install/teleop_interfaces/share/teleop_interfaces/srv/MakePath.idl
[1.255s] -- Up-to-date: /home/talae-ubantu/6558_6576/install/teleop_interfaces/share/teleop_interfaces/srv/SavePath.idl
[1.256s] -- Up-to-date: /home/talae-ubantu/6558_6576/install/teleop_interfaces/share/teleop_interfaces/srv/ClearPath.idl
[1.256s] -- Up-to-date: /home/talae-ubantu/6558_6576/install/teleop_interfaces/share/teleop_interfaces/srv/GivePosition.idl
[1.256s] -- Up-to-date: /home/talae-ubantu/6558_6576/install/teleop_interfaces/share/teleop_interfaces/srv/MakePath.srv
[1.256s] -- Up-to-date: /home/talae-ubantu/6558_6576/install/teleop_interfaces/share/teleop_interfaces/srv/MakePath_Request.msg
[1.256s] -- Up-to-date: /home/talae-ubantu/6558_6576/install/teleop_interfaces/share/teleop_interfaces/srv/MakePath_Response.msg
[1.257s] -- Up-to-date: /home/talae-ubantu/6558_6576/install/teleop_interfaces/share/teleop_interfaces/srv/SavePath.srv
[1.257s] -- Up-to-date: /home/talae-ubantu/6558_6576/install/teleop_interfaces/share/teleop_interfaces/srv/SavePath_Request.msg
[1.257s] -- Up-to-date: /home/talae-ubantu/6558_6576/install/teleop_interfaces/share/teleop_interfaces/srv/SavePath_Response.msg
[1.257s] -- Up-to-date: /home/talae-ubantu/6558_6576/install/teleop_interfaces/share/teleop_interfaces/srv/ClearPath.srv
[1.257s] -- Up-to-date: /home/talae-ubantu/6558_6576/install/teleop_interfaces/share/teleop_interfaces/srv/ClearPath_Request.msg
[1.257s] -- Up-to-date: /home/talae-ubantu/6558_6576/install/teleop_interfaces/share/teleop_interfaces/srv/ClearPath_Response.msg
[1.257s] -- Up-to-date: /home/talae-ubantu/6558_6576/install/teleop_interfaces/share/teleop_interfaces/srv/GivePosition.srv
[1.258s] -- Up-to-date: /home/talae-ubantu/6558_6576/install/teleop_interfaces/share/teleop_interfaces/srv/GivePosition_Request.msg
[1.258s] -- Up-to-date: /home/talae-ubantu/6558_6576/install/teleop_interfaces/share/teleop_interfaces/srv/GivePosition_Response.msg
[1.258s] -- Up-to-date: /home/talae-ubantu/6558_6576/install/teleop_interfaces/share/ament_index/resource_index/package_run_dependencies/teleop_interfaces
[1.258s] -- Up-to-date: /home/talae-ubantu/6558_6576/install/teleop_interfaces/share/ament_index/resource_index/parent_prefix_path/teleop_interfaces
[1.258s] -- Up-to-date: /home/talae-ubantu/6558_6576/install/teleop_interfaces/share/teleop_interfaces/environment/ament_prefix_path.sh
[1.258s] -- Up-to-date: /home/talae-ubantu/6558_6576/install/teleop_interfaces/share/teleop_interfaces/environment/ament_prefix_path.dsv
[1.258s] -- Up-to-date: /home/talae-ubantu/6558_6576/install/teleop_interfaces/share/teleop_interfaces/environment/path.sh
[1.258s] -- Up-to-date: /home/talae-ubantu/6558_6576/install/teleop_interfaces/share/teleop_interfaces/environment/path.dsv
[1.259s] -- Up-to-date: /home/talae-ubantu/6558_6576/install/teleop_interfaces/share/teleop_interfaces/local_setup.bash
[1.259s] -- Up-to-date: /home/talae-ubantu/6558_6576/install/teleop_interfaces/share/teleop_interfaces/local_setup.sh
[1.259s] -- Up-to-date: /home/talae-ubantu/6558_6576/install/teleop_interfaces/share/teleop_interfaces/local_setup.zsh
[1.259s] -- Up-to-date: /home/talae-ubantu/6558_6576/install/teleop_interfaces/share/teleop_interfaces/local_setup.dsv
[1.259s] -- Installing: /home/talae-ubantu/6558_6576/install/teleop_interfaces/share/teleop_interfaces/package.dsv
[1.264s] -- Up-to-date: /home/talae-ubantu/6558_6576/install/teleop_interfaces/share/ament_index/resource_index/packages/teleop_interfaces
[1.264s] -- Up-to-date: /home/talae-ubantu/6558_6576/install/teleop_interfaces/share/teleop_interfaces/cmake/export_teleop_interfaces__rosidl_generator_cExport.cmake
[1.266s] -- Up-to-date: /home/talae-ubantu/6558_6576/install/teleop_interfaces/share/teleop_interfaces/cmake/export_teleop_interfaces__rosidl_generator_cExport-noconfig.cmake
[1.266s] -- Up-to-date: /home/talae-ubantu/6558_6576/install/teleop_interfaces/share/teleop_interfaces/cmake/export_teleop_interfaces__rosidl_typesupport_fastrtps_cExport.cmake
[1.267s] -- Up-to-date: /home/talae-ubantu/6558_6576/install/teleop_interfaces/share/teleop_interfaces/cmake/export_teleop_interfaces__rosidl_typesupport_fastrtps_cExport-noconfig.cmake
[1.267s] -- Up-to-date: /home/talae-ubantu/6558_6576/install/teleop_interfaces/share/teleop_interfaces/cmake/export_teleop_interfaces__rosidl_generator_cppExport.cmake
[1.267s] -- Up-to-date: /home/talae-ubantu/6558_6576/install/teleop_interfaces/share/teleop_interfaces/cmake/export_teleop_interfaces__rosidl_typesupport_fastrtps_cppExport.cmake
[1.267s] -- Up-to-date: /home/talae-ubantu/6558_6576/install/teleop_interfaces/share/teleop_interfaces/cmake/export_teleop_interfaces__rosidl_typesupport_fastrtps_cppExport-noconfig.cmake
[1.267s] -- Up-to-date: /home/talae-ubantu/6558_6576/install/teleop_interfaces/share/teleop_interfaces/cmake/teleop_interfaces__rosidl_typesupport_introspection_cExport.cmake
[1.267s] -- Up-to-date: /home/talae-ubantu/6558_6576/install/teleop_interfaces/share/teleop_interfaces/cmake/teleop_interfaces__rosidl_typesupport_introspection_cExport-noconfig.cmake
[1.267s] -- Up-to-date: /home/talae-ubantu/6558_6576/install/teleop_interfaces/share/teleop_interfaces/cmake/teleop_interfaces__rosidl_typesupport_cExport.cmake
[1.267s] -- Up-to-date: /home/talae-ubantu/6558_6576/install/teleop_interfaces/share/teleop_interfaces/cmake/teleop_interfaces__rosidl_typesupport_cExport-noconfig.cmake
[1.268s] -- Up-to-date: /home/talae-ubantu/6558_6576/install/teleop_interfaces/share/teleop_interfaces/cmake/teleop_interfaces__rosidl_typesupport_introspection_cppExport.cmake
[1.268s] -- Up-to-date: /home/talae-ubantu/6558_6576/install/teleop_interfaces/share/teleop_interfaces/cmake/teleop_interfaces__rosidl_typesupport_introspection_cppExport-noconfig.cmake
[1.268s] -- Up-to-date: /home/talae-ubantu/6558_6576/install/teleop_interfaces/share/teleop_interfaces/cmake/teleop_interfaces__rosidl_typesupport_cppExport.cmake
[1.268s] -- Up-to-date: /home/talae-ubantu/6558_6576/install/teleop_interfaces/share/teleop_interfaces/cmake/teleop_interfaces__rosidl_typesupport_cppExport-noconfig.cmake
[1.268s] -- Up-to-date: /home/talae-ubantu/6558_6576/install/teleop_interfaces/share/teleop_interfaces/cmake/export_teleop_interfaces__rosidl_generator_pyExport.cmake
[1.269s] -- Up-to-date: /home/talae-ubantu/6558_6576/install/teleop_interfaces/share/teleop_interfaces/cmake/export_teleop_interfaces__rosidl_generator_pyExport-noconfig.cmake
[1.269s] -- Up-to-date: /home/talae-ubantu/6558_6576/install/teleop_interfaces/share/teleop_interfaces/cmake/rosidl_cmake-extras.cmake
[1.269s] -- Up-to-date: /home/talae-ubantu/6558_6576/install/teleop_interfaces/share/teleop_interfaces/cmake/ament_cmake_export_dependencies-extras.cmake
[1.269s] -- Up-to-date: /home/talae-ubantu/6558_6576/install/teleop_interfaces/share/teleop_interfaces/cmake/ament_cmake_export_include_directories-extras.cmake
[1.269s] -- Up-to-date: /home/talae-ubantu/6558_6576/install/teleop_interfaces/share/teleop_interfaces/cmake/ament_cmake_export_libraries-extras.cmake
[1.269s] -- Up-to-date: /home/talae-ubantu/6558_6576/install/teleop_interfaces/share/teleop_interfaces/cmake/ament_cmake_export_targets-extras.cmake
[1.270s] -- Up-to-date: /home/talae-ubantu/6558_6576/install/teleop_interfaces/share/teleop_interfaces/cmake/rosidl_cmake_export_typesupport_targets-extras.cmake
[1.270s] -- Up-to-date: /home/talae-ubantu/6558_6576/install/teleop_interfaces/share/teleop_interfaces/cmake/rosidl_cmake_export_typesupport_libraries-extras.cmake
[1.270s] -- Up-to-date: /home/talae-ubantu/6558_6576/install/teleop_interfaces/share/teleop_interfaces/cmake/teleop_interfacesConfig.cmake
[1.270s] -- Up-to-date: /home/talae-ubantu/6558_6576/install/teleop_interfaces/share/teleop_interfaces/cmake/teleop_interfacesConfig-version.cmake
[1.270s] -- Up-to-date: /home/talae-ubantu/6558_6576/install/teleop_interfaces/share/teleop_interfaces/package.xml
[1.273s] Invoked command in '/home/talae-ubantu/6558_6576/build/teleop_interfaces' returned '0': CMAKE_PREFIX_PATH=${CMAKE_PREFIX_PATH}:/opt/ros/humble /usr/bin/cmake --install /home/talae-ubantu/6558_6576/build/teleop_interfaces
